Log file open, 04/29/17 19:24:03
LogInit:Display: Running engine for game: Quantum
LogPlatformFile: Not using cached read wrapper
LogInit:Display: RandInit(-798593951) SRandInit(-798593951).
LogTaskGraph: Started task graph with 5 named threads and 8 total threads with 1 sets of task threads.
LogStats: Stats thread started at 0.637396
LogInit: Using libcurl 7.47.1
LogInit:  - built for x86_64-pc-win32
LogInit:  - supports SSL with OpenSSL/1.0.2g
LogInit:  - supports HTTP deflate (compression) using libz 1.2.8
LogInit:  - other features:
LogInit:      CURL_VERSION_SSL
LogInit:      CURL_VERSION_LIBZ
LogInit:      CURL_VERSION_IPV6
LogInit:      CURL_VERSION_ASYNCHDNS
LogInit:      CURL_VERSION_LARGEFILE
LogInit:      CURL_VERSION_IDN
LogInit:  CurlRequestOptions (configurable via config and command line):
LogInit:  - bVerifyPeer = false  - Libcurl will NOT verify peer certificate
LogInit:  - bUseHttpProxy = false  - Libcurl will NOT use HTTP proxy
LogInit:  - bDontReuseConnections = false  - Libcurl will reuse connections
LogInit:  - CertBundlePath = nullptr  - Libcurl will use whatever was configured at build time.
LogInit: Build: ++UE4+Release-4.15-CL-3348071
LogInit: Engine Version: 4.15.1-3348071+++UE4+Release-4.15
LogInit: Compatible Engine Version: 4.15.0-3299760+++UE4+Release-4.15
LogInit: Net CL: 3299760
LogDevObjectVersion: Number of dev versions registered: 14
LogDevObjectVersion:   Dev-Blueprints (B0D832E4-1F89-4F0D-ACCF-7EB736FD4AA2): 8
LogDevObjectVersion:   Dev-Build (E1C64328-A22C-4D53-A36C-8E866417BD8C): 0
LogDevObjectVersion:   Dev-Core (375EC13C-06E4-48FB-B500-84F0262A717E): 2
LogDevObjectVersion:   Dev-Editor (E4B068ED-F494-42E9-A231-DA0B2E46BB41): 14
LogDevObjectVersion:   Dev-Framework (CFFC743F-43B0-4480-9391-14DF171D2073): 22
LogDevObjectVersion:   Dev-Mobile (B02B49B5-BB20-44E9-A304-32B752E40360): 0
LogDevObjectVersion:   Dev-Networking (A4E4105C-59A1-49B5-A7C5-40C4547EDFEE): 0
LogDevObjectVersion:   Dev-Online (39C831C9-5AE6-47DC-9A44-9C173E1C8E7C): 0
LogDevObjectVersion:   Dev-Physics (78F01B33-EBEA-4F98-B9B4-84EACCB95AA2): 0
LogDevObjectVersion:   Dev-Platform (6631380F-2D4D-43E0-8009-CF276956A95A): 0
LogDevObjectVersion:   Dev-Rendering (12F88B9F-8875-4AFC-A67C-D90C383ABD29): 12
LogDevObjectVersion:   Dev-Sequencer (7B5AE74C-D270-4C10-A958-57980B212A5A): 3
LogDevObjectVersion:   Dev-VR (D7296918-1DD6-4BDD-9DE2-64A83CC13884): 0
LogDevObjectVersion:   Dev-LoadTimes (C2A15278-BFE7-4AFE-6C17-90FF531DF755): 1
LogInit: Compiled (64-bit): Mar 15 2017 16:52:47
LogInit: Compiled with Visual C++: 19.00.23026.00
LogInit: Build Configuration: Development
LogInit: Branch Name: ++UE4+Release-4.15
LogInit: Command line:  
LogInit: Base directory: C:/Program Files/Epic Games/UE_4.15/Engine/Binaries/Win64/
LogInit: Installed Engine Build: 1
LogInit: Presizing for max 8388607 objects, including 0 objects not considered by GC, pre-allocating 0 bytes for permanent pool.
LogInit: Object subsystem initialized
[2017.04.29-12.24.04:609][  0]LogInit: Selected Device Profile: [Windows]
[2017.04.29-12.24.04:609][  0]LogInit: Applying CVar settings loaded from the selected device profile: [Windows]
[2017.04.29-12.24.04:638][  0]LogInit: Computer: KOKO-IMMORTAL
[2017.04.29-12.24.04:638][  0]LogInit: User: Immortal
[2017.04.29-12.24.04:638][  0]LogInit: CPU Page size=65536, Cores=4
[2017.04.29-12.24.04:638][  0]LogInit: High frequency timer resolution =3.328130 MHz
[2017.04.29-12.24.04:638][  0]LogMemory: Memory total: Physical=16.0GB (16GB approx)
[2017.04.29-12.24.04:638][  0]LogMemory: Platform Memory Stats for Windows
[2017.04.29-12.24.04:638][  0]LogMemory: Process Physical Memory: 264.32 MB used, 264.32 MB peak
[2017.04.29-12.24.04:638][  0]LogMemory: Process Virtual Memory: 262.43 MB used, 262.43 MB peak
[2017.04.29-12.24.04:638][  0]LogMemory: Physical Memory: 4913.46 MB used,  11430.49 MB free, 16343.95 MB total
[2017.04.29-12.24.04:638][  0]LogMemory: Virtual Memory: 643.96 MB used,  11430.49 MB free, 134217728.00 MB total
[2017.04.29-12.24.05:013][  0]LogTextLocalizationManager: No specific translations for ('en-US') exist, so ('en') translations will be used.
[2017.04.29-12.24.07:413][  0]LogD3D11RHI: D3D11 adapters:
[2017.04.29-12.24.07:986][  0]LogD3D11RHI:    0. 'NVIDIA GeForce GTX 1060 6GB' (Feature Level 11_0)
[2017.04.29-12.24.07:986][  0]LogD3D11RHI:       6084/0/8171 MB DedicatedVideo/DedicatedSystem/SharedSystem, Outputs:2, VendorId:0x10de
[2017.04.29-12.24.07:988][  0]LogD3D11RHI:    1. 'Microsoft Basic Render Driver' (Feature Level 11_0)
[2017.04.29-12.24.07:988][  0]LogD3D11RHI:       0/0/8171 MB DedicatedVideo/DedicatedSystem/SharedSystem, Outputs:0, VendorId:0x1414
[2017.04.29-12.24.07:988][  0]LogD3D11RHI: Chosen D3D11 Adapter: 0
[2017.04.29-12.24.07:993][  0]LogD3D11RHI: Creating new Direct3DDevice
[2017.04.29-12.24.07:993][  0]LogD3D11RHI:     GPU DeviceId: 0x1c03 (for the marketing name, search the web for "GPU Device Id")
[2017.04.29-12.24.07:993][  0]LogWindows: EnumDisplayDevices:
[2017.04.29-12.24.07:993][  0]LogWindows:    0. 'NVIDIA GeForce GTX 1060 6GB' (P:0 D:1)
[2017.04.29-12.24.07:993][  0]LogWindows:    1. 'NVIDIA GeForce GTX 1060 6GB' (P:1 D:1)
[2017.04.29-12.24.07:994][  0]LogWindows:    2. 'NVIDIA GeForce GTX 1060 6GB' (P:0 D:0)
[2017.04.29-12.24.07:994][  0]LogWindows:    3. 'NVIDIA GeForce GTX 1060 6GB' (P:0 D:0)
[2017.04.29-12.24.07:994][  0]LogWindows: DebugString: FoundDriverCount:4 
[2017.04.29-12.24.07:994][  0]LogD3D11RHI:     Adapter Name: NVIDIA GeForce GTX 1060 6GB
[2017.04.29-12.24.07:994][  0]LogD3D11RHI:   Driver Version: 381.89 (internal:22.21.13.8189, unified:381.89)
[2017.04.29-12.24.07:994][  0]LogD3D11RHI:      Driver Date: 4-19-2017
[2017.04.29-12.24.07:994][  0]LogRHI: Texture pool is 1361 MB (70% of 1945 MB)
[2017.04.29-12.24.08:554][  0]LogD3D11RHI: Async texture creation enabled
[2017.04.29-12.24.08:700][  0]LogD3D11RHI: GPU Timing Frequency: 1000.000000 (Debug: 2 1)
[2017.04.29-12.24.08:802][  0]LogShaderCompilers: Guid format shader working directory is 39 characters bigger than the processId version (E:/Quantum/Intermediate/Shaders/WorkingDirectory/8496/).
[2017.04.29-12.24.08:802][  0]LogShaderCompilers: Cleaned the shader compiler working directory 'C:/Users/Immortal/AppData/Local/Temp/UnrealShaderWorkingDir/C95EA9784DF2760B652CCB83AF4E94CC/'.
[2017.04.29-12.24.08:803][  0]LogShaderCompilers:Display: Using Local Shader Compiler.
[2017.04.29-12.24.11:366][  0]LogTemp:Display: Loaded TP AllDesktopTargetPlatform
[2017.04.29-12.24.11:413][  0]LogTemp:Display: Loaded TP MacClientTargetPlatform
[2017.04.29-12.24.11:469][  0]LogTemp:Display: Loaded TP MacNoEditorTargetPlatform
[2017.04.29-12.24.11:516][  0]LogTemp:Display: Loaded TP MacServerTargetPlatform
[2017.04.29-12.24.11:567][  0]LogTemp:Display: Loaded TP MacTargetPlatform
[2017.04.29-12.24.11:618][  0]LogTemp:Display: Loaded TP WindowsClientTargetPlatform
[2017.04.29-12.24.11:667][  0]LogTemp:Display: Loaded TP WindowsNoEditorTargetPlatform
[2017.04.29-12.24.11:716][  0]LogTemp:Display: Loaded TP WindowsServerTargetPlatform
[2017.04.29-12.24.11:755][  0]LogTemp:Display: Loaded TP WindowsTargetPlatform
[2017.04.29-12.24.11:806][  0]LogTemp:Display: Loaded TP AndroidTargetPlatform
[2017.04.29-12.24.11:853][  0]LogTemp:Display: Loaded TP Android_ASTCTargetPlatform
[2017.04.29-12.24.11:900][  0]LogTemp:Display: Loaded TP Android_ATCTargetPlatform
[2017.04.29-12.24.11:945][  0]LogTemp:Display: Loaded TP Android_DXTTargetPlatform
[2017.04.29-12.24.11:996][  0]LogTemp:Display: Loaded TP Android_ETC1TargetPlatform
[2017.04.29-12.24.12:044][  0]LogTemp:Display: Loaded TP Android_ETC2TargetPlatform
[2017.04.29-12.24.12:141][  0]LogTemp:Display: Loaded TP Android_MultiTargetPlatform
[2017.04.29-12.24.12:141][  0]LogTemp:Display: Loaded TP Android_PVRTCTargetPlatform
[2017.04.29-12.24.12:174][  0]LogTemp:Display: Loaded TP HTML5TargetPlatform
[2017.04.29-12.24.12:286][  0]LogTemp:Display: Loaded TP IOSTargetPlatform
[2017.04.29-12.24.12:317][  0]LogTemp:Display: Loaded TP TVOSTargetPlatform
[2017.04.29-12.24.12:363][  0]LogTemp:Display: Loaded TP LinuxClientTargetPlatform
[2017.04.29-12.24.12:410][  0]LogTemp:Display: Loaded TP LinuxNoEditorTargetPlatform
[2017.04.29-12.24.12:458][  0]LogTemp:Display: Loaded TP LinuxServerTargetPlatform
[2017.04.29-12.24.12:518][  0]LogTemp:Display: Loaded TP LinuxTargetPlatform
[2017.04.29-12.24.12:518][  0]LogTargetPlatformManager:Display: Building Assets For Windows
[2017.04.29-12.24.13:227][  0]LogDerivedDataCache:Display: Max Cache Size: 512 MB
[2017.04.29-12.24.13:475][  0]LogDerivedDataCache: Loaded boot cache 0.25s 50MB C:/Users/Immortal/AppData/Local/UnrealEngine/4.15/DerivedDataCache/Boot.ddc.
[2017.04.29-12.24.13:475][  0]LogDerivedDataCache:Display: Loaded Boot cache: C:/Users/Immortal/AppData/Local/UnrealEngine/4.15/DerivedDataCache/Boot.ddc
[2017.04.29-12.24.13:475][  0]LogDerivedDataCache: FDerivedDataBackendGraph:  Pak pak cache file E:/Quantum/DerivedDataCache/DDC.ddp not found, will not use a pak cache.
[2017.04.29-12.24.13:475][  0]LogDerivedDataCache: Unable to find inner node Pak for hierarchical cache Hierarchy.
[2017.04.29-12.24.13:475][  0]LogDerivedDataCache: FDerivedDataBackendGraph:  CompressedPak pak cache file E:/Quantum/DerivedDataCache/Compressed.ddp not found, will not use a pak cache.
[2017.04.29-12.24.13:475][  0]LogDerivedDataCache: Unable to find inner node CompressedPak for hierarchical cache Hierarchy.
[2017.04.29-12.24.13:502][  0]LogDerivedDataCache:Display: Pak cache opened for reading ../../../Engine/DerivedDataCache/Compressed.ddp.
[2017.04.29-12.24.13:514][  0]LogDerivedDataCache: Using Local data cache path C:/Users/Immortal/AppData/Local/UnrealEngine/Common/DerivedDataCache: Writable
[2017.04.29-12.24.13:538][  0]LogSlate: Using Freetype 2.6.0
[2017.04.29-12.24.13:558][  0]LogSlate: SlateFontCache - WITH_FREETYPE: 1, WITH_HARFBUZZ: 1
[2017.04.29-12.24.13:558][  0]LogSlate: SlateFontCache - WITH_FREETYPE: 1, WITH_HARFBUZZ: 1
[2017.04.29-12.24.16:785][  0]LogInit: Selected Device Profile: [Windows]
[2017.04.29-12.24.16:796][  0]LogContentStreaming: Texture pool size is 0.00 MB
[2017.04.29-12.24.17:056][  0]LogMeshUtilities: Using QuadricMeshReduction for automatic static mesh reduction
[2017.04.29-12.24.17:094][  0]LogSimplygon: Simplygon DLL not present - disabling.
[2017.04.29-12.24.17:136][  0]LogMeshUtilities: Using SimplygonSwarm for distributed automatic mesh merging
[2017.04.29-12.24.17:136][  0]LogMeshUtilities: No automatic skeletal mesh reduction module available
[2017.04.29-12.24.17:136][  0]LogMeshUtilities: No automatic mesh merging module available
[2017.04.29-12.24.18:547][  0]LogNetVersion: GetLocalNetworkVersion: CL: 3299760, ProjectName: quantum, ProjectVersion: , EngineNetworkVersion: 2, GameNetworkVersion: 0, NetworkChecksum: 3234878722
[2017.04.29-12.24.18:601][  0]LogAssetRegistry: FAssetRegistry took 0.0243 seconds to start up
[2017.04.29-12.24.18:657][  0]LogPackageLocalizationCache: Processed 3 localized package path(s) for 2 prioritized culture(s) in 0.034750 seconds
[2017.04.29-12.24.18:663][  0]LogUObjectArray: 32493 objects as part of root set at end of initial load.
[2017.04.29-12.24.18:663][  0]LogUObjectAllocator: 7077032 out of 0 bytes used by permanent object pool.
[2017.04.29-12.24.18:663][  0]LogUObjectArray: CloseDisregardForGC: 0/0 objects in disregard for GC pool
[2017.04.29-12.24.18:726][  0]LogInit: WinSock: version 1.1 (2.2), MaxSocks=32767, MaxUdp=65467
[2017.04.29-12.24.21:994][  0]LogTcpMessaging: Initializing TcpMessaging bridge
[2017.04.29-12.24.22:032][  0]LogUdpMessaging: Initializing bridge on interface 0.0.0.0:0 to multicast group 230.0.0.1:6666.
[2017.04.29-12.24.22:614][  0]LogMaterial: Uniform references updated for custom material expression Custom.
[2017.04.29-12.24.23:131][  0]SourceControl: Info Source control is disabled
[2017.04.29-12.24.23:132][  0]SourceControl: Info Source control is disabled
[2017.04.29-12.24.23:176][  0]SourceControl: Info Source control is disabled
[2017.04.29-12.24.23:222][  0]SourceControl: Info Source control is disabled
[2017.04.29-12.24.24:459][  0]LogEngine: Initializing Engine...
[2017.04.29-12.24.24:460][  0]LogHMD: Failed to initialize OpenVR with code 110
[2017.04.29-12.24.24:856][  0]LogAIModule: Creating AISystem for world Untitled
[2017.04.29-12.24.24:886][  0]LogInit: XAudio2 using 'Headphones (2- High Definition Audio Device)' : 2 channels at 44.1 kHz using 16 bits per sample (channel mask 0x3)
[2017.04.29-12.24.24:898][  0]LogInit: FAudioDevice initialized.
[2017.04.29-12.24.24:932][  0]LogDerivedDataCache: Saved boot cache 0.03s 50MB C:/Users/Immortal/AppData/Local/UnrealEngine/4.15/DerivedDataCache/Boot.ddc.
[2017.04.29-12.24.24:940][  0]LogInit: Texture streaming: Enabled
[2017.04.29-12.24.25:027][  0]LogEngineSessionManager: EngineSessionManager initialized
[2017.04.29-12.24.25:160][  0]LogInit: Transaction tracking system initialized
[2017.04.29-12.24.25:504][  0]BlueprintLog: New page: Editor Load
[2017.04.29-12.24.26:392][  0]LocalizationService: Info Localization service is disabled
[2017.04.29-12.24.27:058][  0]LogConsoleResponse:Display: 
[2017.04.29-12.24.27:417][  0]LogCook:Display: Max memory allowance for cook 16384mb min free memory 0mb
[2017.04.29-12.24.27:417][  0]LogCook:Display: Mobile HDR setting 1
[2017.04.29-12.24.27:576][  0]LogFileCache: Scanning file cache for directory 'E:/Quantum/Content/' took 0.02s
[2017.04.29-12.24.28:504][  0]SourceControl: Info Source control is disabled
[2017.04.29-12.24.28:508][  0]Cmd: MAP LOAD FILE="E:/Quantum/Content/Maps/TutorialMap.umap" TEMPLATE=0 SHOWPROGRESS=1 FEATURELEVEL=3
[2017.04.29-12.24.28:510][  0]LightingResults: New page: Lighting Build
[2017.04.29-12.24.28:554][  0]MapCheck: New page: Map Check
[2017.04.29-12.24.28:554][  0]LightingResults: New page: Lighting Build
[2017.04.29-12.24.32:303][  0]LoadErrors: Info The Animation  Turbine_Anim needs resave.
[2017.04.29-12.24.32:511][  0]LogAIModule: Creating AISystem for world TutorialMap
[2017.04.29-12.24.32:589][  0]LogEditorServer: Finished looking for orphan Actors (0.000 secs)
[2017.04.29-12.24.32:590][  0]Cmd: MAP CHECKDEP NOCLEARLOG
[2017.04.29-12.24.32:636][  0]MapCheck: Info Map check complete: 0 Error(s), 0 Warning(s), took 45.267ms to complete.
[2017.04.29-12.24.32:636][  0]LogFileHelpers: Loading map 'TutorialMap' took 4.129
[2017.04.29-12.24.32:720][  0]LogWindowsTextInputMethodSystem:Display: IME system now deactivated.
[2017.04.29-12.24.32:906][  0]LogCollectionManager: Loaded 1 collections in 0.004803 seconds
[2017.04.29-12.24.33:076][  0]LogFileCache: Scanning file cache for directory 'E:/Quantum/Saved/Collections/' took 0.01s
[2017.04.29-12.24.33:076][  0]LogFileCache: Scanning file cache for directory 'E:/Quantum/Content/Developers/Immortal/Collections/' took 0.01s
[2017.04.29-12.24.33:076][  0]LogFileCache: Scanning file cache for directory 'E:/Quantum/Content/Collections/' took 0.00s
[2017.04.29-12.24.33:076][  0]LogCollectionManager: Rebuilt the GUID cache for 1 collections in 0.000009 seconds
[2017.04.29-12.24.33:076][  0]LogCollectionManager: Rebuilt the hierarchy cache for 1 collections in 0.000000 seconds
[2017.04.29-12.24.33:089][  0]LogContentBrowser: Native class hierarchy populated in 0.0095 seconds. Added 2245 classes and 453 folders.
[2017.04.29-12.24.33:097][  0]LogStats: UGameplayTagsManager::ConstructGameplayTagTree: Construct from data asset -  0.000 s
[2017.04.29-12.24.33:098][  0]LogStats: UGameplayTagsManager::ConstructGameplayTagTree: GameplayTagTreeChangedEvent.Broadcast -  0.000 s
[2017.04.29-12.24.33:151][  0]LogContentBrowser: Native class hierarchy updated for 'WidgetCarousel' in 0.0004 seconds. Added 0 classes and 0 folders.
[2017.04.29-12.24.33:497][  0]LogContentBrowser: Native class hierarchy updated for 'AddContentDialog' in 0.0007 seconds. Added 0 classes and 0 folders.
[2017.04.29-12.24.33:542][  0]LogContentBrowser: Native class hierarchy updated for 'SceneOutliner' in 0.0004 seconds. Added 1 classes and 2 folders.
[2017.04.29-12.24.33:639][  0]LogCrashTracker: Crashtracker disabled due to settings.
[2017.04.29-12.24.33:652][  0]LogUObjectGlobals:Warning: Failed to find object 'Class None.'
[2017.04.29-12.24.33:724][  0]LogContentBrowser: Native class hierarchy updated for 'HierarchicalLODOutliner' in 0.0004 seconds. Added 1 classes and 2 folders.
[2017.04.29-12.24.33:725][  0]LogLoad: (Engine Initialization) Total time: 33.32 seconds
[2017.04.29-12.24.33:725][  0]LogLoad: (Engine Initialization) Total Blueprint compile time: 0.38 seconds
[2017.04.29-12.24.33:725][  0]LogExternalProfiler: No external profilers were discovered.  External profiling features will not be available.
[2017.04.29-12.24.33:734][  0]LogOcInput: OculusInput pre-init called
[2017.04.29-12.24.33:758][  0]LogContentStreaming: Texture pool size now 1000 MB
[2017.04.29-12.24.33:781][  0]LogSlate: Took 0.004961 seconds to synchronously load lazily loaded font '../../../Engine/Content/Slate/Fonts/Roboto-Regular.ttf' (155K)
[2017.04.29-12.24.33:790][  0]LogSlate: Took 0.005895 seconds to synchronously load lazily loaded font '../../../Engine/Content/Slate/Fonts/Roboto-Bold.ttf' (160K)
[2017.04.29-12.24.33:802][  0]LogSlate: Took 0.006639 seconds to synchronously load lazily loaded font '../../../Engine/Content/Editor/Slate/Fonts/FontAwesome.ttf' (139K)
[2017.04.29-12.24.33:991][  0]LogSlate: Took 0.005230 seconds to synchronously load lazily loaded font '../../../Engine/Content/Slate/Fonts/Roboto-Light.ttf' (159K)
[2017.04.29-12.24.34:051][  0]LogRenderer: Reallocating scene render targets to support 1208x576 NumSamples 1 (Frame:2).
[2017.04.29-12.24.34:124][  1]LogAssetRegistry: Asset discovery search completed in 15.5452 seconds
[2017.04.29-12.24.34:124][  1]LogCollectionManager: Rebuilt the object cache for 1 collections in 0.000008 seconds (found 0 objects)
[2017.04.29-12.24.34:124][  1]LogCollectionManager: Fixed up redirectors for 1 collections in 0.000021 seconds (updated 0 objects)
[2017.04.29-12.24.54:801][936]LogSlate: Took 0.000182 seconds to synchronously load lazily loaded font '../../../Engine/Content/Slate/Fonts/Roboto-Light.ttf' (159K)
[2017.04.29-12.25.03:778][403]Cmd: OBJ SAVEPACKAGE PACKAGE="/Game/StaticMesh/Glass" FILE="E:/Quantum/Content/StaticMesh/Glass.uasset" SILENT=true
[2017.04.29-12.25.03:908][403]LogSavePackage: Save=16.45ms
[2017.04.29-12.25.03:908][403]LogSavePackage: Moving 'E:/Quantum/Saved/Glass0000754D4138BD4B87EECF96B3745B85.tmp' to 'E:/Quantum/Content/StaticMesh/Glass.uasset'
[2017.04.29-12.25.03:908][403]LogSavePackage:Display: Finished SavePackage E:/Quantum/Content/StaticMesh/Glass.uasset
[2017.04.29-12.25.05:365][569]LogAudioDerivedData:Display: Building compressed audio format OGG wave GunFire01...
[2017.04.29-12.25.05:418][569]LogAudioDerivedData:Display: Building compressed audio format OGG wave Photon_gun_shot...
[2017.04.29-12.25.30:533][115]LogFactory: FactoryCreateFile: StaticMesh with FbxFactory (0 0 E:/QuantumRes/Fbx/BoxGeneratorMechanism.fbx)
[2017.04.29-12.25.30:562][115]LogFbx: ItemName: GlobalSettings, ItemCount : 1
[2017.04.29-12.25.30:562][115]LogFbx: ItemName: NodeAttribute, ItemCount : 8
[2017.04.29-12.25.30:562][115]LogFbx: ItemName: Geometry, ItemCount : 1
[2017.04.29-12.25.30:562][115]LogFbx: ItemName: Model, ItemCount : 9
[2017.04.29-12.25.30:562][115]LogFbx: ItemName: Pose, ItemCount : 1
[2017.04.29-12.25.30:562][115]LogFbx: ItemName: Deformer, ItemCount : 8
[2017.04.29-12.25.30:562][115]LogFbx: ItemName: Material, ItemCount : 2
[2017.04.29-12.25.30:562][115]LogFbx: ItemName: AnimationStack, ItemCount : 1
[2017.04.29-12.25.30:562][115]LogFbx: ItemName: AnimationLayer, ItemCount : 1
[2017.04.29-12.25.30:562][115]LogFbx: ItemName: AnimationCurveNode, ItemCount : 24
[2017.04.29-12.25.30:562][115]LogFbx: ItemName: AnimationCurve, ItemCount : 72
[2017.04.29-12.25.30:571][115]LogFbx: Loading FBX Scene from E:/QuantumRes/Fbx/BoxGeneratorMechanism.fbx
[2017.04.29-12.25.30:588][115]LogFbx: FBX Scene Loaded Succesfully
[2017.04.29-12.25.35:546][115]LogFbx: Loading FBX Scene from E:/QuantumRes/Fbx/BoxGeneratorMechanism.fbx
[2017.04.29-12.25.35:556][115]LogFbx: FBX Scene Loaded Succesfully
[2017.04.29-12.25.35:558][115]LogFbx: =================================================
[2017.04.29-12.25.35:558][115]LogFbx: Dumping Node START [BoxGeneratorMechanism] 
[2017.04.29-12.25.35:558][115]LogFbx: 	Total Deformer Count -1184314784.
[2017.04.29-12.25.35:558][115]LogFbx: 		[Node 1] Armature (Type Skin).
[2017.04.29-12.25.35:558][115]LogFbx: =================================================
[2017.04.29-12.25.35:558][115]LogFbx: 	Attribute (Cube.002) Type (4).
[2017.04.29-12.25.35:558][115]LogFbx: 		[Node Attribute Child 1] BoxGeneratorMechanism (Type Mesh).
[2017.04.29-12.25.35:558][115]LogFbx: Dumping Node END [BoxGeneratorMechanism]
[2017.04.29-12.25.35:558][115]LogFbx: =================================================
[2017.04.29-12.25.35:558][115]LogFbx: Dumping Node START [BoxGeneratorMechanism] 
[2017.04.29-12.25.35:558][115]LogFbx: 	Total Deformer Count -1184314784.
[2017.04.29-12.25.35:558][115]LogFbx: 		[Node 1] Armature (Type Skin).
[2017.04.29-12.25.35:558][115]LogFbx: =================================================
[2017.04.29-12.25.35:558][115]LogFbx: 	Attribute (Cube.002) Type (4).
[2017.04.29-12.25.35:558][115]LogFbx: 		[Node Attribute Child 1] BoxGeneratorMechanism (Type Mesh).
[2017.04.29-12.25.35:558][115]LogFbx: Dumping Node END [BoxGeneratorMechanism]
[2017.04.29-12.25.35:561][115]LogFbx: Valid bind pose for Pose (Cube.002) - BoxGeneratorMechanism
[2017.04.29-12.25.35:561][115]LogLinker: Can't find file '/Game/SkeletonMesh/BoxGeneratorMechanism/Body'
[2017.04.29-12.25.35:561][115]LogLinker: Can't find file '/Game/SkeletonMesh/BoxGeneratorMechanism/Body'
[2017.04.29-12.25.35:562][115]LogMaterial:Warning: Material /Game/SkeletonMesh/BoxGeneratorMechanism/Body.Body needed to have new flag set bUsedWithSkeletalMesh !
[2017.04.29-12.25.35:564][115]LogMaterial: Missing cached shader map for material Body, compiling. 
[2017.04.29-12.25.35:565][115]LogTemp:Display: Added material ShaderMap 0x00000287A5892E80 with Material 0x0000028794686200 to ShaderMapsBeingCompiled
[2017.04.29-12.25.35:604][115]LogTemp:Display: Kicking off shader compilation for Body, GameThreadShaderMap 0x00000287A5892E80
[2017.04.29-12.25.35:605][115]LogMaterial: 0.00 seconds spent updating 1 materials, 1 interfaces, 0 instances, 0 with static permutations.
[2017.04.29-12.25.35:608][115]LogMaterial: Missing cached shader map for material Body, compiling. 
[2017.04.29-12.25.35:609][115]LogTemp:Display: Added material ShaderMap 0x00000287AF0D4800 with Material 0x0000028794686200 to ShaderMapsBeingCompiled
[2017.04.29-12.25.35:636][115]LogTemp:Display: Kicking off shader compilation for Body, GameThreadShaderMap 0x00000287AF0D4800
[2017.04.29-12.25.35:638][115]LogLinker: Can't find file '/Game/SkeletonMesh/BoxGeneratorMechanism/Glass'
[2017.04.29-12.25.35:638][115]LogLinker: Can't find file '/Game/SkeletonMesh/BoxGeneratorMechanism/Glass'
[2017.04.29-12.25.35:638][115]LogMaterial:Warning: Material /Game/SkeletonMesh/BoxGeneratorMechanism/Glass.Glass needed to have new flag set bUsedWithSkeletalMesh !
[2017.04.29-12.25.35:642][115]LogMaterial: Missing cached shader map for material Glass, compiling. 
[2017.04.29-12.25.35:642][115]LogTemp:Display: Added material ShaderMap 0x00000288283D3C80 with Material 0x0000028794713B80 to ShaderMapsBeingCompiled
[2017.04.29-12.25.35:673][115]LogTemp:Display: Kicking off shader compilation for Glass, GameThreadShaderMap 0x00000288283D3C80
[2017.04.29-12.25.35:674][115]LogMaterial: 0.00 seconds spent updating 1 materials, 1 interfaces, 0 instances, 0 with static permutations.
[2017.04.29-12.25.35:676][115]LogMaterial: Missing cached shader map for material Glass, compiling. 
[2017.04.29-12.25.35:676][115]LogTemp:Display: Added material ShaderMap 0x0000028829876080 with Material 0x0000028794713B80 to ShaderMapsBeingCompiled
[2017.04.29-12.25.35:706][115]LogTemp:Display: Kicking off shader compilation for Glass, GameThreadShaderMap 0x0000028829876080
[2017.04.29-12.25.35:708][115]LogFbx: Triangulating skeletal mesh BoxGeneratorMechanism
[2017.04.29-12.25.35:814][115]LogFbx:Warning: Bones digested - 12  Depth of hierarchy - 4
[2017.04.29-12.25.35:841][115]LogSkeletalMesh: Section 0: 862 vertices, 7 active bones
[2017.04.29-12.25.35:841][115]LogSkeletalMesh: Section 1: 56 vertices, 2 active bones
[2017.04.29-12.25.35:842][115]LogSkeletalMesh: Section 0: Material=0, 1164 triangles
[2017.04.29-12.25.35:842][115]LogSkeletalMesh: Section 1: Material=1, 74 triangles
[2017.04.29-12.25.35:842][115]LogLinker: Can't find file '/Game/SkeletonMesh/BoxGeneratorMechanism/BoxGeneratorMechanism_PhysicsAsset'
[2017.04.29-12.25.35:843][115]LogLinker: Can't find file '/Game/SkeletonMesh/BoxGeneratorMechanism/BoxGeneratorMechanism_PhysicsAsset'
[2017.04.29-12.25.35:843][115]LogLinker: Can't find file '/Game/SkeletonMesh/BoxGeneratorMechanism/BoxGeneratorMechanism_Skeleton'
[2017.04.29-12.25.35:844][115]LogLinker: Can't find file '/Game/SkeletonMesh/BoxGeneratorMechanism/BoxGeneratorMechanism_Skeleton'
[2017.04.29-12.25.35:846][115]FBXImport:Warning: Warning No smoothing group information was found in this FBX scene.  Please make sure to enable the 'Export Smoothing Groups' option in the FBX Exporter plug-in before exporting the file.  Even for tools that don't support smoothing groups, the FBX Exporter will generate appropriate smoothing data at export-time so that correct vertex normals can be inferred while importing. 
[2017.04.29-12.25.35:846][115]FBXImport:Warning: Warning The following bones are missing from the bind pose:
Top.L_end  
Top.Back_end  
Top.R_end  
Push_end  

This can happen for bones that are not vert weighted. If they are not in the correct orientation after importing,
please set the "Use T0 as ref pose" option or add them to the bind pose and reimport the skeletal mesh. 
[2017.04.29-12.25.35:846][115]FBXImport:Warning: Warning Missing influence on vert 640. Weighting it to root. 
[2017.04.29-12.25.35:846][115]FBXImport:Warning: Warning Missing influence on vert 639. Weighting it to root. 
[2017.04.29-12.25.35:846][115]FBXImport:Warning: Warning Missing influence on vert 640. Weighting it to root. 
[2017.04.29-12.25.35:846][115]FBXImport:Warning: Warning Missing influence on vert 627. Weighting it to root. 
[2017.04.29-12.25.35:846][115]FBXImport:Warning: Warning Missing influence on vert 627. Weighting it to root. 
[2017.04.29-12.25.35:846][115]FBXImport:Warning: Warning Missing influence on vert 626. Weighting it to root. 
[2017.04.29-12.25.35:846][115]FBXImport:Warning: Warning Missing influence on vert 640. Weighting it to root. 
[2017.04.29-12.25.35:846][115]FBXImport:Warning: Warning Missing influence on vert 625. Weighting it to root. 
[2017.04.29-12.25.35:846][115]FBXImport:Warning: Warning Missing influence on vert 642. Weighting it to root. 
[2017.04.29-12.25.35:846][115]FBXImport:Warning: Warning Missing influence on vert 625. Weighting it to root. 
[2017.04.29-12.25.35:846][115]FBXImport:Warning: Warning Missing influence on vert 640. Weighting it to root. 
[2017.04.29-12.25.35:846][115]FBXImport:Warning: Warning Missing influence on vert 626. Weighting it to root. 
[2017.04.29-12.25.35:846][115]FBXImport:Warning: Warning Missing influence on vert 626. Weighting it to root. 
[2017.04.29-12.25.35:846][115]FBXImport:Warning: Warning Missing influence on vert 628. Weighting it to root. 
[2017.04.29-12.25.35:846][115]FBXImport:Warning: Warning Missing influence on vert 639. Weighting it to root. 
[2017.04.29-12.25.35:846][115]FBXImport:Warning: Warning Missing influence on vert 641. Weighting it to root. 
[2017.04.29-12.25.35:846][115]FBXImport:Warning: Warning Missing influence on vert 641. Weighting it to root. 
[2017.04.29-12.25.35:846][115]FBXImport:Warning: Warning Missing influence on vert 620. Weighting it to root. 
[2017.04.29-12.25.35:846][115]FBXImport:Warning: Warning Missing influence on vert 621. Weighting it to root. 
[2017.04.29-12.25.35:846][115]FBXImport:Warning: Warning Missing influence on vert 621. Weighting it to root. 
[2017.04.29-12.25.35:846][115]FBXImport:Warning: Warning Missing influence on vert 620. Weighting it to root. 
[2017.04.29-12.25.35:846][115]FBXImport:Warning: Warning Missing influence on vert 622. Weighting it to root. 
[2017.04.29-12.25.35:846][115]FBXImport:Warning: Warning Missing influence on vert 621. Weighting it to root. 
[2017.04.29-12.25.35:847][115]FBXImport:Warning: Warning Missing influence on vert 622. Weighting it to root. 
[2017.04.29-12.25.35:847][115]FBXImport:Warning: Warning Missing influence on vert 629. Weighting it to root. 
[2017.04.29-12.25.35:847][115]FBXImport:Warning: Warning Missing influence on vert 628. Weighting it to root. 
[2017.04.29-12.25.35:847][115]FBXImport:Warning: Warning Missing influence on vert 629. Weighting it to root. 
[2017.04.29-12.25.35:847][115]FBXImport:Warning: Warning Missing influence on vert 623. Weighting it to root. 
[2017.04.29-12.25.35:847][115]FBXImport:Warning: Warning Missing influence on vert 622. Weighting it to root. 
[2017.04.29-12.25.35:847][115]FBXImport:Warning: Warning Missing influence on vert 623. Weighting it to root. 
[2017.04.29-12.25.35:847][115]FBXImport:Warning: Warning Missing influence on vert 634. Weighting it to root. 
[2017.04.29-12.25.35:847][115]FBXImport:Warning: Warning Missing influence on vert 633. Weighting it to root. 
[2017.04.29-12.25.35:847][115]FBXImport:Warning: Warning Missing influence on vert 634. Weighting it to root. 
[2017.04.29-12.25.35:847][115]FBXImport:Warning: Warning Missing influence on vert 636. Weighting it to root. 
[2017.04.29-12.25.35:847][115]FBXImport:Warning: Warning Missing influence on vert 632. Weighting it to root. 
[2017.04.29-12.25.35:847][115]FBXImport:Warning: Warning Missing influence on vert 636. Weighting it to root. 
[2017.04.29-12.25.35:847][115]FBXImport:Warning: Warning Missing influence on vert 629. Weighting it to root. 
[2017.04.29-12.25.35:847][115]FBXImport:Warning: Warning Missing influence on vert 631. Weighting it to root. 
[2017.04.29-12.25.35:847][115]FBXImport:Warning: Warning Missing influence on vert 624. Weighting it to root. 
[2017.04.29-12.25.35:847][115]FBXImport:Warning: Warning Missing influence on vert 624. Weighting it to root. 
[2017.04.29-12.25.35:847][115]FBXImport:Warning: Warning Missing influence on vert 631. Weighting it to root. 
[2017.04.29-12.25.35:847][115]FBXImport:Warning: Warning Missing influence on vert 635. Weighting it to root. 
[2017.04.29-12.25.35:847][115]FBXImport:Warning: Warning Missing influence on vert 624. Weighting it to root. 
[2017.04.29-12.25.35:847][115]FBXImport:Warning: Warning Missing influence on vert 633. Weighting it to root. 
[2017.04.29-12.25.35:847][115]FBXImport:Warning: Warning Missing influence on vert 635. Weighting it to root. 
[2017.04.29-12.25.35:847][115]FBXImport:Warning: Warning Missing influence on vert 633. Weighting it to root. 
[2017.04.29-12.25.35:847][115]FBXImport:Warning: Warning Missing influence on vert 624. Weighting it to root. 
[2017.04.29-12.25.35:847][115]FBXImport:Warning: Warning Missing influence on vert 623. Weighting it to root. 
[2017.04.29-12.25.35:847][115]FBXImport:Warning: Warning Missing influence on vert 622. Weighting it to root. 
[2017.04.29-12.25.35:847][115]FBXImport:Warning: Warning Missing influence on vert 623. Weighting it to root. 
[2017.04.29-12.25.35:847][115]FBXImport:Warning: Warning Missing influence on vert 621. Weighting it to root. 
[2017.04.29-12.25.35:847][115]FBXImport:Warning: Warning Missing influence on vert 622. Weighting it to root. 
[2017.04.29-12.25.35:847][115]FBXImport:Warning: Warning Missing influence on vert 622. Weighting it to root. 
[2017.04.29-12.25.35:847][115]FBXImport:Warning: Warning Missing influence on vert 620. Weighting it to root. 
[2017.04.29-12.25.35:847][115]FBXImport:Warning: Warning Missing influence on vert 620. Weighting it to root. 
[2017.04.29-12.25.35:847][115]FBXImport:Warning: Warning Missing influence on vert 621. Weighting it to root. 
[2017.04.29-12.25.35:847][115]FBXImport:Warning: Warning Missing influence on vert 641. Weighting it to root. 
[2017.04.29-12.25.35:847][115]FBXImport:Warning: Warning Missing influence on vert 620. Weighting it to root. 
[2017.04.29-12.25.35:847][115]FBXImport:Warning: Warning Missing influence on vert 638. Weighting it to root. 
[2017.04.29-12.25.35:847][115]FBXImport:Warning: Warning Missing influence on vert 638. Weighting it to root. 
[2017.04.29-12.25.35:847][115]FBXImport:Warning: Warning Missing influence on vert 620. Weighting it to root. 
[2017.04.29-12.25.35:847][115]FBXImport:Warning: Warning Missing influence on vert 629. Weighting it to root. 
[2017.04.29-12.25.35:847][115]FBXImport:Warning: Warning Missing influence on vert 634. Weighting it to root. 
[2017.04.29-12.25.35:847][115]FBXImport:Warning: Warning Missing influence on vert 634. Weighting it to root. 
[2017.04.29-12.25.35:847][115]FBXImport:Warning: Warning Missing influence on vert 629. Weighting it to root. 
[2017.04.29-12.25.35:847][115]FBXImport:Warning: Warning Missing influence on vert 636. Weighting it to root. 
[2017.04.29-12.25.35:847][115]FBXImport:Warning: Warning Missing influence on vert 628. Weighting it to root. 
[2017.04.29-12.25.35:847][115]FBXImport:Warning: Warning Missing influence on vert 629. Weighting it to root. 
[2017.04.29-12.25.35:847][115]FBXImport:Warning: Warning Missing influence on vert 629. Weighting it to root. 
[2017.04.29-12.25.35:847][115]FBXImport:Warning: Warning Missing influence on vert 628. Weighting it to root. 
[2017.04.29-12.25.35:847][115]FBXImport:Warning: Warning Missing influence on vert 626. Weighting it to root. 
[2017.04.29-12.25.35:847][115]FBXImport:Warning: Warning Missing influence on vert 628. Weighting it to root. 
[2017.04.29-12.25.35:847][115]FBXImport:Warning: Warning Missing influence on vert 625. Weighting it to root. 
[2017.04.29-12.25.35:847][115]FBXImport:Warning: Warning Missing influence on vert 637. Weighting it to root. 
[2017.04.29-12.25.35:847][115]FBXImport:Warning: Warning Missing influence on vert 625. Weighting it to root. 
[2017.04.29-12.25.35:847][115]FBXImport:Warning: Warning Missing influence on vert 637. Weighting it to root. 
[2017.04.29-12.25.35:847][115]FBXImport:Warning: Warning Missing influence on vert 642. Weighting it to root. 
[2017.04.29-12.25.35:847][115]FBXImport:Warning: Warning Missing influence on vert 626. Weighting it to root. 
[2017.04.29-12.25.35:847][115]FBXImport:Warning: Warning Missing influence on vert 627. Weighting it to root. 
[2017.04.29-12.25.35:847][115]FBXImport:Warning: Warning Missing influence on vert 626. Weighting it to root. 
[2017.04.29-12.25.35:847][115]FBXImport:Warning: Warning Missing influence on vert 634. Weighting it to root. 
[2017.04.29-12.25.35:847][115]FBXImport:Warning: Warning Missing influence on vert 630. Weighting it to root. 
[2017.04.29-12.25.35:847][115]FBXImport:Warning: Warning Missing influence on vert 630. Weighting it to root. 
[2017.04.29-12.25.35:847][115]FBXImport:Warning: Warning Missing influence on vert 634. Weighting it to root. 
[2017.04.29-12.25.35:847][115]FBXImport:Warning: Warning Missing influence on vert 636. Weighting it to root. 
[2017.04.29-12.25.35:847][115]FBXImport:Warning: Warning Missing influence on vert 623. Weighting it to root. 
[2017.04.29-12.25.35:847][115]FBXImport:Warning: Warning Missing influence on vert 633. Weighting it to root. 
[2017.04.29-12.25.35:847][115]FBXImport:Warning: Warning Missing influence on vert 635. Weighting it to root. 
[2017.04.29-12.25.35:847][115]FBXImport:Warning: Warning Missing influence on vert 633. Weighting it to root. 
[2017.04.29-12.25.35:847][115]FBXImport:Warning: Warning Missing influence on vert 623. Weighting it to root. 
[2017.04.29-12.25.35:847][115]FBXImport:Warning: Warning Missing influence on vert 635. Weighting it to root. 
[2017.04.29-12.25.35:847][115]FBXImport:Warning: Warning Missing influence on vert 631. Weighting it to root. 
[2017.04.29-12.25.35:847][115]FBXImport:Warning: Warning Missing influence on vert 635. Weighting it to root. 
[2017.04.29-12.25.35:847][115]FBXImport:Warning: Warning Missing influence on vert 623. Weighting it to root. 
[2017.04.29-12.25.35:847][115]FBXImport:Warning: Warning Missing influence on vert 632. Weighting it to root. 
[2017.04.29-12.25.35:847][115]FBXImport:Warning: Warning Missing influence on vert 630. Weighting it to root. 
[2017.04.29-12.25.35:847][115]FBXImport:Warning: Warning Missing influence on vert 636. Weighting it to root. 
[2017.04.29-12.25.35:847][115]FBXImport:Warning: Warning Missing influence on vert 630. Weighting it to root. 
[2017.04.29-12.25.35:847][115]FBXImport:Warning: Warning Missing influence on vert 632. Weighting it to root. 
[2017.04.29-12.25.35:847][115]FBXImport:Warning: Warning Missing influence on vert 633. Weighting it to root. 
[2017.04.29-12.25.35:847][115]FBXImport:Warning: Warning Missing influence on vert 633. Weighting it to root. 
[2017.04.29-12.25.35:847][115]FBXImport:Warning: Warning Missing influence on vert 634. Weighting it to root. 
[2017.04.29-12.25.35:847][115]FBXImport:Warning: Warning Missing influence on vert 637. Weighting it to root. 
[2017.04.29-12.25.35:847][115]FBXImport:Warning: Warning Missing influence on vert 627. Weighting it to root. 
[2017.04.29-12.25.35:847][115]FBXImport:Warning: Warning Missing influence on vert 642. Weighting it to root. 
[2017.04.29-12.25.35:847][115]FBXImport:Warning: Warning Missing influence on vert 627. Weighting it to root. 
[2017.04.29-12.25.35:847][115]FBXImport:Warning: Warning Missing influence on vert 637. Weighting it to root. 
[2017.04.29-12.25.35:847][115]FBXImport:Warning: Warning Missing influence on vert 619. Weighting it to root. 
[2017.04.29-12.25.35:847][115]FBXImport:Warning: Warning Missing influence on vert 641. Weighting it to root. 
[2017.04.29-12.25.35:847][115]FBXImport:Warning: Warning Missing influence on vert 641. Weighting it to root. 
[2017.04.29-12.25.35:847][115]FBXImport:Warning: Warning Missing influence on vert 638. Weighting it to root. 
[2017.04.29-12.25.35:847][115]FBXImport:Warning: Warning Missing influence on vert 639. Weighting it to root. 
[2017.04.29-12.25.35:847][115]FBXImport:Warning: Warning Missing influence on vert 641. Weighting it to root. 
[2017.04.29-12.25.35:847][115]FBXImport:Warning: Warning Missing influence on vert 619. Weighting it to root. 
[2017.04.29-12.25.35:847][115]FBXImport:Warning: Warning Missing influence on vert 639. Weighting it to root. 
[2017.04.29-12.25.35:847][115]FBXImport:Warning: Warning Missing influence on vert 619. Weighting it to root. 
[2017.04.29-12.25.35:847][115]FBXImport:Warning: Warning Missing influence on vert 642. Weighting it to root. 
[2017.04.29-12.25.35:847][115]FBXImport:Warning: Warning Missing influence on vert 640. Weighting it to root. 
[2017.04.29-12.25.35:847][115]FBXImport:Warning: Warning Missing influence on vert 642. Weighting it to root. 
[2017.04.29-12.25.35:847][115]FBXImport:Warning: Warning Missing influence on vert 627. Weighting it to root. 
[2017.04.29-12.25.35:847][115]FBXImport:Warning: Warning Missing influence on vert 640. Weighting it to root. 
[2017.04.29-12.25.35:847][115]FBXImport:Warning: Warning Missing influence on vert 639. Weighting it to root. 
[2017.04.29-12.25.35:847][115]FBXImport:Warning: Warning Missing influence on vert 640. Weighting it to root. 
[2017.04.29-12.25.44:773][935]LogContentBrowser: Native class hierarchy updated for 'SkeletonEditor' in 0.0005 seconds. Added 1 classes and 2 folders.
[2017.04.29-12.25.44:966][935]LogActorComponent: RegisterComponentWithWorld: (/Engine/Transient.World_14:PersistentLevel.Actor_0.DebugSkelMeshComponent_0) Already registered. Aborting.
[2017.04.29-12.25.45:053][935]LogSkeletalMesh: USkeletalMeshComponent::InitArticulated : Bodies already created (/Engine/Transient.World_14:PersistentLevel.Actor_0.DebugSkelMeshComponent_0) - call TermArticulated first.
[2017.04.29-12.25.45:186][935]LogSlate: Took 0.006744 seconds to synchronously load lazily loaded font '../../../Engine/Content/Editor/Slate/Fonts/Roboto-Italic.ttf' (157K)
[2017.04.29-12.25.45:238][935]LogRenderer: Reallocating scene render targets to support 1208x888 NumSamples 1 (Frame:9817).
[2017.04.29-12.25.48:192][ 85]LogSlate: Took 0.000201 seconds to synchronously load lazily loaded font '../../../Engine/Content/Slate/Fonts/Roboto-Light.ttf' (159K)
[2017.04.29-12.25.51:738][ 89]LogTemp:Display: Finished compile of shader map 0x00000287AF0D4800
[2017.04.29-12.25.51:738][ 89]LogTemp:Display: Shader map Body complete, GameThreadShaderMap 0x00000287AF0D4800, marking material Body as finished
[2017.04.29-12.25.51:738][ 89]LogTemp:Display: Marking material as finished 0x0000028794686200
[2017.04.29-12.25.53:994][278]LogTemp:Display: Finished compile of shader map 0x0000028829876080
[2017.04.29-12.25.53:994][278]LogTemp:Display: Shader map Glass complete, GameThreadShaderMap 0x0000028829876080, marking material Glass as finished
[2017.04.29-12.25.53:994][278]LogTemp:Display: Marking material as finished 0x0000028794713B80
[2017.04.29-12.26.22:702][182]Cmd: OBJ SAVEPACKAGE PACKAGE="/Game/SkeletonMesh/BoxGeneratorMechanism/BoxGeneratorMechanism" FILE="E:/Quantum/Content/SkeletonMesh/BoxGeneratorMechanism/BoxGeneratorMechanism.uasset" SILENT=true
[2017.04.29-12.26.22:716][182]LogSavePackage: Save=13.33ms
[2017.04.29-12.26.22:716][182]LogSavePackage: Moving 'E:/Quantum/Saved/BoxGeneratorMechanism6CC0BE6F475C8491646B238D33BEF4B2.tmp' to 'E:/Quantum/Content/SkeletonMesh/BoxGeneratorMechanism/BoxGeneratorMechanism.uasset'
[2017.04.29-12.26.22:717][182]LogSavePackage:Display: Finished SavePackage E:/Quantum/Content/SkeletonMesh/BoxGeneratorMechanism/BoxGeneratorMechanism.uasset
[2017.04.29-12.26.44:168][290]LogContentBrowser: Native class hierarchy updated for 'BlueprintGraph' in 0.0008 seconds. Added 112 classes and 0 folders.
[2017.04.29-12.26.44:708][290]LogSlate: Took 0.000169 seconds to synchronously load lazily loaded font '../../../Engine/Content/Slate/Fonts/Roboto-Regular.ttf' (155K)
[2017.04.29-12.26.44:840][290]LogSlate: Took 0.003452 seconds to synchronously load lazily loaded font '../../../Engine/Content/Editor/Slate/Fonts/Roboto-BoldCondensed.ttf' (158K)
[2017.04.29-12.27.16:475][215]BlueprintLog: New page: Compile BoxGenerator
[2017.04.29-12.27.30:409][395]BlueprintLog: New page: Compile BoxGenerator
[2017.04.29-12.27.36:512][952]LogTemp: Repeting last play command: Selected Viewport
[2017.04.29-12.27.36:529][952]LogBlueprintUserMessages: Early PlayInEditor Detection: Level '/Game/Maps/TutorialMap.TutorialMap:PersistentLevel' has LevelScriptBlueprint '/Game/Maps/TutorialMap.TutorialMap:PersistentLevel.TutorialMap' with GeneratedClass '/Game/Maps/TutorialMap.TutorialMap_C' with ClassGeneratedBy '/Game/Maps/TutorialMap.TutorialMap:PersistentLevel.TutorialMap'
[2017.04.29-12.27.36:529][952]LogPlayLevel: PlayLevel: No blueprints needed recompiling
[2017.04.29-12.27.36:530][952]PIE: New page: PIE session: TutorialMap (Apr 30, 2017, 2:27:36 AM)
[2017.04.29-12.27.36:530][952]LogPlayLevel: Creating play world package: /Game/Maps/UEDPIE_0_TutorialMap
[2017.04.29-12.27.36:536][952]LogPlayLevel: PIE: StaticDuplicateObject took: (0.005552s)
[2017.04.29-12.27.36:536][952]LogAIModule: Creating AISystem for world TutorialMap
[2017.04.29-12.27.36:537][952]LogPlayLevel: PIE: World Init took: (0.000892s)
[2017.04.29-12.27.36:537][952]LogPlayLevel: PIE: Created PIE world by copying editor world from /Game/Maps/TutorialMap.TutorialMap to /Game/Maps/UEDPIE_0_TutorialMap.TutorialMap (0.006913s)
[2017.04.29-12.27.36:554][952]LogInit: XAudio2 using 'Headphones (2- High Definition Audio Device)' : 2 channels at 44.1 kHz using 16 bits per sample (channel mask 0x3)
[2017.04.29-12.27.36:561][952]LogInit: FAudioDevice initialized.
[2017.04.29-12.27.36:713][952]LogLoad: Game class is 'PuzzleGameMode_C'
[2017.04.29-12.27.36:718][952]LogWorld: Bringing World /Game/Maps/UEDPIE_0_TutorialMap.TutorialMap up for play (max tick rate 0) at 2017.04.29-19.27.36
[2017.04.29-12.27.36:722][952]LogWorld: Bringing up level for play took: 0.008272
[2017.04.29-12.27.36:756][952]LogContentBrowser: Native class hierarchy updated for 'MovieSceneCapture' in 0.0005 seconds. Added 11 classes and 0 folders.
[2017.04.29-12.27.36:756][952]LogGameMode:Display: Match State Changed from EnteringMap to WaitingToStart
[2017.04.29-12.27.36:756][952]LogGameState: Match State Changed from EnteringMap to WaitingToStart
[2017.04.29-12.27.36:756][952]LogGameMode:Display: Match State Changed from WaitingToStart to InProgress
[2017.04.29-12.27.36:766][952]LogGameState: Match State Changed from WaitingToStart to InProgress
[2017.04.29-12.27.36:766][952]PIE: Info Play in editor start time for /Game/Maps/UEDPIE_0_TutorialMap 0.16
[2017.04.29-12.27.36:767][952]LogBlueprintUserMessages: Late PlayInEditor Detection: Level '/Game/Maps/TutorialMap.TutorialMap:PersistentLevel' has LevelScriptBlueprint '/Game/Maps/TutorialMap.TutorialMap:PersistentLevel.TutorialMap' with GeneratedClass '/Game/Maps/TutorialMap.TutorialMap_C' with ClassGeneratedBy '/Game/Maps/TutorialMap.TutorialMap:PersistentLevel.TutorialMap'
[2017.04.29-12.27.36:768][952]LogBlueprintUserMessages: [TheBox10_212] TheBox10
[2017.04.29-12.27.36:768][952]LogBlueprintUserMessages: [TheBox2] TheBox2
[2017.04.29-12.27.36:768][952]LogBlueprintUserMessages: [TheBox3_2311] TheBox3
[2017.04.29-12.27.36:768][952]LogBlueprintUserMessages: [TheBox4_2683] TheBox4
[2017.04.29-12.27.36:768][952]LogBlueprintUserMessages: [TheBox5_2965] TheBox5
[2017.04.29-12.27.36:768][952]LogBlueprintUserMessages: [TheBox6_3202] TheBox6
[2017.04.29-12.27.36:768][952]LogBlueprintUserMessages: [TheBox7_3459] TheBox7
[2017.04.29-12.27.36:768][952]LogBlueprintUserMessages: [TheBox7_3459] TheBox7
[2017.04.29-12.27.36:768][952]LogBlueprintUserMessages: [TheBox8_3881] TheBox8
[2017.04.29-12.27.36:768][952]LogBlueprintUserMessages: [TheBox9_4028] TheBox9
[2017.04.29-12.27.36:768][952]LogBlueprintUserMessages: [TheBox_267] TheBox
[2017.04.29-12.27.36:812][953]LogBlueprintUserMessages: [TheBox7_3459] TheBox7
[2017.04.29-12.28.11:653][ 55]LogBlueprintUserMessages: Early EndPlayMap Detection: Level '/Game/Maps/TutorialMap.TutorialMap:PersistentLevel' has LevelScriptBlueprint '/Game/Maps/TutorialMap.TutorialMap:PersistentLevel.TutorialMap' with GeneratedClass '/Game/Maps/TutorialMap.TutorialMap_C' with ClassGeneratedBy '/Game/Maps/TutorialMap.TutorialMap:PersistentLevel.TutorialMap'
[2017.04.29-12.28.11:702][ 55]LogBlueprintUserMessages: Late EndPlayMap Detection: Level '/Game/Maps/TutorialMap.TutorialMap:PersistentLevel' has LevelScriptBlueprint '/Game/Maps/TutorialMap.TutorialMap:PersistentLevel.TutorialMap' with GeneratedClass '/Game/Maps/TutorialMap.TutorialMap_C' with ClassGeneratedBy '/Game/Maps/TutorialMap.TutorialMap:PersistentLevel.TutorialMap'
[2017.04.29-12.28.20:851][427]LogRenderer: Reallocating scene render targets to support 1208x900 NumSamples 1 (Frame:27576).
[2017.04.29-12.29.00:661][316]LogContentBrowser: Native class hierarchy updated for 'PhAT' in 0.0005 seconds. Added 1 classes and 2 folders.
[2017.04.29-12.29.00:820][317]LogRenderer: Reallocating scene render targets to support 1208x924 NumSamples 1 (Frame:33289).
[2017.04.29-12.29.55:640][205]LogSavePackage: Save=5.08ms
[2017.04.29-12.29.55:640][205]LogSavePackage: Moving 'E:/Quantum/Saved/BoxGeneratorMechanism_PhysicsAssetDF76612A4DCB5C3F8B76F5A134DCD366.tmp' to 'E:/Quantum/Content/SkeletonMesh/BoxGeneratorMechanism/BoxGeneratorMechanism_PhysicsAsset.uasset'
[2017.04.29-12.29.55:641][205]LogSavePackage:Display: Finished SavePackage E:/Quantum/Content/SkeletonMesh/BoxGeneratorMechanism/BoxGeneratorMechanism_PhysicsAsset.uasset
[2017.04.29-12.29.59:309][607]LogTemp: Repeting last play command: Selected Viewport
[2017.04.29-12.29.59:326][607]LogBlueprintUserMessages: Early PlayInEditor Detection: Level '/Game/Maps/TutorialMap.TutorialMap:PersistentLevel' has LevelScriptBlueprint '/Game/Maps/TutorialMap.TutorialMap:PersistentLevel.TutorialMap' with GeneratedClass '/Game/Maps/TutorialMap.TutorialMap_C' with ClassGeneratedBy '/Game/Maps/TutorialMap.TutorialMap:PersistentLevel.TutorialMap'
[2017.04.29-12.29.59:326][607]LogPlayLevel: PlayLevel: No blueprints needed recompiling
[2017.04.29-12.29.59:326][607]PIE: New page: PIE session: TutorialMap (Apr 30, 2017, 2:29:59 AM)
[2017.04.29-12.29.59:326][607]LogPlayLevel: Creating play world package: /Game/Maps/UEDPIE_0_TutorialMap
[2017.04.29-12.29.59:331][607]LogPlayLevel: PIE: StaticDuplicateObject took: (0.005069s)
[2017.04.29-12.29.59:332][607]LogAIModule: Creating AISystem for world TutorialMap
[2017.04.29-12.29.59:332][607]LogPlayLevel: PIE: World Init took: (0.000841s)
[2017.04.29-12.29.59:332][607]LogPlayLevel: PIE: Created PIE world by copying editor world from /Game/Maps/TutorialMap.TutorialMap to /Game/Maps/UEDPIE_0_TutorialMap.TutorialMap (0.006112s)
[2017.04.29-12.29.59:349][607]LogInit: XAudio2 using 'Headphones (2- High Definition Audio Device)' : 2 channels at 44.1 kHz using 16 bits per sample (channel mask 0x3)
[2017.04.29-12.29.59:356][607]LogInit: FAudioDevice initialized.
[2017.04.29-12.29.59:384][607]LogLoad: Game class is 'PuzzleGameMode_C'
[2017.04.29-12.29.59:390][607]LogWorld: Bringing World /Game/Maps/UEDPIE_0_TutorialMap.TutorialMap up for play (max tick rate 0) at 2017.04.29-19.29.59
[2017.04.29-12.29.59:393][607]LogWorld: Bringing up level for play took: 0.007702
[2017.04.29-12.29.59:394][607]LogGameMode:Display: Match State Changed from EnteringMap to WaitingToStart
[2017.04.29-12.29.59:394][607]LogGameState: Match State Changed from EnteringMap to WaitingToStart
[2017.04.29-12.29.59:394][607]LogGameMode:Display: Match State Changed from WaitingToStart to InProgress
[2017.04.29-12.29.59:398][607]LogGameState: Match State Changed from WaitingToStart to InProgress
[2017.04.29-12.29.59:398][607]PIE: Info Play in editor start time for /Game/Maps/UEDPIE_0_TutorialMap 0.793
[2017.04.29-12.29.59:398][607]LogBlueprintUserMessages: Late PlayInEditor Detection: Level '/Game/Maps/TutorialMap.TutorialMap:PersistentLevel' has LevelScriptBlueprint '/Game/Maps/TutorialMap.TutorialMap:PersistentLevel.TutorialMap' with GeneratedClass '/Game/Maps/TutorialMap.TutorialMap_C' with ClassGeneratedBy '/Game/Maps/TutorialMap.TutorialMap:PersistentLevel.TutorialMap'
[2017.04.29-12.29.59:399][607]LogBlueprintUserMessages: [TheBox10_212] TheBox10
[2017.04.29-12.29.59:399][607]LogBlueprintUserMessages: [TheBox2] TheBox2
[2017.04.29-12.29.59:399][607]LogBlueprintUserMessages: [TheBox3_2311] TheBox3
[2017.04.29-12.29.59:399][607]LogBlueprintUserMessages: [TheBox4_2683] TheBox4
[2017.04.29-12.29.59:399][607]LogBlueprintUserMessages: [TheBox5_2965] TheBox5
[2017.04.29-12.29.59:399][607]LogBlueprintUserMessages: [TheBox6_3202] TheBox6
[2017.04.29-12.29.59:399][607]LogBlueprintUserMessages: [TheBox7_3459] TheBox7
[2017.04.29-12.29.59:399][607]LogBlueprintUserMessages: [TheBox7_3459] TheBox7
[2017.04.29-12.29.59:399][607]LogBlueprintUserMessages: [TheBox8_3881] TheBox8
[2017.04.29-12.29.59:399][607]LogBlueprintUserMessages: [TheBox9_4028] TheBox9
[2017.04.29-12.29.59:399][607]LogBlueprintUserMessages: [TheBox_267] TheBox
[2017.04.29-12.29.59:434][608]LogBlueprintUserMessages: [TheBox7_3459] TheBox7
[2017.04.29-12.30.44:471][964]LogBlueprintUserMessages: Early EndPlayMap Detection: Level '/Game/Maps/TutorialMap.TutorialMap:PersistentLevel' has LevelScriptBlueprint '/Game/Maps/TutorialMap.TutorialMap:PersistentLevel.TutorialMap' with GeneratedClass '/Game/Maps/TutorialMap.TutorialMap_C' with ClassGeneratedBy '/Game/Maps/TutorialMap.TutorialMap:PersistentLevel.TutorialMap'
[2017.04.29-12.30.44:505][964]LogBlueprintUserMessages: Late EndPlayMap Detection: Level '/Game/Maps/TutorialMap.TutorialMap:PersistentLevel' has LevelScriptBlueprint '/Game/Maps/TutorialMap.TutorialMap:PersistentLevel.TutorialMap' with GeneratedClass '/Game/Maps/TutorialMap.TutorialMap_C' with ClassGeneratedBy '/Game/Maps/TutorialMap.TutorialMap:PersistentLevel.TutorialMap'
[2017.04.29-12.33.15:305][581]LogSkeletalMesh: USkeletalMeshComponent::InitArticulated : Could not find root physics body: DebugSkelMeshComponent_0
[2017.04.29-12.33.15:306][581]LogSkeletalMesh: USkeletalMeshComponent::InitArticulated : Could not find root physics body: BoxMechanism
[2017.04.29-12.34.07:653][760]Cmd: TRANSACTION UNDO
[2017.04.29-12.34.07:653][760]LogEditorTransaction: Undo Delete Primitive
[2017.04.29-12.34.07:659][760]LogActorComponent: RegisterComponentWithWorld: (/Engine/Transient.World_14:PersistentLevel.Actor_0.DebugSkelMeshComponent_0) Already registered. Aborting.
[2017.04.29-12.36.02:624][954]Cmd: TRANSACTION UNDO
[2017.04.29-12.36.02:624][954]LogEditorTransaction: Undo Move Element
[2017.04.29-12.36.02:626][954]LogActorComponent: RegisterComponentWithWorld: (/Engine/Transient.World_14:PersistentLevel.Actor_0.DebugSkelMeshComponent_0) Already registered. Aborting.
[2017.04.29-12.36.30:733][ 12]LogSkeletalMesh: USkeletalMeshComponent::InitArticulated : Could not find root physics body: DebugSkelMeshComponent_0
[2017.04.29-12.36.34:087][371]LogSavePackage: Save=3.92ms
[2017.04.29-12.36.34:087][371]LogSavePackage: Moving 'E:/Quantum/Saved/BoxGeneratorMechanism_PhysicsAsset5852B80848CB5F2A8BD954B19F044E06.tmp' to 'E:/Quantum/Content/SkeletonMesh/BoxGeneratorMechanism/BoxGeneratorMechanism_PhysicsAsset.uasset'
[2017.04.29-12.36.34:089][371]LogSavePackage:Display: Finished SavePackage E:/Quantum/Content/SkeletonMesh/BoxGeneratorMechanism/BoxGeneratorMechanism_PhysicsAsset.uasset
[2017.04.29-12.36.35:610][530]LogSavePackage: Save=3.70ms
[2017.04.29-12.36.35:610][530]LogSavePackage: Moving 'E:/Quantum/Saved/BoxGeneratorMechanism_PhysicsAsset07711E4D48849EAE19A9BBAFF8FAD40B.tmp' to 'E:/Quantum/Content/SkeletonMesh/BoxGeneratorMechanism/BoxGeneratorMechanism_PhysicsAsset.uasset'
[2017.04.29-12.36.35:610][530]LogSavePackage:Display: Finished SavePackage E:/Quantum/Content/SkeletonMesh/BoxGeneratorMechanism/BoxGeneratorMechanism_PhysicsAsset.uasset
[2017.04.29-12.38.02:546][256]Cmd: OBJ SAVEPACKAGE PACKAGE="/Game/Maps/TutorialMap" FILE="E:/Quantum/Saved/Autosaves/Game/Maps/TutorialMap_Auto1.umap" SILENT=true AUTOSAVING=true KEEPDIRTY=false
[2017.04.29-12.38.02:704][256]LogSavePackage: Save=144.12ms
[2017.04.29-12.38.02:704][256]LogSavePackage: Moving 'E:/Quantum/Saved/TutorialMap_Auto16EA1C60E458328259B60D3A50168DAEE.tmp' to 'E:/Quantum/Saved/Autosaves/Game/Maps/TutorialMap_Auto1.umap'
[2017.04.29-12.38.02:706][256]LogSavePackage:Display: Finished SavePackage E:/Quantum/Saved/Autosaves/Game/Maps/TutorialMap_Auto1.umap
[2017.04.29-12.38.02:707][256]LogFileHelpers: Editor autosave (incl. sublevels) for '/Game/Maps/TutorialMap' took 0.200
[2017.04.29-12.38.02:707][256]LogFileHelpers: Editor autosave (incl. sublevels) for all levels took 0.200
[2017.04.29-12.38.02:709][256]OBJ SavePackage: Generating thumbnails for [1] asset(s) in package [/Game/Blueprint/BoxGenerator] ([1] browsable assets)...
[2017.04.29-12.38.02:726][256]OBJ SavePackage:     Rendered thumbnail for [Blueprint /Game/Blueprint/BoxGenerator.BoxGenerator]
[2017.04.29-12.38.02:726][256]OBJ SavePackage: Finished generating thumbnails for package [/Game/Blueprint/BoxGenerator]
[2017.04.29-12.38.02:726][256]Cmd: OBJ SAVEPACKAGE PACKAGE="/Game/Blueprint/BoxGenerator" FILE="E:/Quantum/Saved/Autosaves/Game/Blueprint/BoxGenerator_Auto1.uasset" SILENT=false AUTOSAVING=true
[2017.04.29-12.38.02:760][256]LogSavePackage: Save=19.27ms
[2017.04.29-12.38.02:760][256]LogSavePackage: Moving 'E:/Quantum/Saved/BoxGenerator_Auto1ECC6525D48F2D1CC6EDE62B582564E6E.tmp' to 'E:/Quantum/Saved/Autosaves/Game/Blueprint/BoxGenerator_Auto1.uasset'
[2017.04.29-12.38.02:777][256]LogSavePackage:Display: Finished SavePackage E:/Quantum/Saved/Autosaves/Game/Blueprint/BoxGenerator_Auto1.uasset
[2017.04.29-12.38.02:796][256]OBJ SavePackage: Generating thumbnails for [1] asset(s) in package [/Game/SkeletonMesh/BoxGeneratorMechanism/Body] ([1] browsable assets)...
[2017.04.29-12.38.02:814][256]OBJ SavePackage:     Rendered thumbnail for [Material /Game/SkeletonMesh/BoxGeneratorMechanism/Body.Body]
[2017.04.29-12.38.02:814][256]OBJ SavePackage: Finished generating thumbnails for package [/Game/SkeletonMesh/BoxGeneratorMechanism/Body]
[2017.04.29-12.38.02:814][256]Cmd: OBJ SAVEPACKAGE PACKAGE="/Game/SkeletonMesh/BoxGeneratorMechanism/Body" FILE="E:/Quantum/Saved/Autosaves/Game/SkeletonMesh/BoxGeneratorMechanism/Body_Auto1.uasset" SILENT=false AUTOSAVING=true
[2017.04.29-12.38.02:828][256]LogSavePackage: Save=13.19ms
[2017.04.29-12.38.02:828][256]LogSavePackage: Moving 'E:/Quantum/Saved/Body_Auto1FD7F714F4DC89ED604CE039F13525B7D.tmp' to 'E:/Quantum/Saved/Autosaves/Game/SkeletonMesh/BoxGeneratorMechanism/Body_Auto1.uasset'
[2017.04.29-12.38.02:829][256]LogSavePackage:Display: Finished SavePackage E:/Quantum/Saved/Autosaves/Game/SkeletonMesh/BoxGeneratorMechanism/Body_Auto1.uasset
[2017.04.29-12.38.02:829][256]OBJ SavePackage: Generating thumbnails for [1] asset(s) in package [/Game/SkeletonMesh/BoxGeneratorMechanism/Glass] ([1] browsable assets)...
[2017.04.29-12.38.02:847][256]OBJ SavePackage:     Rendered thumbnail for [Material /Game/SkeletonMesh/BoxGeneratorMechanism/Glass.Glass]
[2017.04.29-12.38.02:847][256]OBJ SavePackage: Finished generating thumbnails for package [/Game/SkeletonMesh/BoxGeneratorMechanism/Glass]
[2017.04.29-12.38.02:847][256]Cmd: OBJ SAVEPACKAGE PACKAGE="/Game/SkeletonMesh/BoxGeneratorMechanism/Glass" FILE="E:/Quantum/Saved/Autosaves/Game/SkeletonMesh/BoxGeneratorMechanism/Glass_Auto1.uasset" SILENT=false AUTOSAVING=true
[2017.04.29-12.38.02:859][256]LogSavePackage: Save=11.00ms
[2017.04.29-12.38.02:859][256]LogSavePackage: Moving 'E:/Quantum/Saved/Glass_Auto194A7AB6546777FA70E444AA6368B3200.tmp' to 'E:/Quantum/Saved/Autosaves/Game/SkeletonMesh/BoxGeneratorMechanism/Glass_Auto1.uasset'
[2017.04.29-12.38.02:859][256]LogSavePackage:Display: Finished SavePackage E:/Quantum/Saved/Autosaves/Game/SkeletonMesh/BoxGeneratorMechanism/Glass_Auto1.uasset
[2017.04.29-12.38.02:859][256]OBJ SavePackage: Generating thumbnails for [0] asset(s) in package [/Game/SkeletonMesh/BoxGeneratorMechanism/BoxGeneratorMechanism_PhysicsAsset] ([1] browsable assets)...
[2017.04.29-12.38.02:859][256]OBJ SavePackage: Finished generating thumbnails for package [/Game/SkeletonMesh/BoxGeneratorMechanism/BoxGeneratorMechanism_PhysicsAsset]
[2017.04.29-12.38.02:887][256]LogSavePackage: Save=4.59ms
[2017.04.29-12.38.02:887][256]LogSavePackage: Moving 'E:/Quantum/Saved/BoxGeneratorMechanism_PhysicsAsset_Auto109FC0C4748F0D34439E3C58A9DDBF717.tmp' to 'E:/Quantum/Saved/Autosaves/Game/SkeletonMesh/BoxGeneratorMechanism/BoxGeneratorMechanism_PhysicsAsset_Auto1.uasset'
[2017.04.29-12.38.02:887][256]LogSavePackage:Display: Finished SavePackage E:/Quantum/Saved/Autosaves/Game/SkeletonMesh/BoxGeneratorMechanism/BoxGeneratorMechanism_PhysicsAsset_Auto1.uasset
[2017.04.29-12.38.02:887][256]OBJ SavePackage: Generating thumbnails for [0] asset(s) in package [/Game/SkeletonMesh/BoxGeneratorMechanism/BoxGeneratorMechanism_Skeleton] ([1] browsable assets)...
[2017.04.29-12.38.02:887][256]OBJ SavePackage: Finished generating thumbnails for package [/Game/SkeletonMesh/BoxGeneratorMechanism/BoxGeneratorMechanism_Skeleton]
[2017.04.29-12.38.02:892][256]LogSavePackage: Save=3.33ms
[2017.04.29-12.38.02:892][256]LogSavePackage: Moving 'E:/Quantum/Saved/BoxGeneratorMechanism_Skeleton_Auto1D7561CFF400736BEB195EAA6EBAC849D.tmp' to 'E:/Quantum/Saved/Autosaves/Game/SkeletonMesh/BoxGeneratorMechanism/BoxGeneratorMechanism_Skeleton_Auto1.uasset'
[2017.04.29-12.38.02:892][256]LogSavePackage:Display: Finished SavePackage E:/Quantum/Saved/Autosaves/Game/SkeletonMesh/BoxGeneratorMechanism/BoxGeneratorMechanism_Skeleton_Auto1.uasset
[2017.04.29-12.38.02:892][256]LogFileHelpers: Auto-saving content packages took 0.184
[2017.04.29-12.38.37:907][884]LogFactory: FactoryCreateFile: StaticMesh with FbxFactory (0 0 E:/QuantumRes/Fbx/BoxGeneratorMechanismCollision.fbx)
[2017.04.29-12.38.37:911][884]LogFbx: ItemName: GlobalSettings, ItemCount : 1
[2017.04.29-12.38.37:911][884]LogFbx: ItemName: Geometry, ItemCount : 1
[2017.04.29-12.38.37:911][884]LogFbx: ItemName: Model, ItemCount : 1
[2017.04.29-12.38.37:911][884]LogFbx: ItemName: Material, ItemCount : 2
[2017.04.29-12.38.37:911][884]LogFbx: ItemName: AnimationStack, ItemCount : 1
[2017.04.29-12.38.37:911][884]LogFbx: ItemName: AnimationLayer, ItemCount : 1
[2017.04.29-12.38.37:911][884]LogFbx: ItemName: AnimationCurveNode, ItemCount : 3
[2017.04.29-12.38.37:911][884]LogFbx: ItemName: AnimationCurve, ItemCount : 9
[2017.04.29-12.38.37:916][884]LogFbx: Loading FBX Scene from E:/QuantumRes/Fbx/BoxGeneratorMechanismCollision.fbx
[2017.04.29-12.38.37:922][884]LogFbx: FBX Scene Loaded Succesfully
[2017.04.29-12.38.48:776][884]LogFbx: Loading FBX Scene from E:/QuantumRes/Fbx/BoxGeneratorMechanismCollision.fbx
[2017.04.29-12.38.48:782][884]LogFbx: FBX Scene Loaded Succesfully
[2017.04.29-12.38.48:785][884]LogFbx:Warning: Triangulating static mesh BoxGeneratorMechanism
[2017.04.29-12.38.48:879][884]LogStaticMesh: Building static mesh BoxGeneratorMechanismCollision...
[2017.04.29-12.38.48:909][884]LogStaticMesh: Built static mesh [0.03s] /Game/StaticMesh/BoxGeneratorMechanismCollision.BoxGeneratorMechanismCollision
[2017.04.29-12.38.48:925][884]FBXImport:Warning: Warning No smoothing group information was found in this FBX scene.  Please make sure to enable the 'Export Smoothing Groups' option in the FBX Exporter plug-in before exporting the file.  Even for tools that don't support smoothing groups, the FBX Exporter will generate appropriate smoothing data at export-time so that correct vertex normals can be inferred while importing. 
[2017.04.29-12.38.51:975][152]LogRenderer: Reallocating scene render targets to support 1432x924 NumSamples 1 (Frame:110916).
[2017.04.29-12.39.51:007][731]Cmd: OBJ SAVEPACKAGE PACKAGE="/Game/StaticMesh/BoxGeneratorMechanismCollision" FILE="E:/Quantum/Content/StaticMesh/BoxGeneratorMechanismCollision.uasset" SILENT=true
[2017.04.29-12.39.51:021][731]LogSavePackage: Save=13.12ms
[2017.04.29-12.39.51:021][731]LogSavePackage: Moving 'E:/Quantum/Saved/BoxGeneratorMechanismCollision7AA43AD74F26D475816D0B93F02DA0F9.tmp' to 'E:/Quantum/Content/StaticMesh/BoxGeneratorMechanismCollision.uasset'
[2017.04.29-12.39.51:022][731]LogSavePackage:Display: Finished SavePackage E:/Quantum/Content/StaticMesh/BoxGeneratorMechanismCollision.uasset
[2017.04.29-12.40.52:159][449]Cmd: TRANSACTION UNDO
[2017.04.29-12.40.52:159][449]LogEditorTransaction: Undo Move Element
[2017.04.29-12.40.52:302][449]LogActorComponent: RegisterComponentWithWorld: (/Engine/Transient.World_14:PersistentLevel.Actor_0.DebugSkelMeshComponent_0) Already registered. Aborting.
[2017.04.29-12.41.35:406][277]LogSkeletalMesh: USkeletalMeshComponent::InitArticulated : Could not find root physics body: DebugSkelMeshComponent_0
[2017.04.29-12.41.40:827][805]LogActorFactory: Actor Factory created BoxGeneratorMechanismCollision
[2017.04.29-12.41.41:301][857]LogActorFactory: Actor Factory created BoxGeneratorMechanismCollision
[2017.04.29-12.41.49:939][705]LogSkeletalMesh: USkeletalMeshComponent::InitArticulated : Could not find root physics body: SkeletalMeshComponent0
[2017.04.29-12.41.49:939][705]LogSkeletalMesh: USkeletalMeshComponent::InitArticulated : Could not find root physics body: SkeletalMeshComponent0
[2017.04.29-12.41.50:333][743]LogSkeletalMesh: USkeletalMeshComponent::InitArticulated : Could not find root physics body: SkeletalMeshComponent0
[2017.04.29-12.41.50:361][743]LogSkeletalMesh: USkeletalMeshComponent::InitArticulated : Could not find root physics body: SkeletalMeshComponent0
[2017.04.29-12.41.54:548][170]Cmd: DELETE
[2017.04.29-12.41.54:548][170]Cmd: ACTOR DELETE
[2017.04.29-12.41.54:554][170]LogEditorActor: Deleted Actor: SkeletalMeshActor
[2017.04.29-12.41.54:567][170]LogEditorActor: Deleted 1 Actors (0.014 secs)
[2017.04.29-12.41.54:967][217]LogEditorViewport: Clicking on Actor (LMB): StaticMeshActor (BoxGeneratorMechanismCollision)
[2017.04.29-12.41.55:310][247]LogEditorViewport: Clicking on Actor (context menu): StaticMeshActor (BoxGeneratorMechanismCollision)
[2017.04.29-12.41.56:028][316]LogEditorViewport: Clicking on Actor (LMB): StaticMeshActor (BoxGeneratorMechanismCollision)
[2017.04.29-12.41.56:193][333]Cmd: DELETE
[2017.04.29-12.41.56:193][333]Cmd: ACTOR DELETE
[2017.04.29-12.41.56:194][333]LogEditorActor: Deleted Actor: StaticMeshActor
[2017.04.29-12.41.56:207][333]LogEditorActor: Deleted 1 Actors (0.014 secs)
[2017.04.29-12.42.58:935][176]Cmd: TRANSACTION UNDO
[2017.04.29-12.42.58:935][176]LogEditorTransaction: Undo Move Element
[2017.04.29-12.42.59:081][176]LogActorComponent: RegisterComponentWithWorld: (/Engine/Transient.World_14:PersistentLevel.Actor_0.DebugSkelMeshComponent_0) Already registered. Aborting.
[2017.04.29-12.44.06:314][843]Cmd: TRANSACTION UNDO
[2017.04.29-12.44.06:314][843]LogEditorTransaction: Undo Move Element
[2017.04.29-12.44.06:457][843]LogActorComponent: RegisterComponentWithWorld: (/Engine/Transient.World_14:PersistentLevel.Actor_0.DebugSkelMeshComponent_0) Already registered. Aborting.
[2017.04.29-12.44.07:169][893]Cmd: TRANSACTION UNDO
[2017.04.29-12.44.07:169][893]LogEditorTransaction: Undo Move Element
[2017.04.29-12.44.07:310][893]LogActorComponent: RegisterComponentWithWorld: (/Engine/Transient.World_14:PersistentLevel.Actor_0.DebugSkelMeshComponent_0) Already registered. Aborting.
[2017.04.29-12.44.07:924][942]Cmd: TRANSACTION UNDO
[2017.04.29-12.44.07:924][942]LogEditorTransaction: Undo Move Element
[2017.04.29-12.44.08:065][942]LogActorComponent: RegisterComponentWithWorld: (/Engine/Transient.World_14:PersistentLevel.Actor_0.DebugSkelMeshComponent_0) Already registered. Aborting.
[2017.04.29-12.44.08:802][  3]Cmd: TRANSACTION UNDO
[2017.04.29-12.44.08:803][  3]LogEditorTransaction: Undo Move Element
[2017.04.29-12.44.08:947][  3]LogActorComponent: RegisterComponentWithWorld: (/Engine/Transient.World_14:PersistentLevel.Actor_0.DebugSkelMeshComponent_0) Already registered. Aborting.
[2017.04.29-12.44.32:645][ 63]Cmd: TRANSACTION UNDO
[2017.04.29-12.44.32:645][ 63]LogEditorTransaction: Undo Move Element
[2017.04.29-12.44.32:790][ 63]LogActorComponent: RegisterComponentWithWorld: (/Engine/Transient.World_14:PersistentLevel.Actor_0.DebugSkelMeshComponent_0) Already registered. Aborting.
[2017.04.29-12.44.35:093][249]Cmd: TRANSACTION UNDO
[2017.04.29-12.44.35:093][249]LogEditorTransaction: Undo Move Element
[2017.04.29-12.44.35:245][249]LogActorComponent: RegisterComponentWithWorld: (/Engine/Transient.World_14:PersistentLevel.Actor_0.DebugSkelMeshComponent_0) Already registered. Aborting.
[2017.04.29-12.44.39:821][627]Cmd: TRANSACTION UNDO
[2017.04.29-12.44.39:821][627]LogEditorTransaction: Undo Move Element
[2017.04.29-12.44.39:963][627]LogActorComponent: RegisterComponentWithWorld: (/Engine/Transient.World_14:PersistentLevel.Actor_0.DebugSkelMeshComponent_0) Already registered. Aborting.
[2017.04.29-12.44.43:764][939]Cmd: TRANSACTION UNDO
[2017.04.29-12.44.43:764][939]LogEditorTransaction: Undo Move Element
[2017.04.29-12.44.43:911][939]LogActorComponent: RegisterComponentWithWorld: (/Engine/Transient.World_14:PersistentLevel.Actor_0.DebugSkelMeshComponent_0) Already registered. Aborting.
[2017.04.29-12.44.46:214][126]Cmd: TRANSACTION UNDO
[2017.04.29-12.44.46:214][126]LogEditorTransaction: Undo Move Element
[2017.04.29-12.44.46:356][126]LogActorComponent: RegisterComponentWithWorld: (/Engine/Transient.World_14:PersistentLevel.Actor_0.DebugSkelMeshComponent_0) Already registered. Aborting.
[2017.04.29-12.44.53:468][738]Cmd: TRANSACTION UNDO
[2017.04.29-12.44.53:468][738]LogEditorTransaction: Undo Move Element
[2017.04.29-12.44.53:614][738]LogActorComponent: RegisterComponentWithWorld: (/Engine/Transient.World_14:PersistentLevel.Actor_0.DebugSkelMeshComponent_0) Already registered. Aborting.
[2017.04.29-12.44.55:846][913]Cmd: TRANSACTION UNDO
[2017.04.29-12.44.55:846][913]LogEditorTransaction: Undo Move Element
[2017.04.29-12.44.55:988][913]LogActorComponent: RegisterComponentWithWorld: (/Engine/Transient.World_14:PersistentLevel.Actor_0.DebugSkelMeshComponent_0) Already registered. Aborting.
[2017.04.29-12.45.04:628][663]Cmd: TRANSACTION UNDO
[2017.04.29-12.45.04:628][663]LogEditorTransaction: Undo Move Element
[2017.04.29-12.45.04:770][663]LogActorComponent: RegisterComponentWithWorld: (/Engine/Transient.World_14:PersistentLevel.Actor_0.DebugSkelMeshComponent_0) Already registered. Aborting.
