Log file open, 04/20/17 20:30:51
LogInit:Display: Running engine for game: Quantum
LogPlatformFile: Not using cached read wrapper
LogInit:Display: RandInit(1691185214) SRandInit(1691185214).
LogTaskGraph: Started task graph with 5 named threads and 8 total threads with 1 sets of task threads.
LogStats: Stats thread started at 0.068857
LogInit: Using libcurl 7.47.1
LogInit:  - built for x86_64-pc-win32
LogInit:  - supports SSL with OpenSSL/1.0.2g
LogInit:  - supports HTTP deflate (compression) using libz 1.2.8
LogInit:  - other features:
LogInit:      CURL_VERSION_SSL
LogInit:      CURL_VERSION_LIBZ
LogInit:      CURL_VERSION_IPV6
LogInit:      CURL_VERSION_ASYNCHDNS
LogInit:      CURL_VERSION_LARGEFILE
LogInit:      CURL_VERSION_IDN
LogInit:  CurlRequestOptions (configurable via config and command line):
LogInit:  - bVerifyPeer = false  - Libcurl will NOT verify peer certificate
LogInit:  - bUseHttpProxy = false  - Libcurl will NOT use HTTP proxy
LogInit:  - bDontReuseConnections = false  - Libcurl will reuse connections
LogInit:  - CertBundlePath = nullptr  - Libcurl will use whatever was configured at build time.
LogInit: Build: ++UE4+Release-4.15-CL-3348071
LogInit: Engine Version: 4.15.1-3348071+++UE4+Release-4.15
LogInit: Compatible Engine Version: 4.15.0-3299760+++UE4+Release-4.15
LogInit: Net CL: 3299760
LogDevObjectVersion: Number of dev versions registered: 14
LogDevObjectVersion:   Dev-Blueprints (B0D832E4-1F89-4F0D-ACCF-7EB736FD4AA2): 8
LogDevObjectVersion:   Dev-Build (E1C64328-A22C-4D53-A36C-8E866417BD8C): 0
LogDevObjectVersion:   Dev-Core (375EC13C-06E4-48FB-B500-84F0262A717E): 2
LogDevObjectVersion:   Dev-Editor (E4B068ED-F494-42E9-A231-DA0B2E46BB41): 14
LogDevObjectVersion:   Dev-Framework (CFFC743F-43B0-4480-9391-14DF171D2073): 22
LogDevObjectVersion:   Dev-Mobile (B02B49B5-BB20-44E9-A304-32B752E40360): 0
LogDevObjectVersion:   Dev-Networking (A4E4105C-59A1-49B5-A7C5-40C4547EDFEE): 0
LogDevObjectVersion:   Dev-Online (39C831C9-5AE6-47DC-9A44-9C173E1C8E7C): 0
LogDevObjectVersion:   Dev-Physics (78F01B33-EBEA-4F98-B9B4-84EACCB95AA2): 0
LogDevObjectVersion:   Dev-Platform (6631380F-2D4D-43E0-8009-CF276956A95A): 0
LogDevObjectVersion:   Dev-Rendering (12F88B9F-8875-4AFC-A67C-D90C383ABD29): 12
LogDevObjectVersion:   Dev-Sequencer (7B5AE74C-D270-4C10-A958-57980B212A5A): 3
LogDevObjectVersion:   Dev-VR (D7296918-1DD6-4BDD-9DE2-64A83CC13884): 0
LogDevObjectVersion:   Dev-LoadTimes (C2A15278-BFE7-4AFE-6C17-90FF531DF755): 1
LogInit: Compiled (64-bit): Mar 15 2017 16:52:47
LogInit: Compiled with Visual C++: 19.00.23026.00
LogInit: Build Configuration: Development
LogInit: Branch Name: ++UE4+Release-4.15
LogInit: Command line:  
LogInit: Base directory: C:/Program Files/Epic Games/UE_4.15/Engine/Binaries/Win64/
LogInit: Installed Engine Build: 1
LogInit: Presizing for max 8388607 objects, including 0 objects not considered by GC, pre-allocating 0 bytes for permanent pool.
LogInit: Object subsystem initialized
[2017.04.20-13.30.51:924][  0]LogInit: Selected Device Profile: [Windows]
[2017.04.20-13.30.51:924][  0]LogInit: Applying CVar settings loaded from the selected device profile: [Windows]
[2017.04.20-13.30.51:932][  0]LogInit: Computer: KOKO-IMMORTAL
[2017.04.20-13.30.51:933][  0]LogInit: User: Proto
[2017.04.20-13.30.51:933][  0]LogInit: CPU Page size=65536, Cores=4
[2017.04.20-13.30.51:933][  0]LogInit: High frequency timer resolution =3.328125 MHz
[2017.04.20-13.30.51:933][  0]LogMemory: Memory total: Physical=16.0GB (16GB approx)
[2017.04.20-13.30.51:933][  0]LogMemory: Platform Memory Stats for Windows
[2017.04.20-13.30.51:933][  0]LogMemory: Process Physical Memory: 262.16 MB used, 262.16 MB peak
[2017.04.20-13.30.51:933][  0]LogMemory: Process Virtual Memory: 262.14 MB used, 262.14 MB peak
[2017.04.20-13.30.51:933][  0]LogMemory: Physical Memory: 5755.77 MB used,  10586.96 MB free, 16342.73 MB total
[2017.04.20-13.30.51:933][  0]LogMemory: Virtual Memory: 643.82 MB used,  10586.96 MB free, 134217728.00 MB total
[2017.04.20-13.30.52:001][  0]LogTextLocalizationManager: No specific translations for ('en-US') exist, so ('en') translations will be used.
[2017.04.20-13.30.52:538][  0]LogD3D11RHI: D3D11 adapters:
[2017.04.20-13.30.53:044][  0]LogD3D11RHI:    0. 'NVIDIA GeForce GTX 1060 6GB' (Feature Level 11_0)
[2017.04.20-13.30.53:044][  0]LogD3D11RHI:       6084/0/8171 MB DedicatedVideo/DedicatedSystem/SharedSystem, Outputs:2, VendorId:0x10de
[2017.04.20-13.30.53:045][  0]LogD3D11RHI:    1. 'Microsoft Basic Render Driver' (Feature Level 11_0)
[2017.04.20-13.30.53:045][  0]LogD3D11RHI:       0/0/8171 MB DedicatedVideo/DedicatedSystem/SharedSystem, Outputs:0, VendorId:0x1414
[2017.04.20-13.30.53:045][  0]LogD3D11RHI: Chosen D3D11 Adapter: 0
[2017.04.20-13.30.53:050][  0]LogD3D11RHI: Creating new Direct3DDevice
[2017.04.20-13.30.53:050][  0]LogD3D11RHI:     GPU DeviceId: 0x1c03 (for the marketing name, search the web for "GPU Device Id")
[2017.04.20-13.30.53:050][  0]LogWindows: EnumDisplayDevices:
[2017.04.20-13.30.53:050][  0]LogWindows:    0. 'NVIDIA GeForce GTX 1060 6GB' (P:0 D:1)
[2017.04.20-13.30.53:050][  0]LogWindows:    1. 'NVIDIA GeForce GTX 1060 6GB' (P:1 D:1)
[2017.04.20-13.30.53:050][  0]LogWindows:    2. 'NVIDIA GeForce GTX 1060 6GB' (P:0 D:0)
[2017.04.20-13.30.53:050][  0]LogWindows:    3. 'NVIDIA GeForce GTX 1060 6GB' (P:0 D:0)
[2017.04.20-13.30.53:050][  0]LogWindows: DebugString: FoundDriverCount:4 
[2017.04.20-13.30.53:050][  0]LogD3D11RHI:     Adapter Name: NVIDIA GeForce GTX 1060 6GB
[2017.04.20-13.30.53:050][  0]LogD3D11RHI:   Driver Version: 381.65 (internal:22.21.13.8165, unified:381.65)
[2017.04.20-13.30.53:050][  0]LogD3D11RHI:      Driver Date: 3-31-2017
[2017.04.20-13.30.53:050][  0]LogRHI: Texture pool is 1361 MB (70% of 1945 MB)
[2017.04.20-13.30.53:542][  0]LogD3D11RHI: Async texture creation enabled
[2017.04.20-13.30.53:638][  0]LogD3D11RHI: GPU Timing Frequency: 1000.000000 (Debug: 2 1)
[2017.04.20-13.30.53:730][  0]LogShaderCompilers: Guid format shader working directory is 36 characters bigger than the processId version (E:/Quantum/Intermediate/Shaders/WorkingDirectory/6440/).
[2017.04.20-13.30.53:730][  0]LogShaderCompilers: Cleaned the shader compiler working directory 'C:/Users/Proto/AppData/Local/Temp/UnrealShaderWorkingDir/EE465D1E41587C7829636593BCE3B356/'.
[2017.04.20-13.30.53:730][  0]LogShaderCompilers:Display: Using Local Shader Compiler.
[2017.04.20-13.30.54:605][  0]LogTemp:Display: Loaded TP AllDesktopTargetPlatform
[2017.04.20-13.30.54:651][  0]LogTemp:Display: Loaded TP MacClientTargetPlatform
[2017.04.20-13.30.54:694][  0]LogTemp:Display: Loaded TP MacNoEditorTargetPlatform
[2017.04.20-13.30.54:737][  0]LogTemp:Display: Loaded TP MacServerTargetPlatform
[2017.04.20-13.30.54:779][  0]LogTemp:Display: Loaded TP MacTargetPlatform
[2017.04.20-13.30.54:823][  0]LogTemp:Display: Loaded TP WindowsClientTargetPlatform
[2017.04.20-13.30.54:865][  0]LogTemp:Display: Loaded TP WindowsNoEditorTargetPlatform
[2017.04.20-13.30.54:908][  0]LogTemp:Display: Loaded TP WindowsServerTargetPlatform
[2017.04.20-13.30.54:942][  0]LogTemp:Display: Loaded TP WindowsTargetPlatform
[2017.04.20-13.30.54:985][  0]LogTemp:Display: Loaded TP AndroidTargetPlatform
[2017.04.20-13.30.55:026][  0]LogTemp:Display: Loaded TP Android_ASTCTargetPlatform
[2017.04.20-13.30.55:068][  0]LogTemp:Display: Loaded TP Android_ATCTargetPlatform
[2017.04.20-13.30.55:109][  0]LogTemp:Display: Loaded TP Android_DXTTargetPlatform
[2017.04.20-13.30.55:152][  0]LogTemp:Display: Loaded TP Android_ETC1TargetPlatform
[2017.04.20-13.30.55:194][  0]LogTemp:Display: Loaded TP Android_ETC2TargetPlatform
[2017.04.20-13.30.55:276][  0]LogTemp:Display: Loaded TP Android_MultiTargetPlatform
[2017.04.20-13.30.55:276][  0]LogTemp:Display: Loaded TP Android_PVRTCTargetPlatform
[2017.04.20-13.30.55:305][  0]LogTemp:Display: Loaded TP HTML5TargetPlatform
[2017.04.20-13.30.55:385][  0]LogTemp:Display: Loaded TP IOSTargetPlatform
[2017.04.20-13.30.55:412][  0]LogTemp:Display: Loaded TP TVOSTargetPlatform
[2017.04.20-13.30.55:453][  0]LogTemp:Display: Loaded TP LinuxClientTargetPlatform
[2017.04.20-13.30.55:494][  0]LogTemp:Display: Loaded TP LinuxNoEditorTargetPlatform
[2017.04.20-13.30.55:536][  0]LogTemp:Display: Loaded TP LinuxServerTargetPlatform
[2017.04.20-13.30.55:577][  0]LogTemp:Display: Loaded TP LinuxTargetPlatform
[2017.04.20-13.30.55:577][  0]LogTargetPlatformManager:Display: Building Assets For Windows
[2017.04.20-13.30.55:914][  0]LogDerivedDataCache:Display: Max Cache Size: 512 MB
[2017.04.20-13.30.55:960][  0]LogDerivedDataCache: Loaded boot cache 0.05s 50MB C:/Users/Proto/AppData/Local/UnrealEngine/4.15/DerivedDataCache/Boot.ddc.
[2017.04.20-13.30.55:961][  0]LogDerivedDataCache:Display: Loaded Boot cache: C:/Users/Proto/AppData/Local/UnrealEngine/4.15/DerivedDataCache/Boot.ddc
[2017.04.20-13.30.55:961][  0]LogDerivedDataCache: FDerivedDataBackendGraph:  Pak pak cache file E:/Quantum/DerivedDataCache/DDC.ddp not found, will not use a pak cache.
[2017.04.20-13.30.55:961][  0]LogDerivedDataCache: Unable to find inner node Pak for hierarchical cache Hierarchy.
[2017.04.20-13.30.55:961][  0]LogDerivedDataCache: FDerivedDataBackendGraph:  CompressedPak pak cache file E:/Quantum/DerivedDataCache/Compressed.ddp not found, will not use a pak cache.
[2017.04.20-13.30.55:961][  0]LogDerivedDataCache: Unable to find inner node CompressedPak for hierarchical cache Hierarchy.
[2017.04.20-13.30.55:974][  0]LogDerivedDataCache:Display: Pak cache opened for reading ../../../Engine/DerivedDataCache/Compressed.ddp.
[2017.04.20-13.30.55:986][  0]LogDerivedDataCache: Using Local data cache path C:/Users/Proto/AppData/Local/UnrealEngine/Common/DerivedDataCache: Writable
[2017.04.20-13.30.55:993][  0]LogSlate: Using Freetype 2.6.0
[2017.04.20-13.30.55:994][  0]LogSlate: SlateFontCache - WITH_FREETYPE: 1, WITH_HARFBUZZ: 1
[2017.04.20-13.30.55:994][  0]LogSlate: SlateFontCache - WITH_FREETYPE: 1, WITH_HARFBUZZ: 1
[2017.04.20-13.30.56:202][  0]LogInit: Selected Device Profile: [Windows]
[2017.04.20-13.30.56:204][  0]LogContentStreaming: Texture pool size is 0.00 MB
[2017.04.20-13.30.56:367][  0]LogMeshUtilities: Using QuadricMeshReduction for automatic static mesh reduction
[2017.04.20-13.30.56:401][  0]LogSimplygon: Simplygon DLL not present - disabling.
[2017.04.20-13.30.56:435][  0]LogMeshUtilities: Using SimplygonSwarm for distributed automatic mesh merging
[2017.04.20-13.30.56:435][  0]LogMeshUtilities: No automatic skeletal mesh reduction module available
[2017.04.20-13.30.56:435][  0]LogMeshUtilities: No automatic mesh merging module available
[2017.04.20-13.30.56:866][  0]LogNetVersion: GetLocalNetworkVersion: CL: 3299760, ProjectName: quantum, ProjectVersion: , EngineNetworkVersion: 2, GameNetworkVersion: 0, NetworkChecksum: 3234878722
[2017.04.20-13.30.56:906][  0]LogAssetRegistry: FAssetRegistry took 0.0210 seconds to start up
[2017.04.20-13.30.56:938][  0]LogPackageLocalizationCache: Processed 3 localized package path(s) for 2 prioritized culture(s) in 0.015541 seconds
[2017.04.20-13.30.56:942][  0]LogUObjectArray: 32493 objects as part of root set at end of initial load.
[2017.04.20-13.30.56:942][  0]LogUObjectAllocator: 7077032 out of 0 bytes used by permanent object pool.
[2017.04.20-13.30.56:942][  0]LogUObjectArray: CloseDisregardForGC: 0/0 objects in disregard for GC pool
[2017.04.20-13.30.56:990][  0]LogInit: WinSock: version 1.1 (2.2), MaxSocks=32767, MaxUdp=65467
[2017.04.20-13.30.58:212][  0]LogTcpMessaging: Initializing TcpMessaging bridge
[2017.04.20-13.30.58:243][  0]LogUdpMessaging: Initializing bridge on interface 0.0.0.0:0 to multicast group 230.0.0.1:6666.
[2017.04.20-13.30.58:623][  0]LogMaterial: Uniform references updated for custom material expression Custom.
[2017.04.20-13.30.58:912][  0]SourceControl: Info Source control is disabled
[2017.04.20-13.30.58:913][  0]SourceControl: Info Source control is disabled
[2017.04.20-13.30.58:946][  0]SourceControl: Info Source control is disabled
[2017.04.20-13.30.58:980][  0]SourceControl: Info Source control is disabled
[2017.04.20-13.30.59:919][  0]LogEngine: Initializing Engine...
[2017.04.20-13.30.59:920][  0]LogHMD: Failed to initialize OpenVR with code 110
[2017.04.20-13.31.00:103][  0]LogAIModule: Creating AISystem for world Untitled
[2017.04.20-13.31.00:109][  0]LogInit: XAudio2 using 'Headphones (High Definition Audio Device)' : 2 channels at 48 kHz using 16 bits per sample (channel mask 0x3)
[2017.04.20-13.31.00:118][  0]LogInit: FAudioDevice initialized.
[2017.04.20-13.31.00:143][  0]LogDerivedDataCache: Saved boot cache 0.02s 50MB C:/Users/Proto/AppData/Local/UnrealEngine/4.15/DerivedDataCache/Boot.ddc.
[2017.04.20-13.31.00:153][  0]LogInit: Texture streaming: Enabled
[2017.04.20-13.31.00:225][  0]LogEngineSessionManager: EngineSessionManager initialized
[2017.04.20-13.31.00:292][  0]LogInit: Transaction tracking system initialized
[2017.04.20-13.31.00:551][  0]BlueprintLog: New page: Editor Load
[2017.04.20-13.31.01:207][  0]LocalizationService: Info Localization service is disabled
[2017.04.20-13.31.01:712][  0]LogConsoleResponse:Display: 
[2017.04.20-13.31.01:814][  0]LogCook:Display: Max memory allowance for cook 16384mb min free memory 0mb
[2017.04.20-13.31.01:814][  0]LogCook:Display: Mobile HDR setting 1
[2017.04.20-13.31.02:066][  0]LogFileCache: Scanning file cache for directory 'E:/Quantum/Content/' took 0.01s
[2017.04.20-13.31.02:580][  0]SourceControl: Info Source control is disabled
[2017.04.20-13.31.02:580][  0]Cmd: MAP LOAD FILE="E:/Quantum/Content/Maps/TutorialMap.umap" TEMPLATE=0 SHOWPROGRESS=1 FEATURELEVEL=3
[2017.04.20-13.31.02:581][  0]LightingResults: New page: Lighting Build
[2017.04.20-13.31.02:611][  0]MapCheck: New page: Map Check
[2017.04.20-13.31.02:611][  0]LightingResults: New page: Lighting Build
[2017.04.20-13.31.02:621][  0]LogLinker:Warning: Can't find file '/Game/Blueprint/Laser'
[2017.04.20-13.31.02:621][  0]LogLinker:Warning: Can't find file for asset '/Game/Blueprint/Laser' while loading E:/Quantum/Content/Blueprint/TheBox.uasset.
[2017.04.20-13.31.02:621][  0]LoadErrors:Error: Error /Game/Blueprint/TheBox : Can't find file for asset. /Game/Blueprint/Laser
[2017.04.20-13.31.02:630][  0]LogLinker:Warning: Can't find file '/Game/Blueprint/Laser'
[2017.04.20-13.31.02:630][  0]LogLinker:Warning: Can't find file for asset '/Game/Blueprint/Laser' while loading E:/Quantum/Content/Blueprint/TheBox.uasset.
[2017.04.20-13.31.02:630][  0]LoadErrors:Error: Error /Game/Blueprint/TheBox : Can't find file for asset. /Game/Blueprint/Laser
[2017.04.20-13.31.02:638][  0]LogLinker:Warning: Can't find file '/Game/Blueprint/Laser'
[2017.04.20-13.31.02:638][  0]LogLinker:Warning: Can't find file for asset '/Game/Blueprint/Laser' while loading E:/Quantum/Content/Maps/TutorialMap.umap.
[2017.04.20-13.31.02:638][  0]LoadErrors:Error: Error /Game/Maps/TutorialMap : Can't find file for asset. /Game/Blueprint/Laser
[2017.04.20-13.31.02:638][  0]LogLinker:Warning: Can't find file '/Game/Blueprint/Laser'
[2017.04.20-13.31.02:638][  0]LogLinker:Warning: Can't find file for asset '/Game/Blueprint/Laser' while loading E:/Quantum/Content/Maps/TutorialMap.umap.
[2017.04.20-13.31.02:638][  0]LoadErrors:Error: Error /Game/Maps/TutorialMap : Can't find file for asset. /Game/Blueprint/Laser
[2017.04.20-13.31.02:638][  0]LogLinker:Warning: Can't find file '/Game/Blueprint/Laser'
[2017.04.20-13.31.02:638][  0]LogLinker:Warning: Can't find file for asset '/Game/Blueprint/Laser' while loading E:/Quantum/Content/Maps/TutorialMap.umap.
[2017.04.20-13.31.02:638][  0]LoadErrors:Error: Error /Game/Maps/TutorialMap : Can't find file for asset. /Game/Blueprint/Laser
[2017.04.20-13.31.02:642][  0]LogLinker:Warning: Can't find file '/Game/Blueprint/Laser'
[2017.04.20-13.31.02:642][  0]LoadErrors: Info Failed to load /Game/Blueprint/Laser.Laser_C Referenced by K2Node_DynamicCast_30
[2017.04.20-13.31.02:642][  0]LogLinker:Warning: Can't find file for asset '/Game/Blueprint/Laser' while loading E:/Quantum/Content/Maps/TutorialMap.umap.
[2017.04.20-13.31.02:642][  0]LoadErrors: Info Failed to load /Game/Blueprint/Laser.Laser_C Referenced by K2Node_DynamicCast_30
[2017.04.20-13.31.02:642][  0]LoadErrors:Error: Error /Game/Maps/TutorialMap : Can't find file for asset. /Game/Blueprint/Laser
[2017.04.20-13.31.02:642][  0]LogLinker:Warning: Can't find file '/Game/Blueprint/Laser'
[2017.04.20-13.31.02:642][  0]LoadErrors: Info Failed to load /Game/Blueprint/Laser.Laser_C Referenced by K2Node_DynamicCast_30
[2017.04.20-13.31.02:642][  0]LogLinker:Warning: Can't find file for asset '/Game/Blueprint/Laser' while loading E:/Quantum/Content/Maps/TutorialMap.umap.
[2017.04.20-13.31.02:642][  0]LoadErrors: Info Failed to load /Game/Blueprint/Laser.Laser_C Referenced by K2Node_DynamicCast_30
[2017.04.20-13.31.02:642][  0]LoadErrors:Error: Error /Game/Maps/TutorialMap : Can't find file for asset. /Game/Blueprint/Laser
[2017.04.20-13.31.02:642][  0]LogLinker:Warning: Can't find file '/Game/Blueprint/Laser'
[2017.04.20-13.31.02:642][  0]LoadErrors: Info Failed to load /Game/Blueprint/Laser.Laser_C Referenced by K2Node_DynamicCast_27
[2017.04.20-13.31.02:642][  0]LogLinker:Warning: Can't find file for asset '/Game/Blueprint/Laser' while loading E:/Quantum/Content/Maps/TutorialMap.umap.
[2017.04.20-13.31.02:642][  0]LoadErrors: Info Failed to load /Game/Blueprint/Laser.Laser_C Referenced by K2Node_DynamicCast_27
[2017.04.20-13.31.02:642][  0]LoadErrors:Error: Error /Game/Maps/TutorialMap : Can't find file for asset. /Game/Blueprint/Laser
[2017.04.20-13.31.02:642][  0]LogLinker:Warning: Can't find file '/Game/Blueprint/Laser'
[2017.04.20-13.31.02:642][  0]LoadErrors: Info Failed to load /Game/Blueprint/Laser.Laser_C Referenced by K2Node_DynamicCast_27
[2017.04.20-13.31.02:642][  0]LogLinker:Warning: Can't find file for asset '/Game/Blueprint/Laser' while loading E:/Quantum/Content/Maps/TutorialMap.umap.
[2017.04.20-13.31.02:643][  0]LoadErrors: Info Failed to load /Game/Blueprint/Laser.Laser_C Referenced by K2Node_DynamicCast_27
[2017.04.20-13.31.02:643][  0]LoadErrors:Error: Error /Game/Maps/TutorialMap : Can't find file for asset. /Game/Blueprint/Laser
[2017.04.20-13.31.02:656][  0]LogBlueprint:Warning: [Compiler TheBox] Warning Can't connect pins  Object  and  Other Actor : This cast has an invalid target type (was the class deleted without a redirect?).
[2017.04.20-13.31.02:656][  0]LogBlueprint:Warning: [Compiler TheBox] Warning Can't connect pins  Object  and  Other Actor : This cast has an invalid target type (was the class deleted without a redirect?).
[2017.04.20-13.31.02:656][  0]LogBlueprint:Warning: [Compiler TheBox] Warning Can't connect pins  Other Actor  and  Object : This cast has an invalid target type (was the class deleted without a redirect?).
[2017.04.20-13.31.02:656][  0]LogBlueprint:Warning: [Compiler TheBox] Warning Can't connect pins  Other Actor  and  Object : This cast has an invalid target type (was the class deleted without a redirect?).
[2017.04.20-13.31.02:659][  0]LogBlueprint:Error: [Compiler TheBox] Error Node  Bad cast node  has an invalid target type, please delete and recreate it
[2017.04.20-13.31.02:659][  0]LogBlueprint:Error: [Compiler TheBox] Error Node  Bad cast node  has an invalid target class
[2017.04.20-13.31.02:659][  0]LogBlueprint:Error: [Compiler TheBox] Error Node  Bad cast node  has an invalid target type, please delete and recreate it
[2017.04.20-13.31.02:659][  0]LogBlueprint:Error: [Compiler TheBox] Error Node  Bad cast node  has an invalid target class
[2017.04.20-13.31.02:665][  0]LogBlueprint:Warning: [Compiler TheBox] Warning [0012.20] Compile of TheBox failed. 4 Fatal Issue(s) 4 Warning(s) [in 12 ms] (/Game/Blueprint/TheBox.TheBox)
[2017.04.20-13.31.02:665][  0]LogBlueprint:Warning: [Compiler TheBox] Warning [0012.20] Compile of TheBox failed. 4 Fatal Issue(s) 5 Warning(s) [in 0 ms] (/Game/Blueprint/TheBox.TheBox)
[2017.04.20-13.31.02:665][  0]LogBlueprint:Warning: [Compiler TheBox] Warning [0012.20] Compile of TheBox failed. 4 Fatal Issue(s) 6 Warning(s) [in 0 ms] (/Game/Blueprint/TheBox.TheBox)
[2017.04.20-13.31.02:670][  0]LogBlueprint:Warning: [Compiler TheBox] Warning Can't connect pins  Object  and  Other Actor : This cast has an invalid target type (was the class deleted without a redirect?).
[2017.04.20-13.31.02:670][  0]LogBlueprint:Warning: [Compiler TheBox] Warning Can't connect pins  Object  and  Other Actor : This cast has an invalid target type (was the class deleted without a redirect?).
[2017.04.20-13.31.02:670][  0]LogBlueprint:Warning: [Compiler TheBox] Warning Can't connect pins  Other Actor  and  Object : This cast has an invalid target type (was the class deleted without a redirect?).
[2017.04.20-13.31.02:671][  0]LogBlueprint:Warning: [Compiler TheBox] Warning Can't connect pins  Other Actor  and  Object : This cast has an invalid target type (was the class deleted without a redirect?).
[2017.04.20-13.31.02:673][  0]LogBlueprint:Error: [Compiler TheBox] Error Node  Bad cast node  has an invalid target type, please delete and recreate it
[2017.04.20-13.31.02:673][  0]LogBlueprint:Error: [Compiler TheBox] Error Node  Bad cast node  has an invalid target class
[2017.04.20-13.31.02:673][  0]LogBlueprint:Error: [Compiler TheBox] Error Node  Bad cast node  has an invalid target type, please delete and recreate it
[2017.04.20-13.31.02:673][  0]LogBlueprint:Error: [Compiler TheBox] Error Node  Bad cast node  has an invalid target class
[2017.04.20-13.31.02:679][  0]LogBlueprint:Warning: [Compiler TheBox] Warning [0012.22] Compile of TheBox failed. 4 Fatal Issue(s) 4 Warning(s) [in 11 ms] (/Game/Blueprint/TheBox.TheBox)
[2017.04.20-13.31.02:679][  0]LogBlueprint:Warning: [Compiler TheBox] Warning [0012.22] Compile of TheBox failed. 4 Fatal Issue(s) 5 Warning(s) [in 0 ms] (/Game/Blueprint/TheBox.TheBox)
[2017.04.20-13.31.02:679][  0]LogBlueprint:Warning: [Compiler TheBox] Warning [0012.22] Compile of TheBox failed. 4 Fatal Issue(s) 6 Warning(s) [in 0 ms] (/Game/Blueprint/TheBox.TheBox)
[2017.04.20-13.31.02:925][  0]LoadErrors: Info The Animation  Turbine_Anim needs resave.
[2017.04.20-13.31.02:974][  0]LogAIModule: Creating AISystem for world TutorialMap
[2017.04.20-13.31.03:002][  0]LogEditorServer: Finished looking for orphan Actors (0.000 secs)
[2017.04.20-13.31.03:002][  0]Cmd: MAP CHECKDEP NOCLEARLOG
[2017.04.20-13.31.03:037][  0]MapCheck: Info Map check complete: 0 Error(s), 0 Warning(s), took 34.51ms to complete.
[2017.04.20-13.31.03:037][  0]LogFileHelpers: Loading map 'TutorialMap' took 0.456
[2017.04.20-13.31.03:094][  0]LogWindowsTextInputMethodSystem:Display: IME system now deactivated.
[2017.04.20-13.31.03:187][  0]LogCollectionManager: Loaded 1 collections in 0.001195 seconds
[2017.04.20-13.31.03:265][  0]LogFileCache: Scanning file cache for directory 'E:/Quantum/Saved/Collections/' took 0.01s
[2017.04.20-13.31.03:265][  0]LogFileCache: Scanning file cache for directory 'E:/Quantum/Content/Developers/Proto/Collections/' took 0.01s
[2017.04.20-13.31.03:265][  0]LogFileCache: Scanning file cache for directory 'E:/Quantum/Content/Collections/' took 0.01s
[2017.04.20-13.31.03:265][  0]LogCollectionManager: Rebuilt the GUID cache for 1 collections in 0.000003 seconds
[2017.04.20-13.31.03:265][  0]LogCollectionManager: Rebuilt the hierarchy cache for 1 collections in 0.000000 seconds
[2017.04.20-13.31.03:273][  0]LogContentBrowser: Native class hierarchy populated in 0.0075 seconds. Added 2245 classes and 453 folders.
[2017.04.20-13.31.03:275][  0]LogStats: UGameplayTagsManager::ConstructGameplayTagTree: Construct from data asset -  0.000 s
[2017.04.20-13.31.03:275][  0]LogStats: UGameplayTagsManager::ConstructGameplayTagTree: GameplayTagTreeChangedEvent.Broadcast -  0.000 s
[2017.04.20-13.31.03:323][  0]LogContentBrowser: Native class hierarchy updated for 'WidgetCarousel' in 0.0004 seconds. Added 0 classes and 0 folders.
[2017.04.20-13.31.03:350][  0]LogContentBrowser: Native class hierarchy updated for 'AddContentDialog' in 0.0004 seconds. Added 0 classes and 0 folders.
[2017.04.20-13.31.03:384][  0]LogContentBrowser: Native class hierarchy updated for 'SceneOutliner' in 0.0004 seconds. Added 1 classes and 2 folders.
[2017.04.20-13.31.03:422][  0]LogCrashTracker: Crashtracker disabled due to settings.
[2017.04.20-13.31.03:428][  0]LogUObjectGlobals:Warning: Failed to find object 'Class None.'
[2017.04.20-13.31.03:483][  0]LogContentBrowser: Native class hierarchy updated for 'HierarchicalLODOutliner' in 0.0004 seconds. Added 1 classes and 2 folders.
[2017.04.20-13.31.03:484][  0]LogLoad: (Engine Initialization) Total time: 13.02 seconds
[2017.04.20-13.31.03:484][  0]LogLoad: (Engine Initialization) Total Blueprint compile time: 0.13 seconds
[2017.04.20-13.31.03:484][  0]LogExternalProfiler: No external profilers were discovered.  External profiling features will not be available.
[2017.04.20-13.31.03:494][  0]LogOcInput: OculusInput pre-init called
[2017.04.20-13.31.03:510][  0]LogAssetRegistry: Asset discovery search completed in 6.6256 seconds
[2017.04.20-13.31.03:510][  0]LogCollectionManager: Rebuilt the object cache for 1 collections in 0.000003 seconds (found 0 objects)
[2017.04.20-13.31.03:510][  0]LogCollectionManager: Fixed up redirectors for 1 collections in 0.000013 seconds (updated 0 objects)
[2017.04.20-13.31.03:512][  0]LogContentStreaming: Texture pool size now 1000 MB
[2017.04.20-13.31.03:533][  0]LogSlate: Took 0.000141 seconds to synchronously load lazily loaded font '../../../Engine/Content/Slate/Fonts/Roboto-Bold.ttf' (160K)
[2017.04.20-13.31.03:535][  0]LogSlate: Took 0.000155 seconds to synchronously load lazily loaded font '../../../Engine/Content/Slate/Fonts/Roboto-Regular.ttf' (155K)
[2017.04.20-13.31.03:541][  0]LogSlate: Took 0.000124 seconds to synchronously load lazily loaded font '../../../Engine/Content/Editor/Slate/Fonts/FontAwesome.ttf' (139K)
[2017.04.20-13.31.03:654][  0]LogSlate: Took 0.000162 seconds to synchronously load lazily loaded font '../../../Engine/Content/Slate/Fonts/Roboto-Light.ttf' (159K)
[2017.04.20-13.31.03:702][  0]LogRenderer: Reallocating scene render targets to support 1208x576 NumSamples 1 (Frame:2).
[2017.04.20-13.31.16:426][495]LogTemp: Repeting last play command: Selected Viewport
[2017.04.20-13.31.16:440][495]LogPlayLevel: PlayLevel: No blueprints needed recompiling
[2017.04.20-13.31.21:334][937]LogSlate: Took 0.000118 seconds to synchronously load lazily loaded font '../../../Engine/Content/Slate/Fonts/Roboto-Light.ttf' (159K)
[2017.04.20-13.31.21:698][937]LogContentBrowser: Native class hierarchy updated for 'BlueprintGraph' in 0.0007 seconds. Added 112 classes and 0 folders.
[2017.04.20-13.31.22:187][937]LogSlate: Took 0.000135 seconds to synchronously load lazily loaded font '../../../Engine/Content/Slate/Fonts/Roboto-Regular.ttf' (155K)
[2017.04.20-13.31.22:274][937]LogSlate: Took 0.000202 seconds to synchronously load lazily loaded font '../../../Engine/Content/Editor/Slate/Fonts/Roboto-BoldCondensed.ttf' (158K)
[2017.04.20-13.31.22:448][938]LogSlate: Took 0.000203 seconds to synchronously load lazily loaded font '../../../Engine/Content/Editor/Slate/Fonts/Roboto-Italic.ttf' (157K)
[2017.04.20-13.31.27:783][399]LogRenderer: Reallocating scene render targets to support 1208x712 NumSamples 1 (Frame:3135).
[2017.04.20-13.31.52:731][860]BlueprintLog: New page: Compile TheBox
[2017.04.20-13.32.06:881][411]LogTemp: Repeting last play command: Selected Viewport
[2017.04.20-13.32.06:899][411]LogPlayLevel: PlayLevel: No blueprints needed recompiling
[2017.04.20-13.32.06:899][411]PIE: New page: PIE session: TutorialMap (Apr 21, 2017, 3:32:06 AM)
[2017.04.20-13.32.06:900][411]LogPlayLevel: Creating play world package: /Game/Maps/UEDPIE_0_TutorialMap
[2017.04.20-13.32.06:904][411]LogPlayLevel: PIE: StaticDuplicateObject took: (0.003941s)
[2017.04.20-13.32.06:904][411]LogAIModule: Creating AISystem for world TutorialMap
[2017.04.20-13.32.06:904][411]LogPlayLevel: PIE: World Init took: (0.000869s)
[2017.04.20-13.32.06:905][411]LogPlayLevel: PIE: Created PIE world by copying editor world from /Game/Maps/TutorialMap.TutorialMap to /Game/Maps/UEDPIE_0_TutorialMap.TutorialMap (0.005117s)
[2017.04.20-13.32.06:922][411]LogInit: XAudio2 using 'Headphones (High Definition Audio Device)' : 2 channels at 48 kHz using 16 bits per sample (channel mask 0x3)
[2017.04.20-13.32.06:927][411]LogInit: FAudioDevice initialized.
[2017.04.20-13.32.06:975][411]LogLinker:Warning: Can't find file '/Game/Blueprint/Laser'
[2017.04.20-13.32.06:975][411]LogLinker:Warning: Can't find file for asset '/Game/Blueprint/Laser' while loading E:/Quantum/Content/Blueprint/TheBox.uasset.
[2017.04.20-13.32.06:976][411]LogLinker:Warning: Can't find file '/Game/Blueprint/Laser'
[2017.04.20-13.32.06:976][411]LogLinker:Warning: Can't find file for asset '/Game/Blueprint/Laser' while loading E:/Quantum/Content/Blueprint/TheBox.uasset.
[2017.04.20-13.32.07:104][411]LogLoad: Game class is 'PuzzleGameMode_C'
[2017.04.20-13.32.07:108][411]LogWorld: Bringing World /Game/Maps/UEDPIE_0_TutorialMap.TutorialMap up for play (max tick rate 0) at 2017.04.20-20.32.07
[2017.04.20-13.32.07:109][411]LogWorld: Bringing up level for play took: 0.003139
[2017.04.20-13.32.07:140][411]LogContentBrowser: Native class hierarchy updated for 'MovieSceneCapture' in 0.0004 seconds. Added 11 classes and 0 folders.
[2017.04.20-13.32.07:140][411]LogGameMode:Display: Match State Changed from EnteringMap to WaitingToStart
[2017.04.20-13.32.07:140][411]LogGameState: Match State Changed from EnteringMap to WaitingToStart
[2017.04.20-13.32.07:140][411]LogGameMode:Display: Match State Changed from WaitingToStart to InProgress
[2017.04.20-13.32.07:141][411]LogGameState: Match State Changed from WaitingToStart to InProgress
[2017.04.20-13.32.07:141][411]PIE: Info Play in editor start time for /Game/Maps/UEDPIE_0_TutorialMap 0.963
[2017.04.20-13.32.59:847][955]LogSlate: Took 0.000143 seconds to synchronously load lazily loaded font '../../../Engine/Content/Slate/Fonts/Roboto-Light.ttf' (159K)
[2017.04.20-13.33.23:197][304]LogEditorTransaction: Undo Modify Component(s)
[2017.04.20-13.33.51:810][ 89]LogEditorTransaction: Undo Modify Component(s)
[2017.04.20-13.34.36:054][538]LogEditorTransaction: Undo Modify Component(s)
[2017.04.20-13.34.48:778][792]LogEditorTransaction: Undo Modify Component(s)
[2017.04.20-13.34.54:383][438]Cmd: OBJ SAVEPACKAGE PACKAGE="/Game/Blueprint/Laser" FILE="E:/Quantum/Content/Blueprint/Laser.uasset" SILENT=true
[2017.04.20-13.34.54:396][438]LogSavePackage: Save=11.08ms
[2017.04.20-13.34.54:396][438]LogSavePackage: Moving 'E:/Quantum/Saved/Laser75955249470AA36CB8E9559CF00D5208.tmp' to 'E:/Quantum/Content/Blueprint/Laser.uasset'
[2017.04.20-13.34.54:397][438]LogSavePackage:Display: Finished SavePackage E:/Quantum/Content/Blueprint/Laser.uasset
[2017.04.20-13.35.34:826][997]LogContentBrowser: Native class hierarchy updated for 'Cascade' in 0.0005 seconds. Added 2 classes and 2 folders.
[2017.04.20-13.35.38:578][405]LogCascade: Quitting Cascade. FXSystem=0x000001EF8C14DBC0
[2017.04.20-13.36.08:486][755]BlueprintLog: New page: Compile Laser
[2017.04.20-13.36.11:187][ 46]Cmd: OBJ SAVEPACKAGE PACKAGE="/Game/ParticleAndPhyMat/PT_Laser" FILE="E:/Quantum/Content/ParticleAndPhyMat/PT_Laser.uasset" SILENT=true
[2017.04.20-13.36.11:210][ 46]LogSavePackage: Save=8.31ms
[2017.04.20-13.36.11:210][ 46]LogSavePackage: Moving 'E:/Quantum/Saved/PT_Laser7E5D2A614BCBBBF3729127BA5163109C.tmp' to 'E:/Quantum/Content/ParticleAndPhyMat/PT_Laser.uasset'
[2017.04.20-13.36.11:211][ 46]LogSavePackage:Display: Finished SavePackage E:/Quantum/Content/ParticleAndPhyMat/PT_Laser.uasset
[2017.04.20-13.36.43:661][787]Cmd: OBJ SAVEPACKAGE PACKAGE="/Game/ParticleAndPhyMat/PT_Laser" FILE="E:/Quantum/Content/ParticleAndPhyMat/PT_Laser.uasset" SILENT=true
[2017.04.20-13.36.43:681][787]LogSavePackage: Save=8.55ms
[2017.04.20-13.36.43:681][787]LogSavePackage: Moving 'E:/Quantum/Saved/PT_LaserC6C79AF44D4EC8BA6418469347098B27.tmp' to 'E:/Quantum/Content/ParticleAndPhyMat/PT_Laser.uasset'
[2017.04.20-13.36.43:682][787]LogSavePackage:Display: Finished SavePackage E:/Quantum/Content/ParticleAndPhyMat/PT_Laser.uasset
[2017.04.20-13.37.01:082][807]Cmd: OBJ SAVEPACKAGE PACKAGE="/Game/ParticleAndPhyMat/PT_Laser" FILE="E:/Quantum/Content/ParticleAndPhyMat/PT_Laser.uasset" SILENT=true
[2017.04.20-13.37.01:103][807]LogSavePackage: Save=8.36ms
[2017.04.20-13.37.01:103][807]LogSavePackage: Moving 'E:/Quantum/Saved/PT_Laser3EA1789442F8A29F1A40EB870559AA38.tmp' to 'E:/Quantum/Content/ParticleAndPhyMat/PT_Laser.uasset'
[2017.04.20-13.37.01:104][807]LogSavePackage:Display: Finished SavePackage E:/Quantum/Content/ParticleAndPhyMat/PT_Laser.uasset
[2017.04.20-13.37.20:301][ 37]Cmd: OBJ SAVEPACKAGE PACKAGE="/Game/ParticleAndPhyMat/PT_Laser" FILE="E:/Quantum/Content/ParticleAndPhyMat/PT_Laser.uasset" SILENT=true
[2017.04.20-13.37.20:320][ 37]LogSavePackage: Save=7.88ms
[2017.04.20-13.37.20:320][ 37]LogSavePackage: Moving 'E:/Quantum/Saved/PT_Laser64FC29544726CBC201915BADFF29E06C.tmp' to 'E:/Quantum/Content/ParticleAndPhyMat/PT_Laser.uasset'
[2017.04.20-13.37.20:321][ 37]LogSavePackage:Display: Finished SavePackage E:/Quantum/Content/ParticleAndPhyMat/PT_Laser.uasset
[2017.04.20-13.37.44:907][772]LogStats: FPlatformStackWalk::StackWalkAndDump -  0.184 s
[2017.04.20-13.37.44:907][772]LogOutputDevice:Error: === Handled ensure: ===
[2017.04.20-13.37.44:907][772]LogOutputDevice:Error: 
[2017.04.20-13.37.44:907][772]LogOutputDevice:Error: Ensure condition failed: false [File:D:\Build\++UE4+Release-4.15+Compile\Sync\Engine\Source\Runtime\Engine\Private\Particles\ParticleComponents.cpp] [Line: 5043]
[2017.04.20-13.37.44:907][772]LogOutputDevice:Error: LOD access out of bounds (OR-11322). Please let olaf.piesche or simon.tovey know.
[2017.04.20-13.37.44:907][772]LogOutputDevice:Error: Stack: 
[2017.04.20-13.37.44:907][772]LogOutputDevice:Error: UE4Editor-Core.dll!0x00000000349F95E6
[2017.04.20-13.37.44:907][772]LogOutputDevice:Error: UE4Editor-Core.dll!0x00000000347A9B82
[2017.04.20-13.37.44:907][772]LogOutputDevice:Error: UE4Editor-Core.dll!0x00000000347BB666
[2017.04.20-13.37.44:907][772]LogOutputDevice:Error: UE4Editor-Engine.dll!0x000000001B45FA43
[2017.04.20-13.37.44:907][772]LogOutputDevice:Error: UE4Editor-Engine.dll!0x000000001B460D81
[2017.04.20-13.37.44:907][772]LogOutputDevice:Error: UE4Editor-Engine.dll!0x000000001B43D5D3
[2017.04.20-13.37.44:907][772]LogOutputDevice:Error: UE4Editor-Engine.dll!0x000000001B43CA14
[2017.04.20-13.37.44:907][772]LogOutputDevice:Error: UE4Editor-Engine.dll!0x000000001ADC299D
[2017.04.20-13.37.44:907][772]LogOutputDevice:Error: UE4Editor-Engine.dll!0x000000001AE86EC5
[2017.04.20-13.37.44:907][772]LogOutputDevice:Error: UE4Editor-Engine.dll!0x000000001AE86CFE
[2017.04.20-13.37.44:907][772]LogOutputDevice:Error: UE4Editor-Engine.dll!0x000000001B461DEB
[2017.04.20-13.37.44:907][772]LogOutputDevice:Error: UE4Editor-Engine.dll!0x000000001ADB0884
[2017.04.20-13.37.44:907][772]LogOutputDevice:Error: UE4Editor-Engine.dll!0x000000001AC8C842
[2017.04.20-13.37.44:907][772]LogOutputDevice:Error: UE4Editor-Engine.dll!0x000000001ADAA7B7
[2017.04.20-13.37.44:907][772]LogOutputDevice:Error: UE4Editor-Engine.dll!0x000000001AE89862
[2017.04.20-13.37.44:907][772]LogOutputDevice:Error: UE4Editor-Engine.dll!0x000000001AE89444
[2017.04.20-13.37.44:907][772]LogOutputDevice:Error: UE4Editor-CoreUObject.dll!0x0000000033CA0370
[2017.04.20-13.37.44:907][772]LogOutputDevice:Error: UE4Editor-CoreUObject.dll!0x0000000033C9BC0A
[2017.04.20-13.37.44:907][772]LogOutputDevice:Error: UE4Editor-Engine.dll!0x000000001ADCA6A6
[2017.04.20-13.37.44:907][772]LogOutputDevice:Error: UE4Editor-Engine.dll!0x000000001AE89180
[2017.04.20-13.37.44:907][772]LogOutputDevice:Error: UE4Editor-PropertyEditor.dll!0x0000000016957D3A
[2017.04.20-13.37.44:907][772]LogOutputDevice:Error: UE4Editor-PropertyEditor.dll!0x000000001694D984
[2017.04.20-13.37.44:907][772]LogOutputDevice:Error: UE4Editor-PropertyEditor.dll!0x000000001694DF2C
[2017.04.20-13.37.44:907][772]LogOutputDevice:Error: UE4Editor-PropertyEditor.dll!0x00000000169835FB
[2017.04.20-13.37.44:907][772]LogOutputDevice:Error: UE4Editor-PropertyEditor.dll!0x000000001698B3EC
[2017.04.20-13.37.44:907][772]LogOutputDevice:Error: UE4Editor-PropertyEditor.dll!0x0000000016A3196D
[2017.04.20-13.37.44:907][772]LogOutputDevice:Error: UE4Editor-PropertyEditor.dll!0x00000000169FAD1C
[2017.04.20-13.37.44:907][772]LogOutputDevice:Error: UE4Editor-PropertyEditor.dll!0x00000000169FD30C
[2017.04.20-13.37.44:907][772]LogOutputDevice:Error: UE4Editor-PropertyEditor.dll!0x0000000016A1A5A5
[2017.04.20-13.37.44:907][772]LogOutputDevice:Error: UE4Editor-PropertyEditor.dll!0x00000000169FBB0C
[2017.04.20-13.37.44:907][772]LogOutputDevice:Error: UE4Editor-PropertyEditor.dll!0x00000000169FDBFC
[2017.04.20-13.37.44:907][772]LogOutputDevice:Error: UE4Editor-ContentBrowser.dll!0x000000000B21CD5C
[2017.04.20-13.37.44:907][772]LogOutputDevice:Error: UE4Editor-ContentBrowser.dll!0x000000000B2591EB
[2017.04.20-13.37.44:907][772]LogOutputDevice:Error: UE4Editor-ContentBrowser.dll!0x000000000B25FA5A
[2017.04.20-13.37.44:907][772]LogOutputDevice:Error: UE4Editor-ContentBrowser.dll!0x000000000B25D56D
[2017.04.20-13.37.44:907][772]LogOutputDevice:Error: UE4Editor-ContentBrowser.dll!0x000000000B2C16B9
[2017.04.20-13.37.44:907][772]LogOutputDevice:Error: UE4Editor-ContentBrowser.dll!0x000000000B2B4F58
[2017.04.20-13.37.44:907][772]LogOutputDevice:Error: UE4Editor-Slate.dll!0x0000000025B7411C
[2017.04.20-13.37.44:907][772]LogOutputDevice:Error: UE4Editor-Slate.dll!0x0000000025B447F5
[2017.04.20-13.37.44:907][772]LogOutputDevice:Error: UE4Editor-Slate.dll!0x0000000025BE7193
[2017.04.20-13.37.44:907][772]LogOutputDevice:Error: UE4Editor-Slate.dll!0x0000000025BD1100
[2017.04.20-13.37.44:907][772]LogOutputDevice:Error: UE4Editor-Slate.dll!0x0000000025BC0211
[2017.04.20-13.37.44:907][772]LogOutputDevice:Error: UE4Editor-Core.dll!0x00000000349ECDF9
[2017.04.20-13.37.44:907][772]LogOutputDevice:Error: UE4Editor-Core.dll!0x00000000349D67C1
[2017.04.20-13.37.44:907][772]LogOutputDevice:Error: UE4Editor-Core.dll!0x00000000349EEA1C
[2017.04.20-13.37.44:907][772]LogOutputDevice:Error: UE4Editor-Core.dll!0x00000000349D26E9
[2017.04.20-13.37.44:907][772]LogOutputDevice:Error: USER32.dll!0x000000005681BC50
[2017.04.20-13.37.44:907][772]LogOutputDevice:Error: USER32.dll!0x000000005681B5CF
[2017.04.20-13.37.44:907][772]LogOutputDevice:Error: UE4Editor-Core.dll!0x00000000349EF326
[2017.04.20-13.37.44:907][772]LogOutputDevice:Error: UE4Editor.exe!0x000000003334D790
[2017.04.20-13.37.44:907][772]LogOutputDevice:Error: UE4Editor.exe!0x000000003333EB40
[2017.04.20-13.37.44:907][772]LogOutputDevice:Error: UE4Editor.exe!0x000000003333EBBA
[2017.04.20-13.37.44:907][772]LogOutputDevice:Error: UE4Editor.exe!0x0000000033350A29
[2017.04.20-13.37.44:907][772]LogOutputDevice:Error: UE4Editor.exe!0x00000000333522B6
[2017.04.20-13.37.44:907][772]LogOutputDevice:Error: KERNEL32.DLL!0x0000000056EA2774
[2017.04.20-13.37.44:907][772]LogOutputDevice:Error: ntdll.dll!0x0000000058FF0D61
[2017.04.20-13.37.44:908][772]LogOutputDevice:Error: 
[2017.04.20-13.37.44:917][772]LogStats:                SubmitErrorReport -  0.000 s
