Log file open, 05/05/17 11:13:20
LogInit:Display: Running engine for game: Quantum
LogPlatformFile: Not using cached read wrapper
LogInit:Display: RandInit(-1228647645) SRandInit(-1228647645).
LogTaskGraph: Started task graph with 5 named threads and 8 total threads with 1 sets of task threads.
LogStats: Stats thread started at 0.070486
LogInit: Using libcurl 7.47.1
LogInit:  - built for x86_64-pc-win32
LogInit:  - supports SSL with OpenSSL/1.0.2g
LogInit:  - supports HTTP deflate (compression) using libz 1.2.8
LogInit:  - other features:
LogInit:      CURL_VERSION_SSL
LogInit:      CURL_VERSION_LIBZ
LogInit:      CURL_VERSION_IPV6
LogInit:      CURL_VERSION_ASYNCHDNS
LogInit:      CURL_VERSION_LARGEFILE
LogInit:      CURL_VERSION_IDN
LogInit:  CurlRequestOptions (configurable via config and command line):
LogInit:  - bVerifyPeer = false  - Libcurl will NOT verify peer certificate
LogInit:  - bUseHttpProxy = false  - Libcurl will NOT use HTTP proxy
LogInit:  - bDontReuseConnections = false  - Libcurl will reuse connections
LogInit:  - CertBundlePath = nullptr  - Libcurl will use whatever was configured at build time.
LogInit: Build: ++UE4+Release-4.15-CL-3416026
LogInit: Engine Version: 4.15.2-3416026+++UE4+Release-4.15
LogInit: Compatible Engine Version: 4.15.0-3299760+++UE4+Release-4.15
LogInit: Net CL: 3299760
LogDevObjectVersion: Number of dev versions registered: 14
LogDevObjectVersion:   Dev-Blueprints (B0D832E4-1F89-4F0D-ACCF-7EB736FD4AA2): 8
LogDevObjectVersion:   Dev-Build (E1C64328-A22C-4D53-A36C-8E866417BD8C): 0
LogDevObjectVersion:   Dev-Core (375EC13C-06E4-48FB-B500-84F0262A717E): 2
LogDevObjectVersion:   Dev-Editor (E4B068ED-F494-42E9-A231-DA0B2E46BB41): 14
LogDevObjectVersion:   Dev-Framework (CFFC743F-43B0-4480-9391-14DF171D2073): 22
LogDevObjectVersion:   Dev-Mobile (B02B49B5-BB20-44E9-A304-32B752E40360): 0
LogDevObjectVersion:   Dev-Networking (A4E4105C-59A1-49B5-A7C5-40C4547EDFEE): 0
LogDevObjectVersion:   Dev-Online (39C831C9-5AE6-47DC-9A44-9C173E1C8E7C): 0
LogDevObjectVersion:   Dev-Physics (78F01B33-EBEA-4F98-B9B4-84EACCB95AA2): 0
LogDevObjectVersion:   Dev-Platform (6631380F-2D4D-43E0-8009-CF276956A95A): 0
LogDevObjectVersion:   Dev-Rendering (12F88B9F-8875-4AFC-A67C-D90C383ABD29): 12
LogDevObjectVersion:   Dev-Sequencer (7B5AE74C-D270-4C10-A958-57980B212A5A): 3
LogDevObjectVersion:   Dev-VR (D7296918-1DD6-4BDD-9DE2-64A83CC13884): 0
LogDevObjectVersion:   Dev-LoadTimes (C2A15278-BFE7-4AFE-6C17-90FF531DF755): 1
LogInit: Compiled (64-bit): May  1 2017 13:11:28
LogInit: Compiled with Visual C++: 19.00.23026.00
LogInit: Build Configuration: Development
LogInit: Branch Name: ++UE4+Release-4.15
LogInit: Command line:  
LogInit: Base directory: C:/Program Files/Epic Games/UE_4.15/Engine/Binaries/Win64/
LogInit: Installed Engine Build: 1
LogInit: Presizing for max 8388607 objects, including 0 objects not considered by GC, pre-allocating 0 bytes for permanent pool.
LogInit: Object subsystem initialized
[2017.05.05-04.13.21:252][  0]LogInit: Selected Device Profile: [Windows]
[2017.05.05-04.13.21:252][  0]LogInit: Applying CVar settings loaded from the selected device profile: [Windows]
[2017.05.05-04.13.21:262][  0]LogInit: Computer: KOKO-IMMORTAL
[2017.05.05-04.13.21:262][  0]LogInit: User: Immortal
[2017.05.05-04.13.21:262][  0]LogInit: CPU Page size=65536, Cores=4
[2017.05.05-04.13.21:262][  0]LogInit: High frequency timer resolution =3.328130 MHz
[2017.05.05-04.13.21:263][  0]LogMemory: Memory total: Physical=16.0GB (16GB approx)
[2017.05.05-04.13.21:263][  0]LogMemory: Platform Memory Stats for Windows
[2017.05.05-04.13.21:263][  0]LogMemory: Process Physical Memory: 264.39 MB used, 264.39 MB peak
[2017.05.05-04.13.21:263][  0]LogMemory: Process Virtual Memory: 262.52 MB used, 262.52 MB peak
[2017.05.05-04.13.21:263][  0]LogMemory: Physical Memory: 3228.77 MB used,  13115.18 MB free, 16343.95 MB total
[2017.05.05-04.13.21:263][  0]LogMemory: Virtual Memory: 644.11 MB used,  13115.18 MB free, 134217728.00 MB total
[2017.05.05-04.13.21:353][  0]LogTextLocalizationManager: No specific translations for ('en-US') exist, so ('en') translations will be used.
[2017.05.05-04.13.21:929][  0]LogD3D11RHI: D3D11 adapters:
[2017.05.05-04.13.21:960][  0]LogD3D11RHI:    0. 'NVIDIA GeForce GTX 1060 6GB' (Feature Level 11_0)
[2017.05.05-04.13.21:960][  0]LogD3D11RHI:       6084/0/8171 MB DedicatedVideo/DedicatedSystem/SharedSystem, Outputs:2, VendorId:0x10de
[2017.05.05-04.13.21:961][  0]LogD3D11RHI:    1. 'Microsoft Basic Render Driver' (Feature Level 11_0)
[2017.05.05-04.13.21:961][  0]LogD3D11RHI:       0/0/8171 MB DedicatedVideo/DedicatedSystem/SharedSystem, Outputs:0, VendorId:0x1414
[2017.05.05-04.13.21:961][  0]LogD3D11RHI: Chosen D3D11 Adapter: 0
[2017.05.05-04.13.21:964][  0]LogD3D11RHI: Creating new Direct3DDevice
[2017.05.05-04.13.21:965][  0]LogD3D11RHI:     GPU DeviceId: 0x1c03 (for the marketing name, search the web for "GPU Device Id")
[2017.05.05-04.13.21:965][  0]LogWindows: EnumDisplayDevices:
[2017.05.05-04.13.21:965][  0]LogWindows:    0. 'NVIDIA GeForce GTX 1060 6GB' (P:0 D:1)
[2017.05.05-04.13.21:965][  0]LogWindows:    1. 'NVIDIA GeForce GTX 1060 6GB' (P:1 D:1)
[2017.05.05-04.13.21:965][  0]LogWindows:    2. 'NVIDIA GeForce GTX 1060 6GB' (P:0 D:0)
[2017.05.05-04.13.21:965][  0]LogWindows:    3. 'NVIDIA GeForce GTX 1060 6GB' (P:0 D:0)
[2017.05.05-04.13.21:965][  0]LogWindows: DebugString: FoundDriverCount:4 
[2017.05.05-04.13.21:965][  0]LogD3D11RHI:     Adapter Name: NVIDIA GeForce GTX 1060 6GB
[2017.05.05-04.13.21:965][  0]LogD3D11RHI:   Driver Version: 382.05 (internal:22.21.13.8205, unified:382.05)
[2017.05.05-04.13.21:965][  0]LogD3D11RHI:      Driver Date: 5-1-2017
[2017.05.05-04.13.21:965][  0]LogRHI: Texture pool is 1361 MB (70% of 1945 MB)
[2017.05.05-04.13.21:983][  0]LogD3D11RHI: [Aftermath] Aftermath enabled and primed
[2017.05.05-04.13.21:983][  0]LogD3D11RHI: Async texture creation enabled
[2017.05.05-04.13.21:994][  0]LogD3D11RHI: GPU Timing Frequency: 1000.000000 (Debug: 2 1)
[2017.05.05-04.13.22:093][  0]LogShaderCompilers: Guid format shader working directory is 39 characters bigger than the processId version (E:/Quantum/Intermediate/Shaders/WorkingDirectory/9296/).
[2017.05.05-04.13.22:094][  0]LogShaderCompilers: Cleaned the shader compiler working directory 'C:/Users/Immortal/AppData/Local/Temp/UnrealShaderWorkingDir/9BF97CCE4788DA707653A686A11AD962/'.
[2017.05.05-04.13.22:094][  0]LogShaderCompilers:Display: Using Local Shader Compiler.
[2017.05.05-04.13.23:111][  0]LogTemp:Display: Loaded TP AllDesktopTargetPlatform
[2017.05.05-04.13.23:315][  0]LogTemp:Display: Loaded TP MacClientTargetPlatform
[2017.05.05-04.13.23:369][  0]LogTemp:Display: Loaded TP MacNoEditorTargetPlatform
[2017.05.05-04.13.23:430][  0]LogTemp:Display: Loaded TP MacServerTargetPlatform
[2017.05.05-04.13.23:488][  0]LogTemp:Display: Loaded TP MacTargetPlatform
[2017.05.05-04.13.23:558][  0]LogTemp:Display: Loaded TP WindowsClientTargetPlatform
[2017.05.05-04.13.23:629][  0]LogTemp:Display: Loaded TP WindowsNoEditorTargetPlatform
[2017.05.05-04.13.23:682][  0]LogTemp:Display: Loaded TP WindowsServerTargetPlatform
[2017.05.05-04.13.23:729][  0]LogTemp:Display: Loaded TP WindowsTargetPlatform
[2017.05.05-04.13.23:800][  0]LogTemp:Display: Loaded TP AndroidTargetPlatform
[2017.05.05-04.13.23:853][  0]LogTemp:Display: Loaded TP Android_ASTCTargetPlatform
[2017.05.05-04.13.23:907][  0]LogTemp:Display: Loaded TP Android_ATCTargetPlatform
[2017.05.05-04.13.23:959][  0]LogTemp:Display: Loaded TP Android_DXTTargetPlatform
[2017.05.05-04.13.24:032][  0]LogTemp:Display: Loaded TP Android_ETC1TargetPlatform
[2017.05.05-04.13.24:103][  0]LogTemp:Display: Loaded TP Android_ETC2TargetPlatform
[2017.05.05-04.13.24:214][  0]LogTemp:Display: Loaded TP Android_MultiTargetPlatform
[2017.05.05-04.13.24:214][  0]LogTemp:Display: Loaded TP Android_PVRTCTargetPlatform
[2017.05.05-04.13.24:257][  0]LogTemp:Display: Loaded TP HTML5TargetPlatform
[2017.05.05-04.13.24:389][  0]LogTemp:Display: Loaded TP IOSTargetPlatform
[2017.05.05-04.13.24:430][  0]LogTemp:Display: Loaded TP TVOSTargetPlatform
[2017.05.05-04.13.24:489][  0]LogTemp:Display: Loaded TP LinuxClientTargetPlatform
[2017.05.05-04.13.24:561][  0]LogTemp:Display: Loaded TP LinuxNoEditorTargetPlatform
[2017.05.05-04.13.24:613][  0]LogTemp:Display: Loaded TP LinuxServerTargetPlatform
[2017.05.05-04.13.24:668][  0]LogTemp:Display: Loaded TP LinuxTargetPlatform
[2017.05.05-04.13.24:668][  0]LogTargetPlatformManager:Display: Building Assets For Windows
[2017.05.05-04.13.25:177][  0]LogDerivedDataCache:Display: Max Cache Size: 512 MB
[2017.05.05-04.13.25:228][  0]LogDerivedDataCache: Loaded boot cache 0.05s 50MB C:/Users/Immortal/AppData/Local/UnrealEngine/4.15/DerivedDataCache/Boot.ddc.
[2017.05.05-04.13.25:228][  0]LogDerivedDataCache:Display: Loaded Boot cache: C:/Users/Immortal/AppData/Local/UnrealEngine/4.15/DerivedDataCache/Boot.ddc
[2017.05.05-04.13.25:229][  0]LogDerivedDataCache: FDerivedDataBackendGraph:  Pak pak cache file E:/Quantum/DerivedDataCache/DDC.ddp not found, will not use a pak cache.
[2017.05.05-04.13.25:229][  0]LogDerivedDataCache: Unable to find inner node Pak for hierarchical cache Hierarchy.
[2017.05.05-04.13.25:229][  0]LogDerivedDataCache: FDerivedDataBackendGraph:  CompressedPak pak cache file E:/Quantum/DerivedDataCache/Compressed.ddp not found, will not use a pak cache.
[2017.05.05-04.13.25:229][  0]LogDerivedDataCache: Unable to find inner node CompressedPak for hierarchical cache Hierarchy.
[2017.05.05-04.13.25:245][  0]LogDerivedDataCache:Display: Pak cache opened for reading ../../../Engine/DerivedDataCache/Compressed.ddp.
[2017.05.05-04.13.25:256][  0]LogDerivedDataCache: Using Local data cache path C:/Users/Immortal/AppData/Local/UnrealEngine/Common/DerivedDataCache: Writable
[2017.05.05-04.13.25:265][  0]LogSlate: Using Freetype 2.6.0
[2017.05.05-04.13.25:265][  0]LogSlate: SlateFontCache - WITH_FREETYPE: 1, WITH_HARFBUZZ: 1
[2017.05.05-04.13.25:265][  0]LogSlate: SlateFontCache - WITH_FREETYPE: 1, WITH_HARFBUZZ: 1
[2017.05.05-04.13.25:509][  0]LogInit: Selected Device Profile: [Windows]
[2017.05.05-04.13.25:510][  0]LogContentStreaming: Texture pool size is 0.00 MB
[2017.05.05-04.13.25:720][  0]LogMeshUtilities: Using QuadricMeshReduction for automatic static mesh reduction
[2017.05.05-04.13.25:763][  0]LogSimplygon: Simplygon DLL not present - disabling.
[2017.05.05-04.13.25:826][  0]LogMeshUtilities: Using SimplygonSwarm for distributed automatic mesh merging
[2017.05.05-04.13.25:826][  0]LogMeshUtilities: No automatic skeletal mesh reduction module available
[2017.05.05-04.13.25:826][  0]LogMeshUtilities: No automatic mesh merging module available
[2017.05.05-04.13.26:345][  0]LogNetVersion: GetLocalNetworkVersion: CL: 3299760, ProjectName: quantum, ProjectVersion: , EngineNetworkVersion: 2, GameNetworkVersion: 0, NetworkChecksum: 3234878722
[2017.05.05-04.13.26:388][  0]LogAssetRegistry: FAssetRegistry took 0.0212 seconds to start up
[2017.05.05-04.13.26:423][  0]LogPackageLocalizationCache: Processed 3 localized package path(s) for 2 prioritized culture(s) in 0.014832 seconds
[2017.05.05-04.13.26:427][  0]LogUObjectArray: 32493 objects as part of root set at end of initial load.
[2017.05.05-04.13.26:427][  0]LogUObjectAllocator: 7077032 out of 0 bytes used by permanent object pool.
[2017.05.05-04.13.26:427][  0]LogUObjectArray: CloseDisregardForGC: 0/0 objects in disregard for GC pool
[2017.05.05-04.13.26:485][  0]LogInit: WinSock: version 1.1 (2.2), MaxSocks=32767, MaxUdp=65467
[2017.05.05-04.13.27:964][  0]LogTcpMessaging: Initializing TcpMessaging bridge
[2017.05.05-04.13.27:999][  0]LogUdpMessaging: Initializing bridge on interface 0.0.0.0:0 to multicast group 230.0.0.1:6666.
[2017.05.05-04.13.28:427][  0]LogMaterial: Uniform references updated for custom material expression Custom.
[2017.05.05-04.13.28:774][  0]SourceControl: Info Source control is disabled
[2017.05.05-04.13.28:774][  0]SourceControl: Info Source control is disabled
[2017.05.05-04.13.28:828][  0]SourceControl: Info Source control is disabled
[2017.05.05-04.13.28:868][  0]SourceControl: Info Source control is disabled
[2017.05.05-04.13.29:989][  0]LogEngine: Initializing Engine...
[2017.05.05-04.13.29:989][  0]LogHMD: Failed to initialize OpenVR with code 110
[2017.05.05-04.13.30:104][  0]LogStats: UGameplayTagsManager::ConstructGameplayTagTree: Construct from data asset -  0.000 s
[2017.05.05-04.13.30:104][  0]LogStats: UGameplayTagsManager::ConstructGameplayTagTree: GameplayTagTreeChangedEvent.Broadcast -  0.000 s
[2017.05.05-04.13.30:219][  0]LogAIModule: Creating AISystem for world Untitled
[2017.05.05-04.13.30:227][  0]LogInit: XAudio2 using 'Headphones (2- High Definition Audio Device)' : 2 channels at 44.1 kHz using 16 bits per sample (channel mask 0x3)
[2017.05.05-04.13.30:237][  0]LogInit: FAudioDevice initialized.
[2017.05.05-04.13.30:262][  0]LogDerivedDataCache: Saved boot cache 0.03s 50MB C:/Users/Immortal/AppData/Local/UnrealEngine/4.15/DerivedDataCache/Boot.ddc.
[2017.05.05-04.13.30:270][  0]LogInit: Texture streaming: Enabled
[2017.05.05-04.13.30:378][  0]LogEngineSessionManager: EngineSessionManager initialized
[2017.05.05-04.13.30:457][  0]LogInit: Transaction tracking system initialized
[2017.05.05-04.13.30:781][  0]BlueprintLog: New page: Editor Load
[2017.05.05-04.13.34:673][  0]LocalizationService: Info Localization service is disabled
[2017.05.05-04.13.35:333][  0]LogConsoleResponse:Display: 
[2017.05.05-04.13.35:452][  0]LogCook:Display: Max memory allowance for cook 16384mb min free memory 0mb
[2017.05.05-04.13.35:452][  0]LogCook:Display: Mobile HDR setting 1
[2017.05.05-04.13.36:481][  0]LogFileCache: Scanning file cache for directory 'E:/Quantum/Content/' took 0.01s
[2017.05.05-04.13.36:521][  0]SourceControl: Info Source control is disabled
[2017.05.05-04.13.36:521][  0]Cmd: MAP LOAD FILE="E:/Quantum/Content/Maps/TutorialMap.umap" TEMPLATE=0 SHOWPROGRESS=1 FEATURELEVEL=3
[2017.05.05-04.13.36:521][  0]LightingResults: New page: Lighting Build
[2017.05.05-04.13.36:558][  0]MapCheck: New page: Map Check
[2017.05.05-04.13.36:558][  0]LightingResults: New page: Lighting Build
[2017.05.05-04.13.36:600][  0]LogLinker:Warning: The file 'E:/Quantum/Content/Blueprint/Laser.uasset' contains unrecognizable data, check that it is of the expected type.
[2017.05.05-04.13.36:600][  0]LogLinker:Warning: The file 'E:/Quantum/Content/Blueprint/Laser.uasset' contains unrecognizable data, check that it is of the expected type.
[2017.05.05-04.13.36:623][  0]LogLinker:Warning: The file 'E:/Quantum/Content/Blueprint/Laser.uasset' contains unrecognizable data, check that it is of the expected type.
[2017.05.05-04.13.36:623][  0]LogLinker:Warning: The file 'E:/Quantum/Content/Blueprint/Laser.uasset' contains unrecognizable data, check that it is of the expected type.
[2017.05.05-04.13.36:645][  0]LogLinker:Warning: The file 'E:/Quantum/Content/Blueprint/Laser.uasset' contains unrecognizable data, check that it is of the expected type.
[2017.05.05-04.13.36:645][  0]LogLinker:Warning: The file 'E:/Quantum/Content/Blueprint/Laser.uasset' contains unrecognizable data, check that it is of the expected type.
[2017.05.05-04.13.36:645][  0]LogLinker:Warning: The file 'E:/Quantum/Content/Blueprint/Laser.uasset' contains unrecognizable data, check that it is of the expected type.
[2017.05.05-04.13.36:645][  0]LogLinker:Warning: The file 'E:/Quantum/Content/Blueprint/Laser.uasset' contains unrecognizable data, check that it is of the expected type.
[2017.05.05-04.13.36:646][  0]LogLinker:Warning: The file 'E:/Quantum/Content/Blueprint/Laser.uasset' contains unrecognizable data, check that it is of the expected type.
[2017.05.05-04.13.36:646][  0]LogLinker:Warning: The file 'E:/Quantum/Content/Blueprint/Laser.uasset' contains unrecognizable data, check that it is of the expected type.
[2017.05.05-04.13.36:654][  0]LogLinker:Warning: The file 'E:/Quantum/Content/Blueprint/Laser.uasset' contains unrecognizable data, check that it is of the expected type.
[2017.05.05-04.13.36:654][  0]LogLinker:Warning: The file 'E:/Quantum/Content/Blueprint/Laser.uasset' contains unrecognizable data, check that it is of the expected type.
[2017.05.05-04.13.36:654][  0]LogLinker:Warning: The file 'E:/Quantum/Content/Blueprint/Laser.uasset' contains unrecognizable data, check that it is of the expected type.
[2017.05.05-04.13.36:654][  0]LogLinker:Warning: The file 'E:/Quantum/Content/Blueprint/Laser.uasset' contains unrecognizable data, check that it is of the expected type.
[2017.05.05-04.13.36:654][  0]LogLinker:Warning: The file 'E:/Quantum/Content/Blueprint/Laser.uasset' contains unrecognizable data, check that it is of the expected type.
[2017.05.05-04.13.36:655][  0]LogLinker:Warning: The file 'E:/Quantum/Content/Blueprint/Laser.uasset' contains unrecognizable data, check that it is of the expected type.
[2017.05.05-04.13.36:655][  0]LogLinker:Warning: The file 'E:/Quantum/Content/Blueprint/Laser.uasset' contains unrecognizable data, check that it is of the expected type.
[2017.05.05-04.13.36:655][  0]LogLinker:Warning: The file 'E:/Quantum/Content/Blueprint/Laser.uasset' contains unrecognizable data, check that it is of the expected type.
[2017.05.05-04.13.36:655][  0]LogLinker:Warning: The file 'E:/Quantum/Content/Blueprint/Laser.uasset' contains unrecognizable data, check that it is of the expected type.
[2017.05.05-04.13.36:655][  0]LogLinker:Warning: The file 'E:/Quantum/Content/Blueprint/Laser.uasset' contains unrecognizable data, check that it is of the expected type.
[2017.05.05-04.13.36:656][  0]LogLinker:Warning: The file 'E:/Quantum/Content/Blueprint/Laser.uasset' contains unrecognizable data, check that it is of the expected type.
[2017.05.05-04.13.36:656][  0]LogLinker:Warning: The file 'E:/Quantum/Content/Blueprint/Laser.uasset' contains unrecognizable data, check that it is of the expected type.
[2017.05.05-04.13.36:660][  0]LogLinker:Warning: The file 'E:/Quantum/Content/Blueprint/Laser.uasset' contains unrecognizable data, check that it is of the expected type.
[2017.05.05-04.13.36:660][  0]LogLinker:Warning: The file 'E:/Quantum/Content/Blueprint/Laser.uasset' contains unrecognizable data, check that it is of the expected type.
[2017.05.05-04.13.36:660][  0]LogLinker:Warning: The file 'E:/Quantum/Content/Blueprint/Laser.uasset' contains unrecognizable data, check that it is of the expected type.
[2017.05.05-04.13.36:660][  0]LogLinker:Warning: The file 'E:/Quantum/Content/Blueprint/Laser.uasset' contains unrecognizable data, check that it is of the expected type.
[2017.05.05-04.13.36:661][  0]LogLinker:Warning: The file 'E:/Quantum/Content/Blueprint/Laser.uasset' contains unrecognizable data, check that it is of the expected type.
[2017.05.05-04.13.36:661][  0]LogLinker:Warning: The file 'E:/Quantum/Content/Blueprint/Laser.uasset' contains unrecognizable data, check that it is of the expected type.
[2017.05.05-04.13.36:661][  0]LogLinker:Warning: The file 'E:/Quantum/Content/Blueprint/Laser.uasset' contains unrecognizable data, check that it is of the expected type.
[2017.05.05-04.13.36:661][  0]LogLinker:Warning: The file 'E:/Quantum/Content/Blueprint/Laser.uasset' contains unrecognizable data, check that it is of the expected type.
[2017.05.05-04.13.36:661][  0]LogLinker:Warning: The file 'E:/Quantum/Content/Blueprint/Laser.uasset' contains unrecognizable data, check that it is of the expected type.
[2017.05.05-04.13.36:661][  0]LogLinker:Warning: The file 'E:/Quantum/Content/Blueprint/Laser.uasset' contains unrecognizable data, check that it is of the expected type.
[2017.05.05-04.13.36:662][  0]LogLinker:Warning: The file 'E:/Quantum/Content/Blueprint/Laser.uasset' contains unrecognizable data, check that it is of the expected type.
[2017.05.05-04.13.36:662][  0]LogLinker:Warning: The file 'E:/Quantum/Content/Blueprint/Laser.uasset' contains unrecognizable data, check that it is of the expected type.
[2017.05.05-04.13.36:662][  0]LogLinker:Warning: The file 'E:/Quantum/Content/Blueprint/Laser.uasset' contains unrecognizable data, check that it is of the expected type.
[2017.05.05-04.13.36:662][  0]LogLinker:Warning: The file 'E:/Quantum/Content/Blueprint/Laser.uasset' contains unrecognizable data, check that it is of the expected type.
[2017.05.05-04.13.36:662][  0]LogLinker:Warning: The file 'E:/Quantum/Content/Blueprint/Laser.uasset' contains unrecognizable data, check that it is of the expected type.
[2017.05.05-04.13.36:663][  0]LogLinker:Warning: The file 'E:/Quantum/Content/Blueprint/Laser.uasset' contains unrecognizable data, check that it is of the expected type.
[2017.05.05-04.13.36:663][  0]LogLinker:Warning: The file 'E:/Quantum/Content/Blueprint/Laser.uasset' contains unrecognizable data, check that it is of the expected type.
[2017.05.05-04.13.36:663][  0]LogLinker:Warning: The file 'E:/Quantum/Content/Blueprint/Laser.uasset' contains unrecognizable data, check that it is of the expected type.
[2017.05.05-04.13.36:663][  0]LogLinker:Warning: The file 'E:/Quantum/Content/Blueprint/Laser.uasset' contains unrecognizable data, check that it is of the expected type.
[2017.05.05-04.13.36:663][  0]LogLinker:Warning: The file 'E:/Quantum/Content/Blueprint/Laser.uasset' contains unrecognizable data, check that it is of the expected type.
[2017.05.05-04.13.36:665][  0]LogLinker:Warning: The file 'E:/Quantum/Content/Blueprint/Laser.uasset' contains unrecognizable data, check that it is of the expected type.
[2017.05.05-04.13.36:665][  0]LogLinker:Warning: The file 'E:/Quantum/Content/Blueprint/Laser.uasset' contains unrecognizable data, check that it is of the expected type.
[2017.05.05-04.13.36:665][  0]LogLinker:Warning: The file 'E:/Quantum/Content/Blueprint/Laser.uasset' contains unrecognizable data, check that it is of the expected type.
[2017.05.05-04.13.36:666][  0]LogLinker:Warning: The file 'E:/Quantum/Content/Blueprint/Laser.uasset' contains unrecognizable data, check that it is of the expected type.
[2017.05.05-04.13.36:666][  0]LogLinker:Warning: The file 'E:/Quantum/Content/Blueprint/Laser.uasset' contains unrecognizable data, check that it is of the expected type.
[2017.05.05-04.13.36:666][  0]LogLinker:Warning: The file 'E:/Quantum/Content/Blueprint/Laser.uasset' contains unrecognizable data, check that it is of the expected type.
[2017.05.05-04.13.36:666][  0]LogLinker:Warning: The file 'E:/Quantum/Content/Blueprint/Laser.uasset' contains unrecognizable data, check that it is of the expected type.
[2017.05.05-04.13.36:666][  0]LogLinker:Warning: The file 'E:/Quantum/Content/Blueprint/Laser.uasset' contains unrecognizable data, check that it is of the expected type.
[2017.05.05-04.13.36:669][  0]LogLinker:Warning: The file 'E:/Quantum/Content/Blueprint/Laser.uasset' contains unrecognizable data, check that it is of the expected type.
[2017.05.05-04.13.36:669][  0]LogLinker:Warning: The file 'E:/Quantum/Content/Blueprint/Laser.uasset' contains unrecognizable data, check that it is of the expected type.
[2017.05.05-04.13.36:669][  0]LogLinker:Warning: The file 'E:/Quantum/Content/Blueprint/Laser.uasset' contains unrecognizable data, check that it is of the expected type.
[2017.05.05-04.13.36:669][  0]LogLinker:Warning: The file 'E:/Quantum/Content/Blueprint/Laser.uasset' contains unrecognizable data, check that it is of the expected type.
[2017.05.05-04.13.36:669][  0]LogLinker:Warning: The file 'E:/Quantum/Content/Blueprint/Laser.uasset' contains unrecognizable data, check that it is of the expected type.
[2017.05.05-04.13.36:669][  0]LogLinker:Warning: The file 'E:/Quantum/Content/Blueprint/Laser.uasset' contains unrecognizable data, check that it is of the expected type.
[2017.05.05-04.13.36:670][  0]LogLinker:Warning: The file 'E:/Quantum/Content/Blueprint/Laser.uasset' contains unrecognizable data, check that it is of the expected type.
[2017.05.05-04.13.36:670][  0]LogLinker:Warning: The file 'E:/Quantum/Content/Blueprint/Laser.uasset' contains unrecognizable data, check that it is of the expected type.
[2017.05.05-04.13.36:670][  0]LogLinker:Warning: The file 'E:/Quantum/Content/Blueprint/Laser.uasset' contains unrecognizable data, check that it is of the expected type.
[2017.05.05-04.13.36:670][  0]LogLinker:Warning: The file 'E:/Quantum/Content/Blueprint/Laser.uasset' contains unrecognizable data, check that it is of the expected type.
[2017.05.05-04.13.36:670][  0]LogLinker:Warning: The file 'E:/Quantum/Content/Blueprint/Laser.uasset' contains unrecognizable data, check that it is of the expected type.
[2017.05.05-04.13.36:670][  0]LogLinker:Warning: The file 'E:/Quantum/Content/Blueprint/Laser.uasset' contains unrecognizable data, check that it is of the expected type.
[2017.05.05-04.13.36:684][  0]LogBlueprint:Warning: [TheBox] 'LaserBeam' variable not found. Base class was probably changed.
[2017.05.05-04.13.36:684][  0]LogBlueprint:Warning: [TheBox] 'LaserBeam' variable not found. Base class was probably changed.
[2017.05.05-04.13.36:685][  0]LogBlueprint:Warning: [TheBox] 'BoxRef' variable not found. Base class was probably changed.
[2017.05.05-04.13.36:685][  0]LogBlueprint:Warning: [TheBox] 'BoxRef' variable not found. Base class was probably changed.
[2017.05.05-04.13.36:686][  0]LogBlueprint:Warning: [TheBox] 'LaserBeam' variable not found. Base class was probably changed.
[2017.05.05-04.13.36:686][  0]LogBlueprint:Warning: [TheBox] 'LaserBeam' variable not found. Base class was probably changed.
[2017.05.05-04.13.36:696][  0]LogBlueprint:Error: [Compiler TheBox] Error Spawn node  SpawnActor NONE  must have a  Class  specified.
[2017.05.05-04.13.36:696][  0]LogBlueprint:Warning: [Compiler TheBox] Warning Could not find a variable named "BoxRef" in 'TheBox'.
Make sure 'TheBox' has been compiled for  Set BoxRef
[2017.05.05-04.13.36:697][  0]LogBlueprint:Warning: [Compiler TheBox] Warning Could not find a variable named "LaserBeam" in 'TheBox'.
Make sure 'TheBox' has been compiled for  Get LaserBeam
[2017.05.05-04.13.36:697][  0]LogBlueprint:Warning: [Compiler TheBox] Warning Could not find a variable named "LaserBeam" in 'TheBox'.
Make sure 'TheBox' has been compiled for  Get LaserBeam
[2017.05.05-04.13.36:700][  0]LogBlueprint:Warning: [Compiler TheBox] Warning Could not find a variable named "LaserBeam" in 'TheBox'.
Make sure 'TheBox' has been compiled for  Get LaserBeam
[2017.05.05-04.13.36:700][  0]LogBlueprint:Warning: [Compiler TheBox] Warning Could not find a variable named "LaserBeam" in 'TheBox'.
Make sure 'TheBox' has been compiled for  Get LaserBeam
[2017.05.05-04.13.36:703][  0]LogBlueprint:Error: [Compiler TheBox] Error This blueprint (self) is not compatible with ' Target ', therefore that pin must have a connection.
[2017.05.05-04.13.36:703][  0]LogBlueprint:Error: [Compiler TheBox] Error This blueprint (self) is not compatible with ' Target ', therefore that pin must have a connection.
[2017.05.05-04.13.36:704][  0]LogBlueprint:Error: [Compiler TheBox] Error The property associated with  Laser Beam  could not be found
[2017.05.05-04.13.36:704][  0]LogBlueprint:Error: [Compiler TheBox] Error The property associated with  Laser Beam  could not be found
[2017.05.05-04.13.36:706][  0]LogBlueprint:Error: [Compiler TheBox] Error This blueprint (self) is not compatible with ' Target ', therefore that pin must have a connection.
[2017.05.05-04.13.36:706][  0]LogBlueprint:Error: [Compiler TheBox] Error The property associated with  Laser Beam  could not be found
[2017.05.05-04.13.36:706][  0]LogBlueprint:Error: [Compiler TheBox] Error This blueprint (self) is not compatible with ' Target ', therefore that pin must have a connection.
[2017.05.05-04.13.36:706][  0]LogBlueprint:Error: [Compiler TheBox] Error The property associated with  Laser Beam  could not be found
[2017.05.05-04.13.36:732][  0]LogBlueprint:Warning: [Compiler TheBox] Warning [0017.10] Compile of TheBox failed. 9 Fatal Issue(s) 5 Warning(s) [in 44 ms] (/Game/Blueprint/TheBox.TheBox)
[2017.05.05-04.13.36:732][  0]LogBlueprint:Warning: [Compiler TheBox] Warning [0017.10] Compile of TheBox failed. 9 Fatal Issue(s) 6 Warning(s) [in 0 ms] (/Game/Blueprint/TheBox.TheBox)
[2017.05.05-04.13.36:732][  0]LogBlueprint:Warning: [Compiler TheBox] Warning [0017.10] Compile of TheBox failed. 9 Fatal Issue(s) 7 Warning(s) [in 0 ms] (/Game/Blueprint/TheBox.TheBox)
[2017.05.05-04.13.36:746][  0]LogLinker:Warning: The file 'E:/Quantum/Content/Blueprint/Laser.uasset' contains unrecognizable data, check that it is of the expected type.
[2017.05.05-04.13.36:753][  0]LogLinker:Warning: The file 'E:/Quantum/Content/Blueprint/Laser.uasset' contains unrecognizable data, check that it is of the expected type.
[2017.05.05-04.13.36:753][  0]LogLinker:Warning: The file 'E:/Quantum/Content/Blueprint/Laser.uasset' contains unrecognizable data, check that it is of the expected type.
[2017.05.05-04.13.36:754][  0]LogLinker:Warning: The file 'E:/Quantum/Content/Blueprint/Laser.uasset' contains unrecognizable data, check that it is of the expected type.
[2017.05.05-04.13.36:761][  0]LogLinker:Warning: The file 'E:/Quantum/Content/Blueprint/Laser.uasset' contains unrecognizable data, check that it is of the expected type.
[2017.05.05-04.13.36:761][  0]LogLinker:Warning: The file 'E:/Quantum/Content/Blueprint/Laser.uasset' contains unrecognizable data, check that it is of the expected type.
[2017.05.05-04.13.36:761][  0]LogLinker:Warning: The file 'E:/Quantum/Content/Blueprint/Laser.uasset' contains unrecognizable data, check that it is of the expected type.
[2017.05.05-04.13.36:761][  0]LogLinker:Warning: The file 'E:/Quantum/Content/Blueprint/Laser.uasset' contains unrecognizable data, check that it is of the expected type.
[2017.05.05-04.13.36:761][  0]LogLinker:Warning: The file 'E:/Quantum/Content/Blueprint/Laser.uasset' contains unrecognizable data, check that it is of the expected type.
[2017.05.05-04.13.36:761][  0]LogLinker:Warning: The file 'E:/Quantum/Content/Blueprint/Laser.uasset' contains unrecognizable data, check that it is of the expected type.
[2017.05.05-04.13.36:762][  0]LogLinker:Warning: The file 'E:/Quantum/Content/Blueprint/Laser.uasset' contains unrecognizable data, check that it is of the expected type.
[2017.05.05-04.13.36:762][  0]LogLinker:Warning: The file 'E:/Quantum/Content/Blueprint/Laser.uasset' contains unrecognizable data, check that it is of the expected type.
[2017.05.05-04.13.36:762][  0]LogLinker:Warning: The file 'E:/Quantum/Content/Blueprint/Laser.uasset' contains unrecognizable data, check that it is of the expected type.
[2017.05.05-04.13.36:762][  0]LogLinker:Warning: The file 'E:/Quantum/Content/Blueprint/Laser.uasset' contains unrecognizable data, check that it is of the expected type.
[2017.05.05-04.13.36:765][  0]LogLinker:Warning: The file 'E:/Quantum/Content/Blueprint/Laser.uasset' contains unrecognizable data, check that it is of the expected type.
[2017.05.05-04.13.36:765][  0]LogLinker:Warning: The file 'E:/Quantum/Content/Blueprint/Laser.uasset' contains unrecognizable data, check that it is of the expected type.
[2017.05.05-04.13.36:765][  0]LogLinker:Warning: The file 'E:/Quantum/Content/Blueprint/Laser.uasset' contains unrecognizable data, check that it is of the expected type.
[2017.05.05-04.13.36:765][  0]LogLinker:Warning: The file 'E:/Quantum/Content/Blueprint/Laser.uasset' contains unrecognizable data, check that it is of the expected type.
[2017.05.05-04.13.36:765][  0]LogLinker:Warning: The file 'E:/Quantum/Content/Blueprint/Laser.uasset' contains unrecognizable data, check that it is of the expected type.
[2017.05.05-04.13.36:766][  0]LogLinker:Warning: The file 'E:/Quantum/Content/Blueprint/Laser.uasset' contains unrecognizable data, check that it is of the expected type.
[2017.05.05-04.13.36:766][  0]LogLinker:Warning: The file 'E:/Quantum/Content/Blueprint/Laser.uasset' contains unrecognizable data, check that it is of the expected type.
[2017.05.05-04.13.36:766][  0]LogLinker:Warning: The file 'E:/Quantum/Content/Blueprint/Laser.uasset' contains unrecognizable data, check that it is of the expected type.
[2017.05.05-04.13.36:766][  0]LogLinker:Warning: The file 'E:/Quantum/Content/Blueprint/Laser.uasset' contains unrecognizable data, check that it is of the expected type.
[2017.05.05-04.13.36:766][  0]LogLinker:Warning: The file 'E:/Quantum/Content/Blueprint/Laser.uasset' contains unrecognizable data, check that it is of the expected type.
[2017.05.05-04.13.36:766][  0]LogLinker:Warning: The file 'E:/Quantum/Content/Blueprint/Laser.uasset' contains unrecognizable data, check that it is of the expected type.
[2017.05.05-04.13.36:766][  0]LogLinker:Warning: The file 'E:/Quantum/Content/Blueprint/Laser.uasset' contains unrecognizable data, check that it is of the expected type.
[2017.05.05-04.13.36:767][  0]LogLinker:Warning: The file 'E:/Quantum/Content/Blueprint/Laser.uasset' contains unrecognizable data, check that it is of the expected type.
[2017.05.05-04.13.36:767][  0]LogLinker:Warning: The file 'E:/Quantum/Content/Blueprint/Laser.uasset' contains unrecognizable data, check that it is of the expected type.
[2017.05.05-04.13.36:778][  0]LogBlueprint:Warning: [LaserSource] 'LaserBeam' variable not found. Base class was probably changed.
[2017.05.05-04.13.36:785][  0]LogBlueprint:Error: [Compiler LaserSource] Error Spawn node  SpawnActor NONE  must have a  Class  specified.
[2017.05.05-04.13.36:785][  0]LogBlueprint:Warning: [Compiler LaserSource] Warning Could not find a variable named "LaserBeam" in 'LaserSource'.
Make sure 'LaserSource' has been compiled for  Get LaserBeam
[2017.05.05-04.13.36:786][  0]LogBlueprint:Error: [Compiler LaserSource] Error This blueprint (self) is not compatible with ' Target ', therefore that pin must have a connection.
[2017.05.05-04.13.36:786][  0]LogBlueprint:Error: [Compiler LaserSource] Error The property associated with  Laser Beam  could not be found
[2017.05.05-04.13.36:795][  0]LogBlueprint:Warning: [Compiler LaserSource] Warning [0017.17] Compile of LaserSource failed. 3 Fatal Issue(s) 1 Warning(s) [in 15 ms] (/Game/Blueprint/LaserSource.LaserSource)
[2017.05.05-04.13.36:795][  0]LogBlueprint:Warning: [Compiler LaserSource] Warning [0017.17] Compile of LaserSource failed. 3 Fatal Issue(s) 2 Warning(s) [in 0 ms] (/Game/Blueprint/LaserSource.LaserSource)
[2017.05.05-04.13.36:795][  0]LogBlueprint:Warning: [Compiler LaserSource] Warning [0017.17] Compile of LaserSource failed. 3 Fatal Issue(s) 3 Warning(s) [in 0 ms] (/Game/Blueprint/LaserSource.LaserSource)
[2017.05.05-04.13.37:632][  0]LogAIModule: Creating AISystem for world TutorialMap
[2017.05.05-04.13.37:649][  0]LogMaterial:Warning: Material /Game/StarterContent/Props/Materials/M_Chair.M_Chair needed to have new flag set bUsedWithSkeletalMesh !
[2017.05.05-04.13.37:653][  0]LogMaterial: Missing cached shader map for material M_Chair, compiling. 
[2017.05.05-04.13.37:654][  0]LogTemp:Display: Added material ShaderMap 0x000001FF544A4800 with Material 0x000001FF53439600 to ShaderMapsBeingCompiled
[2017.05.05-04.13.37:705][  0]LogTemp:Display: Kicking off shader compilation for M_Chair, GameThreadShaderMap 0x000001FF544A4800
[2017.05.05-04.13.37:706][  0]MapCheck:Warning: Warning M_Chair Material /Game/StarterContent/Props/Materials/M_Chair.M_Chair was missing the usage flag bUsedWithSkeletalMesh. If the material asset is not re-saved, it may not render correctly when run outside the editor. Fix
[2017.05.05-04.13.37:706][  0]LogMaterial: 0.00 seconds spent updating 1 materials, 1 interfaces, 0 instances, 0 with static permutations.
[2017.05.05-04.13.37:719][  0]LogEditorServer: Finished looking for orphan Actors (0.000 secs)
[2017.05.05-04.13.37:720][  0]Cmd: MAP CHECKDEP NOCLEARLOG
[2017.05.05-04.13.37:770][  0]MapCheck: Info Map check complete: 0 Error(s), 1 Warning(s), took 49.506ms to complete.
[2017.05.05-04.13.37:784][  0]LogFileHelpers: Loading map 'TutorialMap' took 1.263
[2017.05.05-04.13.37:963][  0]LogCollectionManager: Loaded 1 collections in 0.001743 seconds
[2017.05.05-04.13.38:044][  0]LogFileCache: Scanning file cache for directory 'E:/Quantum/Saved/Collections/' took 0.01s
[2017.05.05-04.13.38:044][  0]LogFileCache: Scanning file cache for directory 'E:/Quantum/Content/Developers/Immortal/Collections/' took 0.01s
[2017.05.05-04.13.38:044][  0]LogFileCache: Scanning file cache for directory 'E:/Quantum/Content/Collections/' took 0.00s
[2017.05.05-04.13.38:044][  0]LogCollectionManager: Rebuilt the GUID cache for 1 collections in 0.000004 seconds
[2017.05.05-04.13.38:044][  0]LogCollectionManager: Rebuilt the hierarchy cache for 1 collections in 0.000000 seconds
[2017.05.05-04.13.38:052][  0]LogContentBrowser: Native class hierarchy populated in 0.0080 seconds. Added 2245 classes and 453 folders.
[2017.05.05-04.13.38:133][  0]LogContentBrowser: Native class hierarchy updated for 'WidgetCarousel' in 0.0004 seconds. Added 0 classes and 0 folders.
[2017.05.05-04.13.38:167][  0]LogContentBrowser: Native class hierarchy updated for 'AddContentDialog' in 0.0006 seconds. Added 0 classes and 0 folders.
[2017.05.05-04.13.38:218][  0]LogContentBrowser: Native class hierarchy updated for 'SceneOutliner' in 0.0005 seconds. Added 1 classes and 2 folders.
[2017.05.05-04.13.38:326][  0]LogCrashTracker: Crashtracker disabled due to settings.
[2017.05.05-04.13.38:332][  0]LogUObjectGlobals:Warning: Failed to find object 'Class None.'
[2017.05.05-04.13.38:405][  0]LogContentBrowser: Native class hierarchy updated for 'HierarchicalLODOutliner' in 0.0005 seconds. Added 1 classes and 2 folders.
[2017.05.05-04.13.38:406][  0]LogLoad: (Engine Initialization) Total time: 18.78 seconds
[2017.05.05-04.13.38:406][  0]LogLoad: (Engine Initialization) Total Blueprint compile time: 0.36 seconds
[2017.05.05-04.13.38:406][  0]LogExternalProfiler: No external profilers were discovered.  External profiling features will not be available.
[2017.05.05-04.13.38:745][  0]LogOcInput: OculusInput pre-init called
[2017.05.05-04.13.38:763][  0]LogContentStreaming: Texture pool size now 1000 MB
[2017.05.05-04.13.38:764][  0]LogSlate: Took 0.000204 seconds to synchronously load lazily loaded font '../../../Engine/Content/Slate/Fonts/Roboto-Bold.ttf' (160K)
[2017.05.05-04.13.38:767][  0]LogSlate: Took 0.000191 seconds to synchronously load lazily loaded font '../../../Engine/Content/Slate/Fonts/Roboto-Regular.ttf' (155K)
[2017.05.05-04.13.38:776][  0]LogSlate: Took 0.000220 seconds to synchronously load lazily loaded font '../../../Engine/Content/Editor/Slate/Fonts/FontAwesome.ttf' (139K)
[2017.05.05-04.13.38:895][  0]LogSlate: Took 0.000307 seconds to synchronously load lazily loaded font '../../../Engine/Content/Slate/Fonts/Roboto-Light.ttf' (159K)
[2017.05.05-04.13.38:969][  0]LogRenderer: Reallocating scene render targets to support 1248x576 NumSamples 1 (Frame:2).
[2017.05.05-04.13.39:103][  1]LogAssetRegistry: Asset discovery search completed in 12.7366 seconds
[2017.05.05-04.13.39:103][  1]LogCollectionManager: Rebuilt the object cache for 1 collections in 0.000009 seconds (found 0 objects)
[2017.05.05-04.13.39:103][  1]LogCollectionManager: Fixed up redirectors for 1 collections in 0.000028 seconds (updated 0 objects)
[2017.05.05-04.13.44:958][209]LogTemp:Display: Finished compile of shader map 0x000001FF544A4800
[2017.05.05-04.13.44:958][209]LogTemp:Display: Shader map M_Chair complete, GameThreadShaderMap 0x000001FF544A4800, marking material M_Chair as finished
[2017.05.05-04.13.44:958][209]LogTemp:Display: Marking material as finished 0x000001FF53439600
[2017.05.05-04.15.14:250][ 89]LogWindowsTextInputMethodSystem:Display: IME system now deactivated.
[2017.05.05-04.15.14:441][ 90]Cmd: QUIT_EDITOR
[2017.05.05-04.15.14:487][ 90]LogExit: Preparing to exit.
[2017.05.05-04.15.15:185][ 90]LogExit: Editor shut down
[2017.05.05-04.15.15:185][ 90]LogExit: Transaction tracking system shut down
[2017.05.05-04.15.15:242][ 90]LogObj: Freed 0b from 0 cluster array pools.
[2017.05.05-04.15.15:242][ 90]LogExit: Object subsystem successfully closed.
[2017.05.05-04.15.15:264][ 90]LogD3D11RHI: Shutdown
[2017.05.05-04.15.15:264][ 90]LogD3D11RHI: CleanupD3DDevice
[2017.05.05-04.15.15:347][ 90]LogD3D11RHI: ~FD3D11DynamicRHI
[2017.05.05-04.15.15:360][ 90]LogModuleManager: Shutting down and abandoning module HierarchicalLODOutliner (498)
[2017.05.05-04.15.15:360][ 90]LogModuleManager: Shutting down and abandoning module CrashTracker (496)
[2017.05.05-04.15.15:360][ 90]LogModuleManager: Shutting down and abandoning module SceneOutliner (494)
[2017.05.05-04.15.15:360][ 90]LogModuleManager: Shutting down and abandoning module AddContentDialog (492)
[2017.05.05-04.15.15:360][ 90]LogDirectoryWatcher: A directory notification for 'C:/Program Files/Epic Games/UE_4.15/FeaturePacks/' was aborted.
[2017.05.05-04.15.15:360][ 90]LogModuleManager: Shutting down and abandoning module WidgetCarousel (491)
[2017.05.05-04.15.15:360][ 90]LogModuleManager: Shutting down and abandoning module EditorWidgets (488)
[2017.05.05-04.15.15:360][ 90]LogModuleManager: Shutting down and abandoning module CollectionManager (486)
[2017.05.05-04.15.15:360][ 90]LogDirectoryWatcher: A directory notification for 'E:/Quantum/Content/Collections/' was aborted.
[2017.05.05-04.15.15:360][ 90]LogDirectoryWatcher: A directory notification for 'E:/Quantum/Content/Developers/Immortal/Collections/' was aborted.
[2017.05.05-04.15.15:360][ 90]LogDirectoryWatcher: A directory notification for 'E:/Quantum/Saved/Collections/' was aborted.
[2017.05.05-04.15.15:360][ 90]LogModuleManager: Shutting down and abandoning module StatsViewer (484)
[2017.05.05-04.15.15:360][ 90]LogModuleManager: Shutting down and abandoning module FoliageEdit (482)
[2017.05.05-04.15.15:361][ 90]LogModuleManager: Shutting down and abandoning module LandscapeEditor (480)
[2017.05.05-04.15.15:361][ 90]LogModuleManager: Shutting down and abandoning module SceneDepthPickerMode (478)
[2017.05.05-04.15.15:361][ 90]LogModuleManager: Shutting down and abandoning module ActorPickerMode (476)
[2017.05.05-04.15.15:361][ 90]LogModuleManager: Shutting down and abandoning module GeometryMode (474)
[2017.05.05-04.15.15:361][ 90]LogModuleManager: Shutting down and abandoning module TextureAlignMode (472)
[2017.05.05-04.15.15:361][ 90]LogModuleManager: Shutting down and abandoning module BspMode (470)
[2017.05.05-04.15.15:361][ 90]LogModuleManager: Shutting down and abandoning module HardwareSurvey (468)
[2017.05.05-04.15.15:361][ 90]LogModuleManager: Shutting down and abandoning module SequenceRecorderSections (466)
[2017.05.05-04.15.15:361][ 90]LogModuleManager: Shutting down and abandoning module AutomationWorker (464)
[2017.05.05-04.15.15:361][ 90]LogModuleManager: Shutting down and abandoning module MatineeToLevelSequence (462)
[2017.05.05-04.15.15:361][ 90]LogModuleManager: Shutting down and abandoning module LevelSequenceEditor (460)
[2017.05.05-04.15.15:361][ 90]LogModuleManager: Shutting down and abandoning module PlacementMode (459)
[2017.05.05-04.15.15:361][ 90]LogModuleManager: Shutting down and abandoning module WmfMediaFactory (456)
[2017.05.05-04.15.15:361][ 90]LogModuleManager: Shutting down and abandoning module WmfMediaEditor (454)
[2017.05.05-04.15.15:361][ 90]LogModuleManager: Shutting down and abandoning module MfMediaFactory (452)
[2017.05.05-04.15.15:361][ 90]LogModuleManager: Shutting down and abandoning module MfMediaEditor (450)
[2017.05.05-04.15.15:361][ 90]LogModuleManager: Shutting down and abandoning module AvfMediaFactory (448)
[2017.05.05-04.15.15:361][ 90]LogModuleManager: Shutting down and abandoning module AvfMediaEditor (446)
[2017.05.05-04.15.15:361][ 90]LogModuleManager: Shutting down and abandoning module AndroidMediaFactory (444)
[2017.05.05-04.15.15:361][ 90]LogModuleManager: Shutting down and abandoning module Media (443)
[2017.05.05-04.15.15:361][ 90]LogModuleManager: Shutting down and abandoning module AndroidMediaEditor (440)
[2017.05.05-04.15.15:361][ 90]LogModuleManager: Shutting down and abandoning module CharacterAI (438)
[2017.05.05-04.15.15:361][ 90]LogModuleManager: Shutting down and abandoning module AudioCapture (436)
[2017.05.05-04.15.15:361][ 90]LogModuleManager: Shutting down and abandoning module SequenceRecorder (435)
[2017.05.05-04.15.15:361][ 90]LogModuleManager: Shutting down and abandoning module SmartSnapping (432)
[2017.05.05-04.15.15:361][ 90]LogModuleManager: Shutting down and abandoning module SessionServices (430)
[2017.05.05-04.15.15:361][ 90]LogModuleManager: Shutting down and abandoning module ViewportSnapping (428)
[2017.05.05-04.15.15:361][ 90]LogModuleManager: Shutting down and abandoning module ViewportInteraction (426)
[2017.05.05-04.15.15:361][ 90]LogModuleManager: Shutting down and abandoning module LogVisualizer (424)
[2017.05.05-04.15.15:361][ 90]LogModuleManager: Shutting down and abandoning module IntroTutorials (422)
[2017.05.05-04.15.15:361][ 90]LogModuleManager: Shutting down and abandoning module GameProjectGeneration (421)
[2017.05.05-04.15.15:361][ 90]LogModuleManager: Shutting down and abandoning module EditorLiveStreaming (418)
[2017.05.05-04.15.15:361][ 90]LogModuleManager: Shutting down and abandoning module IOSPlatformEditor (416)
[2017.05.05-04.15.15:361][ 90]LogModuleManager: Shutting down and abandoning module HTML5PlatformEditor (414)
[2017.05.05-04.15.15:361][ 90]LogModuleManager: Shutting down and abandoning module AndroidPlatformEditor (412)
[2017.05.05-04.15.15:361][ 90]LogModuleManager: Shutting down and abandoning module AndroidDeviceDetection (411)
[2017.05.05-04.15.16:038][ 90]LogModuleManager: Shutting down and abandoning module IOSRuntimeSettings (408)
[2017.05.05-04.15.16:038][ 90]LogModuleManager: Shutting down and abandoning module AndroidRuntimeSettings (406)
[2017.05.05-04.15.16:038][ 90]LogModuleManager: Shutting down and abandoning module InputBindingEditor (404)
[2017.05.05-04.15.16:038][ 90]LogModuleManager: Shutting down and abandoning module NiagaraEditor (402)
[2017.05.05-04.15.16:038][ 90]LogModuleManager: Shutting down and abandoning module MergeActors (400)
[2017.05.05-04.15.16:038][ 90]LogModuleManager: Shutting down and abandoning module SizeMap (398)
[2017.05.05-04.15.16:038][ 90]LogModuleManager: Shutting down and abandoning module TreeMap (396)
[2017.05.05-04.15.16:038][ 90]LogModuleManager: Shutting down and abandoning module ReferenceViewer (394)
[2017.05.05-04.15.16:038][ 90]LogModuleManager: Shutting down and abandoning module LocalizationDashboard (392)
[2017.05.05-04.15.16:038][ 90]LogModuleManager: Shutting down and abandoning module LocalizationService (391)
[2017.05.05-04.15.16:038][ 90]LogModuleManager: Shutting down and abandoning module HardwareTargeting (388)
[2017.05.05-04.15.16:038][ 90]LogModuleManager: Shutting down and abandoning module DeviceProfileEditor (386)
[2017.05.05-04.15.16:038][ 90]LogModuleManager: Shutting down and abandoning module UndoHistory (384)
[2017.05.05-04.15.16:038][ 90]LogModuleManager: Shutting down and abandoning module UserFeedback (382)
[2017.05.05-04.15.16:038][ 90]LogModuleManager: Shutting down and abandoning module XmlParser (380)
[2017.05.05-04.15.16:038][ 90]LogModuleManager: Shutting down and abandoning module Blutility (378)
[2017.05.05-04.15.16:038][ 90]LogModuleManager: Shutting down and abandoning module ProjectSettingsViewer (376)
[2017.05.05-04.15.16:038][ 90]LogModuleManager: Shutting down and abandoning module ProjectTargetPlatformEditor (375)
[2017.05.05-04.15.16:038][ 90]LogModuleManager: Shutting down and abandoning module EditorSettingsViewer (372)
[2017.05.05-04.15.16:038][ 90]LogModuleManager: Shutting down and abandoning module SettingsEditor (370)
[2017.05.05-04.15.16:038][ 90]LogModuleManager: Shutting down and abandoning module ProjectLauncher (368)
[2017.05.05-04.15.16:038][ 90]LogModuleManager: Shutting down and abandoning module SessionFrontend (366)
[2017.05.05-04.15.16:038][ 90]LogModuleManager: Shutting down and abandoning module ProfilerClient (364)
[2017.05.05-04.15.16:038][ 90]LogModuleManager: Shutting down and abandoning module DeviceManager (362)
[2017.05.05-04.15.16:038][ 90]LogModuleManager: Shutting down and abandoning module TargetDeviceServices (361)
[2017.05.05-04.15.16:080][ 90]LogModuleManager: Shutting down and abandoning module AutomationController (358)
[2017.05.05-04.15.16:080][ 90]LogModuleManager: Shutting down and abandoning module AutomationWindow (356)
[2017.05.05-04.15.16:080][ 90]LogModuleManager: Shutting down and abandoning module Layers (354)
[2017.05.05-04.15.16:080][ 90]LogModuleManager: Shutting down and abandoning module ComponentVisualizers (352)
[2017.05.05-04.15.16:080][ 90]LogModuleManager: Shutting down and abandoning module DetailCustomizations (350)
[2017.05.05-04.15.16:080][ 90]LogModuleManager: Shutting down and abandoning module PackagesDialog (348)
[2017.05.05-04.15.16:080][ 90]LogModuleManager: Shutting down and abandoning module Persona (346)
[2017.05.05-04.15.16:080][ 90]LogModuleManager: Shutting down and abandoning module AnimGraph (345)
[2017.05.05-04.15.16:080][ 90]LogModuleManager: Shutting down and abandoning module Kismet (342)
[2017.05.05-04.15.16:081][ 90]LogModuleManager: Shutting down and abandoning module GraphEditor (340)
[2017.05.05-04.15.16:081][ 90]LogModuleManager: Shutting down and abandoning module ClassViewer (338)
[2017.05.05-04.15.16:081][ 90]LogModuleManager: Shutting down and abandoning module Toolbox (336)
[2017.05.05-04.15.16:081][ 90]LogModuleManager: Shutting down and abandoning module ModuleUI (334)
[2017.05.05-04.15.16:081][ 90]LogModuleManager: Shutting down and abandoning module MovieSceneTools (332)
[2017.05.05-04.15.16:081][ 90]LogModuleManager: Shutting down and abandoning module OutputLog (330)
[2017.05.05-04.15.16:081][ 90]LogModuleManager: Shutting down and abandoning module GammaUI (328)
[2017.05.05-04.15.16:081][ 90]LogModuleManager: Shutting down and abandoning module Documentation (326)
[2017.05.05-04.15.16:081][ 90]LogModuleManager: Shutting down and abandoning module Niagara (324)
[2017.05.05-04.15.16:081][ 90]LogModuleManager: Shutting down and abandoning module StreamingPauseRendering (322)
[2017.05.05-04.15.16:081][ 90]LogModuleManager: Shutting down and abandoning module AnalyticsET (320)
[2017.05.05-04.15.16:081][ 90]LogModuleManager: Shutting down and abandoning module PortalServices (318)
[2017.05.05-04.15.16:081][ 90]LogModuleManager: Shutting down and abandoning module PortalRpc (316)
[2017.05.05-04.15.16:081][ 90]LogModuleManager: Shutting down and abandoning module MessagingRpc (314)
[2017.05.05-04.15.16:081][ 90]LogModuleManager: Shutting down and abandoning module AIModule (312)
[2017.05.05-04.15.16:081][ 90]LogModuleManager: Shutting down and abandoning module GameplayDebugger (311)
[2017.05.05-04.15.16:081][ 90]LogModuleManager: Shutting down and abandoning module AITestSuite (309)
[2017.05.05-04.15.16:081][ 90]LogModuleManager: Shutting down and abandoning module ProfilerService (306)
[2017.05.05-04.15.16:176][ 90]LogModuleManager: Shutting down and abandoning module TaskGraph (304)
[2017.05.05-04.15.16:176][ 90]LogModuleManager: Shutting down and abandoning module SteamVRController (302)
[2017.05.05-04.15.16:176][ 90]LogModuleManager: Shutting down and abandoning module SteamVR (300)
[2017.05.05-04.15.16:176][ 90]LogModuleManager: Shutting down and abandoning module ProceduralMeshComponentEditor (298)
[2017.05.05-04.15.16:176][ 90]LogModuleManager: Shutting down and abandoning module ProceduralMeshComponent (296)
[2017.05.05-04.15.16:176][ 90]LogModuleManager: Shutting down and abandoning module OculusLibrary (294)
[2017.05.05-04.15.16:176][ 90]LogModuleManager: Shutting down and abandoning module OculusInput (292)
[2017.05.05-04.15.16:176][ 90]LogModuleManager: Shutting down and abandoning module MobilePatchingUtils (290)
[2017.05.05-04.15.16:176][ 90]LogModuleManager: Shutting down and abandoning module CustomMeshComponent (288)
[2017.05.05-04.15.16:176][ 90]LogModuleManager: Shutting down and abandoning module CableComponent (286)
[2017.05.05-04.15.16:176][ 90]LogModuleManager: Shutting down and abandoning module ArchVisCharacter (284)
[2017.05.05-04.15.16:176][ 90]LogModuleManager: Shutting down and abandoning module MediaPlayerEditor (280)
[2017.05.05-04.15.16:176][ 90]LogModuleManager: Shutting down and abandoning module HTML5Networking (278)
[2017.05.05-04.15.16:176][ 90]LogModuleManager: Shutting down and abandoning module AlembicImporter (276)
[2017.05.05-04.15.16:176][ 90]LogModuleManager: Shutting down and abandoning module AlembicLibrary (275)
[2017.05.05-04.15.16:176][ 90]LogModuleManager: Shutting down and abandoning module GeometryCache (274)
[2017.05.05-04.15.16:176][ 90]LogModuleManager: Shutting down and abandoning module GeometryCacheEd (273)
[2017.05.05-04.15.16:176][ 90]LogModuleManager: Shutting down and abandoning module SuperSearchEditor (268)
[2017.05.05-04.15.16:176][ 90]LogModuleManager: Shutting down and abandoning module SuperSearch (267)
[2017.05.05-04.15.16:176][ 90]LogModuleManager: Shutting down and abandoning module SpeedTreeImporter (264)
[2017.05.05-04.15.16:176][ 90]LogModuleManager: Shutting down and abandoning module PluginBrowser (262)
[2017.05.05-04.15.16:176][ 90]LogModuleManager: Shutting down and abandoning module MobileLauncherProfileWizard (260)
[2017.05.05-04.15.16:176][ 90]LogModuleManager: Shutting down and abandoning module EpicSurvey (258)
[2017.05.05-04.15.16:176][ 90]LogModuleManager: Shutting down and abandoning module VisualStudioSourceCodeAccess (256)
[2017.05.05-04.15.16:176][ 90]LogModuleManager: Shutting down and abandoning module DesktopPlatform (255)
[2017.05.05-04.15.16:177][ 90]LogModuleManager: Shutting down and abandoning module UObjectPlugin (252)
[2017.05.05-04.15.16:177][ 90]LogModuleManager: Shutting down and abandoning module SubversionSourceControl (250)
[2017.05.05-04.15.16:177][ 90]LogModuleManager: Shutting down and abandoning module PerforceSourceControl (248)
[2017.05.05-04.15.16:177][ 90]LogModuleManager: Shutting down and abandoning module GitSourceControl (246)
[2017.05.05-04.15.16:177][ 90]LogModuleManager: Shutting down and abandoning module SourceControl (245)
[2017.05.05-04.15.16:177][ 90]LogModuleManager: Shutting down and abandoning module LightPropagationVolumeEditor (242)
[2017.05.05-04.15.16:177][ 90]LogModuleManager: Shutting down and abandoning module PaperTiledImporter (240)
[2017.05.05-04.15.16:177][ 90]LogModuleManager: Shutting down and abandoning module PaperSpriteSheetImporter (238)
[2017.05.05-04.15.16:177][ 90]LogModuleManager: Shutting down and abandoning module Paper2DEditor (236)
[2017.05.05-04.15.16:177][ 90]LogModuleManager: Shutting down and abandoning module MeshPaint (235)
[2017.05.05-04.15.16:177][ 90]LogModuleManager: Shutting down and abandoning module LevelEditor (233)
[2017.05.05-04.15.16:178][ 90]LogModuleManager: Shutting down and abandoning module PixelInspectorModule (232)
[2017.05.05-04.15.16:178][ 90]LogModuleManager: Shutting down and abandoning module MainFrame (230)
[2017.05.05-04.15.16:178][ 90]LogModuleManager: Shutting down and abandoning module HotReload (229)
[2017.05.05-04.15.16:179][ 90]LogModuleManager: Shutting down and abandoning module ContentBrowser (225)
[2017.05.05-04.15.16:180][ 90]LogModuleManager: Shutting down and abandoning module PhysXVehiclesEditor (222)
[2017.05.05-04.15.16:181][ 90]LogModuleManager: Shutting down and abandoning module PhysXVehicles (220)
[2017.05.05-04.15.16:181][ 90]LogModuleManager: Shutting down and abandoning module LocationServicesBPLibrary (218)
[2017.05.05-04.15.16:181][ 90]LogModuleManager: Shutting down and abandoning module UdpMessaging (216)
[2017.05.05-04.15.16:281][ 90]LogModuleManager: Shutting down and abandoning module TcpMessaging (214)
[2017.05.05-04.15.16:382][ 90]LogModuleManager: Shutting down and abandoning module GameplayTagsEditor (212)
[2017.05.05-04.15.16:382][ 90]LogModuleManager: Shutting down and abandoning module FacialAnimationEditor (210)
[2017.05.05-04.15.16:382][ 90]LogModuleManager: Shutting down and abandoning module FacialAnimation (208)
[2017.05.05-04.15.16:382][ 90]LogModuleManager: Shutting down and abandoning module LightPropagationVolumeRuntime (206)
[2017.05.05-04.15.16:382][ 90]LogModuleManager: Shutting down and abandoning module Paper2D (204)
[2017.05.05-04.15.16:382][ 90]LogModuleManager: Shutting down and abandoning module WindowsMoviePlayer (202)
[2017.05.05-04.15.16:382][ 90]LogModuleManager: Shutting down and abandoning module WmfMedia (200)
[2017.05.05-04.15.16:382][ 90]LogModuleManager: Shutting down and abandoning module MfMedia (198)
[2017.05.05-04.15.16:382][ 90]LogModuleManager: Shutting down and abandoning module MediaAssets (196)
[2017.05.05-04.15.16:382][ 90]LogModuleManager: Shutting down and abandoning module GameLiveStreaming (194)
[2017.05.05-04.15.16:382][ 90]LogModuleManager: Shutting down and abandoning module VREditor (192)
[2017.05.05-04.15.16:382][ 90]LogModuleManager: Shutting down and abandoning module GameplayTasksEditor (190)
[2017.05.05-04.15.16:383][ 90]LogModuleManager: Shutting down and abandoning module BehaviorTreeEditor (188)
[2017.05.05-04.15.16:383][ 90]LogModuleManager: Shutting down and abandoning module FunctionalTesting (186)
[2017.05.05-04.15.16:383][ 90]LogModuleManager: Shutting down and abandoning module CollisionAnalyzer (184)
[2017.05.05-04.15.16:383][ 90]LogModuleManager: Shutting down and abandoning module UMG (182)
[2017.05.05-04.15.16:383][ 90]LogModuleManager: Shutting down and abandoning module UMGEditor (181)
[2017.05.05-04.15.16:383][ 90]LogModuleManager: Shutting down and abandoning module Sequencer (180)
[2017.05.05-04.15.16:383][ 90]LogModuleManager: Shutting down and abandoning module AssetTools (178)
[2017.05.05-04.15.16:383][ 90]LogModuleManager: Shutting down and abandoning module MessageLog (177)
[2017.05.05-04.15.16:383][ 90]LogModuleManager: Shutting down and abandoning module WorkspaceMenuStructure (176)
[2017.05.05-04.15.16:383][ 90]LogModuleManager: Shutting down and abandoning module SlateReflector (170)
[2017.05.05-04.15.16:383][ 90]LogModuleManager: Shutting down and abandoning module Slate (168)
[2017.05.05-04.15.16:383][ 90]LogModuleManager: Shutting down and abandoning module EditorStyle (166)
[2017.05.05-04.15.16:388][ 90]LogModuleManager: Shutting down and abandoning module SourceCodeAccess (164)
[2017.05.05-04.15.16:388][ 90]LogModuleManager: Shutting down and abandoning module HeadMountedDisplay (162)
[2017.05.05-04.15.16:388][ 90]LogModuleManager: Shutting down and abandoning module XAudio2 (160)
[2017.05.05-04.15.16:388][ 90]LogModuleManager: Shutting down and abandoning module Networking (158)
[2017.05.05-04.15.16:388][ 90]LogModuleManager: Shutting down and abandoning module Core (154)
[2017.05.05-04.15.16:388][ 90]LogModuleManager: Shutting down and abandoning module AssetRegistry (152)
[2017.05.05-04.15.16:542][ 90]LogDirectoryWatcher: A directory notification for '../../../Engine/Content/' was aborted.
[2017.05.05-04.15.16:542][ 90]LogDirectoryWatcher: A directory notification for 'E:/Quantum/Content/' was aborted.
[2017.05.05-04.15.16:543][ 90]LogDirectoryWatcher: A directory notification for '../../../Engine/Plugins/2D/Paper2D/Content/' was aborted.
[2017.05.05-04.15.16:543][ 90]LogModuleManager: Shutting down and abandoning module DirectoryWatcher (151)
[2017.05.05-04.15.16:543][ 90]LogModuleManager: Shutting down and abandoning module KismetCompiler (148)
[2017.05.05-04.15.16:543][ 90]LogModuleManager: Shutting down and abandoning module PhysXFormats (146)
[2017.05.05-04.15.16:543][ 90]LogModuleManager: Shutting down and abandoning module MeshUtilities (144)
[2017.05.05-04.15.16:543][ 90]LogModuleManager: Shutting down and abandoning module SimplygonSwarm (143)
[2017.05.05-04.15.16:543][ 90]LogModuleManager: Shutting down and abandoning module SimplygonMeshReduction (141)
[2017.05.05-04.15.16:543][ 90]LogModuleManager: Shutting down and abandoning module QuadricMeshReduction (139)
[2017.05.05-04.15.16:543][ 90]LogModuleManager: Shutting down and abandoning module PropertyEditor (137)
[2017.05.05-04.15.16:543][ 90]LogModuleManager: Shutting down and abandoning module DerivedDataCache (134)
[2017.05.05-04.15.16:917][ 90]LogDerivedDataCache: Shutdown
[2017.05.05-04.15.16:917][ 90]LogModuleManager: Shutting down and abandoning module TargetPlatform (132)
[2017.05.05-04.15.16:917][ 90]LogModuleManager: Shutting down and abandoning module VulkanShaderFormat (131)
[2017.05.05-04.15.16:917][ 90]LogModuleManager: Shutting down and abandoning module ShaderFormatOpenGL (129)
[2017.05.05-04.15.16:917][ 90]LogModuleManager: Shutting down and abandoning module ShaderFormatD3D (127)
[2017.05.05-04.15.16:917][ 90]LogModuleManager: Shutting down and abandoning module MetalShaderFormat (125)
[2017.05.05-04.15.16:917][ 90]LogModuleManager: Shutting down and abandoning module TextureFormatUncompressed (123)
[2017.05.05-04.15.16:917][ 90]LogModuleManager: Shutting down and abandoning module TextureFormatPVR (121)
[2017.05.05-04.15.16:917][ 90]LogModuleManager: Shutting down and abandoning module TextureFormatDXT (119)
[2017.05.05-04.15.16:917][ 90]LogModuleManager: Shutting down and abandoning module TextureFormatIntelISPCTexComp (117)
[2017.05.05-04.15.16:917][ 90]LogModuleManager: Shutting down and abandoning module TextureFormatASTC (115)
[2017.05.05-04.15.16:917][ 90]LogModuleManager: Shutting down and abandoning module ImageWrapper (114)
[2017.05.05-04.15.16:917][ 90]LogModuleManager: Shutting down and abandoning module TextureFormatAndroid (111)
[2017.05.05-04.15.16:917][ 90]LogModuleManager: Shutting down and abandoning module AudioFormatOpus (109)
[2017.05.05-04.15.16:917][ 90]LogModuleManager: Shutting down and abandoning module AudioFormatOgg (107)
[2017.05.05-04.15.16:917][ 90]LogModuleManager: Shutting down and abandoning module AudioFormatADPCM (105)
[2017.05.05-04.15.16:917][ 90]LogModuleManager: Shutting down and abandoning module LinuxTargetPlatform (103)
[2017.05.05-04.15.16:917][ 90]LogModuleManager: Shutting down and abandoning module LinuxServerTargetPlatform (101)
[2017.05.05-04.15.16:917][ 90]LogModuleManager: Shutting down and abandoning module LinuxNoEditorTargetPlatform (99)
[2017.05.05-04.15.16:917][ 90]LogModuleManager: Shutting down and abandoning module LinuxClientTargetPlatform (97)
[2017.05.05-04.15.16:917][ 90]LogModuleManager: Shutting down and abandoning module TVOSTargetPlatform (95)
[2017.05.05-04.15.16:917][ 90]LogModuleManager: Shutting down and abandoning module Messaging (93)
[2017.05.05-04.15.16:917][ 90]LogModuleManager: Shutting down and abandoning module IOSTargetPlatform (91)
[2017.05.05-04.15.16:917][ 90]LogModuleManager: Shutting down and abandoning module HTML5TargetPlatform (89)
[2017.05.05-04.15.16:917][ 90]LogModuleManager: Shutting down and abandoning module Android_PVRTCTargetPlatform (87)
[2017.05.05-04.15.16:917][ 90]LogModuleManager: Shutting down and abandoning module Android_MultiTargetPlatform (85)
[2017.05.05-04.15.16:917][ 90]LogModuleManager: Shutting down and abandoning module Android_ETC2TargetPlatform (83)
[2017.05.05-04.15.16:917][ 90]LogModuleManager: Shutting down and abandoning module Android_ETC1TargetPlatform (81)
[2017.05.05-04.15.16:917][ 90]LogModuleManager: Shutting down and abandoning module Android_DXTTargetPlatform (79)
[2017.05.05-04.15.16:917][ 90]LogModuleManager: Shutting down and abandoning module Android_ATCTargetPlatform (77)
[2017.05.05-04.15.16:917][ 90]LogModuleManager: Shutting down and abandoning module Android_ASTCTargetPlatform (75)
[2017.05.05-04.15.16:917][ 90]LogModuleManager: Shutting down and abandoning module AndroidTargetPlatform (73)
[2017.05.05-04.15.16:917][ 90]LogModuleManager: Shutting down and abandoning module WindowsTargetPlatform (71)
[2017.05.05-04.15.16:917][ 90]LogModuleManager: Shutting down and abandoning module WindowsServerTargetPlatform (69)
[2017.05.05-04.15.16:917][ 90]LogModuleManager: Shutting down and abandoning module WindowsNoEditorTargetPlatform (67)
[2017.05.05-04.15.16:917][ 90]LogModuleManager: Shutting down and abandoning module WindowsClientTargetPlatform (65)
[2017.05.05-04.15.16:918][ 90]LogModuleManager: Shutting down and abandoning module MacTargetPlatform (63)
[2017.05.05-04.15.16:918][ 90]LogModuleManager: Shutting down and abandoning module MacServerTargetPlatform (61)
[2017.05.05-04.15.16:918][ 90]LogModuleManager: Shutting down and abandoning module MacNoEditorTargetPlatform (59)
[2017.05.05-04.15.16:918][ 90]LogModuleManager: Shutting down and abandoning module MacClientTargetPlatform (57)
[2017.05.05-04.15.16:918][ 90]LogModuleManager: Shutting down and abandoning module AllDesktopTargetPlatform (55)
[2017.05.05-04.15.16:918][ 90]LogModuleManager: Shutting down and abandoning module InputCore (52)
[2017.05.05-04.15.16:918][ 90]LogModuleManager: Shutting down and abandoning module Settings (50)
[2017.05.05-04.15.16:918][ 90]LogModuleManager: Shutting down and abandoning module OculusRift (48)
[2017.05.05-04.15.16:918][ 90]LogModuleManager: Shutting down and abandoning module GearVR (46)
[2017.05.05-04.15.16:918][ 90]LogModuleManager: Shutting down and abandoning module ExampleDeviceProfileSelector (44)
[2017.05.05-04.15.16:918][ 90]LogModuleManager: Shutting down and abandoning module OnlineBlueprintSupport (42)
[2017.05.05-04.15.16:918][ 90]LogModuleManager: Shutting down and abandoning module OnlineSubsystem (38)
[2017.05.05-04.15.16:918][ 90]LogOnline:Display: Unloading online subsystem: NULL
[2017.05.05-04.15.16:918][ 90]LogModuleManager: Shutting down and abandoning module XMPP (37)
[2017.05.05-04.15.16:918][ 90]LogModuleManager: Shutting down and abandoning module HTTP (35)
[2017.05.05-04.15.16:918][ 90]LogHttp:Display: Http module shutting down, but needs to wait on 1 outstanding Http requests:
[2017.05.05-04.15.16:918][ 90]LogHttp:Display: 	verb=[POST] url=[https://datarouter.ol.epicgames.com/datarouter/api/v1/public/data?SessionID=%7B8864D643-4F89-6D1F-BB23-08AD975161BC%7D&AppID=UEEditor.Rocket.Release&AppVersion=4.15.2-3416026%2B%2B%2BUE4%2BRelease-4.15&UserID=2fd7535b4859b72cd941e09c7f4e2c59%7Cb51ba83205af482cbc94873afb168383%7C17592314-daf7-48d6-8e14-700d44bfb8c9&AppEnvironment=datacollector-binary&UploadType=eteventstream] status=Processing
[2017.05.05-04.15.16:923][ 90]LogModuleManager: Shutting down and abandoning module SSL (34)
[2017.05.05-04.15.16:925][ 90]LogModuleManager: Shutting down and abandoning module AudioEditor (30)
[2017.05.05-04.15.16:925][ 90]LogModuleManager: Shutting down and abandoning module TextureCompressor (28)
[2017.05.05-04.15.16:925][ 90]LogModuleManager: Shutting down and abandoning module ShaderCore (26)
[2017.05.05-04.15.16:925][ 90]LogModuleManager: Shutting down and abandoning module Landscape (24)
[2017.05.05-04.15.16:925][ 90]LogModuleManager: Shutting down and abandoning module SlateRHIRenderer (22)
[2017.05.05-04.15.16:925][ 90]LogModuleManager: Shutting down and abandoning module OpenGLDrv (20)
[2017.05.05-04.15.16:925][ 90]LogModuleManager: Shutting down and abandoning module D3D11RHI (18)
[2017.05.05-04.15.16:925][ 90]LogModuleManager: Shutting down and abandoning module AnimGraphRuntime (16)
[2017.05.05-04.15.16:925][ 90]LogModuleManager: Shutting down and abandoning module Renderer (14)
[2017.05.05-04.15.16:925][ 90]LogModuleManager: Shutting down and abandoning module Engine (12)
[2017.05.05-04.15.16:925][ 90]LogModuleManager: Shutting down and abandoning module CoreUObject (10)
[2017.05.05-04.15.16:925][ 90]LogModuleManager: Shutting down and abandoning module NetworkFile (8)
[2017.05.05-04.15.16:925][ 90]LogModuleManager: Shutting down and abandoning module StreamingFile (6)
[2017.05.05-04.15.16:925][ 90]LogModuleManager: Shutting down and abandoning module SandboxFile (4)
[2017.05.05-04.15.16:925][ 90]LogModuleManager: Shutting down and abandoning module PakFile (2)
[2017.05.05-04.15.16:927][ 90]LogExit: Exiting.
[2017.05.05-04.15.16:929][ 90]Log file closed, 05/05/17 11:15:16
