Log file open, 03/26/17 03:21:34
LogInit:Display: Running engine for game: Quantum
LogPlatformFile: Not using cached read wrapper
LogInit:Display: RandInit(129659942) SRandInit(129659942).
LogTaskGraph: Started task graph with 5 named threads and 8 total threads with 1 sets of task threads.
LogStats: Stats thread started at 0.072442
LogInit: Using libcurl 7.47.1
LogInit:  - built for x86_64-pc-win32
LogInit:  - supports SSL with OpenSSL/1.0.2g
LogInit:  - supports HTTP deflate (compression) using libz 1.2.8
LogInit:  - other features:
LogInit:      CURL_VERSION_SSL
LogInit:      CURL_VERSION_LIBZ
LogInit:      CURL_VERSION_IPV6
LogInit:      CURL_VERSION_ASYNCHDNS
LogInit:      CURL_VERSION_LARGEFILE
LogInit:      CURL_VERSION_IDN
LogInit:  CurlRequestOptions (configurable via config and command line):
LogInit:  - bVerifyPeer = false  - Libcurl will NOT verify peer certificate
LogInit:  - bUseHttpProxy = false  - Libcurl will NOT use HTTP proxy
LogInit:  - bDontReuseConnections = false  - Libcurl will reuse connections
LogInit:  - CertBundlePath = nullptr  - Libcurl will use whatever was configured at build time.
LogInit: Build: ++UE4+Release-4.15-CL-3348071
LogInit: Engine Version: 4.15.1-3348071+++UE4+Release-4.15
LogInit: Compatible Engine Version: 4.15.0-3299760+++UE4+Release-4.15
LogInit: Net CL: 3299760
LogDevObjectVersion: Number of dev versions registered: 14
LogDevObjectVersion:   Dev-Blueprints (B0D832E4-1F89-4F0D-ACCF-7EB736FD4AA2): 8
LogDevObjectVersion:   Dev-Build (E1C64328-A22C-4D53-A36C-8E866417BD8C): 0
LogDevObjectVersion:   Dev-Core (375EC13C-06E4-48FB-B500-84F0262A717E): 2
LogDevObjectVersion:   Dev-Editor (E4B068ED-F494-42E9-A231-DA0B2E46BB41): 14
LogDevObjectVersion:   Dev-Framework (CFFC743F-43B0-4480-9391-14DF171D2073): 22
LogDevObjectVersion:   Dev-Mobile (B02B49B5-BB20-44E9-A304-32B752E40360): 0
LogDevObjectVersion:   Dev-Networking (A4E4105C-59A1-49B5-A7C5-40C4547EDFEE): 0
LogDevObjectVersion:   Dev-Online (39C831C9-5AE6-47DC-9A44-9C173E1C8E7C): 0
LogDevObjectVersion:   Dev-Physics (78F01B33-EBEA-4F98-B9B4-84EACCB95AA2): 0
LogDevObjectVersion:   Dev-Platform (6631380F-2D4D-43E0-8009-CF276956A95A): 0
LogDevObjectVersion:   Dev-Rendering (12F88B9F-8875-4AFC-A67C-D90C383ABD29): 12
LogDevObjectVersion:   Dev-Sequencer (7B5AE74C-D270-4C10-A958-57980B212A5A): 3
LogDevObjectVersion:   Dev-VR (D7296918-1DD6-4BDD-9DE2-64A83CC13884): 0
LogDevObjectVersion:   Dev-LoadTimes (C2A15278-BFE7-4AFE-6C17-90FF531DF755): 1
LogInit: Compiled (64-bit): Mar 15 2017 16:52:47
LogInit: Compiled with Visual C++: 19.00.23026.00
LogInit: Build Configuration: Development
LogInit: Branch Name: ++UE4+Release-4.15
LogInit: Command line:  
LogInit: Base directory: C:/Program Files/Epic Games/UE_4.15/Engine/Binaries/Win64/
LogInit: Installed Engine Build: 1
LogInit: Presizing for max 8388607 objects, including 0 objects not considered by GC, pre-allocating 0 bytes for permanent pool.
LogInit: Object subsystem initialized
[2017.03.25-20.21.35:015][  0]LogInit: Selected Device Profile: [Windows]
[2017.03.25-20.21.35:015][  0]LogInit: Applying CVar settings loaded from the selected device profile: [Windows]
[2017.03.25-20.21.35:024][  0]LogInit: Computer: KOKO-IMMORTAL
[2017.03.25-20.21.35:024][  0]LogInit: User: Proto
[2017.03.25-20.21.35:024][  0]LogInit: CPU Page size=65536, Cores=4
[2017.03.25-20.21.35:024][  0]LogInit: High frequency timer resolution =3.328130 MHz
[2017.03.25-20.21.35:024][  0]LogMemory: Memory total: Physical=16.0GB (16GB approx)
[2017.03.25-20.21.35:024][  0]LogMemory: Platform Memory Stats for Windows
[2017.03.25-20.21.35:024][  0]LogMemory: Process Physical Memory: 261.72 MB used, 261.72 MB peak
[2017.03.25-20.21.35:024][  0]LogMemory: Process Virtual Memory: 262.45 MB used, 262.45 MB peak
[2017.03.25-20.21.35:024][  0]LogMemory: Physical Memory: 6101.26 MB used,  10241.48 MB free, 16342.74 MB total
[2017.03.25-20.21.35:024][  0]LogMemory: Virtual Memory: 643.98 MB used,  10241.48 MB free, 134217728.00 MB total
[2017.03.25-20.21.35:093][  0]LogTextLocalizationManager: No specific translations for ('en-US') exist, so ('en') translations will be used.
[2017.03.25-20.21.35:625][  0]LogD3D11RHI: D3D11 adapters:
[2017.03.25-20.21.36:124][  0]LogD3D11RHI:    0. 'NVIDIA GeForce GTX 1060 6GB' (Feature Level 11_0)
[2017.03.25-20.21.36:124][  0]LogD3D11RHI:       6084/0/8171 MB DedicatedVideo/DedicatedSystem/SharedSystem, Outputs:2, VendorId:0x10de
[2017.03.25-20.21.36:126][  0]LogD3D11RHI:    1. 'Microsoft Basic Render Driver' (Feature Level 11_0)
[2017.03.25-20.21.36:126][  0]LogD3D11RHI:       0/0/8171 MB DedicatedVideo/DedicatedSystem/SharedSystem, Outputs:0, VendorId:0x1414
[2017.03.25-20.21.36:126][  0]LogD3D11RHI: Chosen D3D11 Adapter: 0
[2017.03.25-20.21.36:129][  0]LogD3D11RHI: Creating new Direct3DDevice
[2017.03.25-20.21.36:129][  0]LogD3D11RHI:     GPU DeviceId: 0x1c03 (for the marketing name, search the web for "GPU Device Id")
[2017.03.25-20.21.36:129][  0]LogWindows: EnumDisplayDevices:
[2017.03.25-20.21.36:129][  0]LogWindows:    0. 'NVIDIA GeForce GTX 1060 6GB' (P:1 D:1)
[2017.03.25-20.21.36:130][  0]LogWindows:    1. 'NVIDIA GeForce GTX 1060 6GB' (P:0 D:1)
[2017.03.25-20.21.36:130][  0]LogWindows:    2. 'NVIDIA GeForce GTX 1060 6GB' (P:0 D:0)
[2017.03.25-20.21.36:130][  0]LogWindows:    3. 'NVIDIA GeForce GTX 1060 6GB' (P:0 D:0)
[2017.03.25-20.21.36:130][  0]LogWindows: DebugString: FoundDriverCount:4 
[2017.03.25-20.21.36:130][  0]LogD3D11RHI:     Adapter Name: NVIDIA GeForce GTX 1060 6GB
[2017.03.25-20.21.36:130][  0]LogD3D11RHI:   Driver Version: 378.92 (internal:21.21.13.7892, unified:378.92)
[2017.03.25-20.21.36:130][  0]LogD3D11RHI:      Driver Date: 3-16-2017
[2017.03.25-20.21.36:130][  0]LogRHI: Texture pool is 1361 MB (70% of 1945 MB)
[2017.03.25-20.21.36:594][  0]LogD3D11RHI: Async texture creation enabled
[2017.03.25-20.21.36:635][  0]LogD3D11RHI: GPU Timing Frequency: 1000.000000 (Debug: 2 2)
[2017.03.25-20.21.36:728][  0]LogShaderCompilers: Guid format shader working directory is 36 characters bigger than the processId version (E:/Quantum/Intermediate/Shaders/WorkingDirectory/1344/).
[2017.03.25-20.21.36:728][  0]LogShaderCompilers: Cleaned the shader compiler working directory 'C:/Users/Proto/AppData/Local/Temp/UnrealShaderWorkingDir/DEDDA15043741E84F512C9801DA2F1A3/'.
[2017.03.25-20.21.36:728][  0]LogShaderCompilers:Display: Using Local Shader Compiler.
[2017.03.25-20.21.37:586][  0]LogTemp:Display: Loaded TP AllDesktopTargetPlatform
[2017.03.25-20.21.37:631][  0]LogTemp:Display: Loaded TP MacClientTargetPlatform
[2017.03.25-20.21.37:675][  0]LogTemp:Display: Loaded TP MacNoEditorTargetPlatform
[2017.03.25-20.21.37:721][  0]LogTemp:Display: Loaded TP MacServerTargetPlatform
[2017.03.25-20.21.37:766][  0]LogTemp:Display: Loaded TP MacTargetPlatform
[2017.03.25-20.21.37:812][  0]LogTemp:Display: Loaded TP WindowsClientTargetPlatform
[2017.03.25-20.21.37:855][  0]LogTemp:Display: Loaded TP WindowsNoEditorTargetPlatform
[2017.03.25-20.21.37:898][  0]LogTemp:Display: Loaded TP WindowsServerTargetPlatform
[2017.03.25-20.21.37:933][  0]LogTemp:Display: Loaded TP WindowsTargetPlatform
[2017.03.25-20.21.37:978][  0]LogTemp:Display: Loaded TP AndroidTargetPlatform
[2017.03.25-20.21.38:021][  0]LogTemp:Display: Loaded TP Android_ASTCTargetPlatform
[2017.03.25-20.21.38:065][  0]LogTemp:Display: Loaded TP Android_ATCTargetPlatform
[2017.03.25-20.21.38:108][  0]LogTemp:Display: Loaded TP Android_DXTTargetPlatform
[2017.03.25-20.21.38:151][  0]LogTemp:Display: Loaded TP Android_ETC1TargetPlatform
[2017.03.25-20.21.38:194][  0]LogTemp:Display: Loaded TP Android_ETC2TargetPlatform
[2017.03.25-20.21.38:282][  0]LogTemp:Display: Loaded TP Android_MultiTargetPlatform
[2017.03.25-20.21.38:282][  0]LogTemp:Display: Loaded TP Android_PVRTCTargetPlatform
[2017.03.25-20.21.38:312][  0]LogTemp:Display: Loaded TP HTML5TargetPlatform
[2017.03.25-20.21.38:394][  0]LogTemp:Display: Loaded TP IOSTargetPlatform
[2017.03.25-20.21.38:424][  0]LogTemp:Display: Loaded TP TVOSTargetPlatform
[2017.03.25-20.21.38:466][  0]LogTemp:Display: Loaded TP LinuxClientTargetPlatform
[2017.03.25-20.21.38:509][  0]LogTemp:Display: Loaded TP LinuxNoEditorTargetPlatform
[2017.03.25-20.21.38:553][  0]LogTemp:Display: Loaded TP LinuxServerTargetPlatform
[2017.03.25-20.21.38:595][  0]LogTemp:Display: Loaded TP LinuxTargetPlatform
[2017.03.25-20.21.38:595][  0]LogTargetPlatformManager:Display: Building Assets For Windows
[2017.03.25-20.21.38:942][  0]LogDerivedDataCache:Display: Max Cache Size: 512 MB
[2017.03.25-20.21.38:991][  0]LogDerivedDataCache: Loaded boot cache 0.05s 50MB C:/Users/Proto/AppData/Local/UnrealEngine/4.15/DerivedDataCache/Boot.ddc.
[2017.03.25-20.21.38:991][  0]LogDerivedDataCache:Display: Loaded Boot cache: C:/Users/Proto/AppData/Local/UnrealEngine/4.15/DerivedDataCache/Boot.ddc
[2017.03.25-20.21.38:992][  0]LogDerivedDataCache: FDerivedDataBackendGraph:  Pak pak cache file E:/Quantum/DerivedDataCache/DDC.ddp not found, will not use a pak cache.
[2017.03.25-20.21.38:992][  0]LogDerivedDataCache: Unable to find inner node Pak for hierarchical cache Hierarchy.
[2017.03.25-20.21.38:992][  0]LogDerivedDataCache: FDerivedDataBackendGraph:  CompressedPak pak cache file E:/Quantum/DerivedDataCache/Compressed.ddp not found, will not use a pak cache.
[2017.03.25-20.21.38:992][  0]LogDerivedDataCache: Unable to find inner node CompressedPak for hierarchical cache Hierarchy.
[2017.03.25-20.21.39:008][  0]LogDerivedDataCache:Display: Pak cache opened for reading ../../../Engine/DerivedDataCache/Compressed.ddp.
[2017.03.25-20.21.39:020][  0]LogDerivedDataCache: Using Local data cache path C:/Users/Proto/AppData/Local/UnrealEngine/Common/DerivedDataCache: Writable
[2017.03.25-20.21.39:028][  0]LogSlate: Using Freetype 2.6.0
[2017.03.25-20.21.39:028][  0]LogSlate: SlateFontCache - WITH_FREETYPE: 1, WITH_HARFBUZZ: 1
[2017.03.25-20.21.39:028][  0]LogSlate: SlateFontCache - WITH_FREETYPE: 1, WITH_HARFBUZZ: 1
[2017.03.25-20.21.39:244][  0]LogInit: Selected Device Profile: [Windows]
[2017.03.25-20.21.39:246][  0]LogContentStreaming: Texture pool size is 0.00 MB
[2017.03.25-20.21.39:414][  0]LogMeshUtilities: Using QuadricMeshReduction for automatic static mesh reduction
[2017.03.25-20.21.39:447][  0]LogSimplygon: Simplygon DLL not present - disabling.
[2017.03.25-20.21.39:482][  0]LogMeshUtilities: Using SimplygonSwarm for distributed automatic mesh merging
[2017.03.25-20.21.39:482][  0]LogMeshUtilities: No automatic skeletal mesh reduction module available
[2017.03.25-20.21.39:482][  0]LogMeshUtilities: No automatic mesh merging module available
[2017.03.25-20.21.39:938][  0]LogNetVersion: GetLocalNetworkVersion: CL: 3299760, ProjectName: quantum, ProjectVersion: , EngineNetworkVersion: 2, GameNetworkVersion: 0, NetworkChecksum: 3234878722
[2017.03.25-20.21.39:981][  0]LogAssetRegistry: FAssetRegistry took 0.0222 seconds to start up
[2017.03.25-20.21.40:017][  0]LogPackageLocalizationCache: Processed 3 localized package path(s) for 2 prioritized culture(s) in 0.018464 seconds
[2017.03.25-20.21.40:021][  0]LogUObjectArray: 32493 objects as part of root set at end of initial load.
[2017.03.25-20.21.40:021][  0]LogUObjectAllocator: 7077024 out of 0 bytes used by permanent object pool.
[2017.03.25-20.21.40:021][  0]LogUObjectArray: CloseDisregardForGC: 0/0 objects in disregard for GC pool
[2017.03.25-20.21.40:071][  0]LogInit: WinSock: version 1.1 (2.2), MaxSocks=32767, MaxUdp=65467
[2017.03.25-20.21.41:336][  0]LogTcpMessaging: Initializing TcpMessaging bridge
[2017.03.25-20.21.41:369][  0]LogUdpMessaging: Initializing bridge on interface 0.0.0.0:0 to multicast group 230.0.0.1:6666.
[2017.03.25-20.21.41:734][  0]LogMaterial: Uniform references updated for custom material expression Custom.
[2017.03.25-20.21.42:036][  0]SourceControl: Info Source control is disabled
[2017.03.25-20.21.42:037][  0]SourceControl: Info Source control is disabled
[2017.03.25-20.21.42:073][  0]SourceControl: Info Source control is disabled
[2017.03.25-20.21.42:108][  0]SourceControl: Info Source control is disabled
[2017.03.25-20.21.43:108][  0]LogEngine: Initializing Engine...
[2017.03.25-20.21.43:109][  0]LogHMD: Failed to initialize OpenVR with code 110
[2017.03.25-20.21.43:298][  0]LogAIModule: Creating AISystem for world Untitled
[2017.03.25-20.21.43:306][  0]LogInit: XAudio2 using 'Headphones (2- High Definition Audio Device)' : 2 channels at 44.1 kHz using 16 bits per sample (channel mask 0x3)
[2017.03.25-20.21.43:372][  0]LogInit: FAudioDevice initialized.
[2017.03.25-20.21.43:397][  0]LogDerivedDataCache: Saved boot cache 0.03s 50MB C:/Users/Proto/AppData/Local/UnrealEngine/4.15/DerivedDataCache/Boot.ddc.
[2017.03.25-20.21.43:407][  0]LogInit: Texture streaming: Enabled
[2017.03.25-20.21.43:480][  0]LogEngineSessionManager: EngineSessionManager initialized
[2017.03.25-20.21.43:549][  0]LogInit: Transaction tracking system initialized
[2017.03.25-20.21.43:824][  0]BlueprintLog: New page: Editor Load
[2017.03.25-20.21.44:526][  0]LocalizationService: Info Localization service is disabled
[2017.03.25-20.21.45:061][  0]LogConsoleResponse:Display: 
[2017.03.25-20.21.45:171][  0]LogCook:Display: Max memory allowance for cook 16384mb min free memory 0mb
[2017.03.25-20.21.45:171][  0]LogCook:Display: Mobile HDR setting 1
[2017.03.25-20.21.45:982][  0]LogFileCache: Scanning file cache for directory 'E:/Quantum/Content/' took 0.01s
[2017.03.25-20.21.45:982][  0]SourceControl: Info Source control is disabled
[2017.03.25-20.21.45:982][  0]Cmd: MAP LOAD FILE="E:/Quantum/Content/StarterContent/Maps/Minimal_Default.umap" TEMPLATE=0 SHOWPROGRESS=1 FEATURELEVEL=3
[2017.03.25-20.21.45:982][  0]LightingResults: New page: Lighting Build
[2017.03.25-20.21.46:016][  0]MapCheck: New page: Map Check
[2017.03.25-20.21.46:016][  0]LightingResults: New page: Lighting Build
[2017.03.25-20.21.46:471][  0]LogAIModule: Creating AISystem for world Minimal_Default
[2017.03.25-20.21.46:496][  0]LogEditorServer: Finished looking for orphan Actors (0.000 secs)
[2017.03.25-20.21.46:496][  0]Cmd: MAP CHECKDEP NOCLEARLOG
[2017.03.25-20.21.46:531][  0]MapCheck: Info Map check complete: 0 Error(s), 0 Warning(s), took 34.937ms to complete.
[2017.03.25-20.21.46:531][  0]LogFileHelpers: Loading map 'Minimal_Default' took 0.549
[2017.03.25-20.21.46:602][  0]LogWindowsTextInputMethodSystem:Display: IME system now deactivated.
[2017.03.25-20.21.46:701][  0]LogCollectionManager: Loaded 0 collections in 0.001312 seconds
[2017.03.25-20.21.46:803][  0]LogFileCache: Scanning file cache for directory 'E:/Quantum/Saved/Collections/' took 0.01s
[2017.03.25-20.21.46:803][  0]LogFileCache: Scanning file cache for directory 'E:/Quantum/Content/Developers/Proto/Collections/' took 0.01s
[2017.03.25-20.21.46:803][  0]LogFileCache: Scanning file cache for directory 'E:/Quantum/Content/Collections/' took 0.01s
[2017.03.25-20.21.46:803][  0]LogCollectionManager: Rebuilt the GUID cache for 0 collections in 0.000002 seconds
[2017.03.25-20.21.46:810][  0]LogContentBrowser: Native class hierarchy populated in 0.0074 seconds. Added 2245 classes and 453 folders.
[2017.03.25-20.21.46:813][  0]LogStats: UGameplayTagsManager::ConstructGameplayTagTree: Construct from data asset -  0.000 s
[2017.03.25-20.21.46:813][  0]LogStats: UGameplayTagsManager::ConstructGameplayTagTree: GameplayTagTreeChangedEvent.Broadcast -  0.000 s
[2017.03.25-20.21.46:862][  0]LogContentBrowser: Native class hierarchy updated for 'WidgetCarousel' in 0.0004 seconds. Added 0 classes and 0 folders.
[2017.03.25-20.21.46:891][  0]LogContentBrowser: Native class hierarchy updated for 'AddContentDialog' in 0.0004 seconds. Added 0 classes and 0 folders.
[2017.03.25-20.21.46:925][  0]LogContentBrowser: Native class hierarchy updated for 'SceneOutliner' in 0.0004 seconds. Added 1 classes and 2 folders.
[2017.03.25-20.21.47:016][  0]LogCrashTracker: Crashtracker disabled due to settings.
[2017.03.25-20.21.47:021][  0]LogUObjectGlobals:Warning: Failed to find object 'Class None.'
[2017.03.25-20.21.47:078][  0]LogContentBrowser: Native class hierarchy updated for 'HierarchicalLODOutliner' in 0.0004 seconds. Added 1 classes and 2 folders.
[2017.03.25-20.21.47:078][  0]LogLoad: (Engine Initialization) Total time: 13.61 seconds
[2017.03.25-20.21.47:078][  0]LogLoad: (Engine Initialization) Total Blueprint compile time: 0.18 seconds
[2017.03.25-20.21.47:078][  0]LogExternalProfiler: No external profilers were discovered.  External profiling features will not be available.
[2017.03.25-20.21.47:088][  0]LogOcInput: OculusInput pre-init called
[2017.03.25-20.21.47:109][  0]LogContentStreaming: Texture pool size now 1000 MB
[2017.03.25-20.21.47:110][  0]LogSlate: Took 0.000181 seconds to synchronously load lazily loaded font '../../../Engine/Content/Slate/Fonts/Roboto-Regular.ttf' (155K)
[2017.03.25-20.21.47:113][  0]LogSlate: Took 0.000242 seconds to synchronously load lazily loaded font '../../../Engine/Content/Slate/Fonts/Roboto-Bold.ttf' (160K)
[2017.03.25-20.21.47:117][  0]LogSlate: Took 0.000270 seconds to synchronously load lazily loaded font '../../../Engine/Content/Editor/Slate/Fonts/FontAwesome.ttf' (139K)
[2017.03.25-20.21.47:226][  0]LogSlate: Took 0.000236 seconds to synchronously load lazily loaded font '../../../Engine/Content/Slate/Fonts/Roboto-Light.ttf' (159K)
[2017.03.25-20.21.47:287][  0]LogRenderer: Reallocating scene render targets to support 1108x576 NumSamples 1 (Frame:2).
[2017.03.25-20.21.47:330][  1]LogAssetRegistry: Asset discovery search completed in 7.3718 seconds
[2017.03.25-20.21.47:331][  1]LogCollectionManager: Rebuilt the object cache for 0 collections in 0.000004 seconds (found 0 objects)
[2017.03.25-20.21.47:331][  1]LogCollectionManager: Fixed up redirectors for 0 collections in 0.000017 seconds (updated 0 objects)
[2017.03.25-20.22.16:751][485]LogEditorViewport: Clicking on Actor (LMB): StaticMeshActor (Cube)
[2017.03.25-20.22.17:329][548]LogEditorViewport: Clicking on Actor (LMB): Forcefield_C (Forcefield)
[2017.03.25-20.22.24:768][402]LogPhysics:Warning: Initialising Body : Scale3D is (nearly) zero: Component: Forcefield_2.ForceFieldOverlap 
[2017.03.25-20.22.24:768][402]LogPhysics:Warning: Initialising Body : Scale3D is (nearly) zero: Component: Forcefield_2.FocreFieldMesh Shape_Cylinder 
[2017.03.25-20.22.24:768][402]LogPhysics:Warning: Initialising Body : Scale3D is (nearly) zero: Component: Forcefield_2.FocreFieldMesh Shape_Cylinder 
[2017.03.25-20.22.37:799][921]LogSlate: Took 0.000273 seconds to synchronously load lazily loaded font '../../../Engine/Content/Slate/Fonts/Roboto-Light.ttf' (159K)
[2017.03.25-20.22.38:190][921]LogContentBrowser: Native class hierarchy updated for 'BlueprintGraph' in 0.0008 seconds. Added 112 classes and 0 folders.
[2017.03.25-20.22.38:709][921]LogSlate: Took 0.000117 seconds to synchronously load lazily loaded font '../../../Engine/Content/Slate/Fonts/Roboto-Regular.ttf' (155K)
[2017.03.25-20.22.38:777][921]LogSlate: Took 0.000193 seconds to synchronously load lazily loaded font '../../../Engine/Content/Editor/Slate/Fonts/Roboto-BoldCondensed.ttf' (158K)
[2017.03.25-20.22.38:876][922]LogSlate: Took 0.000215 seconds to synchronously load lazily loaded font '../../../Engine/Content/Editor/Slate/Fonts/Roboto-Italic.ttf' (157K)
[2017.03.25-20.22.46:345][528]LogTemp: Repeting last play command: Selected Viewport
[2017.03.25-20.22.46:366][528]LogBlueprintUserMessages: Early PlayInEditor Detection: Level '/Game/StarterContent/Maps/Minimal_Default.Minimal_Default:PersistentLevel' has LevelScriptBlueprint '/Game/StarterContent/Maps/Minimal_Default.Minimal_Default:PersistentLevel.Minimal_Default' with GeneratedClass '/Game/StarterContent/Maps/Minimal_Default.Minimal_Default_C' with ClassGeneratedBy '/Game/StarterContent/Maps/Minimal_Default.Minimal_Default:PersistentLevel.Minimal_Default'
[2017.03.25-20.22.46:366][528]LogPlayLevel: PlayLevel: No blueprints needed recompiling
[2017.03.25-20.22.46:366][528]PIE: New page: PIE session: Minimal_Default (Mar 26, 2017, 10:22:46 AM)
[2017.03.25-20.22.46:366][528]LogPlayLevel: Creating play world package: /Game/StarterContent/Maps/UEDPIE_0_Minimal_Default
[2017.03.25-20.22.46:369][528]LogPlayLevel: PIE: StaticDuplicateObject took: (0.002671s)
[2017.03.25-20.22.46:369][528]LogAIModule: Creating AISystem for world Minimal_Default
[2017.03.25-20.22.46:370][528]LogPlayLevel: PIE: World Init took: (0.000622s)
[2017.03.25-20.22.46:370][528]LogPlayLevel: PIE: Created PIE world by copying editor world from /Game/StarterContent/Maps/Minimal_Default.Minimal_Default to /Game/StarterContent/Maps/UEDPIE_0_Minimal_Default.Minimal_Default (0.003627s)
[2017.03.25-20.22.46:405][528]LogInit: XAudio2 using 'Headphones (2- High Definition Audio Device)' : 2 channels at 44.1 kHz using 16 bits per sample (channel mask 0x3)
[2017.03.25-20.22.46:411][528]LogInit: FAudioDevice initialized.
[2017.03.25-20.22.46:452][528]LogLoad: Game class is 'PuzzleGameMode_C'
[2017.03.25-20.22.46:455][528]LogWorld: Bringing World /Game/StarterContent/Maps/UEDPIE_0_Minimal_Default.Minimal_Default up for play (max tick rate 0) at 2017.03.26-03.22.46
[2017.03.25-20.22.46:455][528]LogWorld: Bringing up level for play took: 0.001547
[2017.03.25-20.22.46:488][528]LogContentBrowser: Native class hierarchy updated for 'MovieSceneCapture' in 0.0004 seconds. Added 11 classes and 0 folders.
[2017.03.25-20.22.46:488][528]LogGameMode:Display: Match State Changed from EnteringMap to WaitingToStart
[2017.03.25-20.22.46:488][528]LogGameState: Match State Changed from EnteringMap to WaitingToStart
[2017.03.25-20.22.46:488][528]LogGameMode:Display: Match State Changed from WaitingToStart to InProgress
[2017.03.25-20.22.46:489][528]LogGameState: Match State Changed from WaitingToStart to InProgress
[2017.03.25-20.22.46:489][528]PIE: Info Play in editor start time for /Game/StarterContent/Maps/UEDPIE_0_Minimal_Default -0.686
[2017.03.25-20.22.46:490][528]LogBlueprintUserMessages: Late PlayInEditor Detection: Level '/Game/StarterContent/Maps/Minimal_Default.Minimal_Default:PersistentLevel' has LevelScriptBlueprint '/Game/StarterContent/Maps/Minimal_Default.Minimal_Default:PersistentLevel.Minimal_Default' with GeneratedClass '/Game/StarterContent/Maps/Minimal_Default.Minimal_Default_C' with ClassGeneratedBy '/Game/StarterContent/Maps/Minimal_Default.Minimal_Default:PersistentLevel.Minimal_Default'
[2017.03.25-20.22.55:881][645]LogBlueprintUserMessages: Early EndPlayMap Detection: Level '/Game/StarterContent/Maps/Minimal_Default.Minimal_Default:PersistentLevel' has LevelScriptBlueprint '/Game/StarterContent/Maps/Minimal_Default.Minimal_Default:PersistentLevel.Minimal_Default' with GeneratedClass '/Game/StarterContent/Maps/Minimal_Default.Minimal_Default_C' with ClassGeneratedBy '/Game/StarterContent/Maps/Minimal_Default.Minimal_Default:PersistentLevel.Minimal_Default'
[2017.03.25-20.22.55:929][645]LogBlueprintUserMessages: Late EndPlayMap Detection: Level '/Game/StarterContent/Maps/Minimal_Default.Minimal_Default:PersistentLevel' has LevelScriptBlueprint '/Game/StarterContent/Maps/Minimal_Default.Minimal_Default:PersistentLevel.Minimal_Default' with GeneratedClass '/Game/StarterContent/Maps/Minimal_Default.Minimal_Default_C' with ClassGeneratedBy '/Game/StarterContent/Maps/Minimal_Default.Minimal_Default:PersistentLevel.Minimal_Default'
[2017.03.25-20.23.46:111][653]MapCheck: New page: Map Check
[2017.03.25-20.23.46:124][653]Cmd: MAP REBUILD ALLVISIBLE
[2017.03.25-20.23.46:124][653]LogEditorServer: Rebuildmap Clear paths rebuilt
[2017.03.25-20.23.46:253][653]LogMaterial: Missing cached shader map for material FDebugViewModeMaterialProxy WorldGridMaterial, compiling. Is special engine material.
[2017.03.25-20.23.46:254][653]LogTemp:Display: Added material ShaderMap 0x0000026795169980 with Material 0x0000026794F17700 to ShaderMapsBeingCompiled
[2017.03.25-20.23.46:258][653]LogTemp:Display: Kicking off shader compilation for FDebugViewModeMaterialProxy WorldGridMaterial, GameThreadShaderMap 0x0000026795169980
[2017.03.25-20.23.46:259][653]LogMaterial: Missing cached shader map for material FDebugViewModeMaterialProxy MaterialInstanceDynamic_1, compiling. 
[2017.03.25-20.23.46:260][653]LogTemp:Display: Added material ShaderMap 0x000002679516A080 with Material 0x0000026794F14100 to ShaderMapsBeingCompiled
[2017.03.25-20.23.46:262][653]LogTemp:Display: Kicking off shader compilation for FDebugViewModeMaterialProxy MaterialInstanceDynamic_1, GameThreadShaderMap 0x000002679516A080
[2017.03.25-20.23.46:264][653]LogMaterial: Missing cached shader map for material FDebugViewModeMaterialProxy BasicShapeMaterial, compiling. 
[2017.03.25-20.23.46:265][653]LogTemp:Display: Added material ShaderMap 0x000002679516AB00 with Material 0x00000267E924DF00 to ShaderMapsBeingCompiled
[2017.03.25-20.23.46:266][653]LogTemp:Display: Kicking off shader compilation for FDebugViewModeMaterialProxy BasicShapeMaterial, GameThreadShaderMap 0x000002679516AB00
[2017.03.25-20.23.46:269][653]LogMaterial: Missing cached shader map for material FDebugViewModeMaterialProxy M_Basic_Wall, compiling. 
[2017.03.25-20.23.46:270][653]LogTemp:Display: Added material ShaderMap 0x00000267A8203900 with Material 0x00000267E924C100 to ShaderMapsBeingCompiled
[2017.03.25-20.23.46:272][653]LogTemp:Display: Kicking off shader compilation for FDebugViewModeMaterialProxy M_Basic_Wall, GameThreadShaderMap 0x00000267A8203900
[2017.03.25-20.23.46:275][653]LogMaterial: Missing cached shader map for material FDebugViewModeMaterialProxy PT_M, compiling. 
[2017.03.25-20.23.46:275][653]LogTemp:Display: Added material ShaderMap 0x00000267A8202B00 with Material 0x00000267E924FA00 to ShaderMapsBeingCompiled
[2017.03.25-20.23.46:277][653]LogTemp:Display: Kicking off shader compilation for FDebugViewModeMaterialProxy PT_M, GameThreadShaderMap 0x00000267A8202B00
[2017.03.25-20.23.46:280][653]LogMaterial: Missing cached shader map for material FDebugViewModeMaterialProxy TheBoxMat, compiling. 
[2017.03.25-20.23.46:281][653]LogTemp:Display: Added material ShaderMap 0x00000267A8201600 with Material 0x00000267E924DC00 to ShaderMapsBeingCompiled
[2017.03.25-20.23.46:283][653]LogTemp:Display: Kicking off shader compilation for FDebugViewModeMaterialProxy TheBoxMat, GameThreadShaderMap 0x00000267A8201600
[2017.03.25-20.23.46:285][653]LogMaterial: Missing cached shader map for material FDebugViewModeMaterialProxy DoorMat, compiling. 
[2017.03.25-20.23.46:285][653]LogTemp:Display: Added material ShaderMap 0x00000267A8200F00 with Material 0x00000267E924D000 to ShaderMapsBeingCompiled
[2017.03.25-20.23.46:287][653]LogTemp:Display: Kicking off shader compilation for FDebugViewModeMaterialProxy DoorMat, GameThreadShaderMap 0x00000267A8200F00
[2017.03.25-20.23.46:592][653]LogTemp:Display: Finished compile of shader map 0x000002679516AB00
[2017.03.25-20.23.46:592][653]LogTemp:Display: Shader map FDebugViewModeMaterialProxy BasicShapeMaterial complete, GameThreadShaderMap 0x000002679516AB00, marking material FDebugViewModeMaterialProxy BasicShapeMaterial as finished
[2017.03.25-20.23.46:592][653]LogTemp:Display: Marking material as finished 0x00000267E924DF00
[2017.03.25-20.23.46:701][653]LogTemp:Display: Finished compile of shader map 0x0000026795169980
[2017.03.25-20.23.46:701][653]LogTemp:Display: Shader map FDebugViewModeMaterialProxy WorldGridMaterial complete, GameThreadShaderMap 0x0000026795169980, marking material FDebugViewModeMaterialProxy WorldGridMaterial as finished
[2017.03.25-20.23.46:701][653]LogTemp:Display: Marking material as finished 0x0000026794F17700
[2017.03.25-20.23.46:714][653]LogTemp:Display: Finished compile of shader map 0x00000267A8203900
[2017.03.25-20.23.46:714][653]LogTemp:Display: Shader map FDebugViewModeMaterialProxy M_Basic_Wall complete, GameThreadShaderMap 0x00000267A8203900, marking material FDebugViewModeMaterialProxy M_Basic_Wall as finished
[2017.03.25-20.23.46:714][653]LogTemp:Display: Marking material as finished 0x00000267E924C100
[2017.03.25-20.23.46:737][653]LogTemp:Display: Finished compile of shader map 0x000002679516A080
[2017.03.25-20.23.46:737][653]LogTemp:Display: Shader map FDebugViewModeMaterialProxy MaterialInstanceDynamic_1 complete, GameThreadShaderMap 0x000002679516A080, marking material FDebugViewModeMaterialProxy MaterialInstanceDynamic_1 as finished
[2017.03.25-20.23.46:737][653]LogTemp:Display: Marking material as finished 0x0000026794F14100
[2017.03.25-20.23.46:834][653]LogTemp:Display: Finished compile of shader map 0x00000267A8201600
[2017.03.25-20.23.46:834][653]LogTemp:Display: Shader map FDebugViewModeMaterialProxy TheBoxMat complete, GameThreadShaderMap 0x00000267A8201600, marking material FDebugViewModeMaterialProxy TheBoxMat as finished
[2017.03.25-20.23.46:834][653]LogTemp:Display: Marking material as finished 0x00000267E924DC00
[2017.03.25-20.23.46:846][653]LogTemp:Display: Finished compile of shader map 0x00000267A8202B00
[2017.03.25-20.23.46:846][653]LogTemp:Display: Shader map FDebugViewModeMaterialProxy PT_M complete, GameThreadShaderMap 0x00000267A8202B00, marking material FDebugViewModeMaterialProxy PT_M as finished
[2017.03.25-20.23.46:846][653]LogTemp:Display: Marking material as finished 0x00000267E924FA00
[2017.03.25-20.23.46:859][653]LogTemp:Display: Finished compile of shader map 0x00000267A8200F00
[2017.03.25-20.23.46:859][653]LogTemp:Display: Shader map FDebugViewModeMaterialProxy DoorMat complete, GameThreadShaderMap 0x00000267A8200F00, marking material FDebugViewModeMaterialProxy DoorMat as finished
[2017.03.25-20.23.46:859][653]LogTemp:Display: Marking material as finished 0x00000267E924D000
[2017.03.25-20.23.46:860][653]TextureStreamingBuild:Display: Compiling optional shaders took 0.613 seconds.
[2017.03.25-20.23.46:863][653]LogLevel:Display: Export Material TexCoord Scales took 0.003 seconds.
[2017.03.25-20.23.46:868][653]TextureStreamingBuild:Display: Build Texture Streaming took 0.005 seconds.
[2017.03.25-20.23.46:881][653]LightingResults: New page: Lighting Build - Mar 26, 2017, 10:23:46 AM
[2017.03.25-20.23.46:907][653]LogSwarmInterface: [OpenConnection] Registering TCP channel ...
[2017.03.25-20.23.46:939][653]LogSwarmInterface: [OpenConnection] Connecting to agent ...
[2017.03.25-20.23.46:946][653]LogSwarmInterface: [TryOpenConnection] Testing the Agent
[2017.03.25-20.23.47:471][653]LogSwarmInterface: [TryOpenConnection] Opening Connection to Agent
[2017.03.25-20.23.47:471][653]LogSwarmInterface: [TryOpenConnection] Local Process ID is 1344
[2017.03.25-20.23.49:817][653]LogStaticLightingSystem:Warning: No importance volume found, so the scene bounding box was used.  You can optimize your scene's quality and lighting build times by adding importance volumes.
[2017.03.25-20.23.49:818][653]LogStaticLightingSystem: Running Lightmass w/ ImmediateImport mode ENABLED
[2017.03.25-20.23.49:818][653]LogStaticLightingSystem: Running Lightmass w/ ImmediateProcess mode ENABLED
[2017.03.25-20.23.49:818][653]LogStaticLightingSystem: Running Lightmass w/ Sorting mode ENABLED
[2017.03.25-20.23.49:818][653]LogStaticLightingSystem: Running Lightmass w/ Mapping paddings ENABLED
[2017.03.25-20.23.49:818][653]LogStaticLightingSystem: Running Lightmass w/ Mapping debug paddings DISABLED
[2017.03.25-20.23.49:922][653]Cmd: MAP CHECK DONTDISPLAYDIALOG
[2017.03.25-20.23.49:923][653]MapCheck: New page: Minimal_Default - Mar 26, 2017, 10:23:49 AM
[2017.03.25-20.23.49:923][653]MapCheck:Error: Error WorldSettings_1 Maps need lighting rebuilt 
[2017.03.25-20.23.49:974][653]MapCheck: Info Map check complete: 1 Error(s), 0 Warning(s), took 51.469ms to complete.
[2017.03.25-20.23.49:997][653]LogEditorBuildUtils: Build time 0:03
[2017.03.25-20.23.51:586][659]Job is a success!
[2017.03.25-20.23.52:074][660]LogTexture:Display: Building textures: SkyOcclusion1_1 (AutoDXT, 256X128) - 84 MB total VRAM
[2017.03.25-20.23.52:074][660]LogTexture:Display: Building textures: HQ_Lightmap1_1 (AutoDXT, 256X256) - 84 MB total VRAM
[2017.03.25-20.23.52:074][660]LogTexture:Display: Building textures: LQ_Lightmap_1_1 (DXT1, 256X256) - 84 MB total VRAM
[2017.03.25-20.23.52:074][660]LogTexture:Display: Building textures: SkyOcclusion1_2 (AutoDXT, 64X32) - 84 MB total VRAM
[2017.03.25-20.23.52:074][660]LogTexture:Display: Building textures: HQ_Lightmap1_2 (AutoDXT, 64X64) - 84 MB total VRAM
[2017.03.25-20.23.52:074][660]LogTexture:Display: Building textures: LQ_Lightmap_1_2 (DXT1, 64X64) - 84 MB total VRAM
[2017.03.25-20.23.52:074][660]LogTexture:Display: Building textures: ShadowMapTexture2D_2 (G8, 256X64) - 84 MB total VRAM
[2017.03.25-20.23.52:074][660]LogTexture:Display: Building textures: ShadowMapTexture2D_3 (G8, 32X32) - 84 MB total VRAM
[2017.03.25-20.23.52:115][660]Lightmass on KOKO-IMMORTAL: 1.04 sec total, 118 ms importing, 29 ms setup, 137 ms photons, 735 ms processing, 0 ms extra exporting [7/7 mappings]. Threads: 2.90 sec total, 359 ms processing.
[2017.03.25-20.23.52:143][660]LogStaticLightingSystem: Illumination: 4.91 sec (49 ms encoding lightmaps, 13 ms encoding shadowmaps)
[2017.03.25-20.23.52:143][660]LogStaticLightingSystem: Lightmap texture memory:  0.2 MB (0.2 MB streaming, 0.0 MB non-streaming), 4 textures
[2017.03.25-20.23.52:143][660]LogStaticLightingSystem: Shadowmap texture memory: 0.0 MB (0.0 MB streaming, 0.0 MB non-streaming), 2 textures
[2017.03.25-20.23.52:822][660]DumpUnbuiltLightIteractions
[2017.03.25-20.23.52:822][660]Lights with unbuilt interactions: 0
[2017.03.25-20.23.52:822][660]
[2017.03.25-20.23.52:822][660]Primitives with unbuilt interactions: 0
[2017.03.25-20.23.52:840][661]Cmd: MAP CHECK NOTIFYRESULTS
[2017.03.25-20.23.52:840][661]MapCheck: New page: Minimal_Default - Mar 26, 2017, 10:23:52 AM
[2017.03.25-20.23.52:901][661]MapCheck: Info Map check complete: 0 Error(s), 0 Warning(s), took 61.818ms to complete.
[2017.03.25-20.29.57:204][972]LogEditorTransaction: Undo Move Nodes
[2017.03.25-20.29.57:259][972]LogSlate: Took 0.000293 seconds to synchronously load lazily loaded font '../../../Engine/Content/Slate/Fonts/Roboto-Light.ttf' (159K)
[2017.03.25-20.30.04:940][280]LogEditorTransaction: Undo Move Nodes
[2017.03.25-20.31.51:240][903]LogSlate: Only BGRA pngs, bmps or icos are supported in by External Image Picker
[2017.03.25-20.31.51:368][906]LogTemp:Display: Executing iPhonePackager certificates Engine -bundlename com.YourCompany.Quantum

[2017.03.25-20.31.51:368][906]LogTemp:Display: CWD: C:\Program Files\Epic Games\UE_4.15\Engine\Binaries\DotNET\IOS

[2017.03.25-20.31.51:368][906]LogTemp:Display: Initial Dir: C:\Program Files\Epic Games\UE_4.15

[2017.03.25-20.31.51:368][906]LogTemp:Display: Env CWD: C:\Program Files\Epic Games\UE_4.15\Engine\Binaries\DotNET\IOS

[2017.03.25-20.31.51:381][907]LogTemp:Display: BranchPath = KOKO-IMMORTAL/C/Program Files/Epic Games/UE_4.15/Engine/Binaries --- GameBranchPath = KOKO-IMMORTAL/C/Program Files/Epic Games/UE_4.15/Engine/Binaries

[2017.03.25-20.31.51:448][911]LogTemp:Display: IPP ERROR: Application exception: System.IO.DirectoryNotFoundException: Could not find a part of the path 'C:\Users\Proto\AppData\Local\Apple Computer\MobileDevice\Provisioning Profiles'.

[2017.03.25-20.31.51:448][911]LogTemp:Display:    at System.IO.__Error.WinIOError(Int32 errorCode, String maybeFullPath)

[2017.03.25-20.31.51:448][911]LogTemp:Display:    at System.IO.FileSystemEnumerableIterator`1.CommonInit()

[2017.03.25-20.31.51:448][911]LogTemp:Display:    at System.IO.Directory.EnumerateFiles(String path, String searchPattern)

[2017.03.25-20.31.51:448][911]LogTemp:Display:    at iPhonePackager.CodeSignatureBuilder.FindProvisions(String CFBundleIdentifier)

[2017.03.25-20.31.51:449][911]LogTemp:Display:    at iPhonePackager.Program.Main(String[] args)

[2017.03.25-20.32.25:558][764]Cmd: OBJ SAVEPACKAGE PACKAGE="/Game/StarterContent/Maps/Minimal_Default" FILE="E:/Quantum/Saved/Autosaves/Game/StarterContent/Maps/Minimal_Default_Auto1.umap" SILENT=true AUTOSAVING=true KEEPDIRTY=false
[2017.03.25-20.32.25:712][764]LogSavePackage: Save=139.42ms
[2017.03.25-20.32.25:712][764]LogSavePackage: Moving 'E:/Quantum/Saved/Minimal_Default_Auto16A7012B84353C4E4D2FDB1B045AA1C14.tmp' to 'E:/Quantum/Saved/Autosaves/Game/StarterContent/Maps/Minimal_Default_Auto1.umap'
[2017.03.25-20.32.25:713][764]LogSavePackage:Display: Finished SavePackage E:/Quantum/Saved/Autosaves/Game/StarterContent/Maps/Minimal_Default_Auto1.umap
[2017.03.25-20.32.25:716][764]LogFileHelpers: Editor autosave (incl. sublevels) for '/Game/StarterContent/Maps/Minimal_Default' took 0.182
[2017.03.25-20.32.25:716][764]LogFileHelpers: Editor autosave (incl. sublevels) for all levels took 0.182
[2017.03.25-20.32.25:718][764]OBJ SavePackage: Generating thumbnails for [0] asset(s) in package [/Game/Blueprint/Player] ([1] browsable assets)...
[2017.03.25-20.32.25:718][764]OBJ SavePackage: Finished generating thumbnails for package [/Game/Blueprint/Player]
[2017.03.25-20.32.25:718][764]Cmd: OBJ SAVEPACKAGE PACKAGE="/Game/Blueprint/Player" FILE="E:/Quantum/Saved/Autosaves/Game/Blueprint/Player_Auto1.uasset" SILENT=false AUTOSAVING=true
[2017.03.25-20.32.25:797][764]LogSavePackage: Save=65.36ms
[2017.03.25-20.32.25:797][764]LogSavePackage: Moving 'E:/Quantum/Saved/Player_Auto1A0B4A2EC458AB54850CEBF9EF8CAE544.tmp' to 'E:/Quantum/Saved/Autosaves/Game/Blueprint/Player_Auto1.uasset'
[2017.03.25-20.32.25:797][764]LogSavePackage:Display: Finished SavePackage E:/Quantum/Saved/Autosaves/Game/Blueprint/Player_Auto1.uasset
[2017.03.25-20.32.25:798][764]OBJ SavePackage: Generating thumbnails for [0] asset(s) in package [/Game/StarterContent/Maps/Minimal_Default_BuiltData] ([1] browsable assets)...
[2017.03.25-20.32.25:798][764]OBJ SavePackage: Finished generating thumbnails for package [/Game/StarterContent/Maps/Minimal_Default_BuiltData]
[2017.03.25-20.32.25:823][764]LogSavePackage: Save=5.33ms
[2017.03.25-20.32.25:823][764]LogSavePackage: Moving 'E:/Quantum/Saved/Minimal_Default_BuiltData_Auto1B08AD8D343CAA8CEF6E5D0B19AAD94B9.tmp' to 'E:/Quantum/Saved/Autosaves/Game/StarterContent/Maps/Minimal_Default_BuiltData_Auto1.uasset'
[2017.03.25-20.32.25:823][764]LogSavePackage:Display: Finished SavePackage E:/Quantum/Saved/Autosaves/Game/StarterContent/Maps/Minimal_Default_BuiltData_Auto1.uasset
[2017.03.25-20.32.25:823][764]LogFileHelpers: Auto-saving content packages took 0.106
[2017.03.25-20.33.52:902][981]BlueprintLog: New page: Compile Player
[2017.03.25-20.33.52:953][981]LogBlueprint:Warning: [Compiler Player] Warning InputAction Event references unknown Action 'Interact' for  InputAction Interact
[2017.03.25-20.33.53:118][981]BlueprintEditorCompileResults:Warning: Warning InputAction Event references unknown Action 'Interact' for  InputAction Interact
[2017.03.25-20.33.53:119][981]LogBlueprint:Warning: [Compiler Player] Warning [0739.65] Compile of Player successful, but with 1 Warning(s) [in 216 ms] (/Game/Blueprint/Player.Player)
[2017.03.25-20.35.17:106][903]BlueprintLog: New page: Compile Player
[2017.03.25-20.35.27:679][463]BlueprintLog: New page: Compile Player
[2017.03.25-20.35.52:898][155]Cmd: OBJ SAVEPACKAGE PACKAGE="/Game/Blueprint/Player" FILE="E:/Quantum/Content/Blueprint/Player.uasset" SILENT=true
[2017.03.25-20.35.52:977][155]LogSavePackage: Save=69.93ms
[2017.03.25-20.35.52:977][155]LogSavePackage: Moving 'E:/Quantum/Saved/PlayerE1BBCBAE41548D0F34E66A96D134F0BC.tmp' to 'E:/Quantum/Content/Blueprint/Player.uasset'
[2017.03.25-20.35.52:984][155]LogSavePackage:Display: Finished SavePackage E:/Quantum/Content/Blueprint/Player.uasset
[2017.03.25-20.37.09:743][ 32]LogEditorTransaction: Undo Resize Node
[2017.03.25-20.38.12:255][342]BlueprintLog: New page: Compile Player
[2017.03.25-20.38.15:423][552]Cmd: OBJ SAVEPACKAGE PACKAGE="/Game/Blueprint/Player" FILE="E:/Quantum/Content/Blueprint/Player.uasset" SILENT=true
[2017.03.25-20.38.15:510][552]LogSavePackage: Save=72.43ms
[2017.03.25-20.38.15:510][552]LogSavePackage: Moving 'E:/Quantum/Saved/Player0AF6D09F4E83979BD55D96B46E3DFC03.tmp' to 'E:/Quantum/Content/Blueprint/Player.uasset'
[2017.03.25-20.38.15:515][552]LogSavePackage:Display: Finished SavePackage E:/Quantum/Content/Blueprint/Player.uasset
[2017.03.25-20.38.16:622][624]LogScript:Warning: Accessed None trying to read property Door
	Button_C /Engine/Transient.World_10:PersistentLevel.Button_C_1
	Function /Game/Blueprint/Button.Button_C:ExecuteUbergraph_Button:0339
[2017.03.25-20.38.16:623][624]LogScript:Warning: Accessed None trying to read property Door
	Button_C /Engine/Transient.World_10:PersistentLevel.Button_C_1
	Function /Game/Blueprint/Button.Button_C:ExecuteUbergraph_Button:035B
[2017.03.25-20.38.16:623][624]LogScript:Warning: Accessed None trying to read property Door
	Button_C /Engine/Transient.World_10:PersistentLevel.Button_C_1
	Function /Game/Blueprint/Button.Button_C:ExecuteUbergraph_Button:0339
[2017.03.25-20.38.16:623][624]LogScript:Warning: Accessed None trying to read property Door
	Button_C /Engine/Transient.World_10:PersistentLevel.Button_C_1
	Function /Game/Blueprint/Button.Button_C:ExecuteUbergraph_Button:035B
[2017.03.25-20.38.31:091][522]LogScript:Warning: Accessed None trying to read property Door
	Button_C /Engine/Transient.World_10:PersistentLevel.Button_C_1
	Function /Game/Blueprint/Button.Button_C:ExecuteUbergraph_Button:03B8
[2017.03.25-20.38.31:091][522]LogScript:Warning: Accessed None trying to read property Door
	Button_C /Engine/Transient.World_10:PersistentLevel.Button_C_1
	Function /Game/Blueprint/Button.Button_C:ExecuteUbergraph_Button:03B8
[2017.03.25-20.38.49:005][813]BlueprintLog: New page: Compile Button
[2017.03.25-20.39.17:059][711]BlueprintLog: New page: Compile Button
[2017.03.25-20.39.47:671][135]BlueprintLog: New page: Compile TheDoor
[2017.03.25-20.40.12:666][671]LogActorComponent: UnregisterComponent: (/Engine/Transient.EditorFloorComp) Not registered. Aborting.
[2017.03.25-20.40.49:277][120]LogRenderer: Reallocating scene render targets to support 1196x696 NumSamples 1 (Frame:84289).
[2017.03.25-20.42.14:709][909]LogEditorViewport: Clicking on Actor (LMB): Forcefield_C (Forcefield)
[2017.03.25-20.42.15:213][949]Cmd: OBJ SAVEPACKAGE PACKAGE="/Game/StarterContent/Maps/Minimal_Default" FILE="E:/Quantum/Content/StarterContent/Maps/Minimal_Default.umap" SILENT=true AUTOSAVING=false KEEPDIRTY=false
[2017.03.25-20.42.15:360][949]LogSavePackage: Save=122.16ms
[2017.03.25-20.42.15:360][949]LogSavePackage: Moving 'E:/Quantum/Saved/Minimal_DefaultCDBE32F242407D1CB618F6B4B6A1E604.tmp' to 'E:/Quantum/Content/StarterContent/Maps/Minimal_Default.umap'
[2017.03.25-20.42.15:363][949]LogSavePackage:Display: Finished SavePackage E:/Quantum/Content/StarterContent/Maps/Minimal_Default.umap
[2017.03.25-20.42.15:393][949]LogFileHelpers: Saving map 'Minimal_Default' took 0.228
[2017.03.25-20.42.15:398][949]Cmd: OBJ SAVEPACKAGE PACKAGE="/Game/StarterContent/Maps/Minimal_Default_BuiltData" FILE="E:/Quantum/Content/StarterContent/Maps/Minimal_Default_BuiltData.uasset" SILENT=true
[2017.03.25-20.42.15:441][949]LogSavePackage: Save=17.82ms
[2017.03.25-20.42.15:441][949]LogSavePackage: Moving 'E:/Quantum/Saved/Minimal_Default_BuiltDataE43902D14A1F7E185B4F089C8F10A023.tmp' to 'E:/Quantum/Content/StarterContent/Maps/Minimal_Default_BuiltData.uasset'
[2017.03.25-20.42.15:442][949]LogSavePackage:Display: Finished SavePackage E:/Quantum/Content/StarterContent/Maps/Minimal_Default_BuiltData.uasset
[2017.03.25-20.42.15:456][949]Cmd: OBJ SAVEPACKAGE PACKAGE="/Game/Blueprint/Button" FILE="E:/Quantum/Content/Blueprint/Button.uasset" SILENT=true
[2017.03.25-20.42.15:497][949]LogSavePackage: Save=30.18ms
[2017.03.25-20.42.15:497][949]LogSavePackage: Moving 'E:/Quantum/Saved/ButtonF4854917460928729204DF80FB7B72F7.tmp' to 'E:/Quantum/Content/Blueprint/Button.uasset'
[2017.03.25-20.42.15:498][949]LogSavePackage:Display: Finished SavePackage E:/Quantum/Content/Blueprint/Button.uasset
[2017.03.25-20.42.15:509][949]Cmd: OBJ SAVEPACKAGE PACKAGE="/Game/Blueprint/TheDoor" FILE="E:/Quantum/Content/Blueprint/TheDoor.uasset" SILENT=true
[2017.03.25-20.42.15:547][949]LogSavePackage: Save=26.11ms
[2017.03.25-20.42.15:547][949]LogSavePackage: Moving 'E:/Quantum/Saved/TheDoor9A3E5EBC409D93EDD310BF954B6028B4.tmp' to 'E:/Quantum/Content/Blueprint/TheDoor.uasset'
[2017.03.25-20.42.15:548][949]LogSavePackage:Display: Finished SavePackage E:/Quantum/Content/Blueprint/TheDoor.uasset
[2017.03.25-20.42.16:460][ 40]LogTemp: Repeting last play command: Selected Viewport
[2017.03.25-20.42.16:478][ 40]LogBlueprintUserMessages: Early PlayInEditor Detection: Level '/Game/StarterContent/Maps/Minimal_Default.Minimal_Default:PersistentLevel' has LevelScriptBlueprint '/Game/StarterContent/Maps/Minimal_Default.Minimal_Default:PersistentLevel.Minimal_Default' with GeneratedClass '/Game/StarterContent/Maps/Minimal_Default.Minimal_Default_C' with ClassGeneratedBy '/Game/StarterContent/Maps/Minimal_Default.Minimal_Default:PersistentLevel.Minimal_Default'
[2017.03.25-20.42.16:478][ 40]LogPlayLevel: PlayLevel: No blueprints needed recompiling
[2017.03.25-20.42.16:478][ 40]PIE: New page: PIE session: Minimal_Default (Mar 26, 2017, 10:42:16 AM)
[2017.03.25-20.42.16:479][ 40]LogPlayLevel: Creating play world package: /Game/StarterContent/Maps/UEDPIE_0_Minimal_Default
[2017.03.25-20.42.16:482][ 40]LogPlayLevel: PIE: StaticDuplicateObject took: (0.002922s)
[2017.03.25-20.42.16:482][ 40]LogAIModule: Creating AISystem for world Minimal_Default
[2017.03.25-20.42.16:482][ 40]LogPlayLevel: PIE: World Init took: (0.000480s)
[2017.03.25-20.42.16:482][ 40]LogPlayLevel: PIE: Created PIE world by copying editor world from /Game/StarterContent/Maps/Minimal_Default.Minimal_Default to /Game/StarterContent/Maps/UEDPIE_0_Minimal_Default.Minimal_Default (0.003607s)
[2017.03.25-20.42.16:514][ 40]LogInit: XAudio2 using 'Headphones (2- High Definition Audio Device)' : 2 channels at 44.1 kHz using 16 bits per sample (channel mask 0x3)
[2017.03.25-20.42.16:522][ 40]LogInit: FAudioDevice initialized.
[2017.03.25-20.42.16:558][ 40]LogLoad: Game class is 'PuzzleGameMode_C'
[2017.03.25-20.42.16:560][ 40]LogWorld: Bringing World /Game/StarterContent/Maps/UEDPIE_0_Minimal_Default.Minimal_Default up for play (max tick rate 0) at 2017.03.26-03.42.16
[2017.03.25-20.42.16:560][ 40]LogWorld: Bringing up level for play took: 0.001380
[2017.03.25-20.42.16:561][ 40]LogGameMode:Display: Match State Changed from EnteringMap to WaitingToStart
[2017.03.25-20.42.16:561][ 40]LogGameState: Match State Changed from EnteringMap to WaitingToStart
[2017.03.25-20.42.16:561][ 40]LogGameMode:Display: Match State Changed from WaitingToStart to InProgress
[2017.03.25-20.42.16:561][ 40]LogGameState: Match State Changed from WaitingToStart to InProgress
[2017.03.25-20.42.16:562][ 40]PIE: Info Play in editor start time for /Game/StarterContent/Maps/UEDPIE_0_Minimal_Default -0.614
[2017.03.25-20.42.16:562][ 40]LogBlueprintUserMessages: Late PlayInEditor Detection: Level '/Game/StarterContent/Maps/Minimal_Default.Minimal_Default:PersistentLevel' has LevelScriptBlueprint '/Game/StarterContent/Maps/Minimal_Default.Minimal_Default:PersistentLevel.Minimal_Default' with GeneratedClass '/Game/StarterContent/Maps/Minimal_Default.Minimal_Default_C' with ClassGeneratedBy '/Game/StarterContent/Maps/Minimal_Default.Minimal_Default:PersistentLevel.Minimal_Default'
[2017.03.25-20.42.18:871][273]LogBlueprintUserMessages: Early EndPlayMap Detection: Level '/Game/StarterContent/Maps/Minimal_Default.Minimal_Default:PersistentLevel' has LevelScriptBlueprint '/Game/StarterContent/Maps/Minimal_Default.Minimal_Default:PersistentLevel.Minimal_Default' with GeneratedClass '/Game/StarterContent/Maps/Minimal_Default.Minimal_Default_C' with ClassGeneratedBy '/Game/StarterContent/Maps/Minimal_Default.Minimal_Default:PersistentLevel.Minimal_Default'
[2017.03.25-20.42.18:918][273]LogBlueprintUserMessages: Late EndPlayMap Detection: Level '/Game/StarterContent/Maps/Minimal_Default.Minimal_Default:PersistentLevel' has LevelScriptBlueprint '/Game/StarterContent/Maps/Minimal_Default.Minimal_Default:PersistentLevel.Minimal_Default' with GeneratedClass '/Game/StarterContent/Maps/Minimal_Default.Minimal_Default_C' with ClassGeneratedBy '/Game/StarterContent/Maps/Minimal_Default.Minimal_Default:PersistentLevel.Minimal_Default'
[2017.03.25-20.42.20:392][412]LogWindowsTextInputMethodSystem:Display: IME system now deactivated.
[2017.03.25-20.42.20:598][413]Cmd: QUIT_EDITOR
[2017.03.25-20.42.20:917][413]LogExit: Preparing to exit.
[2017.03.25-20.42.21:792][413]LogExit: Editor shut down
[2017.03.25-20.42.21:793][413]LogExit: Transaction tracking system shut down
[2017.03.25-20.42.21:887][413]LogObj: Freed 0b from 0 cluster array pools.
[2017.03.25-20.42.21:887][413]LogExit: Object subsystem successfully closed.
[2017.03.25-20.42.21:899][413]LogD3D11RHI: Shutdown
[2017.03.25-20.42.21:899][413]LogD3D11RHI: CleanupD3DDevice
[2017.03.25-20.42.22:009][413]LogD3D11RHI: ~FD3D11DynamicRHI
[2017.03.25-20.42.22:024][413]LogModuleManager: Shutting down and abandoning module ExternalImagePicker (508)
[2017.03.25-20.42.22:024][413]LogModuleManager: Shutting down and abandoning module HierarchicalLODUtilities (506)
[2017.03.25-20.42.22:024][413]LogModuleManager: Shutting down and abandoning module MovieSceneCapture (504)
[2017.03.25-20.42.22:024][413]LogModuleManager: Shutting down and abandoning module BlueprintGraph (502)
[2017.03.25-20.42.22:024][413]LogModuleManager: Shutting down and abandoning module BlueprintProfiler (500)
[2017.03.25-20.42.22:024][413]LogModuleManager: Shutting down and abandoning module HierarchicalLODOutliner (498)
[2017.03.25-20.42.22:024][413]LogModuleManager: Shutting down and abandoning module CrashTracker (496)
[2017.03.25-20.42.22:024][413]LogModuleManager: Shutting down and abandoning module SceneOutliner (494)
[2017.03.25-20.42.22:024][413]LogModuleManager: Shutting down and abandoning module AddContentDialog (492)
[2017.03.25-20.42.22:024][413]LogDirectoryWatcher: A directory notification for 'C:/Program Files/Epic Games/UE_4.15/FeaturePacks/' was aborted.
[2017.03.25-20.42.22:025][413]LogModuleManager: Shutting down and abandoning module WidgetCarousel (491)
[2017.03.25-20.42.22:025][413]LogModuleManager: Shutting down and abandoning module EditorWidgets (488)
[2017.03.25-20.42.22:025][413]LogModuleManager: Shutting down and abandoning module CollectionManager (486)
[2017.03.25-20.42.22:025][413]LogDirectoryWatcher: A directory notification for 'E:/Quantum/Content/Collections/' was aborted.
[2017.03.25-20.42.22:025][413]LogDirectoryWatcher: A directory notification for 'E:/Quantum/Content/Developers/Proto/Collections/' was aborted.
[2017.03.25-20.42.22:025][413]LogDirectoryWatcher: A directory notification for 'E:/Quantum/Saved/Collections/' was aborted.
[2017.03.25-20.42.22:026][413]LogModuleManager: Shutting down and abandoning module StatsViewer (484)
[2017.03.25-20.42.22:026][413]LogModuleManager: Shutting down and abandoning module FoliageEdit (482)
[2017.03.25-20.42.22:026][413]LogModuleManager: Shutting down and abandoning module LandscapeEditor (480)
[2017.03.25-20.42.22:026][413]LogModuleManager: Shutting down and abandoning module SceneDepthPickerMode (478)
[2017.03.25-20.42.22:026][413]LogModuleManager: Shutting down and abandoning module ActorPickerMode (476)
[2017.03.25-20.42.22:026][413]LogModuleManager: Shutting down and abandoning module GeometryMode (474)
[2017.03.25-20.42.22:026][413]LogModuleManager: Shutting down and abandoning module TextureAlignMode (472)
[2017.03.25-20.42.22:026][413]LogModuleManager: Shutting down and abandoning module BspMode (470)
[2017.03.25-20.42.22:026][413]LogModuleManager: Shutting down and abandoning module HardwareSurvey (468)
[2017.03.25-20.42.22:026][413]LogModuleManager: Shutting down and abandoning module SequenceRecorderSections (466)
[2017.03.25-20.42.22:026][413]LogModuleManager: Shutting down and abandoning module AutomationWorker (464)
[2017.03.25-20.42.22:026][413]LogModuleManager: Shutting down and abandoning module MatineeToLevelSequence (462)
[2017.03.25-20.42.22:026][413]LogModuleManager: Shutting down and abandoning module LevelSequenceEditor (460)
[2017.03.25-20.42.22:026][413]LogModuleManager: Shutting down and abandoning module PlacementMode (459)
[2017.03.25-20.42.22:026][413]LogModuleManager: Shutting down and abandoning module WmfMediaFactory (456)
[2017.03.25-20.42.22:026][413]LogModuleManager: Shutting down and abandoning module WmfMediaEditor (454)
[2017.03.25-20.42.22:026][413]LogModuleManager: Shutting down and abandoning module MfMediaFactory (452)
[2017.03.25-20.42.22:026][413]LogModuleManager: Shutting down and abandoning module MfMediaEditor (450)
[2017.03.25-20.42.22:026][413]LogModuleManager: Shutting down and abandoning module AvfMediaFactory (448)
[2017.03.25-20.42.22:026][413]LogModuleManager: Shutting down and abandoning module AvfMediaEditor (446)
[2017.03.25-20.42.22:026][413]LogModuleManager: Shutting down and abandoning module AndroidMediaFactory (444)
[2017.03.25-20.42.22:026][413]LogModuleManager: Shutting down and abandoning module Media (443)
[2017.03.25-20.42.22:026][413]LogModuleManager: Shutting down and abandoning module AndroidMediaEditor (440)
[2017.03.25-20.42.22:026][413]LogModuleManager: Shutting down and abandoning module CharacterAI (438)
[2017.03.25-20.42.22:026][413]LogModuleManager: Shutting down and abandoning module AudioCapture (436)
[2017.03.25-20.42.22:026][413]LogModuleManager: Shutting down and abandoning module SequenceRecorder (435)
[2017.03.25-20.42.22:026][413]LogModuleManager: Shutting down and abandoning module SmartSnapping (432)
[2017.03.25-20.42.22:026][413]LogModuleManager: Shutting down and abandoning module SessionServices (430)
[2017.03.25-20.42.22:026][413]LogModuleManager: Shutting down and abandoning module ViewportSnapping (428)
[2017.03.25-20.42.22:026][413]LogModuleManager: Shutting down and abandoning module ViewportInteraction (426)
[2017.03.25-20.42.22:026][413]LogModuleManager: Shutting down and abandoning module LogVisualizer (424)
[2017.03.25-20.42.22:026][413]LogModuleManager: Shutting down and abandoning module IntroTutorials (422)
[2017.03.25-20.42.22:026][413]LogModuleManager: Shutting down and abandoning module GameProjectGeneration (421)
[2017.03.25-20.42.22:026][413]LogModuleManager: Shutting down and abandoning module EditorLiveStreaming (418)
[2017.03.25-20.42.22:026][413]LogModuleManager: Shutting down and abandoning module IOSPlatformEditor (416)
[2017.03.25-20.42.22:026][413]LogModuleManager: Shutting down and abandoning module HTML5PlatformEditor (414)
[2017.03.25-20.42.22:026][413]LogModuleManager: Shutting down and abandoning module AndroidPlatformEditor (412)
[2017.03.25-20.42.22:026][413]LogModuleManager: Shutting down and abandoning module AndroidDeviceDetection (411)
[2017.03.25-20.42.22:109][413]LogModuleManager: Shutting down and abandoning module IOSRuntimeSettings (408)
[2017.03.25-20.42.22:109][413]LogModuleManager: Shutting down and abandoning module AndroidRuntimeSettings (406)
[2017.03.25-20.42.22:109][413]LogModuleManager: Shutting down and abandoning module InputBindingEditor (404)
[2017.03.25-20.42.22:109][413]LogModuleManager: Shutting down and abandoning module NiagaraEditor (402)
[2017.03.25-20.42.22:109][413]LogModuleManager: Shutting down and abandoning module MergeActors (400)
[2017.03.25-20.42.22:109][413]LogModuleManager: Shutting down and abandoning module SizeMap (398)
[2017.03.25-20.42.22:109][413]LogModuleManager: Shutting down and abandoning module TreeMap (396)
[2017.03.25-20.42.22:109][413]LogModuleManager: Shutting down and abandoning module ReferenceViewer (394)
[2017.03.25-20.42.22:109][413]LogModuleManager: Shutting down and abandoning module LocalizationDashboard (392)
[2017.03.25-20.42.22:109][413]LogModuleManager: Shutting down and abandoning module LocalizationService (391)
[2017.03.25-20.42.22:109][413]LogModuleManager: Shutting down and abandoning module HardwareTargeting (388)
[2017.03.25-20.42.22:109][413]LogModuleManager: Shutting down and abandoning module DeviceProfileEditor (386)
[2017.03.25-20.42.22:109][413]LogModuleManager: Shutting down and abandoning module UndoHistory (384)
[2017.03.25-20.42.22:109][413]LogModuleManager: Shutting down and abandoning module UserFeedback (382)
[2017.03.25-20.42.22:109][413]LogModuleManager: Shutting down and abandoning module XmlParser (380)
[2017.03.25-20.42.22:109][413]LogModuleManager: Shutting down and abandoning module Blutility (378)
[2017.03.25-20.42.22:109][413]LogModuleManager: Shutting down and abandoning module ProjectSettingsViewer (376)
[2017.03.25-20.42.22:109][413]LogModuleManager: Shutting down and abandoning module ProjectTargetPlatformEditor (375)
[2017.03.25-20.42.22:109][413]LogModuleManager: Shutting down and abandoning module EditorSettingsViewer (372)
[2017.03.25-20.42.22:109][413]LogModuleManager: Shutting down and abandoning module SettingsEditor (370)
[2017.03.25-20.42.22:109][413]LogModuleManager: Shutting down and abandoning module ProjectLauncher (368)
[2017.03.25-20.42.22:109][413]LogModuleManager: Shutting down and abandoning module SessionFrontend (366)
[2017.03.25-20.42.22:109][413]LogModuleManager: Shutting down and abandoning module ProfilerClient (364)
[2017.03.25-20.42.22:109][413]LogModuleManager: Shutting down and abandoning module DeviceManager (362)
[2017.03.25-20.42.22:109][413]LogModuleManager: Shutting down and abandoning module TargetDeviceServices (361)
[2017.03.25-20.42.22:152][413]LogModuleManager: Shutting down and abandoning module AutomationController (358)
[2017.03.25-20.42.22:152][413]LogModuleManager: Shutting down and abandoning module AutomationWindow (356)
[2017.03.25-20.42.22:152][413]LogModuleManager: Shutting down and abandoning module Layers (354)
[2017.03.25-20.42.22:152][413]LogModuleManager: Shutting down and abandoning module ComponentVisualizers (352)
[2017.03.25-20.42.22:152][413]LogModuleManager: Shutting down and abandoning module DetailCustomizations (350)
[2017.03.25-20.42.22:152][413]LogModuleManager: Shutting down and abandoning module PackagesDialog (348)
[2017.03.25-20.42.22:152][413]LogModuleManager: Shutting down and abandoning module Persona (346)
[2017.03.25-20.42.22:152][413]LogModuleManager: Shutting down and abandoning module AnimGraph (345)
[2017.03.25-20.42.22:152][413]LogModuleManager: Shutting down and abandoning module Kismet (342)
[2017.03.25-20.42.22:159][413]LogModuleManager: Shutting down and abandoning module GraphEditor (340)
[2017.03.25-20.42.22:159][413]LogModuleManager: Shutting down and abandoning module ClassViewer (338)
[2017.03.25-20.42.22:159][413]LogModuleManager: Shutting down and abandoning module Toolbox (336)
[2017.03.25-20.42.22:159][413]LogModuleManager: Shutting down and abandoning module ModuleUI (334)
[2017.03.25-20.42.22:159][413]LogModuleManager: Shutting down and abandoning module MovieSceneTools (332)
[2017.03.25-20.42.22:159][413]LogModuleManager: Shutting down and abandoning module OutputLog (330)
[2017.03.25-20.42.22:159][413]LogModuleManager: Shutting down and abandoning module GammaUI (328)
[2017.03.25-20.42.22:159][413]LogModuleManager: Shutting down and abandoning module Documentation (326)
[2017.03.25-20.42.22:159][413]LogModuleManager: Shutting down and abandoning module Niagara (324)
[2017.03.25-20.42.22:159][413]LogModuleManager: Shutting down and abandoning module StreamingPauseRendering (322)
[2017.03.25-20.42.22:159][413]LogModuleManager: Shutting down and abandoning module AnalyticsET (320)
[2017.03.25-20.42.22:159][413]LogModuleManager: Shutting down and abandoning module PortalServices (318)
[2017.03.25-20.42.22:159][413]LogModuleManager: Shutting down and abandoning module PortalRpc (316)
[2017.03.25-20.42.22:159][413]LogModuleManager: Shutting down and abandoning module MessagingRpc (314)
[2017.03.25-20.42.22:159][413]LogModuleManager: Shutting down and abandoning module AIModule (312)
[2017.03.25-20.42.22:159][413]LogModuleManager: Shutting down and abandoning module GameplayDebugger (311)
[2017.03.25-20.42.22:159][413]LogModuleManager: Shutting down and abandoning module AITestSuite (309)
[2017.03.25-20.42.22:159][413]LogModuleManager: Shutting down and abandoning module ProfilerService (306)
[2017.03.25-20.42.22:393][413]LogModuleManager: Shutting down and abandoning module TaskGraph (304)
[2017.03.25-20.42.22:393][413]LogModuleManager: Shutting down and abandoning module SteamVRController (302)
[2017.03.25-20.42.22:393][413]LogModuleManager: Shutting down and abandoning module SteamVR (300)
[2017.03.25-20.42.22:393][413]LogModuleManager: Shutting down and abandoning module ProceduralMeshComponentEditor (298)
[2017.03.25-20.42.22:393][413]LogModuleManager: Shutting down and abandoning module ProceduralMeshComponent (296)
[2017.03.25-20.42.22:393][413]LogModuleManager: Shutting down and abandoning module OculusLibrary (294)
[2017.03.25-20.42.22:393][413]LogModuleManager: Shutting down and abandoning module OculusInput (292)
[2017.03.25-20.42.22:393][413]LogModuleManager: Shutting down and abandoning module MobilePatchingUtils (290)
[2017.03.25-20.42.22:393][413]LogModuleManager: Shutting down and abandoning module CustomMeshComponent (288)
[2017.03.25-20.42.22:393][413]LogModuleManager: Shutting down and abandoning module CableComponent (286)
[2017.03.25-20.42.22:393][413]LogModuleManager: Shutting down and abandoning module ArchVisCharacter (284)
[2017.03.25-20.42.22:393][413]LogModuleManager: Shutting down and abandoning module MediaPlayerEditor (280)
[2017.03.25-20.42.22:393][413]LogModuleManager: Shutting down and abandoning module HTML5Networking (278)
[2017.03.25-20.42.22:393][413]LogModuleManager: Shutting down and abandoning module AlembicImporter (276)
[2017.03.25-20.42.22:393][413]LogModuleManager: Shutting down and abandoning module AlembicLibrary (275)
[2017.03.25-20.42.22:393][413]LogModuleManager: Shutting down and abandoning module GeometryCache (274)
[2017.03.25-20.42.22:393][413]LogModuleManager: Shutting down and abandoning module GeometryCacheEd (273)
[2017.03.25-20.42.22:393][413]LogModuleManager: Shutting down and abandoning module SuperSearchEditor (268)
[2017.03.25-20.42.22:393][413]LogModuleManager: Shutting down and abandoning module SuperSearch (267)
[2017.03.25-20.42.22:393][413]LogModuleManager: Shutting down and abandoning module SpeedTreeImporter (264)
[2017.03.25-20.42.22:393][413]LogModuleManager: Shutting down and abandoning module PluginBrowser (262)
[2017.03.25-20.42.22:393][413]LogModuleManager: Shutting down and abandoning module MobileLauncherProfileWizard (260)
[2017.03.25-20.42.22:393][413]LogModuleManager: Shutting down and abandoning module EpicSurvey (258)
[2017.03.25-20.42.22:393][413]LogModuleManager: Shutting down and abandoning module VisualStudioSourceCodeAccess (256)
[2017.03.25-20.42.22:394][413]LogModuleManager: Shutting down and abandoning module DesktopPlatform (255)
[2017.03.25-20.42.22:394][413]LogModuleManager: Shutting down and abandoning module UObjectPlugin (252)
[2017.03.25-20.42.22:394][413]LogModuleManager: Shutting down and abandoning module SubversionSourceControl (250)
[2017.03.25-20.42.22:394][413]LogModuleManager: Shutting down and abandoning module PerforceSourceControl (248)
[2017.03.25-20.42.22:394][413]LogModuleManager: Shutting down and abandoning module GitSourceControl (246)
[2017.03.25-20.42.22:394][413]LogModuleManager: Shutting down and abandoning module SourceControl (245)
[2017.03.25-20.42.22:394][413]LogModuleManager: Shutting down and abandoning module LightPropagationVolumeEditor (242)
[2017.03.25-20.42.22:394][413]LogModuleManager: Shutting down and abandoning module PaperTiledImporter (240)
[2017.03.25-20.42.22:394][413]LogModuleManager: Shutting down and abandoning module PaperSpriteSheetImporter (238)
[2017.03.25-20.42.22:394][413]LogModuleManager: Shutting down and abandoning module Paper2DEditor (236)
[2017.03.25-20.42.22:394][413]LogModuleManager: Shutting down and abandoning module MeshPaint (235)
[2017.03.25-20.42.22:394][413]LogModuleManager: Shutting down and abandoning module LevelEditor (233)
[2017.03.25-20.42.22:395][413]LogModuleManager: Shutting down and abandoning module PixelInspectorModule (232)
[2017.03.25-20.42.22:395][413]LogModuleManager: Shutting down and abandoning module MainFrame (230)
[2017.03.25-20.42.22:395][413]LogModuleManager: Shutting down and abandoning module HotReload (229)
[2017.03.25-20.42.22:395][413]LogModuleManager: Shutting down and abandoning module ContentBrowser (225)
[2017.03.25-20.42.22:396][413]LogModuleManager: Shutting down and abandoning module PhysXVehiclesEditor (222)
[2017.03.25-20.42.22:396][413]LogModuleManager: Shutting down and abandoning module PhysXVehicles (220)
[2017.03.25-20.42.22:396][413]LogModuleManager: Shutting down and abandoning module LocationServicesBPLibrary (218)
[2017.03.25-20.42.22:396][413]LogModuleManager: Shutting down and abandoning module UdpMessaging (216)
[2017.03.25-20.42.22:497][413]LogModuleManager: Shutting down and abandoning module TcpMessaging (214)
[2017.03.25-20.42.22:602][413]LogModuleManager: Shutting down and abandoning module GameplayTagsEditor (212)
[2017.03.25-20.42.22:602][413]LogModuleManager: Shutting down and abandoning module FacialAnimationEditor (210)
[2017.03.25-20.42.22:602][413]LogModuleManager: Shutting down and abandoning module FacialAnimation (208)
[2017.03.25-20.42.22:602][413]LogModuleManager: Shutting down and abandoning module LightPropagationVolumeRuntime (206)
[2017.03.25-20.42.22:602][413]LogModuleManager: Shutting down and abandoning module Paper2D (204)
[2017.03.25-20.42.22:602][413]LogModuleManager: Shutting down and abandoning module WindowsMoviePlayer (202)
[2017.03.25-20.42.22:602][413]LogModuleManager: Shutting down and abandoning module WmfMedia (200)
[2017.03.25-20.42.22:602][413]LogModuleManager: Shutting down and abandoning module MfMedia (198)
[2017.03.25-20.42.22:602][413]LogModuleManager: Shutting down and abandoning module MediaAssets (196)
[2017.03.25-20.42.22:602][413]LogModuleManager: Shutting down and abandoning module GameLiveStreaming (194)
[2017.03.25-20.42.22:602][413]LogModuleManager: Shutting down and abandoning module VREditor (192)
[2017.03.25-20.42.22:602][413]LogModuleManager: Shutting down and abandoning module GameplayTasksEditor (190)
[2017.03.25-20.42.22:602][413]LogModuleManager: Shutting down and abandoning module BehaviorTreeEditor (188)
[2017.03.25-20.42.22:602][413]LogModuleManager: Shutting down and abandoning module FunctionalTesting (186)
[2017.03.25-20.42.22:602][413]LogModuleManager: Shutting down and abandoning module CollisionAnalyzer (184)
[2017.03.25-20.42.22:602][413]LogModuleManager: Shutting down and abandoning module UMG (182)
[2017.03.25-20.42.22:602][413]LogModuleManager: Shutting down and abandoning module UMGEditor (181)
[2017.03.25-20.42.22:602][413]LogModuleManager: Shutting down and abandoning module Sequencer (180)
[2017.03.25-20.42.22:602][413]LogModuleManager: Shutting down and abandoning module AssetTools (178)
[2017.03.25-20.42.22:602][413]LogModuleManager: Shutting down and abandoning module MessageLog (177)
[2017.03.25-20.42.22:602][413]LogModuleManager: Shutting down and abandoning module WorkspaceMenuStructure (176)
[2017.03.25-20.42.22:602][413]LogModuleManager: Shutting down and abandoning module SlateReflector (170)
[2017.03.25-20.42.22:602][413]LogModuleManager: Shutting down and abandoning module Slate (168)
[2017.03.25-20.42.22:602][413]LogModuleManager: Shutting down and abandoning module EditorStyle (166)
[2017.03.25-20.42.22:604][413]LogModuleManager: Shutting down and abandoning module SourceCodeAccess (164)
[2017.03.25-20.42.22:604][413]LogModuleManager: Shutting down and abandoning module HeadMountedDisplay (162)
[2017.03.25-20.42.22:604][413]LogModuleManager: Shutting down and abandoning module XAudio2 (160)
[2017.03.25-20.42.22:604][413]LogModuleManager: Shutting down and abandoning module Networking (158)
[2017.03.25-20.42.22:604][413]LogModuleManager: Shutting down and abandoning module Core (154)
[2017.03.25-20.42.22:604][413]LogModuleManager: Shutting down and abandoning module AssetRegistry (152)
[2017.03.25-20.42.22:799][413]LogDirectoryWatcher: A directory notification for '../../../Engine/Content/' was aborted.
[2017.03.25-20.42.22:799][413]LogDirectoryWatcher: A directory notification for 'E:/Quantum/Content/' was aborted.
[2017.03.25-20.42.22:799][413]LogDirectoryWatcher: A directory notification for '../../../Engine/Plugins/2D/Paper2D/Content/' was aborted.
[2017.03.25-20.42.22:799][413]LogModuleManager: Shutting down and abandoning module DirectoryWatcher (151)
[2017.03.25-20.42.22:799][413]LogModuleManager: Shutting down and abandoning module KismetCompiler (148)
[2017.03.25-20.42.22:799][413]LogModuleManager: Shutting down and abandoning module PhysXFormats (146)
[2017.03.25-20.42.22:799][413]LogModuleManager: Shutting down and abandoning module MeshUtilities (144)
[2017.03.25-20.42.22:799][413]LogModuleManager: Shutting down and abandoning module SimplygonSwarm (143)
[2017.03.25-20.42.22:799][413]LogModuleManager: Shutting down and abandoning module SimplygonMeshReduction (141)
[2017.03.25-20.42.22:799][413]LogModuleManager: Shutting down and abandoning module QuadricMeshReduction (139)
[2017.03.25-20.42.22:799][413]LogModuleManager: Shutting down and abandoning module PropertyEditor (137)
[2017.03.25-20.42.22:799][413]LogModuleManager: Shutting down and abandoning module DerivedDataCache (134)
[2017.03.25-20.42.22:843][413]LogDerivedDataCache: Shutdown
[2017.03.25-20.42.22:843][413]LogModuleManager: Shutting down and abandoning module TargetPlatform (132)
[2017.03.25-20.42.22:843][413]LogModuleManager: Shutting down and abandoning module VulkanShaderFormat (131)
[2017.03.25-20.42.22:843][413]LogModuleManager: Shutting down and abandoning module ShaderFormatOpenGL (129)
[2017.03.25-20.42.22:843][413]LogModuleManager: Shutting down and abandoning module ShaderFormatD3D (127)
[2017.03.25-20.42.22:844][413]LogModuleManager: Shutting down and abandoning module MetalShaderFormat (125)
[2017.03.25-20.42.22:844][413]LogModuleManager: Shutting down and abandoning module TextureFormatUncompressed (123)
[2017.03.25-20.42.22:844][413]LogModuleManager: Shutting down and abandoning module TextureFormatPVR (121)
[2017.03.25-20.42.22:844][413]LogModuleManager: Shutting down and abandoning module TextureFormatDXT (119)
[2017.03.25-20.42.22:844][413]LogModuleManager: Shutting down and abandoning module TextureFormatIntelISPCTexComp (117)
[2017.03.25-20.42.22:844][413]LogModuleManager: Shutting down and abandoning module TextureFormatASTC (115)
[2017.03.25-20.42.22:845][413]LogModuleManager: Shutting down and abandoning module ImageWrapper (114)
[2017.03.25-20.42.22:845][413]LogModuleManager: Shutting down and abandoning module TextureFormatAndroid (111)
[2017.03.25-20.42.22:845][413]LogModuleManager: Shutting down and abandoning module AudioFormatOpus (109)
[2017.03.25-20.42.22:845][413]LogModuleManager: Shutting down and abandoning module AudioFormatOgg (107)
[2017.03.25-20.42.22:845][413]LogModuleManager: Shutting down and abandoning module AudioFormatADPCM (105)
[2017.03.25-20.42.22:845][413]LogModuleManager: Shutting down and abandoning module LinuxTargetPlatform (103)
[2017.03.25-20.42.22:845][413]LogModuleManager: Shutting down and abandoning module LinuxServerTargetPlatform (101)
[2017.03.25-20.42.22:845][413]LogModuleManager: Shutting down and abandoning module LinuxNoEditorTargetPlatform (99)
[2017.03.25-20.42.22:845][413]LogModuleManager: Shutting down and abandoning module LinuxClientTargetPlatform (97)
[2017.03.25-20.42.22:845][413]LogModuleManager: Shutting down and abandoning module TVOSTargetPlatform (95)
[2017.03.25-20.42.22:845][413]LogModuleManager: Shutting down and abandoning module Messaging (93)
[2017.03.25-20.42.22:845][413]LogModuleManager: Shutting down and abandoning module IOSTargetPlatform (91)
[2017.03.25-20.42.22:845][413]LogModuleManager: Shutting down and abandoning module HTML5TargetPlatform (89)
[2017.03.25-20.42.22:845][413]LogModuleManager: Shutting down and abandoning module Android_PVRTCTargetPlatform (87)
[2017.03.25-20.42.22:845][413]LogModuleManager: Shutting down and abandoning module Android_MultiTargetPlatform (85)
[2017.03.25-20.42.22:845][413]LogModuleManager: Shutting down and abandoning module Android_ETC2TargetPlatform (83)
[2017.03.25-20.42.22:845][413]LogModuleManager: Shutting down and abandoning module Android_ETC1TargetPlatform (81)
[2017.03.25-20.42.22:845][413]LogModuleManager: Shutting down and abandoning module Android_DXTTargetPlatform (79)
[2017.03.25-20.42.22:845][413]LogModuleManager: Shutting down and abandoning module Android_ATCTargetPlatform (77)
[2017.03.25-20.42.22:845][413]LogModuleManager: Shutting down and abandoning module Android_ASTCTargetPlatform (75)
[2017.03.25-20.42.22:845][413]LogModuleManager: Shutting down and abandoning module AndroidTargetPlatform (73)
[2017.03.25-20.42.22:845][413]LogModuleManager: Shutting down and abandoning module WindowsTargetPlatform (71)
[2017.03.25-20.42.22:845][413]LogModuleManager: Shutting down and abandoning module WindowsServerTargetPlatform (69)
[2017.03.25-20.42.22:845][413]LogModuleManager: Shutting down and abandoning module WindowsNoEditorTargetPlatform (67)
[2017.03.25-20.42.22:845][413]LogModuleManager: Shutting down and abandoning module WindowsClientTargetPlatform (65)
[2017.03.25-20.42.22:845][413]LogModuleManager: Shutting down and abandoning module MacTargetPlatform (63)
[2017.03.25-20.42.22:845][413]LogModuleManager: Shutting down and abandoning module MacServerTargetPlatform (61)
[2017.03.25-20.42.22:845][413]LogModuleManager: Shutting down and abandoning module MacNoEditorTargetPlatform (59)
[2017.03.25-20.42.22:845][413]LogModuleManager: Shutting down and abandoning module MacClientTargetPlatform (57)
[2017.03.25-20.42.22:845][413]LogModuleManager: Shutting down and abandoning module AllDesktopTargetPlatform (55)
[2017.03.25-20.42.22:845][413]LogModuleManager: Shutting down and abandoning module InputCore (52)
[2017.03.25-20.42.22:845][413]LogModuleManager: Shutting down and abandoning module Settings (50)
[2017.03.25-20.42.22:845][413]LogModuleManager: Shutting down and abandoning module OculusRift (48)
[2017.03.25-20.42.22:845][413]LogModuleManager: Shutting down and abandoning module GearVR (46)
[2017.03.25-20.42.22:845][413]LogModuleManager: Shutting down and abandoning module ExampleDeviceProfileSelector (44)
[2017.03.25-20.42.22:845][413]LogModuleManager: Shutting down and abandoning module OnlineBlueprintSupport (42)
[2017.03.25-20.42.22:845][413]LogModuleManager: Shutting down and abandoning module OnlineSubsystem (38)
[2017.03.25-20.42.22:845][413]LogOnline:Display: Unloading online subsystem: NULL
[2017.03.25-20.42.22:845][413]LogModuleManager: Shutting down and abandoning module XMPP (37)
[2017.03.25-20.42.22:845][413]LogModuleManager: Shutting down and abandoning module HTTP (35)
[2017.03.25-20.42.22:845][413]LogHttp:Display: Http module shutting down, but needs to wait on 1 outstanding Http requests:
[2017.03.25-20.42.22:845][413]LogHttp:Display: 	verb=[POST] url=[https://datarouter.ol.epicgames.com/datarouter/api/v1/public/data?SessionID=%7B01C2642F-4D06-5E91-94A1-E4B14E2131E2%7D&AppID=UEEditor.Rocket.Release&AppVersion=4.15.1-3348071%2B%2B%2BUE4%2BRelease-4.15&UserID=d216f3934841911196f38fbea46ed9ea%7Cb51ba83205af482cbc94873afb168383%7C29a1b203-6483-41ba-9fad-41b3ec1343b4&AppEnvironment=datacollector-binary&UploadType=eteventstream] status=Processing
[2017.03.25-20.42.22:876][413]LogModuleManager: Shutting down and abandoning module SSL (34)
[2017.03.25-20.42.22:877][413]LogModuleManager: Shutting down and abandoning module AudioEditor (30)
[2017.03.25-20.42.22:877][413]LogModuleManager: Shutting down and abandoning module TextureCompressor (28)
[2017.03.25-20.42.22:877][413]LogModuleManager: Shutting down and abandoning module ShaderCore (26)
[2017.03.25-20.42.22:877][413]LogModuleManager: Shutting down and abandoning module Landscape (24)
[2017.03.25-20.42.22:877][413]LogModuleManager: Shutting down and abandoning module SlateRHIRenderer (22)
[2017.03.25-20.42.22:880][413]LogModuleManager: Shutting down and abandoning module OpenGLDrv (20)
[2017.03.25-20.42.22:880][413]LogModuleManager: Shutting down and abandoning module D3D11RHI (18)
[2017.03.25-20.42.22:880][413]LogModuleManager: Shutting down and abandoning module AnimGraphRuntime (16)
[2017.03.25-20.42.22:880][413]LogModuleManager: Shutting down and abandoning module Renderer (14)
[2017.03.25-20.42.22:880][413]LogModuleManager: Shutting down and abandoning module Engine (12)
[2017.03.25-20.42.22:880][413]LogModuleManager: Shutting down and abandoning module CoreUObject (10)
[2017.03.25-20.42.22:880][413]LogModuleManager: Shutting down and abandoning module NetworkFile (8)
[2017.03.25-20.42.22:880][413]LogModuleManager: Shutting down and abandoning module StreamingFile (6)
[2017.03.25-20.42.22:880][413]LogModuleManager: Shutting down and abandoning module SandboxFile (4)
[2017.03.25-20.42.22:880][413]LogModuleManager: Shutting down and abandoning module PakFile (2)
[2017.03.25-20.42.22:882][413]LogExit: Exiting.
[2017.03.25-20.42.22:895][413]Log file closed, 03/26/17 03:42:22
