Log file open, 04/19/17 08:49:11
LogInit:Display: Running engine for game: Quantum
LogPlatformFile: Not using cached read wrapper
LogInit:Display: RandInit(-1358444166) SRandInit(-1358444166).
LogTaskGraph: Started task graph with 5 named threads and 8 total threads with 1 sets of task threads.
LogStats: Stats thread started at 0.077414
LogInit: Using libcurl 7.47.1
LogInit:  - built for x86_64-pc-win32
LogInit:  - supports SSL with OpenSSL/1.0.2g
LogInit:  - supports HTTP deflate (compression) using libz 1.2.8
LogInit:  - other features:
LogInit:      CURL_VERSION_SSL
LogInit:      CURL_VERSION_LIBZ
LogInit:      CURL_VERSION_IPV6
LogInit:      CURL_VERSION_ASYNCHDNS
LogInit:      CURL_VERSION_LARGEFILE
LogInit:      CURL_VERSION_IDN
LogInit:  CurlRequestOptions (configurable via config and command line):
LogInit:  - bVerifyPeer = false  - Libcurl will NOT verify peer certificate
LogInit:  - bUseHttpProxy = false  - Libcurl will NOT use HTTP proxy
LogInit:  - bDontReuseConnections = false  - Libcurl will reuse connections
LogInit:  - CertBundlePath = nullptr  - Libcurl will use whatever was configured at build time.
LogInit: Build: ++UE4+Release-4.15-CL-3348071
LogInit: Engine Version: 4.15.1-3348071+++UE4+Release-4.15
LogInit: Compatible Engine Version: 4.15.0-3299760+++UE4+Release-4.15
LogInit: Net CL: 3299760
LogDevObjectVersion: Number of dev versions registered: 14
LogDevObjectVersion:   Dev-Blueprints (B0D832E4-1F89-4F0D-ACCF-7EB736FD4AA2): 8
LogDevObjectVersion:   Dev-Build (E1C64328-A22C-4D53-A36C-8E866417BD8C): 0
LogDevObjectVersion:   Dev-Core (375EC13C-06E4-48FB-B500-84F0262A717E): 2
LogDevObjectVersion:   Dev-Editor (E4B068ED-F494-42E9-A231-DA0B2E46BB41): 14
LogDevObjectVersion:   Dev-Framework (CFFC743F-43B0-4480-9391-14DF171D2073): 22
LogDevObjectVersion:   Dev-Mobile (B02B49B5-BB20-44E9-A304-32B752E40360): 0
LogDevObjectVersion:   Dev-Networking (A4E4105C-59A1-49B5-A7C5-40C4547EDFEE): 0
LogDevObjectVersion:   Dev-Online (39C831C9-5AE6-47DC-9A44-9C173E1C8E7C): 0
LogDevObjectVersion:   Dev-Physics (78F01B33-EBEA-4F98-B9B4-84EACCB95AA2): 0
LogDevObjectVersion:   Dev-Platform (6631380F-2D4D-43E0-8009-CF276956A95A): 0
LogDevObjectVersion:   Dev-Rendering (12F88B9F-8875-4AFC-A67C-D90C383ABD29): 12
LogDevObjectVersion:   Dev-Sequencer (7B5AE74C-D270-4C10-A958-57980B212A5A): 3
LogDevObjectVersion:   Dev-VR (D7296918-1DD6-4BDD-9DE2-64A83CC13884): 0
LogDevObjectVersion:   Dev-LoadTimes (C2A15278-BFE7-4AFE-6C17-90FF531DF755): 1
LogInit: Compiled (64-bit): Mar 15 2017 16:52:47
LogInit: Compiled with Visual C++: 19.00.23026.00
LogInit: Build Configuration: Development
LogInit: Branch Name: ++UE4+Release-4.15
LogInit: Command line: -EpicPortal 
LogInit: Base directory: C:/Program Files/Epic Games/UE_4.15/Engine/Binaries/Win64/
LogInit: Installed Engine Build: 1
LogInit: Presizing for max 8388607 objects, including 0 objects not considered by GC, pre-allocating 0 bytes for permanent pool.
LogInit: Object subsystem initialized
[2017.04.19-15.49.12:484][  0]LogInit: Selected Device Profile: [Windows]
[2017.04.19-15.49.12:484][  0]LogInit: Applying CVar settings loaded from the selected device profile: [Windows]
[2017.04.19-15.49.12:499][  0]LogInit: Computer: DESKTOP-QJNQDHH
[2017.04.19-15.49.12:499][  0]LogInit: User: Proto
[2017.04.19-15.49.12:499][  0]LogInit: CPU Page size=65536, Cores=4
[2017.04.19-15.49.12:499][  0]LogInit: High frequency timer resolution =3.328122 MHz
[2017.04.19-15.49.12:499][  0]LogMemory: Memory total: Physical=16.0GB (16GB approx)
[2017.04.19-15.49.12:499][  0]LogMemory: Platform Memory Stats for Windows
[2017.04.19-15.49.12:499][  0]LogMemory: Process Physical Memory: 262.14 MB used, 262.14 MB peak
[2017.04.19-15.49.12:499][  0]LogMemory: Process Virtual Memory: 262.18 MB used, 262.18 MB peak
[2017.04.19-15.49.12:499][  0]LogMemory: Physical Memory: 6667.07 MB used,  9675.66 MB free, 16342.73 MB total
[2017.04.19-15.49.12:499][  0]LogMemory: Virtual Memory: 643.81 MB used,  9675.66 MB free, 134217728.00 MB total
[2017.04.19-15.49.12:581][  0]LogTextLocalizationManager: No specific translations for ('en-US') exist, so ('en') translations will be used.
[2017.04.19-15.49.13:170][  0]LogD3D11RHI: D3D11 adapters:
[2017.04.19-15.49.13:708][  0]LogD3D11RHI:    0. 'NVIDIA GeForce GTX 1060 6GB' (Feature Level 11_0)
[2017.04.19-15.49.13:708][  0]LogD3D11RHI:       6084/0/8171 MB DedicatedVideo/DedicatedSystem/SharedSystem, Outputs:2, VendorId:0x10de
[2017.04.19-15.49.13:709][  0]LogD3D11RHI:    1. 'Microsoft Basic Render Driver' (Feature Level 11_0)
[2017.04.19-15.49.13:710][  0]LogD3D11RHI:       0/0/8171 MB DedicatedVideo/DedicatedSystem/SharedSystem, Outputs:0, VendorId:0x1414
[2017.04.19-15.49.13:710][  0]LogD3D11RHI: Chosen D3D11 Adapter: 0
[2017.04.19-15.49.13:715][  0]LogD3D11RHI: Creating new Direct3DDevice
[2017.04.19-15.49.13:715][  0]LogD3D11RHI:     GPU DeviceId: 0x1c03 (for the marketing name, search the web for "GPU Device Id")
[2017.04.19-15.49.13:715][  0]LogWindows: EnumDisplayDevices:
[2017.04.19-15.49.13:715][  0]LogWindows:    0. 'NVIDIA GeForce GTX 1060 6GB' (P:0 D:1)
[2017.04.19-15.49.13:715][  0]LogWindows:    1. 'NVIDIA GeForce GTX 1060 6GB' (P:1 D:1)
[2017.04.19-15.49.13:716][  0]LogWindows:    2. 'NVIDIA GeForce GTX 1060 6GB' (P:0 D:0)
[2017.04.19-15.49.13:716][  0]LogWindows:    3. 'NVIDIA GeForce GTX 1060 6GB' (P:0 D:0)
[2017.04.19-15.49.13:716][  0]LogWindows: DebugString: FoundDriverCount:4 
[2017.04.19-15.49.13:716][  0]LogD3D11RHI:     Adapter Name: NVIDIA GeForce GTX 1060 6GB
[2017.04.19-15.49.13:716][  0]LogD3D11RHI:   Driver Version: 381.65 (internal:22.21.13.8165, unified:381.65)
[2017.04.19-15.49.13:716][  0]LogD3D11RHI:      Driver Date: 3-31-2017
[2017.04.19-15.49.13:716][  0]LogRHI: Texture pool is 1361 MB (70% of 1945 MB)
[2017.04.19-15.49.14:257][  0]LogD3D11RHI: Async texture creation enabled
[2017.04.19-15.49.14:290][  0]LogD3D11RHI: GPU Timing Frequency: 1000.000000 (Debug: 2 1)
[2017.04.19-15.49.14:383][  0]LogShaderCompilers: Guid format shader working directory is 36 characters bigger than the processId version (E:/Quantum/Intermediate/Shaders/WorkingDirectory/5348/).
[2017.04.19-15.49.14:383][  0]LogShaderCompilers: Cleaned the shader compiler working directory 'C:/Users/Proto/AppData/Local/Temp/UnrealShaderWorkingDir/1BC040DD43FB298FB3688283F66D1E1A/'.
[2017.04.19-15.49.14:383][  0]LogShaderCompilers:Display: Using Local Shader Compiler.
[2017.04.19-15.49.15:333][  0]LogTemp:Display: Loaded TP AllDesktopTargetPlatform
[2017.04.19-15.49.15:380][  0]LogTemp:Display: Loaded TP MacClientTargetPlatform
[2017.04.19-15.49.15:428][  0]LogTemp:Display: Loaded TP MacNoEditorTargetPlatform
[2017.04.19-15.49.15:476][  0]LogTemp:Display: Loaded TP MacServerTargetPlatform
[2017.04.19-15.49.15:523][  0]LogTemp:Display: Loaded TP MacTargetPlatform
[2017.04.19-15.49.15:572][  0]LogTemp:Display: Loaded TP WindowsClientTargetPlatform
[2017.04.19-15.49.15:621][  0]LogTemp:Display: Loaded TP WindowsNoEditorTargetPlatform
[2017.04.19-15.49.15:676][  0]LogTemp:Display: Loaded TP WindowsServerTargetPlatform
[2017.04.19-15.49.15:715][  0]LogTemp:Display: Loaded TP WindowsTargetPlatform
[2017.04.19-15.49.15:764][  0]LogTemp:Display: Loaded TP AndroidTargetPlatform
[2017.04.19-15.49.15:811][  0]LogTemp:Display: Loaded TP Android_ASTCTargetPlatform
[2017.04.19-15.49.15:859][  0]LogTemp:Display: Loaded TP Android_ATCTargetPlatform
[2017.04.19-15.49.15:905][  0]LogTemp:Display: Loaded TP Android_DXTTargetPlatform
[2017.04.19-15.49.15:954][  0]LogTemp:Display: Loaded TP Android_ETC1TargetPlatform
[2017.04.19-15.49.16:002][  0]LogTemp:Display: Loaded TP Android_ETC2TargetPlatform
[2017.04.19-15.49.16:093][  0]LogTemp:Display: Loaded TP Android_MultiTargetPlatform
[2017.04.19-15.49.16:093][  0]LogTemp:Display: Loaded TP Android_PVRTCTargetPlatform
[2017.04.19-15.49.16:129][  0]LogTemp:Display: Loaded TP HTML5TargetPlatform
[2017.04.19-15.49.16:216][  0]LogTemp:Display: Loaded TP IOSTargetPlatform
[2017.04.19-15.49.16:249][  0]LogTemp:Display: Loaded TP TVOSTargetPlatform
[2017.04.19-15.49.16:293][  0]LogTemp:Display: Loaded TP LinuxClientTargetPlatform
[2017.04.19-15.49.16:340][  0]LogTemp:Display: Loaded TP LinuxNoEditorTargetPlatform
[2017.04.19-15.49.16:390][  0]LogTemp:Display: Loaded TP LinuxServerTargetPlatform
[2017.04.19-15.49.16:439][  0]LogTemp:Display: Loaded TP LinuxTargetPlatform
[2017.04.19-15.49.16:439][  0]LogTargetPlatformManager:Display: Building Assets For Windows
[2017.04.19-15.49.16:825][  0]LogDerivedDataCache:Display: Max Cache Size: 512 MB
[2017.04.19-15.49.16:877][  0]LogDerivedDataCache: Loaded boot cache 0.05s 50MB C:/Users/Proto/AppData/Local/UnrealEngine/4.15/DerivedDataCache/Boot.ddc.
[2017.04.19-15.49.16:877][  0]LogDerivedDataCache:Display: Loaded Boot cache: C:/Users/Proto/AppData/Local/UnrealEngine/4.15/DerivedDataCache/Boot.ddc
[2017.04.19-15.49.16:877][  0]LogDerivedDataCache: FDerivedDataBackendGraph:  Pak pak cache file E:/Quantum/DerivedDataCache/DDC.ddp not found, will not use a pak cache.
[2017.04.19-15.49.16:877][  0]LogDerivedDataCache: Unable to find inner node Pak for hierarchical cache Hierarchy.
[2017.04.19-15.49.16:877][  0]LogDerivedDataCache: FDerivedDataBackendGraph:  CompressedPak pak cache file E:/Quantum/DerivedDataCache/Compressed.ddp not found, will not use a pak cache.
[2017.04.19-15.49.16:877][  0]LogDerivedDataCache: Unable to find inner node CompressedPak for hierarchical cache Hierarchy.
[2017.04.19-15.49.16:894][  0]LogDerivedDataCache:Display: Pak cache opened for reading ../../../Engine/DerivedDataCache/Compressed.ddp.
[2017.04.19-15.49.16:906][  0]LogDerivedDataCache: Using Local data cache path C:/Users/Proto/AppData/Local/UnrealEngine/Common/DerivedDataCache: Writable
[2017.04.19-15.49.16:914][  0]LogSlate: Using Freetype 2.6.0
[2017.04.19-15.49.16:914][  0]LogSlate: SlateFontCache - WITH_FREETYPE: 1, WITH_HARFBUZZ: 1
[2017.04.19-15.49.16:914][  0]LogSlate: SlateFontCache - WITH_FREETYPE: 1, WITH_HARFBUZZ: 1
[2017.04.19-15.49.17:139][  0]LogInit: Selected Device Profile: [Windows]
[2017.04.19-15.49.17:141][  0]LogContentStreaming: Texture pool size is 0.00 MB
[2017.04.19-15.49.17:312][  0]LogMeshUtilities: Using QuadricMeshReduction for automatic static mesh reduction
[2017.04.19-15.49.17:347][  0]LogSimplygon: Simplygon DLL not present - disabling.
[2017.04.19-15.49.17:387][  0]LogMeshUtilities: Using SimplygonSwarm for distributed automatic mesh merging
[2017.04.19-15.49.17:387][  0]LogMeshUtilities: No automatic skeletal mesh reduction module available
[2017.04.19-15.49.17:387][  0]LogMeshUtilities: No automatic mesh merging module available
[2017.04.19-15.49.17:941][  0]LogNetVersion: GetLocalNetworkVersion: CL: 3299760, ProjectName: quantum, ProjectVersion: , EngineNetworkVersion: 2, GameNetworkVersion: 0, NetworkChecksum: 3234878722
[2017.04.19-15.49.17:984][  0]LogAssetRegistry: FAssetRegistry took 0.0211 seconds to start up
[2017.04.19-15.49.18:027][  0]LogPackageLocalizationCache: Processed 3 localized package path(s) for 2 prioritized culture(s) in 0.022121 seconds
[2017.04.19-15.49.18:032][  0]LogUObjectArray: 32493 objects as part of root set at end of initial load.
[2017.04.19-15.49.18:032][  0]LogUObjectAllocator: 7077032 out of 0 bytes used by permanent object pool.
[2017.04.19-15.49.18:032][  0]LogUObjectArray: CloseDisregardForGC: 0/0 objects in disregard for GC pool
[2017.04.19-15.49.18:090][  0]LogInit: WinSock: version 1.1 (2.2), MaxSocks=32767, MaxUdp=65467
[2017.04.19-15.49.19:631][  0]LogTcpMessaging: Initializing TcpMessaging bridge
[2017.04.19-15.49.19:667][  0]LogUdpMessaging: Initializing bridge on interface 0.0.0.0:0 to multicast group 230.0.0.1:6666.
[2017.04.19-15.49.20:107][  0]LogMaterial: Uniform references updated for custom material expression Custom.
[2017.04.19-15.49.20:484][  0]SourceControl: Info Source control is disabled
[2017.04.19-15.49.20:484][  0]SourceControl: Info Source control is disabled
[2017.04.19-15.49.20:532][  0]SourceControl: Info Source control is disabled
[2017.04.19-15.49.20:578][  0]SourceControl: Info Source control is disabled
[2017.04.19-15.49.21:821][  0]LogEngine: Initializing Engine...
[2017.04.19-15.49.21:822][  0]LogHMD: Failed to initialize OpenVR with code 110
[2017.04.19-15.49.22:058][  0]LogAIModule: Creating AISystem for world Untitled
[2017.04.19-15.49.22:065][  0]LogInit: XAudio2 using 'Headphones (High Definition Audio Device)' : 2 channels at 48 kHz using 16 bits per sample (channel mask 0x3)
[2017.04.19-15.49.22:076][  0]LogInit: FAudioDevice initialized.
[2017.04.19-15.49.22:109][  0]LogDerivedDataCache: Saved boot cache 0.03s 50MB C:/Users/Proto/AppData/Local/UnrealEngine/4.15/DerivedDataCache/Boot.ddc.
[2017.04.19-15.49.22:121][  0]LogInit: Texture streaming: Enabled
[2017.04.19-15.49.22:215][  0]LogEngineSessionManager: EngineSessionManager initialized
[2017.04.19-15.49.22:294][  0]LogInit: Transaction tracking system initialized
[2017.04.19-15.49.22:611][  0]BlueprintLog: New page: Editor Load
[2017.04.19-15.49.23:423][  0]LocalizationService: Info Localization service is disabled
[2017.04.19-15.49.24:029][  0]LogConsoleResponse:Display: 
[2017.04.19-15.49.24:176][  0]LogCook:Display: Max memory allowance for cook 16384mb min free memory 0mb
[2017.04.19-15.49.24:176][  0]LogCook:Display: Mobile HDR setting 1
[2017.04.19-15.49.24:583][  0]LogFileCache: Scanning file cache for directory 'E:/Quantum/Content/' took 0.01s
[2017.04.19-15.49.25:098][  0]SourceControl: Info Source control is disabled
[2017.04.19-15.49.25:098][  0]Cmd: MAP LOAD FILE="E:/Quantum/Content/Maps/TutorialMap.umap" TEMPLATE=0 SHOWPROGRESS=1 FEATURELEVEL=3
[2017.04.19-15.49.25:099][  0]LightingResults: New page: Lighting Build
[2017.04.19-15.49.25:132][  0]MapCheck: New page: Map Check
[2017.04.19-15.49.25:132][  0]LightingResults: New page: Lighting Build
[2017.04.19-15.49.29:297][  0]LogMaterial: Missing cached shader map for material PT_Laser_Mat, compiling. 
[2017.04.19-15.49.29:302][  0]LogTemp:Display: Added material ShaderMap 0x0000027C57D9B900 with Material 0x0000027C5494D300 to ShaderMapsBeingCompiled
[2017.04.19-15.49.29:323][  0]LogTemp:Display: Kicking off shader compilation for PT_Laser_Mat, GameThreadShaderMap 0x0000027C57D9B900
[2017.04.19-15.49.29:332][  0]LogStaticMesh: Building static mesh Laser...
[2017.04.19-15.49.29:352][  0]LogStaticMesh: Built static mesh [0.02s] /Game/StaticMesh/Laser.Laser
[2017.04.19-15.49.29:361][  0]LogMaterial: Missing cached shader map for material PT_Beam_Mat, compiling. 
[2017.04.19-15.49.29:362][  0]LogTemp:Display: Added material ShaderMap 0x0000027C57C39980 with Material 0x0000027C56199780 to ShaderMapsBeingCompiled
[2017.04.19-15.49.29:371][  0]LogTemp:Display: Kicking off shader compilation for PT_Beam_Mat, GameThreadShaderMap 0x0000027C57C39980
[2017.04.19-15.49.29:373][  0]LogMaterial: Missing cached shader map for material TheBox_Core_Mat, compiling. 
[2017.04.19-15.49.29:374][  0]LogTemp:Display: Added material ShaderMap 0x0000027C5702C800 with Material 0x0000027C561B4100 to ShaderMapsBeingCompiled
[2017.04.19-15.49.29:420][  0]LogTemp:Display: Kicking off shader compilation for TheBox_Core_Mat, GameThreadShaderMap 0x0000027C5702C800
[2017.04.19-15.49.29:422][  0]LogMaterial: Missing cached shader map for material HighMassMat, compiling. 
[2017.04.19-15.49.29:423][  0]LogTemp:Display: Added material ShaderMap 0x0000027C573E7580 with Material 0x0000027C561A4880 to ShaderMapsBeingCompiled
[2017.04.19-15.49.29:459][  0]LogTemp:Display: Kicking off shader compilation for HighMassMat, GameThreadShaderMap 0x0000027C573E7580
[2017.04.19-15.49.29:815][  0]LogTexture:Display: Building textures: Platform_Glass_OcclusionRoughnessMetallic (AutoDXT, 2048X2048) - 45 MB total VRAM
[2017.04.19-15.49.31:479][  0]LogTexture:Display: Building textures: Platform_Glass_Normal (BC5, 2048X2048) - 45 MB total VRAM
[2017.04.19-15.49.32:059][  0]LogTexture:Display: Building textures: Platform_Glass_BaseColor (AutoDXT, 2048X2048) - 45 MB total VRAM
[2017.04.19-15.49.32:725][  0]LogMaterial: Missing cached shader map for material Platform_Glass_Mat, compiling. 
[2017.04.19-15.49.32:726][  0]LogTemp:Display: Added material ShaderMap 0x0000027C6D82B580 with Material 0x0000027C564C2500 to ShaderMapsBeingCompiled
[2017.04.19-15.49.32:740][  0]LogTemp:Display: Kicking off shader compilation for Platform_Glass_Mat, GameThreadShaderMap 0x0000027C6D82B580
[2017.04.19-15.49.32:963][  0]LogTexture:Display: Building textures: Platform_Body_OcclusionRoughnessMetallic (AutoDXT, 2048X2048) - 45 MB total VRAM
[2017.04.19-15.49.34:810][  0]LogTexture:Display: Building textures: Platform_Body_Normal (BC5, 2048X2048) - 45 MB total VRAM
[2017.04.19-15.49.35:575][  0]LogTexture:Display: Building textures: Platform_Body_Emissive (AutoDXT, 2048X2048) - 45 MB total VRAM
[2017.04.19-15.49.36:408][  0]LogTexture:Display: Building textures: Platform_Body_BaseColor (AutoDXT, 2048X2048) - 45 MB total VRAM
[2017.04.19-15.49.37:426][  0]LogMaterial: Missing cached shader map for material Platform_Body_Mat, compiling. 
[2017.04.19-15.49.37:426][  0]LogTemp:Display: Added material ShaderMap 0x0000027C02F6AE80 with Material 0x0000027C564CCD00 to ShaderMapsBeingCompiled
[2017.04.19-15.49.37:449][  0]LogTemp:Display: Kicking off shader compilation for Platform_Body_Mat, GameThreadShaderMap 0x0000027C02F6AE80
[2017.04.19-15.49.37:450][  0]LogStaticMesh: Building static mesh Platform...
[2017.04.19-15.49.37:524][  0]LogStaticMesh: Built static mesh [0.07s] /Game/StaticMesh/Platform.Platform
[2017.04.19-15.49.38:118][  0]LogTexture:Display: Building textures: Turbine_Turbine_OcclusionRoughnessMetallic (AutoDXT, 2048X2048) - 45 MB total VRAM
[2017.04.19-15.49.41:841][  0]LogTexture:Display: Building textures: Turbine_Turbine_Normal (BC5, 2048X2048) - 45 MB total VRAM
[2017.04.19-15.49.42:971][  0]LogTexture:Display: Building textures: Turbine_Turbine_BaseColor (AutoDXT, 2048X2048) - 45 MB total VRAM
[2017.04.19-15.49.47:284][  0]LogMaterial: Missing cached shader map for material Turbine_Glass_Mat, compiling. 
[2017.04.19-15.49.47:285][  0]LogTemp:Display: Added material ShaderMap 0x0000027C54B0BC80 with Material 0x0000027C5659EF80 to ShaderMapsBeingCompiled
[2017.04.19-15.49.47:334][  0]LogTemp:Display: Kicking off shader compilation for Turbine_Glass_Mat, GameThreadShaderMap 0x0000027C54B0BC80
[2017.04.19-15.49.47:755][  0]LogTexture:Display: Building textures: Turbine_Body_OcclusionRoughnessMetallic (AutoDXT, 2048X2048) - 45 MB total VRAM
[2017.04.19-15.49.49:968][  0]LogTexture:Display: Building textures: Turbine_Body_Normal (BC5, 2048X2048) - 45 MB total VRAM
[2017.04.19-15.49.50:634][  0]LogTexture:Display: Building textures: Turbine_Body_Emissive (AutoDXT, 2048X2048) - 45 MB total VRAM
[2017.04.19-15.49.51:002][  0]LogStaticMesh: Building static mesh TurbineCollision...
[2017.04.19-15.49.51:003][  0]LogStaticMesh: Built static mesh [0.00s] /Game/CollisionMesh/TurbineCollision.TurbineCollision
[2017.04.19-15.49.51:007][  0]LoadErrors: Info The Animation  Turbine_Anim needs resave.
[2017.04.19-15.49.51:012][  0]LogAnimationCompression: Building Anim DDC data for AnimSequence /Game/SkeletonMesh/Turbine/Turbine_Anim.Turbine_Anim
[2017.04.19-15.49.51:291][  0]LogTexture:Display: Building textures: Turbine_Body_BaseColor (AutoDXT, 2048X2048) - 45 MB total VRAM
[2017.04.19-15.49.52:427][  0]LogMaterial: Missing cached shader map for material Turbine_Body_Mat, compiling. 
[2017.04.19-15.49.52:428][  0]LogTemp:Display: Added material ShaderMap 0x0000027C0448BC80 with Material 0x0000027C565BA200 to ShaderMapsBeingCompiled
[2017.04.19-15.49.52:472][  0]LogTemp:Display: Kicking off shader compilation for Turbine_Body_Mat, GameThreadShaderMap 0x0000027C0448BC80
[2017.04.19-15.49.52:473][  0]LogStaticMesh: Building static mesh ButtonBase...
[2017.04.19-15.49.52:486][  0]LogStaticMesh: Built static mesh [0.01s] /Game/StaticMesh/ButtonBase.ButtonBase
[2017.04.19-15.49.52:493][  0]LogStaticMesh: Building static mesh Button...
[2017.04.19-15.49.52:502][  0]LogStaticMesh: Built static mesh [0.01s] /Game/StaticMesh/Button.Button
[2017.04.19-15.49.52:758][  0]LogTexture:Display: Building textures: Button_Button_OcclusionRoughnessMetallic (AutoDXT, 2048X2048) - 45 MB total VRAM
[2017.04.19-15.49.54:005][  0]LogTexture:Display: Building textures: Button_Button_BaseColor (AutoDXT, 2048X2048) - 45 MB total VRAM
[2017.04.19-15.49.55:133][  0]LogTexture:Display: Building textures: Button_Button_Emissive (AutoDXT, 2048X2048) - 45 MB total VRAM
[2017.04.19-15.49.56:195][  0]LogTexture:Display: Building textures: Button_Button_Normal (BC5, 2048X2048) - 45 MB total VRAM
[2017.04.19-15.49.56:866][  0]LogMaterial: Missing cached shader map for material Button_Mat, compiling. 
[2017.04.19-15.49.56:873][  0]LogTemp:Display: Added material ShaderMap 0x0000027C0EE8BC80 with Material 0x0000027C56D70280 to ShaderMapsBeingCompiled
[2017.04.19-15.49.56:901][  0]LogTemp:Display: Kicking off shader compilation for Button_Mat, GameThreadShaderMap 0x0000027C0EE8BC80
[2017.04.19-15.49.56:903][  0]LogMaterial: Missing cached shader map for material Button_Base_Mat, compiling. 
[2017.04.19-15.49.56:904][  0]LogTemp:Display: Added material ShaderMap 0x0000027C063F6780 with Material 0x0000027C56D67D00 to ShaderMapsBeingCompiled
[2017.04.19-15.49.56:916][  0]LogTemp:Display: Kicking off shader compilation for Button_Base_Mat, GameThreadShaderMap 0x0000027C063F6780
[2017.04.19-15.49.56:918][  0]LogMaterial: Missing cached shader map for material DoorMat, compiling. 
[2017.04.19-15.49.56:919][  0]LogTemp:Display: Added material ShaderMap 0x0000027C062F0B80 with Material 0x0000027C56CA2F80 to ShaderMapsBeingCompiled
[2017.04.19-15.49.56:951][  0]LogTemp:Display: Kicking off shader compilation for DoorMat, GameThreadShaderMap 0x0000027C062F0B80
[2017.04.19-15.49.56:951][  0]LogAnimationCompression: Building Anim DDC data for AnimSequence /Game/SkeletonMesh/Door/Door_Anim_Armature_DoorOpen.Door_Anim_Armature_DoorOpen
[2017.04.19-15.49.56:951][  0]LogAnimationCompression: Building Anim DDC data for AnimSequence /Game/SkeletonMesh/Door/Door_Anim_Armature_DoorClose.Door_Anim_Armature_DoorClose
[2017.04.19-15.49.57:033][  0]LogTexture:Display: Building textures: HQ_Lightmap0_1 (AutoDXT, 512X512) - 45 MB total VRAM
[2017.04.19-15.49.57:108][  0]LogTexture:Display: Building textures: LQ_Lightmap_0_1 (DXT1, 512X512) - 45 MB total VRAM
[2017.04.19-15.49.57:131][  0]LogTexture:Display: Building textures: ShadowMapTexture2D_0 (G8, 512X128) - 45 MB total VRAM
[2017.04.19-15.49.57:296][  0]LogStaticMesh: Building static mesh TheBox...
[2017.04.19-15.49.57:380][  0]LogStaticMesh: Built static mesh [0.08s] /Game/StaticMesh/TheBox.TheBox
[2017.04.19-15.49.57:390][  0]LogMaterial: Missing cached shader map for material TheBoxMat, compiling. 
[2017.04.19-15.49.57:390][  0]LogTemp:Display: Added material ShaderMap 0x0000027C06816B00 with Material 0x0000027C561B7E80 to ShaderMapsBeingCompiled
[2017.04.19-15.49.57:421][  0]LogTemp:Display: Kicking off shader compilation for TheBoxMat, GameThreadShaderMap 0x0000027C06816B00
[2017.04.19-15.49.57:720][  0]LogTexture:Display: Building textures: TheBox_Body_BaseColor (AutoDXT, 2048X2048) - 46 MB total VRAM
[2017.04.19-15.49.59:442][  0]LogTexture:Display: Building textures: TheBox_Body_Normal (BC5, 2048X2048) - 46 MB total VRAM
[2017.04.19-15.50.00:134][  0]LogTexture:Display: Building textures: TheBox_Body_Emissive (AutoDXT, 2048X2048) - 46 MB total VRAM
[2017.04.19-15.50.00:890][  0]LogTexture:Display: Building textures: TheBox_Body_OcclusionRoughnessMetallic (AutoDXT, 2048X2048) - 46 MB total VRAM
[2017.04.19-15.50.02:900][  0]LogMaterial: Missing cached shader map for material TheBox_Body_Mat, compiling. 
[2017.04.19-15.50.02:900][  0]LogTemp:Display: Added material ShaderMap 0x0000027C08938F00 with Material 0x0000027C561B4D00 to ShaderMapsBeingCompiled
[2017.04.19-15.50.02:932][  0]LogTemp:Display: Kicking off shader compilation for TheBox_Body_Mat, GameThreadShaderMap 0x0000027C08938F00
[2017.04.19-15.50.02:934][  0]LogMaterial: Missing cached shader map for material LowMassMat, compiling. 
[2017.04.19-15.50.02:934][  0]LogTemp:Display: Added material ShaderMap 0x0000027C0CDCF580 with Material 0x0000027C6AA81600 to ShaderMapsBeingCompiled
[2017.04.19-15.50.02:967][  0]LogTemp:Display: Kicking off shader compilation for LowMassMat, GameThreadShaderMap 0x0000027C0CDCF580
[2017.04.19-15.50.03:131][  0]LogTexture:Display: Building textures: TheBox_Glass_Normal (BC5, 2048X2048) - 46 MB total VRAM
[2017.04.19-15.50.03:885][  0]LogTexture:Display: Building textures: TheBox_Glass_OcclusionRoughnessMetallic (AutoDXT, 2048X2048) - 46 MB total VRAM
[2017.04.19-15.50.04:624][  0]LogAnimationCompression: Building Anim DDC data for AnimSequence /Game/SkeletonMesh/TheBox_Core/TheBoxCore_Anim.TheBoxCore_Anim
[2017.04.19-15.50.04:748][  0]LogTexture:Display: Building textures: TheBox_Glass_BaseColor (AutoDXT, 2048X2048) - 46 MB total VRAM
[2017.04.19-15.50.07:082][  0]LogMaterial: Missing cached shader map for material TheBox_Glass_Mat, compiling. 
[2017.04.19-15.50.07:084][  0]LogTemp:Display: Added material ShaderMap 0x0000027C0D681D00 with Material 0x0000027C561A6680 to ShaderMapsBeingCompiled
[2017.04.19-15.50.07:134][  0]LogTemp:Display: Kicking off shader compilation for TheBox_Glass_Mat, GameThreadShaderMap 0x0000027C0D681D00
[2017.04.19-15.50.07:135][  0]LogAIModule: Creating AISystem for world TutorialMap
[2017.04.19-15.50.07:173][  0]LogTemp:Display: Finished compile of shader map 0x0000027C57D9B900
[2017.04.19-15.50.07:173][  0]LogTemp:Display: Shader map PT_Laser_Mat complete, GameThreadShaderMap 0x0000027C57D9B900, marking material PT_Laser_Mat as finished
[2017.04.19-15.50.07:173][  0]LogTemp:Display: Marking material as finished 0x0000027C5494D300
[2017.04.19-15.50.07:176][  0]LogTemp:Display: Finished compile of shader map 0x0000027C57C39980
[2017.04.19-15.50.07:176][  0]LogTemp:Display: Shader map PT_Beam_Mat complete, GameThreadShaderMap 0x0000027C57C39980, marking material PT_Beam_Mat as finished
[2017.04.19-15.50.07:176][  0]LogTemp:Display: Marking material as finished 0x0000027C56199780
[2017.04.19-15.50.07:237][  0]LogEditorServer: Finished looking for orphan Actors (0.000 secs)
[2017.04.19-15.50.07:239][  0]Cmd: MAP CHECKDEP NOCLEARLOG
[2017.04.19-15.50.07:283][  0]MapCheck: Info Map check complete: 0 Error(s), 0 Warning(s), took 43.088ms to complete.
[2017.04.19-15.50.07:283][  0]LogFileHelpers: Loading map 'TutorialMap' took 42.184
[2017.04.19-15.50.07:345][  0]LogWindowsTextInputMethodSystem:Display: IME system now deactivated.
[2017.04.19-15.50.07:564][  0]LogCollectionManager: Loaded 0 collections in 0.001479 seconds
[2017.04.19-15.50.07:674][  0]LogFileCache: Scanning file cache for directory 'E:/Quantum/Saved/Collections/' took 0.01s
[2017.04.19-15.50.07:674][  0]LogFileCache: Scanning file cache for directory 'E:/Quantum/Content/Developers/Proto/Collections/' took 0.01s
[2017.04.19-15.50.07:674][  0]LogFileCache: Scanning file cache for directory 'E:/Quantum/Content/Collections/' took 0.01s
[2017.04.19-15.50.07:674][  0]LogCollectionManager: Rebuilt the GUID cache for 0 collections in 0.000002 seconds
[2017.04.19-15.50.07:688][  0]LogContentBrowser: Native class hierarchy populated in 0.0111 seconds. Added 2245 classes and 453 folders.
[2017.04.19-15.50.07:698][  0]LogStats: UGameplayTagsManager::ConstructGameplayTagTree: Construct from data asset -  0.000 s
[2017.04.19-15.50.07:699][  0]LogStats: UGameplayTagsManager::ConstructGameplayTagTree: GameplayTagTreeChangedEvent.Broadcast -  0.000 s
[2017.04.19-15.50.07:772][  0]LogContentBrowser: Native class hierarchy updated for 'WidgetCarousel' in 0.0007 seconds. Added 0 classes and 0 folders.
[2017.04.19-15.50.07:830][  0]LogContentBrowser: Native class hierarchy updated for 'AddContentDialog' in 0.0004 seconds. Added 0 classes and 0 folders.
[2017.04.19-15.50.07:891][  0]LogContentBrowser: Native class hierarchy updated for 'SceneOutliner' in 0.0004 seconds. Added 1 classes and 2 folders.
[2017.04.19-15.50.08:006][  0]LogCrashTracker: Crashtracker disabled due to settings.
[2017.04.19-15.50.08:139][  0]LogContentBrowser: Native class hierarchy updated for 'HierarchicalLODOutliner' in 0.0010 seconds. Added 1 classes and 2 folders.
[2017.04.19-15.50.08:139][  0]LogLoad: (Engine Initialization) Total time: 58.36 seconds
[2017.04.19-15.50.08:139][  0]LogLoad: (Engine Initialization) Total Blueprint compile time: 0.18 seconds
[2017.04.19-15.50.08:139][  0]LogExternalProfiler: No external profilers were discovered.  External profiling features will not be available.
[2017.04.19-15.50.08:151][  0]LogOcInput: OculusInput pre-init called
[2017.04.19-15.50.08:182][  0]LogContentStreaming: Texture pool size now 1000 MB
[2017.04.19-15.50.08:201][  0]LogSlate: Took 0.000219 seconds to synchronously load lazily loaded font '../../../Engine/Content/Slate/Fonts/Roboto-Regular.ttf' (155K)
[2017.04.19-15.50.08:204][  0]LogSlate: Took 0.000225 seconds to synchronously load lazily loaded font '../../../Engine/Content/Slate/Fonts/Roboto-Bold.ttf' (160K)
[2017.04.19-15.50.08:218][  0]LogSlate: Took 0.006359 seconds to synchronously load lazily loaded font '../../../Engine/Content/Editor/Slate/Fonts/FontAwesome.ttf' (139K)
[2017.04.19-15.50.08:418][  0]LogSlate: Took 0.005400 seconds to synchronously load lazily loaded font '../../../Engine/Content/Slate/Fonts/Roboto-Light.ttf' (159K)
[2017.04.19-15.50.08:837][  0]LogRenderer: Reallocating scene render targets to support 1208x576 NumSamples 1 (Frame:2).
[2017.04.19-15.50.08:904][  1]LogAssetRegistry: Asset discovery search completed in 50.9413 seconds
[2017.04.19-15.50.08:905][  1]LogCollectionManager: Rebuilt the object cache for 0 collections in 0.000008 seconds (found 0 objects)
[2017.04.19-15.50.08:905][  1]LogCollectionManager: Fixed up redirectors for 0 collections in 0.000025 seconds (updated 0 objects)
[2017.04.19-15.50.21:235][246]LogTemp:Display: Finished compile of shader map 0x0000027C5702C800
[2017.04.19-15.50.21:235][246]LogTemp:Display: Shader map TheBox_Core_Mat complete, GameThreadShaderMap 0x0000027C5702C800, marking material TheBox_Core_Mat as finished
[2017.04.19-15.50.21:235][246]LogTemp:Display: Marking material as finished 0x0000027C561B4100
[2017.04.19-15.50.31:999][293]LogTemp:Display: Finished compile of shader map 0x0000027C573E7580
[2017.04.19-15.50.31:999][293]LogTemp:Display: Shader map HighMassMat complete, GameThreadShaderMap 0x0000027C573E7580, marking material HighMassMat as finished
[2017.04.19-15.50.31:999][293]LogTemp:Display: Marking material as finished 0x0000027C561A4880
[2017.04.19-15.50.37:992][370]LogTemp:Display: Finished compile of shader map 0x0000027C02F6AE80
[2017.04.19-15.50.37:992][370]LogTemp:Display: Shader map Platform_Body_Mat complete, GameThreadShaderMap 0x0000027C02F6AE80, marking material Platform_Body_Mat as finished
[2017.04.19-15.50.37:992][370]LogTemp:Display: Marking material as finished 0x0000027C564CCD00
[2017.04.19-15.50.44:345][389]LogTemp:Display: Finished compile of shader map 0x0000027C6D82B580
[2017.04.19-15.50.44:345][389]LogTemp:Display: Shader map Platform_Glass_Mat complete, GameThreadShaderMap 0x0000027C6D82B580, marking material Platform_Glass_Mat as finished
[2017.04.19-15.50.44:345][389]LogTemp:Display: Marking material as finished 0x0000027C564C2500
[2017.04.19-15.51.23:727][507]LogTemp:Display: Finished compile of shader map 0x0000027C54B0BC80
[2017.04.19-15.51.23:727][507]LogTemp:Display: Shader map Turbine_Glass_Mat complete, GameThreadShaderMap 0x0000027C54B0BC80, marking material Turbine_Glass_Mat as finished
[2017.04.19-15.51.23:727][507]LogTemp:Display: Marking material as finished 0x0000027C5659EF80
[2017.04.19-15.51.26:075][514]LogTemp:Display: Finished compile of shader map 0x0000027C0448BC80
[2017.04.19-15.51.26:075][514]LogTemp:Display: Shader map Turbine_Body_Mat complete, GameThreadShaderMap 0x0000027C0448BC80, marking material Turbine_Body_Mat as finished
[2017.04.19-15.51.26:075][514]LogTemp:Display: Marking material as finished 0x0000027C565BA200
[2017.04.19-15.51.31:098][530]LogSlate: Took 0.000149 seconds to synchronously load lazily loaded font '../../../Engine/Content/Slate/Fonts/Roboto-Light.ttf' (159K)
[2017.04.19-15.51.36:704][532]LogTemp:Display: Finished compile of shader map 0x0000027C063F6780
[2017.04.19-15.51.36:704][532]LogTemp:Display: Shader map Button_Base_Mat complete, GameThreadShaderMap 0x0000027C063F6780, marking material Button_Base_Mat as finished
[2017.04.19-15.51.36:704][532]LogTemp:Display: Marking material as finished 0x0000027C56D67D00
[2017.04.19-15.51.36:710][532]LogTemp:Display: Finished compile of shader map 0x0000027C0EE8BC80
[2017.04.19-15.51.36:710][532]LogTemp:Display: Shader map Button_Mat complete, GameThreadShaderMap 0x0000027C0EE8BC80, marking material Button_Mat as finished
[2017.04.19-15.51.36:710][532]LogTemp:Display: Marking material as finished 0x0000027C56D70280
[2017.04.19-15.51.38:709][538]LogTemp:Display: Finished compile of shader map 0x0000027C062F0B80
[2017.04.19-15.51.38:709][538]LogTemp:Display: Shader map DoorMat complete, GameThreadShaderMap 0x0000027C062F0B80, marking material DoorMat as finished
[2017.04.19-15.51.38:709][538]LogTemp:Display: Marking material as finished 0x0000027C56CA2F80
[2017.04.19-15.51.47:054][563]LogTemp:Display: Finished compile of shader map 0x0000027C06816B00
[2017.04.19-15.51.47:054][563]LogTemp:Display: Shader map TheBoxMat complete, GameThreadShaderMap 0x0000027C06816B00, marking material TheBoxMat as finished
[2017.04.19-15.51.47:054][563]LogTemp:Display: Marking material as finished 0x0000027C561B7E80
[2017.04.19-15.51.49:766][571]LogTemp:Display: Finished compile of shader map 0x0000027C08938F00
[2017.04.19-15.51.49:766][571]LogTemp:Display: Shader map TheBox_Body_Mat complete, GameThreadShaderMap 0x0000027C08938F00, marking material TheBox_Body_Mat as finished
[2017.04.19-15.51.49:766][571]LogTemp:Display: Marking material as finished 0x0000027C561B4D00
[2017.04.19-15.51.53:106][581]LogTemp:Display: Finished compile of shader map 0x0000027C0CDCF580
[2017.04.19-15.51.53:107][581]LogTemp:Display: Shader map LowMassMat complete, GameThreadShaderMap 0x0000027C0CDCF580, marking material LowMassMat as finished
[2017.04.19-15.51.53:107][581]LogTemp:Display: Marking material as finished 0x0000027C6AA81600
[2017.04.19-15.52.36:862][701]LogTemp:Display: Finished compile of shader map 0x0000027C0D681D00
[2017.04.19-15.52.36:862][701]LogTemp:Display: Shader map TheBox_Glass_Mat complete, GameThreadShaderMap 0x0000027C0D681D00, marking material TheBox_Glass_Mat as finished
[2017.04.19-15.52.36:862][701]LogTemp:Display: Marking material as finished 0x0000027C561A6680
[2017.04.19-15.53.04:830][360]LogTemp: Repeting last play command: Selected Viewport
[2017.04.19-15.53.04:848][360]LogPlayLevel: PlayLevel: No blueprints needed recompiling
[2017.04.19-15.53.04:852][360]PIE: New page: PIE session: TutorialMap (Apr 19, 2017, 1:53:04 AM)
[2017.04.19-15.53.04:853][360]LogPlayLevel: Creating play world package: /Game/Maps/UEDPIE_0_TutorialMap
[2017.04.19-15.53.04:861][360]LogPlayLevel: PIE: StaticDuplicateObject took: (0.008113s)
[2017.04.19-15.53.04:862][360]LogAIModule: Creating AISystem for world TutorialMap
[2017.04.19-15.53.04:862][360]LogPlayLevel: PIE: World Init took: (0.001006s)
[2017.04.19-15.53.04:864][360]LogPlayLevel: PIE: Created PIE world by copying editor world from /Game/Maps/TutorialMap.TutorialMap to /Game/Maps/UEDPIE_0_TutorialMap.TutorialMap (0.010950s)
[2017.04.19-15.53.04:882][360]LogInit: XAudio2 using 'Headphones (High Definition Audio Device)' : 2 channels at 48 kHz using 16 bits per sample (channel mask 0x3)
[2017.04.19-15.53.04:890][360]LogInit: FAudioDevice initialized.
[2017.04.19-15.53.05:356][360]LogLoad: Game class is 'PuzzleGameMode_C'
[2017.04.19-15.53.05:369][360]LogWorld: Bringing World /Game/Maps/UEDPIE_0_TutorialMap.TutorialMap up for play (max tick rate 0) at 2017.04.19-08.53.05
[2017.04.19-15.53.05:374][360]LogWorld: Bringing up level for play took: 0.008921
[2017.04.19-15.53.05:436][360]LogContentBrowser: Native class hierarchy updated for 'MovieSceneCapture' in 0.0005 seconds. Added 11 classes and 0 folders.
[2017.04.19-15.53.05:436][360]LogGameMode:Display: Match State Changed from EnteringMap to WaitingToStart
[2017.04.19-15.53.05:437][360]LogGameState: Match State Changed from EnteringMap to WaitingToStart
[2017.04.19-15.53.05:437][360]LogGameMode:Display: Match State Changed from WaitingToStart to InProgress
[2017.04.19-15.53.05:452][360]LogGameState: Match State Changed from WaitingToStart to InProgress
[2017.04.19-15.53.05:453][360]PIE: Info Play in editor start time for /Game/Maps/UEDPIE_0_TutorialMap 0.542
[2017.04.19-15.53.13:901][168]Cmd: stat fps
[2017.04.19-15.53.47:455][138]LogWindowsTextInputMethodSystem:Display: IME system now deactivated.
[2017.04.19-15.53.47:745][139]Cmd: QUIT_EDITOR
[2017.04.19-15.53.47:819][139]LogExit: Preparing to exit.
[2017.04.19-15.53.48:878][139]LogExit: Editor shut down
[2017.04.19-15.53.48:879][139]LogExit: Transaction tracking system shut down
[2017.04.19-15.53.48:954][139]LogObj: Freed 0b from 0 cluster array pools.
[2017.04.19-15.53.48:954][139]LogExit: Object subsystem successfully closed.
[2017.04.19-15.53.48:966][139]LogD3D11RHI: Shutdown
[2017.04.19-15.53.48:966][139]LogD3D11RHI: CleanupD3DDevice
[2017.04.19-15.53.49:025][139]LogD3D11RHI: ~FD3D11DynamicRHI
[2017.04.19-15.53.49:039][139]LogModuleManager: Shutting down and abandoning module MovieSceneCapture (500)
[2017.04.19-15.53.49:040][139]LogModuleManager: Shutting down and abandoning module HierarchicalLODOutliner (498)
[2017.04.19-15.53.49:040][139]LogModuleManager: Shutting down and abandoning module CrashTracker (496)
[2017.04.19-15.53.49:040][139]LogModuleManager: Shutting down and abandoning module SceneOutliner (494)
[2017.04.19-15.53.49:040][139]LogModuleManager: Shutting down and abandoning module AddContentDialog (492)
[2017.04.19-15.53.49:040][139]LogDirectoryWatcher: A directory notification for 'C:/Program Files/Epic Games/UE_4.15/FeaturePacks/' was aborted.
[2017.04.19-15.53.49:041][139]LogModuleManager: Shutting down and abandoning module WidgetCarousel (491)
[2017.04.19-15.53.49:041][139]LogModuleManager: Shutting down and abandoning module EditorWidgets (488)
[2017.04.19-15.53.49:041][139]LogModuleManager: Shutting down and abandoning module CollectionManager (486)
[2017.04.19-15.53.49:041][139]LogDirectoryWatcher: A directory notification for 'E:/Quantum/Content/Collections/' was aborted.
[2017.04.19-15.53.49:041][139]LogDirectoryWatcher: A directory notification for 'E:/Quantum/Content/Developers/Proto/Collections/' was aborted.
[2017.04.19-15.53.49:042][139]LogDirectoryWatcher: A directory notification for 'E:/Quantum/Saved/Collections/' was aborted.
[2017.04.19-15.53.49:042][139]LogModuleManager: Shutting down and abandoning module StatsViewer (484)
[2017.04.19-15.53.49:042][139]LogModuleManager: Shutting down and abandoning module FoliageEdit (482)
[2017.04.19-15.53.49:042][139]LogModuleManager: Shutting down and abandoning module LandscapeEditor (480)
[2017.04.19-15.53.49:042][139]LogModuleManager: Shutting down and abandoning module SceneDepthPickerMode (478)
[2017.04.19-15.53.49:042][139]LogModuleManager: Shutting down and abandoning module ActorPickerMode (476)
[2017.04.19-15.53.49:042][139]LogModuleManager: Shutting down and abandoning module GeometryMode (474)
[2017.04.19-15.53.49:042][139]LogModuleManager: Shutting down and abandoning module TextureAlignMode (472)
[2017.04.19-15.53.49:042][139]LogModuleManager: Shutting down and abandoning module BspMode (470)
[2017.04.19-15.53.49:042][139]LogModuleManager: Shutting down and abandoning module HardwareSurvey (468)
[2017.04.19-15.53.49:042][139]LogModuleManager: Shutting down and abandoning module SequenceRecorderSections (466)
[2017.04.19-15.53.49:042][139]LogModuleManager: Shutting down and abandoning module AutomationWorker (464)
[2017.04.19-15.53.49:042][139]LogModuleManager: Shutting down and abandoning module MatineeToLevelSequence (462)
[2017.04.19-15.53.49:042][139]LogModuleManager: Shutting down and abandoning module LevelSequenceEditor (460)
[2017.04.19-15.53.49:042][139]LogModuleManager: Shutting down and abandoning module PlacementMode (459)
[2017.04.19-15.53.49:042][139]LogModuleManager: Shutting down and abandoning module WmfMediaFactory (456)
[2017.04.19-15.53.49:042][139]LogModuleManager: Shutting down and abandoning module WmfMediaEditor (454)
[2017.04.19-15.53.49:042][139]LogModuleManager: Shutting down and abandoning module MfMediaFactory (452)
[2017.04.19-15.53.49:042][139]LogModuleManager: Shutting down and abandoning module MfMediaEditor (450)
[2017.04.19-15.53.49:042][139]LogModuleManager: Shutting down and abandoning module AvfMediaFactory (448)
[2017.04.19-15.53.49:042][139]LogModuleManager: Shutting down and abandoning module AvfMediaEditor (446)
[2017.04.19-15.53.49:042][139]LogModuleManager: Shutting down and abandoning module AndroidMediaFactory (444)
[2017.04.19-15.53.49:042][139]LogModuleManager: Shutting down and abandoning module Media (443)
[2017.04.19-15.53.49:042][139]LogModuleManager: Shutting down and abandoning module AndroidMediaEditor (440)
[2017.04.19-15.53.49:042][139]LogModuleManager: Shutting down and abandoning module CharacterAI (438)
[2017.04.19-15.53.49:042][139]LogModuleManager: Shutting down and abandoning module AudioCapture (436)
[2017.04.19-15.53.49:042][139]LogModuleManager: Shutting down and abandoning module SequenceRecorder (435)
[2017.04.19-15.53.49:042][139]LogModuleManager: Shutting down and abandoning module SmartSnapping (432)
[2017.04.19-15.53.49:042][139]LogModuleManager: Shutting down and abandoning module SessionServices (430)
[2017.04.19-15.53.49:042][139]LogModuleManager: Shutting down and abandoning module ViewportSnapping (428)
[2017.04.19-15.53.49:042][139]LogModuleManager: Shutting down and abandoning module ViewportInteraction (426)
[2017.04.19-15.53.49:042][139]LogModuleManager: Shutting down and abandoning module LogVisualizer (424)
[2017.04.19-15.53.49:042][139]LogModuleManager: Shutting down and abandoning module IntroTutorials (422)
[2017.04.19-15.53.49:042][139]LogModuleManager: Shutting down and abandoning module GameProjectGeneration (421)
[2017.04.19-15.53.49:042][139]LogModuleManager: Shutting down and abandoning module EditorLiveStreaming (418)
[2017.04.19-15.53.49:042][139]LogModuleManager: Shutting down and abandoning module IOSPlatformEditor (416)
[2017.04.19-15.53.49:042][139]LogModuleManager: Shutting down and abandoning module HTML5PlatformEditor (414)
[2017.04.19-15.53.49:042][139]LogModuleManager: Shutting down and abandoning module AndroidPlatformEditor (412)
[2017.04.19-15.53.49:042][139]LogModuleManager: Shutting down and abandoning module AndroidDeviceDetection (411)
[2017.04.19-15.53.49:968][139]LogModuleManager: Shutting down and abandoning module IOSRuntimeSettings (408)
[2017.04.19-15.53.49:968][139]LogModuleManager: Shutting down and abandoning module AndroidRuntimeSettings (406)
[2017.04.19-15.53.49:968][139]LogModuleManager: Shutting down and abandoning module InputBindingEditor (404)
[2017.04.19-15.53.49:968][139]LogModuleManager: Shutting down and abandoning module NiagaraEditor (402)
[2017.04.19-15.53.49:968][139]LogModuleManager: Shutting down and abandoning module MergeActors (400)
[2017.04.19-15.53.49:968][139]LogModuleManager: Shutting down and abandoning module SizeMap (398)
[2017.04.19-15.53.49:968][139]LogModuleManager: Shutting down and abandoning module TreeMap (396)
[2017.04.19-15.53.49:968][139]LogModuleManager: Shutting down and abandoning module ReferenceViewer (394)
[2017.04.19-15.53.49:968][139]LogModuleManager: Shutting down and abandoning module LocalizationDashboard (392)
[2017.04.19-15.53.49:968][139]LogModuleManager: Shutting down and abandoning module LocalizationService (391)
[2017.04.19-15.53.49:968][139]LogModuleManager: Shutting down and abandoning module HardwareTargeting (388)
[2017.04.19-15.53.49:968][139]LogModuleManager: Shutting down and abandoning module DeviceProfileEditor (386)
[2017.04.19-15.53.49:968][139]LogModuleManager: Shutting down and abandoning module UndoHistory (384)
[2017.04.19-15.53.49:968][139]LogModuleManager: Shutting down and abandoning module UserFeedback (382)
[2017.04.19-15.53.49:968][139]LogModuleManager: Shutting down and abandoning module XmlParser (380)
[2017.04.19-15.53.49:968][139]LogModuleManager: Shutting down and abandoning module Blutility (378)
[2017.04.19-15.53.49:968][139]LogModuleManager: Shutting down and abandoning module ProjectSettingsViewer (376)
[2017.04.19-15.53.49:968][139]LogModuleManager: Shutting down and abandoning module ProjectTargetPlatformEditor (375)
[2017.04.19-15.53.49:969][139]LogModuleManager: Shutting down and abandoning module EditorSettingsViewer (372)
[2017.04.19-15.53.49:969][139]LogModuleManager: Shutting down and abandoning module SettingsEditor (370)
[2017.04.19-15.53.49:969][139]LogModuleManager: Shutting down and abandoning module ProjectLauncher (368)
[2017.04.19-15.53.49:969][139]LogModuleManager: Shutting down and abandoning module SessionFrontend (366)
[2017.04.19-15.53.49:969][139]LogModuleManager: Shutting down and abandoning module ProfilerClient (364)
[2017.04.19-15.53.49:969][139]LogModuleManager: Shutting down and abandoning module DeviceManager (362)
[2017.04.19-15.53.49:969][139]LogModuleManager: Shutting down and abandoning module TargetDeviceServices (361)
[2017.04.19-15.53.50:012][139]LogModuleManager: Shutting down and abandoning module AutomationController (358)
[2017.04.19-15.53.50:012][139]LogModuleManager: Shutting down and abandoning module AutomationWindow (356)
[2017.04.19-15.53.50:012][139]LogModuleManager: Shutting down and abandoning module Layers (354)
[2017.04.19-15.53.50:012][139]LogModuleManager: Shutting down and abandoning module ComponentVisualizers (352)
[2017.04.19-15.53.50:012][139]LogModuleManager: Shutting down and abandoning module DetailCustomizations (350)
[2017.04.19-15.53.50:012][139]LogModuleManager: Shutting down and abandoning module PackagesDialog (348)
[2017.04.19-15.53.50:012][139]LogModuleManager: Shutting down and abandoning module Persona (346)
[2017.04.19-15.53.50:012][139]LogModuleManager: Shutting down and abandoning module AnimGraph (345)
[2017.04.19-15.53.50:012][139]LogModuleManager: Shutting down and abandoning module Kismet (342)
[2017.04.19-15.53.50:013][139]LogModuleManager: Shutting down and abandoning module GraphEditor (340)
[2017.04.19-15.53.50:013][139]LogModuleManager: Shutting down and abandoning module ClassViewer (338)
[2017.04.19-15.53.50:013][139]LogModuleManager: Shutting down and abandoning module Toolbox (336)
[2017.04.19-15.53.50:013][139]LogModuleManager: Shutting down and abandoning module ModuleUI (334)
[2017.04.19-15.53.50:013][139]LogModuleManager: Shutting down and abandoning module MovieSceneTools (332)
[2017.04.19-15.53.50:013][139]LogModuleManager: Shutting down and abandoning module OutputLog (330)
[2017.04.19-15.53.50:013][139]LogModuleManager: Shutting down and abandoning module GammaUI (328)
[2017.04.19-15.53.50:013][139]LogModuleManager: Shutting down and abandoning module Documentation (326)
[2017.04.19-15.53.50:013][139]LogModuleManager: Shutting down and abandoning module Niagara (324)
[2017.04.19-15.53.50:013][139]LogModuleManager: Shutting down and abandoning module StreamingPauseRendering (322)
[2017.04.19-15.53.50:013][139]LogModuleManager: Shutting down and abandoning module AnalyticsET (320)
[2017.04.19-15.53.50:013][139]LogModuleManager: Shutting down and abandoning module PortalServices (318)
[2017.04.19-15.53.50:013][139]LogModuleManager: Shutting down and abandoning module PortalRpc (316)
[2017.04.19-15.53.50:013][139]LogModuleManager: Shutting down and abandoning module MessagingRpc (314)
[2017.04.19-15.53.50:013][139]LogModuleManager: Shutting down and abandoning module AIModule (312)
[2017.04.19-15.53.50:013][139]LogModuleManager: Shutting down and abandoning module GameplayDebugger (311)
[2017.04.19-15.53.50:013][139]LogModuleManager: Shutting down and abandoning module AITestSuite (309)
[2017.04.19-15.53.50:013][139]LogModuleManager: Shutting down and abandoning module ProfilerService (306)
[2017.04.19-15.53.50:019][139]LogModuleManager: Shutting down and abandoning module TaskGraph (304)
[2017.04.19-15.53.50:019][139]LogModuleManager: Shutting down and abandoning module SteamVRController (302)
[2017.04.19-15.53.50:019][139]LogModuleManager: Shutting down and abandoning module SteamVR (300)
[2017.04.19-15.53.50:019][139]LogModuleManager: Shutting down and abandoning module ProceduralMeshComponentEditor (298)
[2017.04.19-15.53.50:019][139]LogModuleManager: Shutting down and abandoning module ProceduralMeshComponent (296)
[2017.04.19-15.53.50:019][139]LogModuleManager: Shutting down and abandoning module OculusLibrary (294)
[2017.04.19-15.53.50:019][139]LogModuleManager: Shutting down and abandoning module OculusInput (292)
[2017.04.19-15.53.50:019][139]LogModuleManager: Shutting down and abandoning module MobilePatchingUtils (290)
[2017.04.19-15.53.50:019][139]LogModuleManager: Shutting down and abandoning module CustomMeshComponent (288)
[2017.04.19-15.53.50:019][139]LogModuleManager: Shutting down and abandoning module CableComponent (286)
[2017.04.19-15.53.50:019][139]LogModuleManager: Shutting down and abandoning module ArchVisCharacter (284)
[2017.04.19-15.53.50:019][139]LogModuleManager: Shutting down and abandoning module MediaPlayerEditor (280)
[2017.04.19-15.53.50:019][139]LogModuleManager: Shutting down and abandoning module HTML5Networking (278)
[2017.04.19-15.53.50:019][139]LogModuleManager: Shutting down and abandoning module AlembicImporter (276)
[2017.04.19-15.53.50:019][139]LogModuleManager: Shutting down and abandoning module AlembicLibrary (275)
[2017.04.19-15.53.50:019][139]LogModuleManager: Shutting down and abandoning module GeometryCache (274)
[2017.04.19-15.53.50:019][139]LogModuleManager: Shutting down and abandoning module GeometryCacheEd (273)
[2017.04.19-15.53.50:019][139]LogModuleManager: Shutting down and abandoning module SuperSearchEditor (268)
[2017.04.19-15.53.50:019][139]LogModuleManager: Shutting down and abandoning module SuperSearch (267)
[2017.04.19-15.53.50:019][139]LogModuleManager: Shutting down and abandoning module SpeedTreeImporter (264)
[2017.04.19-15.53.50:019][139]LogModuleManager: Shutting down and abandoning module PluginBrowser (262)
[2017.04.19-15.53.50:019][139]LogModuleManager: Shutting down and abandoning module MobileLauncherProfileWizard (260)
[2017.04.19-15.53.50:019][139]LogModuleManager: Shutting down and abandoning module EpicSurvey (258)
[2017.04.19-15.53.50:019][139]LogModuleManager: Shutting down and abandoning module VisualStudioSourceCodeAccess (256)
[2017.04.19-15.53.50:019][139]LogModuleManager: Shutting down and abandoning module DesktopPlatform (255)
[2017.04.19-15.53.50:019][139]LogModuleManager: Shutting down and abandoning module UObjectPlugin (252)
[2017.04.19-15.53.50:019][139]LogModuleManager: Shutting down and abandoning module SubversionSourceControl (250)
[2017.04.19-15.53.50:019][139]LogModuleManager: Shutting down and abandoning module PerforceSourceControl (248)
[2017.04.19-15.53.50:019][139]LogModuleManager: Shutting down and abandoning module GitSourceControl (246)
[2017.04.19-15.53.50:019][139]LogModuleManager: Shutting down and abandoning module SourceControl (245)
[2017.04.19-15.53.50:019][139]LogModuleManager: Shutting down and abandoning module LightPropagationVolumeEditor (242)
[2017.04.19-15.53.50:019][139]LogModuleManager: Shutting down and abandoning module PaperTiledImporter (240)
[2017.04.19-15.53.50:019][139]LogModuleManager: Shutting down and abandoning module PaperSpriteSheetImporter (238)
[2017.04.19-15.53.50:019][139]LogModuleManager: Shutting down and abandoning module Paper2DEditor (236)
[2017.04.19-15.53.50:019][139]LogModuleManager: Shutting down and abandoning module MeshPaint (235)
[2017.04.19-15.53.50:020][139]LogModuleManager: Shutting down and abandoning module LevelEditor (233)
[2017.04.19-15.53.50:020][139]LogModuleManager: Shutting down and abandoning module PixelInspectorModule (232)
[2017.04.19-15.53.50:020][139]LogModuleManager: Shutting down and abandoning module MainFrame (230)
[2017.04.19-15.53.50:020][139]LogModuleManager: Shutting down and abandoning module HotReload (229)
[2017.04.19-15.53.50:021][139]LogModuleManager: Shutting down and abandoning module ContentBrowser (225)
[2017.04.19-15.53.50:022][139]LogModuleManager: Shutting down and abandoning module PhysXVehiclesEditor (222)
[2017.04.19-15.53.50:022][139]LogModuleManager: Shutting down and abandoning module PhysXVehicles (220)
[2017.04.19-15.53.50:022][139]LogModuleManager: Shutting down and abandoning module LocationServicesBPLibrary (218)
[2017.04.19-15.53.50:022][139]LogModuleManager: Shutting down and abandoning module UdpMessaging (216)
[2017.04.19-15.53.50:122][139]LogModuleManager: Shutting down and abandoning module TcpMessaging (214)
[2017.04.19-15.53.50:223][139]LogModuleManager: Shutting down and abandoning module GameplayTagsEditor (212)
[2017.04.19-15.53.50:223][139]LogModuleManager: Shutting down and abandoning module FacialAnimationEditor (210)
[2017.04.19-15.53.50:223][139]LogModuleManager: Shutting down and abandoning module FacialAnimation (208)
[2017.04.19-15.53.50:223][139]LogModuleManager: Shutting down and abandoning module LightPropagationVolumeRuntime (206)
[2017.04.19-15.53.50:223][139]LogModuleManager: Shutting down and abandoning module Paper2D (204)
[2017.04.19-15.53.50:223][139]LogModuleManager: Shutting down and abandoning module WindowsMoviePlayer (202)
[2017.04.19-15.53.50:223][139]LogModuleManager: Shutting down and abandoning module WmfMedia (200)
[2017.04.19-15.53.50:223][139]LogModuleManager: Shutting down and abandoning module MfMedia (198)
[2017.04.19-15.53.50:223][139]LogModuleManager: Shutting down and abandoning module MediaAssets (196)
[2017.04.19-15.53.50:223][139]LogModuleManager: Shutting down and abandoning module GameLiveStreaming (194)
[2017.04.19-15.53.50:223][139]LogModuleManager: Shutting down and abandoning module VREditor (192)
[2017.04.19-15.53.50:223][139]LogModuleManager: Shutting down and abandoning module GameplayTasksEditor (190)
[2017.04.19-15.53.50:223][139]LogModuleManager: Shutting down and abandoning module BehaviorTreeEditor (188)
[2017.04.19-15.53.50:223][139]LogModuleManager: Shutting down and abandoning module FunctionalTesting (186)
[2017.04.19-15.53.50:223][139]LogModuleManager: Shutting down and abandoning module CollisionAnalyzer (184)
[2017.04.19-15.53.50:223][139]LogModuleManager: Shutting down and abandoning module UMG (182)
[2017.04.19-15.53.50:223][139]LogModuleManager: Shutting down and abandoning module UMGEditor (181)
[2017.04.19-15.53.50:223][139]LogModuleManager: Shutting down and abandoning module Sequencer (180)
[2017.04.19-15.53.50:223][139]LogModuleManager: Shutting down and abandoning module AssetTools (178)
[2017.04.19-15.53.50:223][139]LogModuleManager: Shutting down and abandoning module MessageLog (177)
[2017.04.19-15.53.50:223][139]LogModuleManager: Shutting down and abandoning module WorkspaceMenuStructure (176)
[2017.04.19-15.53.50:223][139]LogModuleManager: Shutting down and abandoning module SlateReflector (170)
[2017.04.19-15.53.50:223][139]LogModuleManager: Shutting down and abandoning module Slate (168)
[2017.04.19-15.53.50:224][139]LogModuleManager: Shutting down and abandoning module EditorStyle (166)
[2017.04.19-15.53.50:226][139]LogModuleManager: Shutting down and abandoning module SourceCodeAccess (164)
[2017.04.19-15.53.50:226][139]LogModuleManager: Shutting down and abandoning module HeadMountedDisplay (162)
[2017.04.19-15.53.50:226][139]LogModuleManager: Shutting down and abandoning module XAudio2 (160)
[2017.04.19-15.53.50:226][139]LogModuleManager: Shutting down and abandoning module Networking (158)
[2017.04.19-15.53.50:226][139]LogModuleManager: Shutting down and abandoning module Core (154)
[2017.04.19-15.53.50:226][139]LogModuleManager: Shutting down and abandoning module AssetRegistry (152)
[2017.04.19-15.53.50:321][139]LogDirectoryWatcher: A directory notification for '../../../Engine/Content/' was aborted.
[2017.04.19-15.53.50:321][139]LogDirectoryWatcher: A directory notification for 'E:/Quantum/Content/' was aborted.
[2017.04.19-15.53.50:321][139]LogDirectoryWatcher: A directory notification for '../../../Engine/Plugins/2D/Paper2D/Content/' was aborted.
[2017.04.19-15.53.50:322][139]LogModuleManager: Shutting down and abandoning module DirectoryWatcher (151)
[2017.04.19-15.53.50:322][139]LogModuleManager: Shutting down and abandoning module KismetCompiler (148)
[2017.04.19-15.53.50:322][139]LogModuleManager: Shutting down and abandoning module PhysXFormats (146)
[2017.04.19-15.53.50:322][139]LogModuleManager: Shutting down and abandoning module MeshUtilities (144)
[2017.04.19-15.53.50:322][139]LogModuleManager: Shutting down and abandoning module SimplygonSwarm (143)
[2017.04.19-15.53.50:322][139]LogModuleManager: Shutting down and abandoning module SimplygonMeshReduction (141)
[2017.04.19-15.53.50:322][139]LogModuleManager: Shutting down and abandoning module QuadricMeshReduction (139)
[2017.04.19-15.53.50:322][139]LogModuleManager: Shutting down and abandoning module PropertyEditor (137)
[2017.04.19-15.53.50:323][139]LogModuleManager: Shutting down and abandoning module DerivedDataCache (134)
[2017.04.19-15.53.50:331][139]LogDerivedDataCache: Shutdown
[2017.04.19-15.53.50:331][139]LogModuleManager: Shutting down and abandoning module TargetPlatform (132)
[2017.04.19-15.53.50:331][139]LogModuleManager: Shutting down and abandoning module VulkanShaderFormat (131)
[2017.04.19-15.53.50:331][139]LogModuleManager: Shutting down and abandoning module ShaderFormatOpenGL (129)
[2017.04.19-15.53.50:331][139]LogModuleManager: Shutting down and abandoning module ShaderFormatD3D (127)
[2017.04.19-15.53.50:331][139]LogModuleManager: Shutting down and abandoning module MetalShaderFormat (125)
[2017.04.19-15.53.50:331][139]LogModuleManager: Shutting down and abandoning module TextureFormatUncompressed (123)
[2017.04.19-15.53.50:331][139]LogModuleManager: Shutting down and abandoning module TextureFormatPVR (121)
[2017.04.19-15.53.50:331][139]LogModuleManager: Shutting down and abandoning module TextureFormatDXT (119)
[2017.04.19-15.53.50:331][139]LogModuleManager: Shutting down and abandoning module TextureFormatIntelISPCTexComp (117)
[2017.04.19-15.53.50:332][139]LogModuleManager: Shutting down and abandoning module TextureFormatASTC (115)
[2017.04.19-15.53.50:332][139]LogModuleManager: Shutting down and abandoning module ImageWrapper (114)
[2017.04.19-15.53.50:332][139]LogModuleManager: Shutting down and abandoning module TextureFormatAndroid (111)
[2017.04.19-15.53.50:332][139]LogModuleManager: Shutting down and abandoning module AudioFormatOpus (109)
[2017.04.19-15.53.50:332][139]LogModuleManager: Shutting down and abandoning module AudioFormatOgg (107)
[2017.04.19-15.53.50:332][139]LogModuleManager: Shutting down and abandoning module AudioFormatADPCM (105)
[2017.04.19-15.53.50:332][139]LogModuleManager: Shutting down and abandoning module LinuxTargetPlatform (103)
[2017.04.19-15.53.50:332][139]LogModuleManager: Shutting down and abandoning module LinuxServerTargetPlatform (101)
[2017.04.19-15.53.50:332][139]LogModuleManager: Shutting down and abandoning module LinuxNoEditorTargetPlatform (99)
[2017.04.19-15.53.50:332][139]LogModuleManager: Shutting down and abandoning module LinuxClientTargetPlatform (97)
[2017.04.19-15.53.50:332][139]LogModuleManager: Shutting down and abandoning module TVOSTargetPlatform (95)
[2017.04.19-15.53.50:332][139]LogModuleManager: Shutting down and abandoning module Messaging (93)
[2017.04.19-15.53.50:332][139]LogModuleManager: Shutting down and abandoning module IOSTargetPlatform (91)
[2017.04.19-15.53.50:332][139]LogModuleManager: Shutting down and abandoning module HTML5TargetPlatform (89)
[2017.04.19-15.53.50:332][139]LogModuleManager: Shutting down and abandoning module Android_PVRTCTargetPlatform (87)
[2017.04.19-15.53.50:332][139]LogModuleManager: Shutting down and abandoning module Android_MultiTargetPlatform (85)
[2017.04.19-15.53.50:332][139]LogModuleManager: Shutting down and abandoning module Android_ETC2TargetPlatform (83)
[2017.04.19-15.53.50:332][139]LogModuleManager: Shutting down and abandoning module Android_ETC1TargetPlatform (81)
[2017.04.19-15.53.50:332][139]LogModuleManager: Shutting down and abandoning module Android_DXTTargetPlatform (79)
[2017.04.19-15.53.50:332][139]LogModuleManager: Shutting down and abandoning module Android_ATCTargetPlatform (77)
[2017.04.19-15.53.50:332][139]LogModuleManager: Shutting down and abandoning module Android_ASTCTargetPlatform (75)
[2017.04.19-15.53.50:332][139]LogModuleManager: Shutting down and abandoning module AndroidTargetPlatform (73)
[2017.04.19-15.53.50:332][139]LogModuleManager: Shutting down and abandoning module WindowsTargetPlatform (71)
[2017.04.19-15.53.50:332][139]LogModuleManager: Shutting down and abandoning module WindowsServerTargetPlatform (69)
[2017.04.19-15.53.50:332][139]LogModuleManager: Shutting down and abandoning module WindowsNoEditorTargetPlatform (67)
[2017.04.19-15.53.50:332][139]LogModuleManager: Shutting down and abandoning module WindowsClientTargetPlatform (65)
[2017.04.19-15.53.50:332][139]LogModuleManager: Shutting down and abandoning module MacTargetPlatform (63)
[2017.04.19-15.53.50:332][139]LogModuleManager: Shutting down and abandoning module MacServerTargetPlatform (61)
[2017.04.19-15.53.50:332][139]LogModuleManager: Shutting down and abandoning module MacNoEditorTargetPlatform (59)
[2017.04.19-15.53.50:332][139]LogModuleManager: Shutting down and abandoning module MacClientTargetPlatform (57)
[2017.04.19-15.53.50:332][139]LogModuleManager: Shutting down and abandoning module AllDesktopTargetPlatform (55)
[2017.04.19-15.53.50:332][139]LogModuleManager: Shutting down and abandoning module InputCore (52)
[2017.04.19-15.53.50:332][139]LogModuleManager: Shutting down and abandoning module Settings (50)
[2017.04.19-15.53.50:332][139]LogModuleManager: Shutting down and abandoning module OculusRift (48)
[2017.04.19-15.53.50:332][139]LogModuleManager: Shutting down and abandoning module GearVR (46)
[2017.04.19-15.53.50:332][139]LogModuleManager: Shutting down and abandoning module ExampleDeviceProfileSelector (44)
[2017.04.19-15.53.50:332][139]LogModuleManager: Shutting down and abandoning module OnlineBlueprintSupport (42)
[2017.04.19-15.53.50:332][139]LogModuleManager: Shutting down and abandoning module OnlineSubsystem (38)
[2017.04.19-15.53.50:332][139]LogOnline:Display: Unloading online subsystem: NULL
[2017.04.19-15.53.50:332][139]LogModuleManager: Shutting down and abandoning module XMPP (37)
[2017.04.19-15.53.50:332][139]LogModuleManager: Shutting down and abandoning module HTTP (35)
[2017.04.19-15.53.50:332][139]LogHttp:Display: Http module shutting down, but needs to wait on 1 outstanding Http requests:
[2017.04.19-15.53.50:332][139]LogHttp:Display: 	verb=[POST] url=[https://datarouter.ol.epicgames.com/datarouter/api/v1/public/data?SessionID=%7BDC02A989-4C10-45DB-5EE7-2C98BE57F076%7D&AppID=UEEditor.Rocket.Release&AppVersion=4.15.1-3348071%2B%2B%2BUE4%2BRelease-4.15&UserID=725bbb16486748435fa86a9f14c1e344%7Cb51ba83205af482cbc94873afb168383%7C41038813-247c-4341-a688-99a46f6f5e0d&AppEnvironment=datacollector-binary&UploadType=eteventstream] status=Processing
[2017.04.19-15.53.50:354][139]LogModuleManager: Shutting down and abandoning module SSL (34)
[2017.04.19-15.53.50:356][139]LogModuleManager: Shutting down and abandoning module AudioEditor (30)
[2017.04.19-15.53.50:356][139]LogModuleManager: Shutting down and abandoning module TextureCompressor (28)
[2017.04.19-15.53.50:356][139]LogModuleManager: Shutting down and abandoning module ShaderCore (26)
[2017.04.19-15.53.50:356][139]LogModuleManager: Shutting down and abandoning module Landscape (24)
[2017.04.19-15.53.50:356][139]LogModuleManager: Shutting down and abandoning module SlateRHIRenderer (22)
[2017.04.19-15.53.50:357][139]LogModuleManager: Shutting down and abandoning module OpenGLDrv (20)
[2017.04.19-15.53.50:357][139]LogModuleManager: Shutting down and abandoning module D3D11RHI (18)
[2017.04.19-15.53.50:357][139]LogModuleManager: Shutting down and abandoning module AnimGraphRuntime (16)
[2017.04.19-15.53.50:357][139]LogModuleManager: Shutting down and abandoning module Renderer (14)
[2017.04.19-15.53.50:357][139]LogModuleManager: Shutting down and abandoning module Engine (12)
[2017.04.19-15.53.50:357][139]LogModuleManager: Shutting down and abandoning module CoreUObject (10)
[2017.04.19-15.53.50:357][139]LogModuleManager: Shutting down and abandoning module NetworkFile (8)
[2017.04.19-15.53.50:357][139]LogModuleManager: Shutting down and abandoning module StreamingFile (6)
[2017.04.19-15.53.50:357][139]LogModuleManager: Shutting down and abandoning module SandboxFile (4)
[2017.04.19-15.53.50:357][139]LogModuleManager: Shutting down and abandoning module PakFile (2)
[2017.04.19-15.53.50:358][139]LogExit: Exiting.
[2017.04.19-15.53.50:374][139]Log file closed, 04/19/17 08:53:50
