Log file open, 03/24/17 01:20:33
LogInit:Display: Running engine for game: Quantum
LogPlatformFile: Not using cached read wrapper
LogInit:Display: RandInit(-2130722692) SRandInit(-2130722692).
LogTaskGraph: Started task graph with 5 named threads and 8 total threads with 1 sets of task threads.
LogStats: Stats thread started at 0.070261
LogInit: Using libcurl 7.47.1
LogInit:  - built for x86_64-pc-win32
LogInit:  - supports SSL with OpenSSL/1.0.2g
LogInit:  - supports HTTP deflate (compression) using libz 1.2.8
LogInit:  - other features:
LogInit:      CURL_VERSION_SSL
LogInit:      CURL_VERSION_LIBZ
LogInit:      CURL_VERSION_IPV6
LogInit:      CURL_VERSION_ASYNCHDNS
LogInit:      CURL_VERSION_LARGEFILE
LogInit:      CURL_VERSION_IDN
LogInit:  CurlRequestOptions (configurable via config and command line):
LogInit:  - bVerifyPeer = false  - Libcurl will NOT verify peer certificate
LogInit:  - bUseHttpProxy = false  - Libcurl will NOT use HTTP proxy
LogInit:  - bDontReuseConnections = false  - Libcurl will reuse connections
LogInit:  - CertBundlePath = nullptr  - Libcurl will use whatever was configured at build time.
LogInit: Build: ++UE4+Release-4.15-CL-3348071
LogInit: Engine Version: 4.15.1-3348071+++UE4+Release-4.15
LogInit: Compatible Engine Version: 4.15.0-3299760+++UE4+Release-4.15
LogInit: Net CL: 3299760
LogDevObjectVersion: Number of dev versions registered: 14
LogDevObjectVersion:   Dev-Blueprints (B0D832E4-1F89-4F0D-ACCF-7EB736FD4AA2): 8
LogDevObjectVersion:   Dev-Build (E1C64328-A22C-4D53-A36C-8E866417BD8C): 0
LogDevObjectVersion:   Dev-Core (375EC13C-06E4-48FB-B500-84F0262A717E): 2
LogDevObjectVersion:   Dev-Editor (E4B068ED-F494-42E9-A231-DA0B2E46BB41): 14
LogDevObjectVersion:   Dev-Framework (CFFC743F-43B0-4480-9391-14DF171D2073): 22
LogDevObjectVersion:   Dev-Mobile (B02B49B5-BB20-44E9-A304-32B752E40360): 0
LogDevObjectVersion:   Dev-Networking (A4E4105C-59A1-49B5-A7C5-40C4547EDFEE): 0
LogDevObjectVersion:   Dev-Online (39C831C9-5AE6-47DC-9A44-9C173E1C8E7C): 0
LogDevObjectVersion:   Dev-Physics (78F01B33-EBEA-4F98-B9B4-84EACCB95AA2): 0
LogDevObjectVersion:   Dev-Platform (6631380F-2D4D-43E0-8009-CF276956A95A): 0
LogDevObjectVersion:   Dev-Rendering (12F88B9F-8875-4AFC-A67C-D90C383ABD29): 12
LogDevObjectVersion:   Dev-Sequencer (7B5AE74C-D270-4C10-A958-57980B212A5A): 3
LogDevObjectVersion:   Dev-VR (D7296918-1DD6-4BDD-9DE2-64A83CC13884): 0
LogDevObjectVersion:   Dev-LoadTimes (C2A15278-BFE7-4AFE-6C17-90FF531DF755): 1
LogInit: Compiled (64-bit): Mar 15 2017 16:52:47
LogInit: Compiled with Visual C++: 19.00.23026.00
LogInit: Build Configuration: Development
LogInit: Branch Name: ++UE4+Release-4.15
LogInit: Command line:  
LogInit: Base directory: C:/Program Files/Epic Games/UE_4.15/Engine/Binaries/Win64/
LogInit: Installed Engine Build: 1
LogInit: Presizing for max 8388607 objects, including 0 objects not considered by GC, pre-allocating 0 bytes for permanent pool.
LogInit: Object subsystem initialized
[2017.03.23-18.20.33:933][  0]LogInit: Selected Device Profile: [Windows]
[2017.03.23-18.20.33:933][  0]LogInit: Applying CVar settings loaded from the selected device profile: [Windows]
[2017.03.23-18.20.33:942][  0]LogInit: Computer: KOKO-IMMORTAL
[2017.03.23-18.20.33:942][  0]LogInit: User: Proto
[2017.03.23-18.20.33:942][  0]LogInit: CPU Page size=65536, Cores=4
[2017.03.23-18.20.33:942][  0]LogInit: High frequency timer resolution =3.328130 MHz
[2017.03.23-18.20.33:942][  0]LogMemory: Memory total: Physical=16.0GB (16GB approx)
[2017.03.23-18.20.33:942][  0]LogMemory: Platform Memory Stats for Windows
[2017.03.23-18.20.33:942][  0]LogMemory: Process Physical Memory: 262.79 MB used, 262.79 MB peak
[2017.03.23-18.20.33:942][  0]LogMemory: Process Virtual Memory: 262.52 MB used, 262.52 MB peak
[2017.03.23-18.20.33:942][  0]LogMemory: Physical Memory: 5603.20 MB used,  10739.54 MB free, 16342.74 MB total
[2017.03.23-18.20.33:942][  0]LogMemory: Virtual Memory: 643.98 MB used,  10739.54 MB free, 134217728.00 MB total
[2017.03.23-18.20.34:009][  0]LogTextLocalizationManager: No specific translations for ('en-US') exist, so ('en') translations will be used.
[2017.03.23-18.20.34:503][  0]LogD3D11RHI: D3D11 adapters:
[2017.03.23-18.20.34:972][  0]LogD3D11RHI:    0. 'NVIDIA GeForce GTX 1060 6GB' (Feature Level 11_0)
[2017.03.23-18.20.34:972][  0]LogD3D11RHI:       6084/0/8171 MB DedicatedVideo/DedicatedSystem/SharedSystem, Outputs:2, VendorId:0x10de
[2017.03.23-18.20.34:974][  0]LogD3D11RHI:    1. 'Microsoft Basic Render Driver' (Feature Level 11_0)
[2017.03.23-18.20.34:974][  0]LogD3D11RHI:       0/0/8171 MB DedicatedVideo/DedicatedSystem/SharedSystem, Outputs:0, VendorId:0x1414
[2017.03.23-18.20.34:974][  0]LogD3D11RHI: Chosen D3D11 Adapter: 0
[2017.03.23-18.20.34:977][  0]LogD3D11RHI: Creating new Direct3DDevice
[2017.03.23-18.20.34:977][  0]LogD3D11RHI:     GPU DeviceId: 0x1c03 (for the marketing name, search the web for "GPU Device Id")
[2017.03.23-18.20.34:977][  0]LogWindows: EnumDisplayDevices:
[2017.03.23-18.20.34:977][  0]LogWindows:    0. 'NVIDIA GeForce GTX 1060 6GB' (P:1 D:1)
[2017.03.23-18.20.34:977][  0]LogWindows:    1. 'NVIDIA GeForce GTX 1060 6GB' (P:0 D:1)
[2017.03.23-18.20.34:977][  0]LogWindows:    2. 'NVIDIA GeForce GTX 1060 6GB' (P:0 D:0)
[2017.03.23-18.20.34:977][  0]LogWindows:    3. 'NVIDIA GeForce GTX 1060 6GB' (P:0 D:0)
[2017.03.23-18.20.34:977][  0]LogWindows: DebugString: FoundDriverCount:4 
[2017.03.23-18.20.34:977][  0]LogD3D11RHI:     Adapter Name: NVIDIA GeForce GTX 1060 6GB
[2017.03.23-18.20.34:977][  0]LogD3D11RHI:   Driver Version: 378.92 (internal:21.21.13.7892, unified:378.92)
[2017.03.23-18.20.34:977][  0]LogD3D11RHI:      Driver Date: 3-16-2017
[2017.03.23-18.20.34:977][  0]LogRHI: Texture pool is 1361 MB (70% of 1945 MB)
[2017.03.23-18.20.35:419][  0]LogD3D11RHI: Async texture creation enabled
[2017.03.23-18.20.35:451][  0]LogD3D11RHI: GPU Timing Frequency: 1000.000000 (Debug: 2 1)
[2017.03.23-18.20.35:544][  0]LogShaderCompilers: Guid format shader working directory is 36 characters bigger than the processId version (E:/Quantum/Intermediate/Shaders/WorkingDirectory/8044/).
[2017.03.23-18.20.35:544][  0]LogShaderCompilers: Cleaned the shader compiler working directory 'C:/Users/Proto/AppData/Local/Temp/UnrealShaderWorkingDir/B99E45C2405F8C9F9ACE6B85D2B2A45A/'.
[2017.03.23-18.20.35:544][  0]LogShaderCompilers:Display: Using Local Shader Compiler.
[2017.03.23-18.20.36:422][  0]LogTemp:Display: Loaded TP AllDesktopTargetPlatform
[2017.03.23-18.20.36:466][  0]LogTemp:Display: Loaded TP MacClientTargetPlatform
[2017.03.23-18.20.36:508][  0]LogTemp:Display: Loaded TP MacNoEditorTargetPlatform
[2017.03.23-18.20.36:550][  0]LogTemp:Display: Loaded TP MacServerTargetPlatform
[2017.03.23-18.20.36:593][  0]LogTemp:Display: Loaded TP MacTargetPlatform
[2017.03.23-18.20.36:635][  0]LogTemp:Display: Loaded TP WindowsClientTargetPlatform
[2017.03.23-18.20.36:678][  0]LogTemp:Display: Loaded TP WindowsNoEditorTargetPlatform
[2017.03.23-18.20.36:720][  0]LogTemp:Display: Loaded TP WindowsServerTargetPlatform
[2017.03.23-18.20.36:754][  0]LogTemp:Display: Loaded TP WindowsTargetPlatform
[2017.03.23-18.20.36:796][  0]LogTemp:Display: Loaded TP AndroidTargetPlatform
[2017.03.23-18.20.36:838][  0]LogTemp:Display: Loaded TP Android_ASTCTargetPlatform
[2017.03.23-18.20.36:879][  0]LogTemp:Display: Loaded TP Android_ATCTargetPlatform
[2017.03.23-18.20.36:920][  0]LogTemp:Display: Loaded TP Android_DXTTargetPlatform
[2017.03.23-18.20.36:963][  0]LogTemp:Display: Loaded TP Android_ETC1TargetPlatform
[2017.03.23-18.20.37:004][  0]LogTemp:Display: Loaded TP Android_ETC2TargetPlatform
[2017.03.23-18.20.37:087][  0]LogTemp:Display: Loaded TP Android_MultiTargetPlatform
[2017.03.23-18.20.37:087][  0]LogTemp:Display: Loaded TP Android_PVRTCTargetPlatform
[2017.03.23-18.20.37:116][  0]LogTemp:Display: Loaded TP HTML5TargetPlatform
[2017.03.23-18.20.37:195][  0]LogTemp:Display: Loaded TP IOSTargetPlatform
[2017.03.23-18.20.37:222][  0]LogTemp:Display: Loaded TP TVOSTargetPlatform
[2017.03.23-18.20.37:263][  0]LogTemp:Display: Loaded TP LinuxClientTargetPlatform
[2017.03.23-18.20.37:305][  0]LogTemp:Display: Loaded TP LinuxNoEditorTargetPlatform
[2017.03.23-18.20.37:345][  0]LogTemp:Display: Loaded TP LinuxServerTargetPlatform
[2017.03.23-18.20.37:388][  0]LogTemp:Display: Loaded TP LinuxTargetPlatform
[2017.03.23-18.20.37:388][  0]LogTargetPlatformManager:Display: Building Assets For Windows
[2017.03.23-18.20.37:716][  0]LogDerivedDataCache:Display: Max Cache Size: 512 MB
[2017.03.23-18.20.37:762][  0]LogDerivedDataCache: Loaded boot cache 0.05s 50MB C:/Users/Proto/AppData/Local/UnrealEngine/4.15/DerivedDataCache/Boot.ddc.
[2017.03.23-18.20.37:762][  0]LogDerivedDataCache:Display: Loaded Boot cache: C:/Users/Proto/AppData/Local/UnrealEngine/4.15/DerivedDataCache/Boot.ddc
[2017.03.23-18.20.37:763][  0]LogDerivedDataCache: FDerivedDataBackendGraph:  Pak pak cache file E:/Quantum/DerivedDataCache/DDC.ddp not found, will not use a pak cache.
[2017.03.23-18.20.37:763][  0]LogDerivedDataCache: Unable to find inner node Pak for hierarchical cache Hierarchy.
[2017.03.23-18.20.37:763][  0]LogDerivedDataCache: FDerivedDataBackendGraph:  CompressedPak pak cache file E:/Quantum/DerivedDataCache/Compressed.ddp not found, will not use a pak cache.
[2017.03.23-18.20.37:763][  0]LogDerivedDataCache: Unable to find inner node CompressedPak for hierarchical cache Hierarchy.
[2017.03.23-18.20.37:777][  0]LogDerivedDataCache:Display: Pak cache opened for reading ../../../Engine/DerivedDataCache/Compressed.ddp.
[2017.03.23-18.20.37:789][  0]LogDerivedDataCache: Using Local data cache path C:/Users/Proto/AppData/Local/UnrealEngine/Common/DerivedDataCache: Writable
[2017.03.23-18.20.37:796][  0]LogSlate: Using Freetype 2.6.0
[2017.03.23-18.20.37:797][  0]LogSlate: SlateFontCache - WITH_FREETYPE: 1, WITH_HARFBUZZ: 1
[2017.03.23-18.20.37:797][  0]LogSlate: SlateFontCache - WITH_FREETYPE: 1, WITH_HARFBUZZ: 1
[2017.03.23-18.20.38:005][  0]LogInit: Selected Device Profile: [Windows]
[2017.03.23-18.20.38:007][  0]LogContentStreaming: Texture pool size is 0.00 MB
[2017.03.23-18.20.38:169][  0]LogMeshUtilities: Using QuadricMeshReduction for automatic static mesh reduction
[2017.03.23-18.20.38:201][  0]LogSimplygon: Simplygon DLL not present - disabling.
[2017.03.23-18.20.38:236][  0]LogMeshUtilities: Using SimplygonSwarm for distributed automatic mesh merging
[2017.03.23-18.20.38:236][  0]LogMeshUtilities: No automatic skeletal mesh reduction module available
[2017.03.23-18.20.38:236][  0]LogMeshUtilities: No automatic mesh merging module available
[2017.03.23-18.20.38:667][  0]LogNetVersion: GetLocalNetworkVersion: CL: 3299760, ProjectName: quantum, ProjectVersion: , EngineNetworkVersion: 2, GameNetworkVersion: 0, NetworkChecksum: 3234878722
[2017.03.23-18.20.38:708][  0]LogAssetRegistry: FAssetRegistry took 0.0215 seconds to start up
[2017.03.23-18.20.38:741][  0]LogPackageLocalizationCache: Processed 3 localized package path(s) for 2 prioritized culture(s) in 0.014725 seconds
[2017.03.23-18.20.38:744][  0]LogUObjectArray: 32493 objects as part of root set at end of initial load.
[2017.03.23-18.20.38:744][  0]LogUObjectAllocator: 7077024 out of 0 bytes used by permanent object pool.
[2017.03.23-18.20.38:744][  0]LogUObjectArray: CloseDisregardForGC: 0/0 objects in disregard for GC pool
[2017.03.23-18.20.38:792][  0]LogInit: WinSock: version 1.1 (2.2), MaxSocks=32767, MaxUdp=65467
[2017.03.23-18.20.40:001][  0]LogTcpMessaging: Initializing TcpMessaging bridge
[2017.03.23-18.20.40:033][  0]LogUdpMessaging: Initializing bridge on interface 0.0.0.0:0 to multicast group 230.0.0.1:6666.
[2017.03.23-18.20.40:416][  0]LogMaterial: Uniform references updated for custom material expression Custom.
[2017.03.23-18.20.40:701][  0]SourceControl: Info Source control is disabled
[2017.03.23-18.20.40:702][  0]SourceControl: Info Source control is disabled
[2017.03.23-18.20.40:736][  0]SourceControl: Info Source control is disabled
[2017.03.23-18.20.40:770][  0]SourceControl: Info Source control is disabled
[2017.03.23-18.20.41:696][  0]LogEngine: Initializing Engine...
[2017.03.23-18.20.41:697][  0]LogHMD: Failed to initialize OpenVR with code 110
[2017.03.23-18.20.41:877][  0]LogAIModule: Creating AISystem for world Untitled
[2017.03.23-18.20.41:884][  0]LogInit: XAudio2 using 'Headphones (2- High Definition Audio Device)' : 2 channels at 44.1 kHz using 16 bits per sample (channel mask 0x3)
[2017.03.23-18.20.41:897][  0]LogInit: FAudioDevice initialized.
[2017.03.23-18.20.41:920][  0]LogDerivedDataCache: Saved boot cache 0.02s 50MB C:/Users/Proto/AppData/Local/UnrealEngine/4.15/DerivedDataCache/Boot.ddc.
[2017.03.23-18.20.41:928][  0]LogInit: Texture streaming: Enabled
[2017.03.23-18.20.42:000][  0]LogEngineSessionManager: EngineSessionManager initialized
[2017.03.23-18.20.42:065][  0]LogInit: Transaction tracking system initialized
[2017.03.23-18.20.42:323][  0]BlueprintLog: New page: Editor Load
[2017.03.23-18.20.42:979][  0]LocalizationService: Info Localization service is disabled
[2017.03.23-18.20.43:480][  0]LogConsoleResponse:Display: 
[2017.03.23-18.20.43:583][  0]LogCook:Display: Max memory allowance for cook 16384mb min free memory 0mb
[2017.03.23-18.20.43:583][  0]LogCook:Display: Mobile HDR setting 1
[2017.03.23-18.20.43:832][  0]LogFileCache: Scanning file cache for directory 'E:/Quantum/Content/' took 0.01s
[2017.03.23-18.20.44:341][  0]SourceControl: Info Source control is disabled
[2017.03.23-18.20.44:341][  0]Cmd: MAP LOAD FILE="E:/Quantum/Content/StarterContent/Maps/Minimal_Default.umap" TEMPLATE=0 SHOWPROGRESS=1 FEATURELEVEL=3
[2017.03.23-18.20.44:342][  0]LightingResults: New page: Lighting Build
[2017.03.23-18.20.44:371][  0]MapCheck: New page: Map Check
[2017.03.23-18.20.44:371][  0]LightingResults: New page: Lighting Build
[2017.03.23-18.20.44:766][  0]LogAIModule: Creating AISystem for world Minimal_Default
[2017.03.23-18.20.44:789][  0]LogEditorServer: Finished looking for orphan Actors (0.000 secs)
[2017.03.23-18.20.44:790][  0]Cmd: MAP CHECKDEP NOCLEARLOG
[2017.03.23-18.20.44:823][  0]MapCheck: Info Map check complete: 0 Error(s), 0 Warning(s), took 33.306ms to complete.
[2017.03.23-18.20.44:823][  0]LogFileHelpers: Loading map 'Minimal_Default' took 0.481
[2017.03.23-18.20.44:968][  0]LogCollectionManager: Loaded 0 collections in 0.001103 seconds
[2017.03.23-18.20.45:028][  0]LogFileCache: Scanning file cache for directory 'E:/Quantum/Saved/Collections/' took 0.01s
[2017.03.23-18.20.45:028][  0]LogFileCache: Scanning file cache for directory 'E:/Quantum/Content/Developers/Proto/Collections/' took 0.01s
[2017.03.23-18.20.45:028][  0]LogFileCache: Scanning file cache for directory 'E:/Quantum/Content/Collections/' took 0.00s
[2017.03.23-18.20.45:028][  0]LogCollectionManager: Rebuilt the GUID cache for 0 collections in 0.000001 seconds
[2017.03.23-18.20.45:035][  0]LogContentBrowser: Native class hierarchy populated in 0.0071 seconds. Added 2245 classes and 453 folders.
[2017.03.23-18.20.45:037][  0]LogStats: UGameplayTagsManager::ConstructGameplayTagTree: Construct from data asset -  0.000 s
[2017.03.23-18.20.45:037][  0]LogStats: UGameplayTagsManager::ConstructGameplayTagTree: GameplayTagTreeChangedEvent.Broadcast -  0.000 s
[2017.03.23-18.20.45:084][  0]LogContentBrowser: Native class hierarchy updated for 'WidgetCarousel' in 0.0004 seconds. Added 0 classes and 0 folders.
[2017.03.23-18.20.45:111][  0]LogContentBrowser: Native class hierarchy updated for 'AddContentDialog' in 0.0004 seconds. Added 0 classes and 0 folders.
[2017.03.23-18.20.45:143][  0]LogContentBrowser: Native class hierarchy updated for 'SceneOutliner' in 0.0004 seconds. Added 1 classes and 2 folders.
[2017.03.23-18.20.45:226][  0]LogCrashTracker: Crashtracker disabled due to settings.
[2017.03.23-18.20.45:232][  0]LogUObjectGlobals:Warning: Failed to find object 'Class None.'
[2017.03.23-18.20.45:287][  0]LogContentBrowser: Native class hierarchy updated for 'HierarchicalLODOutliner' in 0.0005 seconds. Added 1 classes and 2 folders.
[2017.03.23-18.20.45:288][  0]LogLoad: (Engine Initialization) Total time: 12.87 seconds
[2017.03.23-18.20.45:288][  0]LogLoad: (Engine Initialization) Total Blueprint compile time: 0.15 seconds
[2017.03.23-18.20.45:288][  0]LogExternalProfiler: No external profilers were discovered.  External profiling features will not be available.
[2017.03.23-18.20.45:628][  0]LogOcInput: OculusInput pre-init called
[2017.03.23-18.20.45:657][  0]LogContentStreaming: Texture pool size now 1000 MB
[2017.03.23-18.20.45:659][  0]LogSlate: Took 0.000396 seconds to synchronously load lazily loaded font '../../../Engine/Content/Slate/Fonts/Roboto-Regular.ttf' (155K)
[2017.03.23-18.20.45:667][  0]LogSlate: Took 0.000433 seconds to synchronously load lazily loaded font '../../../Engine/Content/Slate/Fonts/Roboto-Bold.ttf' (160K)
[2017.03.23-18.20.45:677][  0]LogSlate: Took 0.000441 seconds to synchronously load lazily loaded font '../../../Engine/Content/Editor/Slate/Fonts/FontAwesome.ttf' (139K)
[2017.03.23-18.20.45:807][  0]LogSlate: Took 0.000237 seconds to synchronously load lazily loaded font '../../../Engine/Content/Slate/Fonts/Roboto-Light.ttf' (159K)
[2017.03.23-18.20.45:847][  0]LogRenderer: Reallocating scene render targets to support 812x540 NumSamples 1 (Frame:2).
[2017.03.23-18.20.46:321][  2]LogAssetRegistry: Asset discovery search completed in 7.6347 seconds
[2017.03.23-18.20.46:321][  2]LogCollectionManager: Rebuilt the object cache for 0 collections in 0.000005 seconds (found 0 objects)
[2017.03.23-18.20.46:321][  2]LogCollectionManager: Fixed up redirectors for 0 collections in 0.000024 seconds (updated 0 objects)
[2017.03.23-18.20.46:641][  3]LogSlate: Took 0.000620 seconds to synchronously load lazily loaded font '../../../Engine/Content/Slate/Fonts/Roboto-Light.ttf' (159K)
[2017.03.23-18.21.12:257][210]LogRenderer: Reallocating scene render targets to support 1224x576 NumSamples 1 (Frame:163).
[2017.03.23-18.21.14:452][429]LogSlate: Took 0.000145 seconds to synchronously load lazily loaded font '../../../Engine/Content/Slate/Fonts/Roboto-Light.ttf' (159K)
[2017.03.23-18.21.14:848][429]LogContentBrowser: Native class hierarchy updated for 'BlueprintGraph' in 0.0008 seconds. Added 112 classes and 0 folders.
[2017.03.23-18.21.15:364][429]LogSlate: Took 0.000145 seconds to synchronously load lazily loaded font '../../../Engine/Content/Slate/Fonts/Roboto-Regular.ttf' (155K)
[2017.03.23-18.21.15:444][429]LogSlate: Took 0.000261 seconds to synchronously load lazily loaded font '../../../Engine/Content/Editor/Slate/Fonts/Roboto-BoldCondensed.ttf' (158K)
[2017.03.23-18.21.15:515][430]LogSlate: Took 0.000311 seconds to synchronously load lazily loaded font '../../../Engine/Content/Editor/Slate/Fonts/Roboto-Italic.ttf' (157K)
[2017.03.23-18.21.36:553][224]BlueprintLog: New page: Compile TheBox
[2017.03.23-18.21.39:678][519]LogTemp: Repeting last play command: Selected Viewport
[2017.03.23-18.21.39:693][519]LogBlueprintUserMessages: Early PlayInEditor Detection: Level '/Game/StarterContent/Maps/Minimal_Default.Minimal_Default:PersistentLevel' has LevelScriptBlueprint '/Game/StarterContent/Maps/Minimal_Default.Minimal_Default:PersistentLevel.Minimal_Default' with GeneratedClass '/Game/StarterContent/Maps/Minimal_Default.Minimal_Default_C' with ClassGeneratedBy '/Game/StarterContent/Maps/Minimal_Default.Minimal_Default:PersistentLevel.Minimal_Default'
[2017.03.23-18.21.39:693][519]LogPlayLevel: PlayLevel: No blueprints needed recompiling
[2017.03.23-18.21.39:694][519]PIE: New page: PIE session: Minimal_Default (Mar 24, 2017, 8:21:39 AM)
[2017.03.23-18.21.39:694][519]LogPlayLevel: Creating play world package: /Game/StarterContent/Maps/UEDPIE_0_Minimal_Default
[2017.03.23-18.21.39:696][519]LogPlayLevel: PIE: StaticDuplicateObject took: (0.002397s)
[2017.03.23-18.21.39:696][519]LogAIModule: Creating AISystem for world Minimal_Default
[2017.03.23-18.21.39:697][519]LogPlayLevel: PIE: World Init took: (0.000491s)
[2017.03.23-18.21.39:697][519]LogPlayLevel: PIE: Created PIE world by copying editor world from /Game/StarterContent/Maps/Minimal_Default.Minimal_Default to /Game/StarterContent/Maps/UEDPIE_0_Minimal_Default.Minimal_Default (0.003107s)
[2017.03.23-18.21.39:715][519]LogInit: XAudio2 using 'Headphones (2- High Definition Audio Device)' : 2 channels at 44.1 kHz using 16 bits per sample (channel mask 0x3)
[2017.03.23-18.21.39:721][519]LogInit: FAudioDevice initialized.
[2017.03.23-18.21.39:767][519]LogLoad: Game class is 'PuzzleGameMode_C'
[2017.03.23-18.21.39:771][519]LogWorld: Bringing World /Game/StarterContent/Maps/UEDPIE_0_Minimal_Default.Minimal_Default up for play (max tick rate 0) at 2017.03.24-01.21.39
[2017.03.23-18.21.39:771][519]LogWorld: Bringing up level for play took: 0.003146
[2017.03.23-18.21.39:803][519]LogContentBrowser: Native class hierarchy updated for 'MovieSceneCapture' in 0.0005 seconds. Added 11 classes and 0 folders.
[2017.03.23-18.21.39:803][519]LogGameMode:Display: Match State Changed from EnteringMap to WaitingToStart
[2017.03.23-18.21.39:803][519]LogGameState: Match State Changed from EnteringMap to WaitingToStart
[2017.03.23-18.21.39:803][519]LogGameMode:Display: Match State Changed from WaitingToStart to InProgress
[2017.03.23-18.21.39:805][519]LogGameState: Match State Changed from WaitingToStart to InProgress
[2017.03.23-18.21.39:805][519]PIE: Info Play in editor start time for /Game/StarterContent/Maps/UEDPIE_0_Minimal_Default 0.362
[2017.03.23-18.21.39:805][519]LogBlueprintUserMessages: Late PlayInEditor Detection: Level '/Game/StarterContent/Maps/Minimal_Default.Minimal_Default:PersistentLevel' has LevelScriptBlueprint '/Game/StarterContent/Maps/Minimal_Default.Minimal_Default:PersistentLevel.Minimal_Default' with GeneratedClass '/Game/StarterContent/Maps/Minimal_Default.Minimal_Default_C' with ClassGeneratedBy '/Game/StarterContent/Maps/Minimal_Default.Minimal_Default:PersistentLevel.Minimal_Default'
[2017.03.23-18.21.40:695][621]LogBlueprintUserMessages: [TheBox5_145] Hello
[2017.03.23-18.21.41:196][681]LogBlueprintUserMessages: [TheBox5_145] Hello
[2017.03.23-18.21.41:621][732]LogBlueprintUserMessages: [TheBox4_83] Hello
[2017.03.23-18.21.42:105][790]LogBlueprintUserMessages: [TheBox4_83] Hello
[2017.03.23-18.21.42:463][833]LogBlueprintUserMessages: [TheBox4_83] Hello
[2017.03.23-18.21.43:689][980]LogBlueprintUserMessages: [TheBox4_83] Hello
[2017.03.23-18.21.44:857][120]LogBlueprintUserMessages: Early EndPlayMap Detection: Level '/Game/StarterContent/Maps/Minimal_Default.Minimal_Default:PersistentLevel' has LevelScriptBlueprint '/Game/StarterContent/Maps/Minimal_Default.Minimal_Default:PersistentLevel.Minimal_Default' with GeneratedClass '/Game/StarterContent/Maps/Minimal_Default.Minimal_Default_C' with ClassGeneratedBy '/Game/StarterContent/Maps/Minimal_Default.Minimal_Default:PersistentLevel.Minimal_Default'
[2017.03.23-18.21.44:893][120]LogBlueprintUserMessages: Late EndPlayMap Detection: Level '/Game/StarterContent/Maps/Minimal_Default.Minimal_Default:PersistentLevel' has LevelScriptBlueprint '/Game/StarterContent/Maps/Minimal_Default.Minimal_Default:PersistentLevel.Minimal_Default' with GeneratedClass '/Game/StarterContent/Maps/Minimal_Default.Minimal_Default_C' with ClassGeneratedBy '/Game/StarterContent/Maps/Minimal_Default.Minimal_Default:PersistentLevel.Minimal_Default'
[2017.03.23-18.22.13:114][793]BlueprintLog: New page: Compile TheBox
[2017.03.23-18.22.13:127][793]LogBlueprint:Error: [Compiler TheBox] Error The current value (0, 0, 0) of the ' Origin ' pin is invalid: 'Origin' must have an input wired into it ("by ref" params expect a valid input to operate on).
[2017.03.23-18.22.13:272][793]BlueprintEditorCompileResults:Error: Error The current value (0, 0, 0) of the ' Origin ' pin is invalid: 'Origin' must have an input wired into it ("by ref" params expect a valid input to operate on).
[2017.03.23-18.22.13:273][793]LogBlueprint:Warning: [Compiler TheBox] Warning [0100.86] Compile of TheBox failed. 1 Fatal Issue(s) 0 Warning(s) [in 157 ms] (/Game/Blueprint/TheBox.TheBox)
[2017.03.23-18.22.25:043][972]BlueprintLog: New page: Compile TheBox
[2017.03.23-18.22.29:179][412]LogTemp: Repeting last play command: Selected Viewport
[2017.03.23-18.22.29:191][412]LogBlueprintUserMessages: Early PlayInEditor Detection: Level '/Game/StarterContent/Maps/Minimal_Default.Minimal_Default:PersistentLevel' has LevelScriptBlueprint '/Game/StarterContent/Maps/Minimal_Default.Minimal_Default:PersistentLevel.Minimal_Default' with GeneratedClass '/Game/StarterContent/Maps/Minimal_Default.Minimal_Default_C' with ClassGeneratedBy '/Game/StarterContent/Maps/Minimal_Default.Minimal_Default:PersistentLevel.Minimal_Default'
[2017.03.23-18.22.29:191][412]LogPlayLevel: PlayLevel: No blueprints needed recompiling
[2017.03.23-18.22.29:191][412]PIE: New page: PIE session: Minimal_Default (Mar 24, 2017, 8:22:29 AM)
[2017.03.23-18.22.29:191][412]LogPlayLevel: Creating play world package: /Game/StarterContent/Maps/UEDPIE_0_Minimal_Default
[2017.03.23-18.22.29:194][412]LogPlayLevel: PIE: StaticDuplicateObject took: (0.002571s)
[2017.03.23-18.22.29:194][412]LogAIModule: Creating AISystem for world Minimal_Default
[2017.03.23-18.22.29:194][412]LogPlayLevel: PIE: World Init took: (0.000645s)
[2017.03.23-18.22.29:194][412]LogPlayLevel: PIE: Created PIE world by copying editor world from /Game/StarterContent/Maps/Minimal_Default.Minimal_Default to /Game/StarterContent/Maps/UEDPIE_0_Minimal_Default.Minimal_Default (0.003402s)
[2017.03.23-18.22.29:211][412]LogInit: XAudio2 using 'Headphones (2- High Definition Audio Device)' : 2 channels at 44.1 kHz using 16 bits per sample (channel mask 0x3)
[2017.03.23-18.22.29:217][412]LogInit: FAudioDevice initialized.
[2017.03.23-18.22.29:244][412]LogLoad: Game class is 'PuzzleGameMode_C'
[2017.03.23-18.22.29:247][412]LogWorld: Bringing World /Game/StarterContent/Maps/UEDPIE_0_Minimal_Default.Minimal_Default up for play (max tick rate 0) at 2017.03.24-01.22.29
[2017.03.23-18.22.29:247][412]LogWorld: Bringing up level for play took: 0.001796
[2017.03.23-18.22.29:248][412]LogGameMode:Display: Match State Changed from EnteringMap to WaitingToStart
[2017.03.23-18.22.29:248][412]LogGameState: Match State Changed from EnteringMap to WaitingToStart
[2017.03.23-18.22.29:248][412]LogGameMode:Display: Match State Changed from WaitingToStart to InProgress
[2017.03.23-18.22.29:248][412]LogGameState: Match State Changed from WaitingToStart to InProgress
[2017.03.23-18.22.29:248][412]PIE: Info Play in editor start time for /Game/StarterContent/Maps/UEDPIE_0_Minimal_Default -0.194
[2017.03.23-18.22.29:248][412]LogBlueprintUserMessages: Late PlayInEditor Detection: Level '/Game/StarterContent/Maps/Minimal_Default.Minimal_Default:PersistentLevel' has LevelScriptBlueprint '/Game/StarterContent/Maps/Minimal_Default.Minimal_Default:PersistentLevel.Minimal_Default' with GeneratedClass '/Game/StarterContent/Maps/Minimal_Default.Minimal_Default_C' with ClassGeneratedBy '/Game/StarterContent/Maps/Minimal_Default.Minimal_Default:PersistentLevel.Minimal_Default'
[2017.03.23-18.22.33:650][937]LogBlueprintUserMessages: Early EndPlayMap Detection: Level '/Game/StarterContent/Maps/Minimal_Default.Minimal_Default:PersistentLevel' has LevelScriptBlueprint '/Game/StarterContent/Maps/Minimal_Default.Minimal_Default:PersistentLevel.Minimal_Default' with GeneratedClass '/Game/StarterContent/Maps/Minimal_Default.Minimal_Default_C' with ClassGeneratedBy '/Game/StarterContent/Maps/Minimal_Default.Minimal_Default:PersistentLevel.Minimal_Default'
[2017.03.23-18.22.33:687][937]LogBlueprintUserMessages: Late EndPlayMap Detection: Level '/Game/StarterContent/Maps/Minimal_Default.Minimal_Default:PersistentLevel' has LevelScriptBlueprint '/Game/StarterContent/Maps/Minimal_Default.Minimal_Default:PersistentLevel.Minimal_Default' with GeneratedClass '/Game/StarterContent/Maps/Minimal_Default.Minimal_Default_C' with ClassGeneratedBy '/Game/StarterContent/Maps/Minimal_Default.Minimal_Default:PersistentLevel.Minimal_Default'
[2017.03.23-18.23.39:366][809]BlueprintLog: New page: Compile TheBox
[2017.03.23-18.23.39:377][809]LogBlueprint:Warning: [Compiler TheBox] Warning 'Destructible Mesh' does not inherit from 'Static Mesh Component' ( Cast To DestructibleMesh  would always fail).
[2017.03.23-18.23.39:466][809]BlueprintEditorCompileResults:Warning: Warning 'Destructible Mesh' does not inherit from 'Static Mesh Component' ( Cast To DestructibleMesh  would always fail).
[2017.03.23-18.23.39:466][809]LogBlueprint:Warning: [Compiler TheBox] Warning [0187.05] Compile of TheBox successful, but with 1 Warning(s) [in 100 ms] (/Game/Blueprint/TheBox.TheBox)
[2017.03.23-18.28.07:564][754]BlueprintLog: New page: Compile TheBox
[2017.03.23-18.28.11:336][ 18]LogRenderer: Reallocating scene render targets to support 1224x712 NumSamples 1 (Frame:26743).
[2017.03.23-18.28.28:407][706]BlueprintLog: New page: Compile TheBox
[2017.03.23-18.28.28:417][706]LogBlueprint:Error: [Compiler TheBox] Error This blueprint (self) is not a PrimitiveComponent, therefore ' Target ' must have a connection.
[2017.03.23-18.28.28:417][706]LogBlueprint:Error: [Compiler TheBox] Error This blueprint (self) is not a PrimitiveComponent, therefore ' Target ' must have a connection.
[2017.03.23-18.28.28:417][706]LogBlueprint:Error: [Compiler TheBox] Error This blueprint (self) is not a PrimitiveComponent, therefore ' Target ' must have a connection.
[2017.03.23-18.28.28:417][706]LogBlueprint:Error: [Compiler TheBox] Error This blueprint (self) is not a PrimitiveComponent, therefore ' Target ' must have a connection.
[2017.03.23-18.28.28:417][706]LogBlueprint:Error: [Compiler TheBox] Error This blueprint (self) is not a PrimitiveComponent, therefore ' Target ' must have a connection.
[2017.03.23-18.28.28:417][706]LogBlueprint:Error: [Compiler TheBox] Error This blueprint (self) is not a PrimitiveComponent, therefore ' Target ' must have a connection.
[2017.03.23-18.28.28:417][706]LogBlueprint:Error: [Compiler TheBox] Error This blueprint (self) is not a PrimitiveComponent, therefore ' Target ' must have a connection.
[2017.03.23-18.28.28:417][706]LogBlueprint:Error: [Compiler TheBox] Error This blueprint (self) is not a PrimitiveComponent, therefore ' Target ' must have a connection.
[2017.03.23-18.28.29:077][706]BlueprintEditorCompileResults:Error: Error This blueprint (self) is not a PrimitiveComponent, therefore ' Target ' must have a connection.
[2017.03.23-18.28.29:077][706]BlueprintEditorCompileResults:Error: Error This blueprint (self) is not a PrimitiveComponent, therefore ' Target ' must have a connection.
[2017.03.23-18.28.29:077][706]BlueprintEditorCompileResults:Error: Error This blueprint (self) is not a PrimitiveComponent, therefore ' Target ' must have a connection.
[2017.03.23-18.28.29:077][706]BlueprintEditorCompileResults:Error: Error This blueprint (self) is not a PrimitiveComponent, therefore ' Target ' must have a connection.
[2017.03.23-18.28.29:077][706]BlueprintEditorCompileResults:Error: Error This blueprint (self) is not a PrimitiveComponent, therefore ' Target ' must have a connection.
[2017.03.23-18.28.29:077][706]BlueprintEditorCompileResults:Error: Error This blueprint (self) is not a PrimitiveComponent, therefore ' Target ' must have a connection.
[2017.03.23-18.28.29:077][706]BlueprintEditorCompileResults:Error: Error This blueprint (self) is not a PrimitiveComponent, therefore ' Target ' must have a connection.
[2017.03.23-18.28.29:077][706]BlueprintEditorCompileResults:Error: Error This blueprint (self) is not a PrimitiveComponent, therefore ' Target ' must have a connection.
[2017.03.23-18.28.29:077][706]LogBlueprint:Warning: [Compiler TheBox] Warning [0476.66] Compile of TheBox failed. 8 Fatal Issue(s) 0 Warning(s) [in 670 ms] (/Game/Blueprint/TheBox.TheBox)
[2017.03.23-18.28.49:729][883]BlueprintLog: New page: Compile TheBox
[2017.03.23-18.28.49:740][883]LogBlueprint:Error: [Compiler TheBox] Error This blueprint (self) is not a PrimitiveComponent, therefore ' Target ' must have a connection.
[2017.03.23-18.28.49:740][883]LogBlueprint:Error: [Compiler TheBox] Error This blueprint (self) is not a PrimitiveComponent, therefore ' Target ' must have a connection.
[2017.03.23-18.28.49:740][883]LogBlueprint:Error: [Compiler TheBox] Error This blueprint (self) is not a PrimitiveComponent, therefore ' Target ' must have a connection.
[2017.03.23-18.28.49:740][883]LogBlueprint:Error: [Compiler TheBox] Error This blueprint (self) is not a PrimitiveComponent, therefore ' Target ' must have a connection.
[2017.03.23-18.28.49:740][883]LogBlueprint:Error: [Compiler TheBox] Error This blueprint (self) is not a PrimitiveComponent, therefore ' Target ' must have a connection.
[2017.03.23-18.28.49:740][883]LogBlueprint:Error: [Compiler TheBox] Error This blueprint (self) is not a PrimitiveComponent, therefore ' Target ' must have a connection.
[2017.03.23-18.28.49:878][883]BlueprintEditorCompileResults:Error: Error This blueprint (self) is not a PrimitiveComponent, therefore ' Target ' must have a connection.
[2017.03.23-18.28.49:878][883]BlueprintEditorCompileResults:Error: Error This blueprint (self) is not a PrimitiveComponent, therefore ' Target ' must have a connection.
[2017.03.23-18.28.49:878][883]BlueprintEditorCompileResults:Error: Error This blueprint (self) is not a PrimitiveComponent, therefore ' Target ' must have a connection.
[2017.03.23-18.28.49:878][883]BlueprintEditorCompileResults:Error: Error This blueprint (self) is not a PrimitiveComponent, therefore ' Target ' must have a connection.
[2017.03.23-18.28.49:878][883]BlueprintEditorCompileResults:Error: Error This blueprint (self) is not a PrimitiveComponent, therefore ' Target ' must have a connection.
[2017.03.23-18.28.49:878][883]BlueprintEditorCompileResults:Error: Error This blueprint (self) is not a PrimitiveComponent, therefore ' Target ' must have a connection.
[2017.03.23-18.28.49:878][883]LogBlueprint:Warning: [Compiler TheBox] Warning [0497.46] Compile of TheBox failed. 6 Fatal Issue(s) 0 Warning(s) [in 149 ms] (/Game/Blueprint/TheBox.TheBox)
[2017.03.23-18.29.03:742][326]BlueprintLog: New page: Compile TheBox
[2017.03.23-18.29.03:754][326]LogBlueprint:Error: [Compiler TheBox] Error This blueprint (self) is not a PrimitiveComponent, therefore ' Target ' must have a connection.
[2017.03.23-18.29.03:754][326]LogBlueprint:Error: [Compiler TheBox] Error This blueprint (self) is not a PrimitiveComponent, therefore ' Target ' must have a connection.
[2017.03.23-18.29.03:754][326]LogBlueprint:Error: [Compiler TheBox] Error This blueprint (self) is not a PrimitiveComponent, therefore ' Target ' must have a connection.
[2017.03.23-18.29.03:895][326]BlueprintEditorCompileResults:Error: Error This blueprint (self) is not a PrimitiveComponent, therefore ' Target ' must have a connection.
[2017.03.23-18.29.03:895][326]BlueprintEditorCompileResults:Error: Error This blueprint (self) is not a PrimitiveComponent, therefore ' Target ' must have a connection.
[2017.03.23-18.29.03:895][326]BlueprintEditorCompileResults:Error: Error This blueprint (self) is not a PrimitiveComponent, therefore ' Target ' must have a connection.
[2017.03.23-18.29.03:896][326]LogBlueprint:Warning: [Compiler TheBox] Warning [0511.48] Compile of TheBox failed. 3 Fatal Issue(s) 0 Warning(s) [in 153 ms] (/Game/Blueprint/TheBox.TheBox)
[2017.03.23-18.29.14:739][465]BlueprintLog: New page: Compile TheBox
[2017.03.23-18.29.26:551][739]BlueprintLog: New page: Compile TheBox
[2017.03.23-18.29.28:442][934]LogTemp: Repeting last play command: Selected Viewport
[2017.03.23-18.29.28:457][934]LogBlueprintUserMessages: Early PlayInEditor Detection: Level '/Game/StarterContent/Maps/Minimal_Default.Minimal_Default:PersistentLevel' has LevelScriptBlueprint '/Game/StarterContent/Maps/Minimal_Default.Minimal_Default:PersistentLevel.Minimal_Default' with GeneratedClass '/Game/StarterContent/Maps/Minimal_Default.Minimal_Default_C' with ClassGeneratedBy '/Game/StarterContent/Maps/Minimal_Default.Minimal_Default:PersistentLevel.Minimal_Default'
[2017.03.23-18.29.28:457][934]LogPlayLevel: PlayLevel: No blueprints needed recompiling
[2017.03.23-18.29.28:457][934]PIE: New page: PIE session: Minimal_Default (Mar 24, 2017, 8:29:28 AM)
[2017.03.23-18.29.28:457][934]LogPlayLevel: Creating play world package: /Game/StarterContent/Maps/UEDPIE_0_Minimal_Default
[2017.03.23-18.29.28:459][934]LogPlayLevel: PIE: StaticDuplicateObject took: (0.002511s)
[2017.03.23-18.29.28:460][934]LogAIModule: Creating AISystem for world Minimal_Default
[2017.03.23-18.29.28:460][934]LogPlayLevel: PIE: World Init took: (0.000531s)
[2017.03.23-18.29.28:460][934]LogPlayLevel: PIE: Created PIE world by copying editor world from /Game/StarterContent/Maps/Minimal_Default.Minimal_Default to /Game/StarterContent/Maps/UEDPIE_0_Minimal_Default.Minimal_Default (0.003230s)
[2017.03.23-18.29.28:476][934]LogInit: XAudio2 using 'Headphones (2- High Definition Audio Device)' : 2 channels at 44.1 kHz using 16 bits per sample (channel mask 0x3)
[2017.03.23-18.29.28:481][934]LogInit: FAudioDevice initialized.
[2017.03.23-18.29.28:511][934]LogLoad: Game class is 'PuzzleGameMode_C'
[2017.03.23-18.29.28:513][934]LogWorld: Bringing World /Game/StarterContent/Maps/UEDPIE_0_Minimal_Default.Minimal_Default up for play (max tick rate 0) at 2017.03.24-01.29.28
[2017.03.23-18.29.28:513][934]LogWorld: Bringing up level for play took: 0.001614
[2017.03.23-18.29.28:514][934]LogGameMode:Display: Match State Changed from EnteringMap to WaitingToStart
[2017.03.23-18.29.28:514][934]LogGameState: Match State Changed from EnteringMap to WaitingToStart
[2017.03.23-18.29.28:514][934]LogGameMode:Display: Match State Changed from WaitingToStart to InProgress
[2017.03.23-18.29.28:514][934]LogGameState: Match State Changed from WaitingToStart to InProgress
[2017.03.23-18.29.28:514][934]PIE: Info Play in editor start time for /Game/StarterContent/Maps/UEDPIE_0_Minimal_Default -0.928
[2017.03.23-18.29.28:515][934]LogBlueprintUserMessages: Late PlayInEditor Detection: Level '/Game/StarterContent/Maps/Minimal_Default.Minimal_Default:PersistentLevel' has LevelScriptBlueprint '/Game/StarterContent/Maps/Minimal_Default.Minimal_Default:PersistentLevel.Minimal_Default' with GeneratedClass '/Game/StarterContent/Maps/Minimal_Default.Minimal_Default_C' with ClassGeneratedBy '/Game/StarterContent/Maps/Minimal_Default.Minimal_Default:PersistentLevel.Minimal_Default'
[2017.03.23-18.29.35:570][778]LogBlueprintUserMessages: Early EndPlayMap Detection: Level '/Game/StarterContent/Maps/Minimal_Default.Minimal_Default:PersistentLevel' has LevelScriptBlueprint '/Game/StarterContent/Maps/Minimal_Default.Minimal_Default:PersistentLevel.Minimal_Default' with GeneratedClass '/Game/StarterContent/Maps/Minimal_Default.Minimal_Default_C' with ClassGeneratedBy '/Game/StarterContent/Maps/Minimal_Default.Minimal_Default:PersistentLevel.Minimal_Default'
[2017.03.23-18.29.35:604][778]LogBlueprintUserMessages: Late EndPlayMap Detection: Level '/Game/StarterContent/Maps/Minimal_Default.Minimal_Default:PersistentLevel' has LevelScriptBlueprint '/Game/StarterContent/Maps/Minimal_Default.Minimal_Default:PersistentLevel.Minimal_Default' with GeneratedClass '/Game/StarterContent/Maps/Minimal_Default.Minimal_Default_C' with ClassGeneratedBy '/Game/StarterContent/Maps/Minimal_Default.Minimal_Default:PersistentLevel.Minimal_Default'
[2017.03.23-18.29.53:074][236]BlueprintLog: New page: Compile TheBox
[2017.03.23-18.30.09:134][ 66]LogEditorActor: Deleted Actor: TheBox_C
[2017.03.23-18.30.09:148][ 66]LogEditorActor: Deleted 1 Actors (0.014 secs)
[2017.03.23-18.30.10:105][178]LogEditorActor: Deleted Actor: TheBox_C
[2017.03.23-18.30.10:116][178]LogEditorActor: Deleted 1 Actors (0.012 secs)
[2017.03.23-18.30.10:607][234]LogEditorActor: Deleted Actor: TheBox_C
[2017.03.23-18.30.10:619][234]LogEditorActor: Deleted 1 Actors (0.012 secs)
[2017.03.23-18.30.11:243][306]LogEditorActor: Deleted Actor: TheBox_C
[2017.03.23-18.30.11:254][306]LogEditorActor: Deleted 1 Actors (0.012 secs)
[2017.03.23-18.30.11:795][368]LogEditorActor: Deleted Actor: TheBox_C
[2017.03.23-18.30.11:806][368]LogEditorActor: Deleted 1 Actors (0.012 secs)
[2017.03.23-18.30.12:764][480]LogEditorActor: Deleted Actor: TheBox_C
[2017.03.23-18.30.12:775][480]LogEditorActor: Deleted 1 Actors (0.011 secs)
[2017.03.23-18.30.14:032][628]LogEditorActor: Deleted Actor: TheBox_C
[2017.03.23-18.30.14:043][628]LogEditorActor: Deleted 1 Actors (0.011 secs)
[2017.03.23-18.30.14:725][707]LogEditorActor: Deleted Actor: TheBox_C
[2017.03.23-18.30.14:737][707]LogEditorActor: Deleted 1 Actors (0.011 secs)
[2017.03.23-18.30.17:847][ 66]LogEditorActor: Deleted Actor: DestructibleActor
[2017.03.23-18.30.17:858][ 66]LogEditorActor: Deleted 1 Actors (0.012 secs)
[2017.03.23-18.30.18:884][185]LogEditorActor: Deleted Actor: DestructibleActor
[2017.03.23-18.30.18:895][185]LogEditorActor: Deleted 1 Actors (0.011 secs)
[2017.03.23-18.30.25:738][996]Cmd: OBJ SAVEPACKAGE PACKAGE="/Game/StarterContent/Maps/Minimal_Default" FILE="E:/Quantum/Content/StarterContent/Maps/Minimal_Default.umap" SILENT=true AUTOSAVING=false KEEPDIRTY=false
[2017.03.23-18.30.25:855][996]LogSavePackage: Save=97.87ms
[2017.03.23-18.30.25:855][996]LogSavePackage: Moving 'E:/Quantum/Saved/Minimal_Default660E16CA4C8404043C12C5BCD185B795.tmp' to 'E:/Quantum/Content/StarterContent/Maps/Minimal_Default.umap'
[2017.03.23-18.30.25:856][996]LogSavePackage:Display: Finished SavePackage E:/Quantum/Content/StarterContent/Maps/Minimal_Default.umap
[2017.03.23-18.30.25:880][996]Cmd: OBJ SAVEPACKAGE PACKAGE="/Game/StarterContent/Maps/Minimal_Default_BuiltData" FILE="E:/Quantum/Content/StarterContent/Maps/Minimal_Default_BuiltData.uasset" SILENT=true
[2017.03.23-18.30.25:900][996]LogSavePackage: Save=13.98ms
[2017.03.23-18.30.25:900][996]LogSavePackage: Moving 'E:/Quantum/Saved/Minimal_Default_BuiltDataA366985547D8D48C084844AAEE09F188.tmp' to 'E:/Quantum/Content/StarterContent/Maps/Minimal_Default_BuiltData.uasset'
[2017.03.23-18.30.25:901][996]LogSavePackage:Display: Finished SavePackage E:/Quantum/Content/StarterContent/Maps/Minimal_Default_BuiltData.uasset
[2017.03.23-18.30.28:512][229]BlueprintLog: New page: Compile TheBox
[2017.03.23-18.30.37:218][997]LogTemp: Repeting last play command: Selected Viewport
[2017.03.23-18.30.37:233][997]LogBlueprintUserMessages: Early PlayInEditor Detection: Level '/Game/StarterContent/Maps/Minimal_Default.Minimal_Default:PersistentLevel' has LevelScriptBlueprint '/Game/StarterContent/Maps/Minimal_Default.Minimal_Default:PersistentLevel.Minimal_Default' with GeneratedClass '/Game/StarterContent/Maps/Minimal_Default.Minimal_Default_C' with ClassGeneratedBy '/Game/StarterContent/Maps/Minimal_Default.Minimal_Default:PersistentLevel.Minimal_Default'
[2017.03.23-18.30.37:233][997]LogPlayLevel: PlayLevel: No blueprints needed recompiling
[2017.03.23-18.30.37:233][997]PIE: New page: PIE session: Minimal_Default (Mar 24, 2017, 8:30:37 AM)
[2017.03.23-18.30.37:233][997]LogPlayLevel: Creating play world package: /Game/StarterContent/Maps/UEDPIE_0_Minimal_Default
[2017.03.23-18.30.37:235][997]LogPlayLevel: PIE: StaticDuplicateObject took: (0.002058s)
[2017.03.23-18.30.37:236][997]LogAIModule: Creating AISystem for world Minimal_Default
[2017.03.23-18.30.37:236][997]LogPlayLevel: PIE: World Init took: (0.000484s)
[2017.03.23-18.30.37:236][997]LogPlayLevel: PIE: Created PIE world by copying editor world from /Game/StarterContent/Maps/Minimal_Default.Minimal_Default to /Game/StarterContent/Maps/UEDPIE_0_Minimal_Default.Minimal_Default (0.002708s)
[2017.03.23-18.30.37:253][997]LogInit: XAudio2 using 'Headphones (2- High Definition Audio Device)' : 2 channels at 44.1 kHz using 16 bits per sample (channel mask 0x3)
[2017.03.23-18.30.37:258][997]LogInit: FAudioDevice initialized.
[2017.03.23-18.30.37:288][997]LogLoad: Game class is 'PuzzleGameMode_C'
[2017.03.23-18.30.37:290][997]LogWorld: Bringing World /Game/StarterContent/Maps/UEDPIE_0_Minimal_Default.Minimal_Default up for play (max tick rate 0) at 2017.03.24-01.30.37
[2017.03.23-18.30.37:290][997]LogWorld: Bringing up level for play took: 0.001363
[2017.03.23-18.30.37:290][997]LogGameMode:Display: Match State Changed from EnteringMap to WaitingToStart
[2017.03.23-18.30.37:290][997]LogGameState: Match State Changed from EnteringMap to WaitingToStart
[2017.03.23-18.30.37:291][997]LogGameMode:Display: Match State Changed from WaitingToStart to InProgress
[2017.03.23-18.30.37:291][997]LogGameState: Match State Changed from WaitingToStart to InProgress
[2017.03.23-18.30.37:291][997]PIE: Info Play in editor start time for /Game/StarterContent/Maps/UEDPIE_0_Minimal_Default -0.151
[2017.03.23-18.30.37:291][997]LogBlueprintUserMessages: Late PlayInEditor Detection: Level '/Game/StarterContent/Maps/Minimal_Default.Minimal_Default:PersistentLevel' has LevelScriptBlueprint '/Game/StarterContent/Maps/Minimal_Default.Minimal_Default:PersistentLevel.Minimal_Default' with GeneratedClass '/Game/StarterContent/Maps/Minimal_Default.Minimal_Default_C' with ClassGeneratedBy '/Game/StarterContent/Maps/Minimal_Default.Minimal_Default:PersistentLevel.Minimal_Default'
[2017.03.23-18.30.38:273][112]LogMaterial:Warning: Material /Game/Material/LowMassMat.LowMassMat missing bUsedWithSkeletalMesh=True! Default Material will be used in game.
[2017.03.23-18.30.38:273][112]LogMaterial:Warning:      The material will recompile every editor launch until resaved.
[2017.03.23-18.30.38:864][183]LogMaterial:Warning: Material /Game/Material/HighMassMat.HighMassMat missing bUsedWithSkeletalMesh=True! Default Material will be used in game.
[2017.03.23-18.30.38:864][183]LogMaterial:Warning:      The material will recompile every editor launch until resaved.
[2017.03.23-18.30.41:039][444]LogBlueprintUserMessages: Early EndPlayMap Detection: Level '/Game/StarterContent/Maps/Minimal_Default.Minimal_Default:PersistentLevel' has LevelScriptBlueprint '/Game/StarterContent/Maps/Minimal_Default.Minimal_Default:PersistentLevel.Minimal_Default' with GeneratedClass '/Game/StarterContent/Maps/Minimal_Default.Minimal_Default_C' with ClassGeneratedBy '/Game/StarterContent/Maps/Minimal_Default.Minimal_Default:PersistentLevel.Minimal_Default'
[2017.03.23-18.30.41:078][444]LogBlueprintUserMessages: Late EndPlayMap Detection: Level '/Game/StarterContent/Maps/Minimal_Default.Minimal_Default:PersistentLevel' has LevelScriptBlueprint '/Game/StarterContent/Maps/Minimal_Default.Minimal_Default:PersistentLevel.Minimal_Default' with GeneratedClass '/Game/StarterContent/Maps/Minimal_Default.Minimal_Default_C' with ClassGeneratedBy '/Game/StarterContent/Maps/Minimal_Default.Minimal_Default:PersistentLevel.Minimal_Default'
[2017.03.23-18.31.05:156][240]BlueprintLog: New page: Compile TheBox
[2017.03.23-18.31.06:072][317]BlueprintLog: New page: Compile TheBox
[2017.03.23-18.31.10:963][751]LogActorComponent: UnregisterComponent: (/Engine/Transient.EditorFloorComp) Not registered. Aborting.
[2017.03.23-18.31.11:628][824]LogTemp: Repeting last play command: Selected Viewport
[2017.03.23-18.31.11:643][824]LogBlueprintUserMessages: Early PlayInEditor Detection: Level '/Game/StarterContent/Maps/Minimal_Default.Minimal_Default:PersistentLevel' has LevelScriptBlueprint '/Game/StarterContent/Maps/Minimal_Default.Minimal_Default:PersistentLevel.Minimal_Default' with GeneratedClass '/Game/StarterContent/Maps/Minimal_Default.Minimal_Default_C' with ClassGeneratedBy '/Game/StarterContent/Maps/Minimal_Default.Minimal_Default:PersistentLevel.Minimal_Default'
[2017.03.23-18.31.11:643][824]LogPlayLevel: PlayLevel: No blueprints needed recompiling
[2017.03.23-18.31.11:643][824]PIE: New page: PIE session: Minimal_Default (Mar 24, 2017, 8:31:11 AM)
[2017.03.23-18.31.11:643][824]LogPlayLevel: Creating play world package: /Game/StarterContent/Maps/UEDPIE_0_Minimal_Default
[2017.03.23-18.31.11:645][824]LogPlayLevel: PIE: StaticDuplicateObject took: (0.002117s)
[2017.03.23-18.31.11:646][824]LogAIModule: Creating AISystem for world Minimal_Default
[2017.03.23-18.31.11:646][824]LogPlayLevel: PIE: World Init took: (0.000632s)
[2017.03.23-18.31.11:646][824]LogPlayLevel: PIE: Created PIE world by copying editor world from /Game/StarterContent/Maps/Minimal_Default.Minimal_Default to /Game/StarterContent/Maps/UEDPIE_0_Minimal_Default.Minimal_Default (0.002950s)
[2017.03.23-18.31.11:663][824]LogInit: XAudio2 using 'Headphones (2- High Definition Audio Device)' : 2 channels at 44.1 kHz using 16 bits per sample (channel mask 0x3)
[2017.03.23-18.31.11:668][824]LogInit: FAudioDevice initialized.
[2017.03.23-18.31.11:701][824]LogLoad: Game class is 'PuzzleGameMode_C'
[2017.03.23-18.31.11:704][824]LogWorld: Bringing World /Game/StarterContent/Maps/UEDPIE_0_Minimal_Default.Minimal_Default up for play (max tick rate 0) at 2017.03.24-01.31.11
[2017.03.23-18.31.11:704][824]LogWorld: Bringing up level for play took: 0.001376
[2017.03.23-18.31.11:704][824]LogGameMode:Display: Match State Changed from EnteringMap to WaitingToStart
[2017.03.23-18.31.11:704][824]LogGameState: Match State Changed from EnteringMap to WaitingToStart
[2017.03.23-18.31.11:704][824]LogGameMode:Display: Match State Changed from WaitingToStart to InProgress
[2017.03.23-18.31.11:705][824]LogGameState: Match State Changed from WaitingToStart to InProgress
[2017.03.23-18.31.11:705][824]PIE: Info Play in editor start time for /Game/StarterContent/Maps/UEDPIE_0_Minimal_Default 0.263
[2017.03.23-18.31.11:705][824]LogBlueprintUserMessages: Late PlayInEditor Detection: Level '/Game/StarterContent/Maps/Minimal_Default.Minimal_Default:PersistentLevel' has LevelScriptBlueprint '/Game/StarterContent/Maps/Minimal_Default.Minimal_Default:PersistentLevel.Minimal_Default' with GeneratedClass '/Game/StarterContent/Maps/Minimal_Default.Minimal_Default_C' with ClassGeneratedBy '/Game/StarterContent/Maps/Minimal_Default.Minimal_Default:PersistentLevel.Minimal_Default'
[2017.03.23-18.31.27:466][711]LogBlueprintUserMessages: Early EndPlayMap Detection: Level '/Game/StarterContent/Maps/Minimal_Default.Minimal_Default:PersistentLevel' has LevelScriptBlueprint '/Game/StarterContent/Maps/Minimal_Default.Minimal_Default:PersistentLevel.Minimal_Default' with GeneratedClass '/Game/StarterContent/Maps/Minimal_Default.Minimal_Default_C' with ClassGeneratedBy '/Game/StarterContent/Maps/Minimal_Default.Minimal_Default:PersistentLevel.Minimal_Default'
[2017.03.23-18.31.27:513][711]LogBlueprintUserMessages: Late EndPlayMap Detection: Level '/Game/StarterContent/Maps/Minimal_Default.Minimal_Default:PersistentLevel' has LevelScriptBlueprint '/Game/StarterContent/Maps/Minimal_Default.Minimal_Default:PersistentLevel.Minimal_Default' with GeneratedClass '/Game/StarterContent/Maps/Minimal_Default.Minimal_Default_C' with ClassGeneratedBy '/Game/StarterContent/Maps/Minimal_Default.Minimal_Default:PersistentLevel.Minimal_Default'
[2017.03.23-18.31.40:054][637]Cmd: QUIT_EDITOR
[2017.03.23-18.31.41:043][637]LogWindowsTextInputMethodSystem:Display: IME system now deactivated.
[2017.03.23-18.31.41:082][637]LogExit: Preparing to exit.
[2017.03.23-18.31.41:407][637]LogExit: Editor shut down
[2017.03.23-18.31.41:407][637]LogExit: Transaction tracking system shut down
[2017.03.23-18.31.41:473][637]LogObj: Freed 0b from 0 cluster array pools.
[2017.03.23-18.31.41:473][637]LogExit: Object subsystem successfully closed.
[2017.03.23-18.31.41:489][637]LogD3D11RHI: Shutdown
[2017.03.23-18.31.41:489][637]LogD3D11RHI: CleanupD3DDevice
[2017.03.23-18.31.41:559][637]LogD3D11RHI: ~FD3D11DynamicRHI
[2017.03.23-18.31.41:569][637]LogModuleManager: Shutting down and abandoning module MovieSceneCapture (504)
[2017.03.23-18.31.41:569][637]LogModuleManager: Shutting down and abandoning module BlueprintGraph (502)
[2017.03.23-18.31.41:569][637]LogModuleManager: Shutting down and abandoning module BlueprintProfiler (500)
[2017.03.23-18.31.41:569][637]LogModuleManager: Shutting down and abandoning module HierarchicalLODOutliner (498)
[2017.03.23-18.31.41:569][637]LogModuleManager: Shutting down and abandoning module CrashTracker (496)
[2017.03.23-18.31.41:569][637]LogModuleManager: Shutting down and abandoning module SceneOutliner (494)
[2017.03.23-18.31.41:569][637]LogModuleManager: Shutting down and abandoning module AddContentDialog (492)
[2017.03.23-18.31.41:569][637]LogDirectoryWatcher: A directory notification for 'C:/Program Files/Epic Games/UE_4.15/FeaturePacks/' was aborted.
[2017.03.23-18.31.41:571][637]LogModuleManager: Shutting down and abandoning module WidgetCarousel (491)
[2017.03.23-18.31.41:571][637]LogModuleManager: Shutting down and abandoning module EditorWidgets (488)
[2017.03.23-18.31.41:571][637]LogModuleManager: Shutting down and abandoning module CollectionManager (486)
[2017.03.23-18.31.41:572][637]LogDirectoryWatcher: A directory notification for 'E:/Quantum/Content/Collections/' was aborted.
[2017.03.23-18.31.41:572][637]LogDirectoryWatcher: A directory notification for 'E:/Quantum/Content/Developers/Proto/Collections/' was aborted.
[2017.03.23-18.31.41:572][637]LogDirectoryWatcher: A directory notification for 'E:/Quantum/Saved/Collections/' was aborted.
[2017.03.23-18.31.41:572][637]LogModuleManager: Shutting down and abandoning module StatsViewer (484)
[2017.03.23-18.31.41:572][637]LogModuleManager: Shutting down and abandoning module FoliageEdit (482)
[2017.03.23-18.31.41:572][637]LogModuleManager: Shutting down and abandoning module LandscapeEditor (480)
[2017.03.23-18.31.41:572][637]LogModuleManager: Shutting down and abandoning module SceneDepthPickerMode (478)
[2017.03.23-18.31.41:572][637]LogModuleManager: Shutting down and abandoning module ActorPickerMode (476)
[2017.03.23-18.31.41:572][637]LogModuleManager: Shutting down and abandoning module GeometryMode (474)
[2017.03.23-18.31.41:572][637]LogModuleManager: Shutting down and abandoning module TextureAlignMode (472)
[2017.03.23-18.31.41:572][637]LogModuleManager: Shutting down and abandoning module BspMode (470)
[2017.03.23-18.31.41:572][637]LogModuleManager: Shutting down and abandoning module HardwareSurvey (468)
[2017.03.23-18.31.41:572][637]LogModuleManager: Shutting down and abandoning module SequenceRecorderSections (466)
[2017.03.23-18.31.41:572][637]LogModuleManager: Shutting down and abandoning module AutomationWorker (464)
[2017.03.23-18.31.41:572][637]LogModuleManager: Shutting down and abandoning module MatineeToLevelSequence (462)
[2017.03.23-18.31.41:572][637]LogModuleManager: Shutting down and abandoning module LevelSequenceEditor (460)
[2017.03.23-18.31.41:572][637]LogModuleManager: Shutting down and abandoning module PlacementMode (459)
[2017.03.23-18.31.41:572][637]LogModuleManager: Shutting down and abandoning module WmfMediaFactory (456)
[2017.03.23-18.31.41:572][637]LogModuleManager: Shutting down and abandoning module WmfMediaEditor (454)
[2017.03.23-18.31.41:572][637]LogModuleManager: Shutting down and abandoning module MfMediaFactory (452)
[2017.03.23-18.31.41:572][637]LogModuleManager: Shutting down and abandoning module MfMediaEditor (450)
[2017.03.23-18.31.41:572][637]LogModuleManager: Shutting down and abandoning module AvfMediaFactory (448)
[2017.03.23-18.31.41:572][637]LogModuleManager: Shutting down and abandoning module AvfMediaEditor (446)
[2017.03.23-18.31.41:572][637]LogModuleManager: Shutting down and abandoning module AndroidMediaFactory (444)
[2017.03.23-18.31.41:572][637]LogModuleManager: Shutting down and abandoning module Media (443)
[2017.03.23-18.31.41:572][637]LogModuleManager: Shutting down and abandoning module AndroidMediaEditor (440)
[2017.03.23-18.31.41:572][637]LogModuleManager: Shutting down and abandoning module CharacterAI (438)
[2017.03.23-18.31.41:572][637]LogModuleManager: Shutting down and abandoning module AudioCapture (436)
[2017.03.23-18.31.41:572][637]LogModuleManager: Shutting down and abandoning module SequenceRecorder (435)
[2017.03.23-18.31.41:572][637]LogModuleManager: Shutting down and abandoning module SmartSnapping (432)
[2017.03.23-18.31.41:572][637]LogModuleManager: Shutting down and abandoning module SessionServices (430)
[2017.03.23-18.31.41:572][637]LogModuleManager: Shutting down and abandoning module ViewportSnapping (428)
[2017.03.23-18.31.41:572][637]LogModuleManager: Shutting down and abandoning module ViewportInteraction (426)
[2017.03.23-18.31.41:572][637]LogModuleManager: Shutting down and abandoning module LogVisualizer (424)
[2017.03.23-18.31.41:572][637]LogModuleManager: Shutting down and abandoning module IntroTutorials (422)
[2017.03.23-18.31.41:572][637]LogModuleManager: Shutting down and abandoning module GameProjectGeneration (421)
[2017.03.23-18.31.41:572][637]LogModuleManager: Shutting down and abandoning module EditorLiveStreaming (418)
[2017.03.23-18.31.41:572][637]LogModuleManager: Shutting down and abandoning module IOSPlatformEditor (416)
[2017.03.23-18.31.41:572][637]LogModuleManager: Shutting down and abandoning module HTML5PlatformEditor (414)
[2017.03.23-18.31.41:572][637]LogModuleManager: Shutting down and abandoning module AndroidPlatformEditor (412)
[2017.03.23-18.31.41:572][637]LogModuleManager: Shutting down and abandoning module AndroidDeviceDetection (411)
[2017.03.23-18.31.42:477][637]LogModuleManager: Shutting down and abandoning module IOSRuntimeSettings (408)
[2017.03.23-18.31.42:477][637]LogModuleManager: Shutting down and abandoning module AndroidRuntimeSettings (406)
[2017.03.23-18.31.42:477][637]LogModuleManager: Shutting down and abandoning module InputBindingEditor (404)
[2017.03.23-18.31.42:477][637]LogModuleManager: Shutting down and abandoning module NiagaraEditor (402)
[2017.03.23-18.31.42:477][637]LogModuleManager: Shutting down and abandoning module MergeActors (400)
[2017.03.23-18.31.42:477][637]LogModuleManager: Shutting down and abandoning module SizeMap (398)
[2017.03.23-18.31.42:477][637]LogModuleManager: Shutting down and abandoning module TreeMap (396)
[2017.03.23-18.31.42:477][637]LogModuleManager: Shutting down and abandoning module ReferenceViewer (394)
[2017.03.23-18.31.42:477][637]LogModuleManager: Shutting down and abandoning module LocalizationDashboard (392)
[2017.03.23-18.31.42:477][637]LogModuleManager: Shutting down and abandoning module LocalizationService (391)
[2017.03.23-18.31.42:477][637]LogModuleManager: Shutting down and abandoning module HardwareTargeting (388)
[2017.03.23-18.31.42:477][637]LogModuleManager: Shutting down and abandoning module DeviceProfileEditor (386)
[2017.03.23-18.31.42:477][637]LogModuleManager: Shutting down and abandoning module UndoHistory (384)
[2017.03.23-18.31.42:477][637]LogModuleManager: Shutting down and abandoning module UserFeedback (382)
[2017.03.23-18.31.42:477][637]LogModuleManager: Shutting down and abandoning module XmlParser (380)
[2017.03.23-18.31.42:477][637]LogModuleManager: Shutting down and abandoning module Blutility (378)
[2017.03.23-18.31.42:477][637]LogModuleManager: Shutting down and abandoning module ProjectSettingsViewer (376)
[2017.03.23-18.31.42:477][637]LogModuleManager: Shutting down and abandoning module ProjectTargetPlatformEditor (375)
[2017.03.23-18.31.42:478][637]LogModuleManager: Shutting down and abandoning module EditorSettingsViewer (372)
[2017.03.23-18.31.42:478][637]LogModuleManager: Shutting down and abandoning module SettingsEditor (370)
[2017.03.23-18.31.42:478][637]LogModuleManager: Shutting down and abandoning module ProjectLauncher (368)
[2017.03.23-18.31.42:478][637]LogModuleManager: Shutting down and abandoning module SessionFrontend (366)
[2017.03.23-18.31.42:478][637]LogModuleManager: Shutting down and abandoning module ProfilerClient (364)
[2017.03.23-18.31.42:478][637]LogModuleManager: Shutting down and abandoning module DeviceManager (362)
[2017.03.23-18.31.42:478][637]LogModuleManager: Shutting down and abandoning module TargetDeviceServices (361)
[2017.03.23-18.31.42:520][637]LogModuleManager: Shutting down and abandoning module AutomationController (358)
[2017.03.23-18.31.42:520][637]LogModuleManager: Shutting down and abandoning module AutomationWindow (356)
[2017.03.23-18.31.42:520][637]LogModuleManager: Shutting down and abandoning module Layers (354)
[2017.03.23-18.31.42:520][637]LogModuleManager: Shutting down and abandoning module ComponentVisualizers (352)
[2017.03.23-18.31.42:520][637]LogModuleManager: Shutting down and abandoning module DetailCustomizations (350)
[2017.03.23-18.31.42:520][637]LogModuleManager: Shutting down and abandoning module PackagesDialog (348)
[2017.03.23-18.31.42:521][637]LogModuleManager: Shutting down and abandoning module Persona (346)
[2017.03.23-18.31.42:521][637]LogModuleManager: Shutting down and abandoning module AnimGraph (345)
[2017.03.23-18.31.42:521][637]LogModuleManager: Shutting down and abandoning module Kismet (342)
[2017.03.23-18.31.42:535][637]LogModuleManager: Shutting down and abandoning module GraphEditor (340)
[2017.03.23-18.31.42:536][637]LogModuleManager: Shutting down and abandoning module ClassViewer (338)
[2017.03.23-18.31.42:536][637]LogModuleManager: Shutting down and abandoning module Toolbox (336)
[2017.03.23-18.31.42:536][637]LogModuleManager: Shutting down and abandoning module ModuleUI (334)
[2017.03.23-18.31.42:536][637]LogModuleManager: Shutting down and abandoning module MovieSceneTools (332)
[2017.03.23-18.31.42:536][637]LogModuleManager: Shutting down and abandoning module OutputLog (330)
[2017.03.23-18.31.42:536][637]LogModuleManager: Shutting down and abandoning module GammaUI (328)
[2017.03.23-18.31.42:536][637]LogModuleManager: Shutting down and abandoning module Documentation (326)
[2017.03.23-18.31.42:536][637]LogModuleManager: Shutting down and abandoning module Niagara (324)
[2017.03.23-18.31.42:536][637]LogModuleManager: Shutting down and abandoning module StreamingPauseRendering (322)
[2017.03.23-18.31.42:536][637]LogModuleManager: Shutting down and abandoning module AnalyticsET (320)
[2017.03.23-18.31.42:536][637]LogModuleManager: Shutting down and abandoning module PortalServices (318)
[2017.03.23-18.31.42:536][637]LogModuleManager: Shutting down and abandoning module PortalRpc (316)
[2017.03.23-18.31.42:536][637]LogModuleManager: Shutting down and abandoning module MessagingRpc (314)
[2017.03.23-18.31.42:536][637]LogModuleManager: Shutting down and abandoning module AIModule (312)
[2017.03.23-18.31.42:536][637]LogModuleManager: Shutting down and abandoning module GameplayDebugger (311)
[2017.03.23-18.31.42:536][637]LogModuleManager: Shutting down and abandoning module AITestSuite (309)
[2017.03.23-18.31.42:536][637]LogModuleManager: Shutting down and abandoning module ProfilerService (306)
[2017.03.23-18.31.42:681][637]LogModuleManager: Shutting down and abandoning module TaskGraph (304)
[2017.03.23-18.31.42:681][637]LogModuleManager: Shutting down and abandoning module SteamVRController (302)
[2017.03.23-18.31.42:681][637]LogModuleManager: Shutting down and abandoning module SteamVR (300)
[2017.03.23-18.31.42:681][637]LogModuleManager: Shutting down and abandoning module ProceduralMeshComponentEditor (298)
[2017.03.23-18.31.42:681][637]LogModuleManager: Shutting down and abandoning module ProceduralMeshComponent (296)
[2017.03.23-18.31.42:681][637]LogModuleManager: Shutting down and abandoning module OculusLibrary (294)
[2017.03.23-18.31.42:681][637]LogModuleManager: Shutting down and abandoning module OculusInput (292)
[2017.03.23-18.31.42:681][637]LogModuleManager: Shutting down and abandoning module MobilePatchingUtils (290)
[2017.03.23-18.31.42:681][637]LogModuleManager: Shutting down and abandoning module CustomMeshComponent (288)
[2017.03.23-18.31.42:681][637]LogModuleManager: Shutting down and abandoning module CableComponent (286)
[2017.03.23-18.31.42:681][637]LogModuleManager: Shutting down and abandoning module ArchVisCharacter (284)
[2017.03.23-18.31.42:681][637]LogModuleManager: Shutting down and abandoning module MediaPlayerEditor (280)
[2017.03.23-18.31.42:681][637]LogModuleManager: Shutting down and abandoning module HTML5Networking (278)
[2017.03.23-18.31.42:681][637]LogModuleManager: Shutting down and abandoning module AlembicImporter (276)
[2017.03.23-18.31.42:681][637]LogModuleManager: Shutting down and abandoning module AlembicLibrary (275)
[2017.03.23-18.31.42:681][637]LogModuleManager: Shutting down and abandoning module GeometryCache (274)
[2017.03.23-18.31.42:681][637]LogModuleManager: Shutting down and abandoning module GeometryCacheEd (273)
[2017.03.23-18.31.42:681][637]LogModuleManager: Shutting down and abandoning module SuperSearchEditor (268)
[2017.03.23-18.31.42:681][637]LogModuleManager: Shutting down and abandoning module SuperSearch (267)
[2017.03.23-18.31.42:681][637]LogModuleManager: Shutting down and abandoning module SpeedTreeImporter (264)
[2017.03.23-18.31.42:681][637]LogModuleManager: Shutting down and abandoning module PluginBrowser (262)
[2017.03.23-18.31.42:681][637]LogModuleManager: Shutting down and abandoning module MobileLauncherProfileWizard (260)
[2017.03.23-18.31.42:681][637]LogModuleManager: Shutting down and abandoning module EpicSurvey (258)
[2017.03.23-18.31.42:681][637]LogModuleManager: Shutting down and abandoning module VisualStudioSourceCodeAccess (256)
[2017.03.23-18.31.42:681][637]LogModuleManager: Shutting down and abandoning module DesktopPlatform (255)
[2017.03.23-18.31.42:681][637]LogModuleManager: Shutting down and abandoning module UObjectPlugin (252)
[2017.03.23-18.31.42:682][637]LogModuleManager: Shutting down and abandoning module SubversionSourceControl (250)
[2017.03.23-18.31.42:682][637]LogModuleManager: Shutting down and abandoning module PerforceSourceControl (248)
[2017.03.23-18.31.42:682][637]LogModuleManager: Shutting down and abandoning module GitSourceControl (246)
[2017.03.23-18.31.42:682][637]LogModuleManager: Shutting down and abandoning module SourceControl (245)
[2017.03.23-18.31.42:682][637]LogModuleManager: Shutting down and abandoning module LightPropagationVolumeEditor (242)
[2017.03.23-18.31.42:682][637]LogModuleManager: Shutting down and abandoning module PaperTiledImporter (240)
[2017.03.23-18.31.42:682][637]LogModuleManager: Shutting down and abandoning module PaperSpriteSheetImporter (238)
[2017.03.23-18.31.42:682][637]LogModuleManager: Shutting down and abandoning module Paper2DEditor (236)
[2017.03.23-18.31.42:682][637]LogModuleManager: Shutting down and abandoning module MeshPaint (235)
[2017.03.23-18.31.42:682][637]LogModuleManager: Shutting down and abandoning module LevelEditor (233)
[2017.03.23-18.31.42:683][637]LogModuleManager: Shutting down and abandoning module PixelInspectorModule (232)
[2017.03.23-18.31.42:684][637]LogModuleManager: Shutting down and abandoning module MainFrame (230)
[2017.03.23-18.31.42:684][637]LogModuleManager: Shutting down and abandoning module HotReload (229)
[2017.03.23-18.31.42:685][637]LogModuleManager: Shutting down and abandoning module ContentBrowser (225)
[2017.03.23-18.31.42:687][637]LogModuleManager: Shutting down and abandoning module PhysXVehiclesEditor (222)
[2017.03.23-18.31.42:687][637]LogModuleManager: Shutting down and abandoning module PhysXVehicles (220)
[2017.03.23-18.31.42:687][637]LogModuleManager: Shutting down and abandoning module LocationServicesBPLibrary (218)
[2017.03.23-18.31.42:687][637]LogModuleManager: Shutting down and abandoning module UdpMessaging (216)
[2017.03.23-18.31.42:788][637]LogModuleManager: Shutting down and abandoning module TcpMessaging (214)
[2017.03.23-18.31.42:888][637]LogModuleManager: Shutting down and abandoning module GameplayTagsEditor (212)
[2017.03.23-18.31.42:888][637]LogModuleManager: Shutting down and abandoning module FacialAnimationEditor (210)
[2017.03.23-18.31.42:888][637]LogModuleManager: Shutting down and abandoning module FacialAnimation (208)
[2017.03.23-18.31.42:888][637]LogModuleManager: Shutting down and abandoning module LightPropagationVolumeRuntime (206)
[2017.03.23-18.31.42:888][637]LogModuleManager: Shutting down and abandoning module Paper2D (204)
[2017.03.23-18.31.42:888][637]LogModuleManager: Shutting down and abandoning module WindowsMoviePlayer (202)
[2017.03.23-18.31.42:888][637]LogModuleManager: Shutting down and abandoning module WmfMedia (200)
[2017.03.23-18.31.42:888][637]LogModuleManager: Shutting down and abandoning module MfMedia (198)
[2017.03.23-18.31.42:888][637]LogModuleManager: Shutting down and abandoning module MediaAssets (196)
[2017.03.23-18.31.42:888][637]LogModuleManager: Shutting down and abandoning module GameLiveStreaming (194)
[2017.03.23-18.31.42:888][637]LogModuleManager: Shutting down and abandoning module VREditor (192)
[2017.03.23-18.31.42:888][637]LogModuleManager: Shutting down and abandoning module GameplayTasksEditor (190)
[2017.03.23-18.31.42:888][637]LogModuleManager: Shutting down and abandoning module BehaviorTreeEditor (188)
[2017.03.23-18.31.42:888][637]LogModuleManager: Shutting down and abandoning module FunctionalTesting (186)
[2017.03.23-18.31.42:888][637]LogModuleManager: Shutting down and abandoning module CollisionAnalyzer (184)
[2017.03.23-18.31.42:888][637]LogModuleManager: Shutting down and abandoning module UMG (182)
[2017.03.23-18.31.42:888][637]LogModuleManager: Shutting down and abandoning module UMGEditor (181)
[2017.03.23-18.31.42:888][637]LogModuleManager: Shutting down and abandoning module Sequencer (180)
[2017.03.23-18.31.42:888][637]LogModuleManager: Shutting down and abandoning module AssetTools (178)
[2017.03.23-18.31.42:888][637]LogModuleManager: Shutting down and abandoning module MessageLog (177)
[2017.03.23-18.31.42:888][637]LogModuleManager: Shutting down and abandoning module WorkspaceMenuStructure (176)
[2017.03.23-18.31.42:888][637]LogModuleManager: Shutting down and abandoning module SlateReflector (170)
[2017.03.23-18.31.42:888][637]LogModuleManager: Shutting down and abandoning module Slate (168)
[2017.03.23-18.31.42:888][637]LogModuleManager: Shutting down and abandoning module EditorStyle (166)
[2017.03.23-18.31.42:891][637]LogModuleManager: Shutting down and abandoning module SourceCodeAccess (164)
[2017.03.23-18.31.42:891][637]LogModuleManager: Shutting down and abandoning module HeadMountedDisplay (162)
[2017.03.23-18.31.42:891][637]LogModuleManager: Shutting down and abandoning module XAudio2 (160)
[2017.03.23-18.31.42:891][637]LogModuleManager: Shutting down and abandoning module Networking (158)
[2017.03.23-18.31.42:892][637]LogModuleManager: Shutting down and abandoning module Core (154)
[2017.03.23-18.31.42:892][637]LogModuleManager: Shutting down and abandoning module AssetRegistry (152)
[2017.03.23-18.31.43:047][637]LogDirectoryWatcher: A directory notification for '../../../Engine/Content/' was aborted.
[2017.03.23-18.31.43:047][637]LogDirectoryWatcher: A directory notification for 'E:/Quantum/Content/' was aborted.
[2017.03.23-18.31.43:048][637]LogDirectoryWatcher: A directory notification for '../../../Engine/Plugins/2D/Paper2D/Content/' was aborted.
[2017.03.23-18.31.43:048][637]LogModuleManager: Shutting down and abandoning module DirectoryWatcher (151)
[2017.03.23-18.31.43:049][637]LogModuleManager: Shutting down and abandoning module KismetCompiler (148)
[2017.03.23-18.31.43:049][637]LogModuleManager: Shutting down and abandoning module PhysXFormats (146)
[2017.03.23-18.31.43:049][637]LogModuleManager: Shutting down and abandoning module MeshUtilities (144)
[2017.03.23-18.31.43:049][637]LogModuleManager: Shutting down and abandoning module SimplygonSwarm (143)
[2017.03.23-18.31.43:049][637]LogModuleManager: Shutting down and abandoning module SimplygonMeshReduction (141)
[2017.03.23-18.31.43:049][637]LogModuleManager: Shutting down and abandoning module QuadricMeshReduction (139)
[2017.03.23-18.31.43:049][637]LogModuleManager: Shutting down and abandoning module PropertyEditor (137)
[2017.03.23-18.31.43:049][637]LogModuleManager: Shutting down and abandoning module DerivedDataCache (134)
[2017.03.23-18.31.43:063][637]LogDerivedDataCache: Shutdown
[2017.03.23-18.31.43:063][637]LogModuleManager: Shutting down and abandoning module TargetPlatform (132)
[2017.03.23-18.31.43:063][637]LogModuleManager: Shutting down and abandoning module VulkanShaderFormat (131)
[2017.03.23-18.31.43:063][637]LogModuleManager: Shutting down and abandoning module ShaderFormatOpenGL (129)
[2017.03.23-18.31.43:063][637]LogModuleManager: Shutting down and abandoning module ShaderFormatD3D (127)
[2017.03.23-18.31.43:063][637]LogModuleManager: Shutting down and abandoning module MetalShaderFormat (125)
[2017.03.23-18.31.43:063][637]LogModuleManager: Shutting down and abandoning module TextureFormatUncompressed (123)
[2017.03.23-18.31.43:063][637]LogModuleManager: Shutting down and abandoning module TextureFormatPVR (121)
[2017.03.23-18.31.43:063][637]LogModuleManager: Shutting down and abandoning module TextureFormatDXT (119)
[2017.03.23-18.31.43:063][637]LogModuleManager: Shutting down and abandoning module TextureFormatIntelISPCTexComp (117)
[2017.03.23-18.31.43:064][637]LogModuleManager: Shutting down and abandoning module TextureFormatASTC (115)
[2017.03.23-18.31.43:064][637]LogModuleManager: Shutting down and abandoning module ImageWrapper (114)
[2017.03.23-18.31.43:064][637]LogModuleManager: Shutting down and abandoning module TextureFormatAndroid (111)
[2017.03.23-18.31.43:064][637]LogModuleManager: Shutting down and abandoning module AudioFormatOpus (109)
[2017.03.23-18.31.43:064][637]LogModuleManager: Shutting down and abandoning module AudioFormatOgg (107)
[2017.03.23-18.31.43:064][637]LogModuleManager: Shutting down and abandoning module AudioFormatADPCM (105)
[2017.03.23-18.31.43:064][637]LogModuleManager: Shutting down and abandoning module LinuxTargetPlatform (103)
[2017.03.23-18.31.43:064][637]LogModuleManager: Shutting down and abandoning module LinuxServerTargetPlatform (101)
[2017.03.23-18.31.43:064][637]LogModuleManager: Shutting down and abandoning module LinuxNoEditorTargetPlatform (99)
[2017.03.23-18.31.43:064][637]LogModuleManager: Shutting down and abandoning module LinuxClientTargetPlatform (97)
[2017.03.23-18.31.43:064][637]LogModuleManager: Shutting down and abandoning module TVOSTargetPlatform (95)
[2017.03.23-18.31.43:064][637]LogModuleManager: Shutting down and abandoning module Messaging (93)
[2017.03.23-18.31.43:064][637]LogModuleManager: Shutting down and abandoning module IOSTargetPlatform (91)
[2017.03.23-18.31.43:064][637]LogModuleManager: Shutting down and abandoning module HTML5TargetPlatform (89)
[2017.03.23-18.31.43:064][637]LogModuleManager: Shutting down and abandoning module Android_PVRTCTargetPlatform (87)
[2017.03.23-18.31.43:064][637]LogModuleManager: Shutting down and abandoning module Android_MultiTargetPlatform (85)
[2017.03.23-18.31.43:064][637]LogModuleManager: Shutting down and abandoning module Android_ETC2TargetPlatform (83)
[2017.03.23-18.31.43:064][637]LogModuleManager: Shutting down and abandoning module Android_ETC1TargetPlatform (81)
[2017.03.23-18.31.43:064][637]LogModuleManager: Shutting down and abandoning module Android_DXTTargetPlatform (79)
[2017.03.23-18.31.43:064][637]LogModuleManager: Shutting down and abandoning module Android_ATCTargetPlatform (77)
[2017.03.23-18.31.43:064][637]LogModuleManager: Shutting down and abandoning module Android_ASTCTargetPlatform (75)
[2017.03.23-18.31.43:064][637]LogModuleManager: Shutting down and abandoning module AndroidTargetPlatform (73)
[2017.03.23-18.31.43:064][637]LogModuleManager: Shutting down and abandoning module WindowsTargetPlatform (71)
[2017.03.23-18.31.43:064][637]LogModuleManager: Shutting down and abandoning module WindowsServerTargetPlatform (69)
[2017.03.23-18.31.43:064][637]LogModuleManager: Shutting down and abandoning module WindowsNoEditorTargetPlatform (67)
[2017.03.23-18.31.43:064][637]LogModuleManager: Shutting down and abandoning module WindowsClientTargetPlatform (65)
[2017.03.23-18.31.43:064][637]LogModuleManager: Shutting down and abandoning module MacTargetPlatform (63)
[2017.03.23-18.31.43:064][637]LogModuleManager: Shutting down and abandoning module MacServerTargetPlatform (61)
[2017.03.23-18.31.43:064][637]LogModuleManager: Shutting down and abandoning module MacNoEditorTargetPlatform (59)
[2017.03.23-18.31.43:064][637]LogModuleManager: Shutting down and abandoning module MacClientTargetPlatform (57)
[2017.03.23-18.31.43:064][637]LogModuleManager: Shutting down and abandoning module AllDesktopTargetPlatform (55)
[2017.03.23-18.31.43:064][637]LogModuleManager: Shutting down and abandoning module InputCore (52)
[2017.03.23-18.31.43:064][637]LogModuleManager: Shutting down and abandoning module Settings (50)
[2017.03.23-18.31.43:064][637]LogModuleManager: Shutting down and abandoning module OculusRift (48)
[2017.03.23-18.31.43:064][637]LogModuleManager: Shutting down and abandoning module GearVR (46)
[2017.03.23-18.31.43:064][637]LogModuleManager: Shutting down and abandoning module ExampleDeviceProfileSelector (44)
[2017.03.23-18.31.43:064][637]LogModuleManager: Shutting down and abandoning module OnlineBlueprintSupport (42)
[2017.03.23-18.31.43:064][637]LogModuleManager: Shutting down and abandoning module OnlineSubsystem (38)
[2017.03.23-18.31.43:064][637]LogOnline:Display: Unloading online subsystem: NULL
[2017.03.23-18.31.43:064][637]LogModuleManager: Shutting down and abandoning module XMPP (37)
[2017.03.23-18.31.43:064][637]LogModuleManager: Shutting down and abandoning module HTTP (35)
[2017.03.23-18.31.43:064][637]LogHttp:Display: Http module shutting down, but needs to wait on 1 outstanding Http requests:
[2017.03.23-18.31.43:064][637]LogHttp:Display: 	verb=[POST] url=[https://datarouter.ol.epicgames.com/datarouter/api/v1/public/data?SessionID=%7B463DFEA5-4614-E2A1-DFD8-60ACAC83D62C%7D&AppID=UEEditor.Rocket.Release&AppVersion=4.15.1-3348071%2B%2B%2BUE4%2BRelease-4.15&UserID=d216f3934841911196f38fbea46ed9ea%7Cb51ba83205af482cbc94873afb168383%7C29a1b203-6483-41ba-9fad-41b3ec1343b4&AppEnvironment=datacollector-binary&UploadType=eteventstream] status=Processing
[2017.03.23-18.31.43:088][637]LogModuleManager: Shutting down and abandoning module SSL (34)
[2017.03.23-18.31.43:091][637]LogModuleManager: Shutting down and abandoning module AudioEditor (30)
[2017.03.23-18.31.43:092][637]LogModuleManager: Shutting down and abandoning module TextureCompressor (28)
[2017.03.23-18.31.43:092][637]LogModuleManager: Shutting down and abandoning module ShaderCore (26)
[2017.03.23-18.31.43:092][637]LogModuleManager: Shutting down and abandoning module Landscape (24)
[2017.03.23-18.31.43:092][637]LogModuleManager: Shutting down and abandoning module SlateRHIRenderer (22)
[2017.03.23-18.31.43:095][637]LogModuleManager: Shutting down and abandoning module OpenGLDrv (20)
[2017.03.23-18.31.43:095][637]LogModuleManager: Shutting down and abandoning module D3D11RHI (18)
[2017.03.23-18.31.43:095][637]LogModuleManager: Shutting down and abandoning module AnimGraphRuntime (16)
[2017.03.23-18.31.43:095][637]LogModuleManager: Shutting down and abandoning module Renderer (14)
[2017.03.23-18.31.43:095][637]LogModuleManager: Shutting down and abandoning module Engine (12)
[2017.03.23-18.31.43:095][637]LogModuleManager: Shutting down and abandoning module CoreUObject (10)
[2017.03.23-18.31.43:095][637]LogModuleManager: Shutting down and abandoning module NetworkFile (8)
[2017.03.23-18.31.43:095][637]LogModuleManager: Shutting down and abandoning module StreamingFile (6)
[2017.03.23-18.31.43:095][637]LogModuleManager: Shutting down and abandoning module SandboxFile (4)
[2017.03.23-18.31.43:095][637]LogModuleManager: Shutting down and abandoning module PakFile (2)
[2017.03.23-18.31.43:099][637]LogExit: Exiting.
[2017.03.23-18.31.43:102][637]Log file closed, 03/24/17 01:31:43
