Log file open, 04/22/17 02:14:19
LogInit:Display: Running engine for game: Quantum
LogPlatformFile: Not using cached read wrapper
LogInit:Display: RandInit(1338482938) SRandInit(1338482938).
LogTaskGraph: Started task graph with 5 named threads and 8 total threads with 1 sets of task threads.
LogStats: Stats thread started at 0.068085
LogInit: Using libcurl 7.47.1
LogInit:  - built for x86_64-pc-win32
LogInit:  - supports SSL with OpenSSL/1.0.2g
LogInit:  - supports HTTP deflate (compression) using libz 1.2.8
LogInit:  - other features:
LogInit:      CURL_VERSION_SSL
LogInit:      CURL_VERSION_LIBZ
LogInit:      CURL_VERSION_IPV6
LogInit:      CURL_VERSION_ASYNCHDNS
LogInit:      CURL_VERSION_LARGEFILE
LogInit:      CURL_VERSION_IDN
LogInit:  CurlRequestOptions (configurable via config and command line):
LogInit:  - bVerifyPeer = false  - Libcurl will NOT verify peer certificate
LogInit:  - bUseHttpProxy = false  - Libcurl will NOT use HTTP proxy
LogInit:  - bDontReuseConnections = false  - Libcurl will reuse connections
LogInit:  - CertBundlePath = nullptr  - Libcurl will use whatever was configured at build time.
LogInit: Build: ++UE4+Release-4.15-CL-3348071
LogInit: Engine Version: 4.15.1-3348071+++UE4+Release-4.15
LogInit: Compatible Engine Version: 4.15.0-3299760+++UE4+Release-4.15
LogInit: Net CL: 3299760
LogDevObjectVersion: Number of dev versions registered: 14
LogDevObjectVersion:   Dev-Blueprints (B0D832E4-1F89-4F0D-ACCF-7EB736FD4AA2): 8
LogDevObjectVersion:   Dev-Build (E1C64328-A22C-4D53-A36C-8E866417BD8C): 0
LogDevObjectVersion:   Dev-Core (375EC13C-06E4-48FB-B500-84F0262A717E): 2
LogDevObjectVersion:   Dev-Editor (E4B068ED-F494-42E9-A231-DA0B2E46BB41): 14
LogDevObjectVersion:   Dev-Framework (CFFC743F-43B0-4480-9391-14DF171D2073): 22
LogDevObjectVersion:   Dev-Mobile (B02B49B5-BB20-44E9-A304-32B752E40360): 0
LogDevObjectVersion:   Dev-Networking (A4E4105C-59A1-49B5-A7C5-40C4547EDFEE): 0
LogDevObjectVersion:   Dev-Online (39C831C9-5AE6-47DC-9A44-9C173E1C8E7C): 0
LogDevObjectVersion:   Dev-Physics (78F01B33-EBEA-4F98-B9B4-84EACCB95AA2): 0
LogDevObjectVersion:   Dev-Platform (6631380F-2D4D-43E0-8009-CF276956A95A): 0
LogDevObjectVersion:   Dev-Rendering (12F88B9F-8875-4AFC-A67C-D90C383ABD29): 12
LogDevObjectVersion:   Dev-Sequencer (7B5AE74C-D270-4C10-A958-57980B212A5A): 3
LogDevObjectVersion:   Dev-VR (D7296918-1DD6-4BDD-9DE2-64A83CC13884): 0
LogDevObjectVersion:   Dev-LoadTimes (C2A15278-BFE7-4AFE-6C17-90FF531DF755): 1
LogInit: Compiled (64-bit): Mar 15 2017 16:52:47
LogInit: Compiled with Visual C++: 19.00.23026.00
LogInit: Build Configuration: Development
LogInit: Branch Name: ++UE4+Release-4.15
LogInit: Command line:  
LogInit: Base directory: C:/Program Files/Epic Games/UE_4.15/Engine/Binaries/Win64/
LogInit: Installed Engine Build: 1
LogInit: Presizing for max 8388607 objects, including 0 objects not considered by GC, pre-allocating 0 bytes for permanent pool.
LogInit: Object subsystem initialized
[2017.04.21-19.14.19:814][  0]LogInit: Selected Device Profile: [Windows]
[2017.04.21-19.14.19:814][  0]LogInit: Applying CVar settings loaded from the selected device profile: [Windows]
[2017.04.21-19.14.19:823][  0]LogInit: Computer: KOKO-IMMORTAL
[2017.04.21-19.14.19:823][  0]LogInit: User: Proto
[2017.04.21-19.14.19:823][  0]LogInit: CPU Page size=65536, Cores=4
[2017.04.21-19.14.19:823][  0]LogInit: High frequency timer resolution =3.328125 MHz
[2017.04.21-19.14.19:823][  0]LogMemory: Memory total: Physical=16.0GB (16GB approx)
[2017.04.21-19.14.19:823][  0]LogMemory: Platform Memory Stats for Windows
[2017.04.21-19.14.19:823][  0]LogMemory: Process Physical Memory: 264.48 MB used, 264.48 MB peak
[2017.04.21-19.14.19:823][  0]LogMemory: Process Virtual Memory: 262.22 MB used, 262.22 MB peak
[2017.04.21-19.14.19:823][  0]LogMemory: Physical Memory: 3606.63 MB used,  12736.10 MB free, 16342.73 MB total
[2017.04.21-19.14.19:823][  0]LogMemory: Virtual Memory: 643.82 MB used,  12736.10 MB free, 134217728.00 MB total
[2017.04.21-19.14.19:890][  0]LogTextLocalizationManager: No specific translations for ('en-US') exist, so ('en') translations will be used.
[2017.04.21-19.14.20:428][  0]LogD3D11RHI: D3D11 adapters:
[2017.04.21-19.14.20:921][  0]LogD3D11RHI:    0. 'NVIDIA GeForce GTX 1060 6GB' (Feature Level 11_0)
[2017.04.21-19.14.20:921][  0]LogD3D11RHI:       6084/0/8171 MB DedicatedVideo/DedicatedSystem/SharedSystem, Outputs:2, VendorId:0x10de
[2017.04.21-19.14.20:922][  0]LogD3D11RHI:    1. 'Microsoft Basic Render Driver' (Feature Level 11_0)
[2017.04.21-19.14.20:922][  0]LogD3D11RHI:       0/0/8171 MB DedicatedVideo/DedicatedSystem/SharedSystem, Outputs:0, VendorId:0x1414
[2017.04.21-19.14.20:922][  0]LogD3D11RHI: Chosen D3D11 Adapter: 0
[2017.04.21-19.14.20:926][  0]LogD3D11RHI: Creating new Direct3DDevice
[2017.04.21-19.14.20:926][  0]LogD3D11RHI:     GPU DeviceId: 0x1c03 (for the marketing name, search the web for "GPU Device Id")
[2017.04.21-19.14.20:926][  0]LogWindows: EnumDisplayDevices:
[2017.04.21-19.14.20:926][  0]LogWindows:    0. 'NVIDIA GeForce GTX 1060 6GB' (P:0 D:1)
[2017.04.21-19.14.20:926][  0]LogWindows:    1. 'NVIDIA GeForce GTX 1060 6GB' (P:1 D:1)
[2017.04.21-19.14.20:926][  0]LogWindows:    2. 'NVIDIA GeForce GTX 1060 6GB' (P:0 D:0)
[2017.04.21-19.14.20:926][  0]LogWindows:    3. 'NVIDIA GeForce GTX 1060 6GB' (P:0 D:0)
[2017.04.21-19.14.20:926][  0]LogWindows: DebugString: FoundDriverCount:4 
[2017.04.21-19.14.20:926][  0]LogD3D11RHI:     Adapter Name: NVIDIA GeForce GTX 1060 6GB
[2017.04.21-19.14.20:926][  0]LogD3D11RHI:   Driver Version: 381.65 (internal:22.21.13.8165, unified:381.65)
[2017.04.21-19.14.20:926][  0]LogD3D11RHI:      Driver Date: 3-31-2017
[2017.04.21-19.14.20:926][  0]LogRHI: Texture pool is 1361 MB (70% of 1945 MB)
[2017.04.21-19.14.21:400][  0]LogD3D11RHI: Async texture creation enabled
[2017.04.21-19.14.21:509][  0]LogD3D11RHI: GPU Timing Frequency: 1000.000000 (Debug: 2 1)
[2017.04.21-19.14.21:604][  0]LogShaderCompilers: Guid format shader working directory is 36 characters bigger than the processId version (E:/Quantum/Intermediate/Shaders/WorkingDirectory/1592/).
[2017.04.21-19.14.21:604][  0]LogShaderCompilers: Cleaned the shader compiler working directory 'C:/Users/Proto/AppData/Local/Temp/UnrealShaderWorkingDir/C82646CD45CB319BF3C5CBBCB8CB09DC/'.
[2017.04.21-19.14.21:604][  0]LogShaderCompilers:Display: Using Local Shader Compiler.
[2017.04.21-19.14.22:490][  0]LogTemp:Display: Loaded TP AllDesktopTargetPlatform
[2017.04.21-19.14.22:535][  0]LogTemp:Display: Loaded TP MacClientTargetPlatform
[2017.04.21-19.14.22:578][  0]LogTemp:Display: Loaded TP MacNoEditorTargetPlatform
[2017.04.21-19.14.22:622][  0]LogTemp:Display: Loaded TP MacServerTargetPlatform
[2017.04.21-19.14.22:665][  0]LogTemp:Display: Loaded TP MacTargetPlatform
[2017.04.21-19.14.22:709][  0]LogTemp:Display: Loaded TP WindowsClientTargetPlatform
[2017.04.21-19.14.22:751][  0]LogTemp:Display: Loaded TP WindowsNoEditorTargetPlatform
[2017.04.21-19.14.22:794][  0]LogTemp:Display: Loaded TP WindowsServerTargetPlatform
[2017.04.21-19.14.22:828][  0]LogTemp:Display: Loaded TP WindowsTargetPlatform
[2017.04.21-19.14.22:869][  0]LogTemp:Display: Loaded TP AndroidTargetPlatform
[2017.04.21-19.14.22:912][  0]LogTemp:Display: Loaded TP Android_ASTCTargetPlatform
[2017.04.21-19.14.22:953][  0]LogTemp:Display: Loaded TP Android_ATCTargetPlatform
[2017.04.21-19.14.22:996][  0]LogTemp:Display: Loaded TP Android_DXTTargetPlatform
[2017.04.21-19.14.23:038][  0]LogTemp:Display: Loaded TP Android_ETC1TargetPlatform
[2017.04.21-19.14.23:081][  0]LogTemp:Display: Loaded TP Android_ETC2TargetPlatform
[2017.04.21-19.14.23:165][  0]LogTemp:Display: Loaded TP Android_MultiTargetPlatform
[2017.04.21-19.14.23:165][  0]LogTemp:Display: Loaded TP Android_PVRTCTargetPlatform
[2017.04.21-19.14.23:193][  0]LogTemp:Display: Loaded TP HTML5TargetPlatform
[2017.04.21-19.14.23:273][  0]LogTemp:Display: Loaded TP IOSTargetPlatform
[2017.04.21-19.14.23:301][  0]LogTemp:Display: Loaded TP TVOSTargetPlatform
[2017.04.21-19.14.23:341][  0]LogTemp:Display: Loaded TP LinuxClientTargetPlatform
[2017.04.21-19.14.23:383][  0]LogTemp:Display: Loaded TP LinuxNoEditorTargetPlatform
[2017.04.21-19.14.23:425][  0]LogTemp:Display: Loaded TP LinuxServerTargetPlatform
[2017.04.21-19.14.23:468][  0]LogTemp:Display: Loaded TP LinuxTargetPlatform
[2017.04.21-19.14.23:468][  0]LogTargetPlatformManager:Display: Building Assets For Windows
[2017.04.21-19.14.23:829][  0]LogDerivedDataCache:Display: Max Cache Size: 512 MB
[2017.04.21-19.14.23:885][  0]LogDerivedDataCache: Loaded boot cache 0.06s 50MB C:/Users/Proto/AppData/Local/UnrealEngine/4.15/DerivedDataCache/Boot.ddc.
[2017.04.21-19.14.23:885][  0]LogDerivedDataCache:Display: Loaded Boot cache: C:/Users/Proto/AppData/Local/UnrealEngine/4.15/DerivedDataCache/Boot.ddc
[2017.04.21-19.14.23:885][  0]LogDerivedDataCache: FDerivedDataBackendGraph:  Pak pak cache file E:/Quantum/DerivedDataCache/DDC.ddp not found, will not use a pak cache.
[2017.04.21-19.14.23:885][  0]LogDerivedDataCache: Unable to find inner node Pak for hierarchical cache Hierarchy.
[2017.04.21-19.14.23:885][  0]LogDerivedDataCache: FDerivedDataBackendGraph:  CompressedPak pak cache file E:/Quantum/DerivedDataCache/Compressed.ddp not found, will not use a pak cache.
[2017.04.21-19.14.23:885][  0]LogDerivedDataCache: Unable to find inner node CompressedPak for hierarchical cache Hierarchy.
[2017.04.21-19.14.23:901][  0]LogDerivedDataCache:Display: Pak cache opened for reading ../../../Engine/DerivedDataCache/Compressed.ddp.
[2017.04.21-19.14.23:913][  0]LogDerivedDataCache: Using Local data cache path C:/Users/Proto/AppData/Local/UnrealEngine/Common/DerivedDataCache: Writable
[2017.04.21-19.14.23:921][  0]LogSlate: Using Freetype 2.6.0
[2017.04.21-19.14.23:921][  0]LogSlate: SlateFontCache - WITH_FREETYPE: 1, WITH_HARFBUZZ: 1
[2017.04.21-19.14.23:921][  0]LogSlate: SlateFontCache - WITH_FREETYPE: 1, WITH_HARFBUZZ: 1
[2017.04.21-19.14.24:136][  0]LogInit: Selected Device Profile: [Windows]
[2017.04.21-19.14.24:138][  0]LogContentStreaming: Texture pool size is 0.00 MB
[2017.04.21-19.14.24:312][  0]LogMeshUtilities: Using QuadricMeshReduction for automatic static mesh reduction
[2017.04.21-19.14.24:347][  0]LogSimplygon: Simplygon DLL not present - disabling.
[2017.04.21-19.14.24:385][  0]LogMeshUtilities: Using SimplygonSwarm for distributed automatic mesh merging
[2017.04.21-19.14.24:385][  0]LogMeshUtilities: No automatic skeletal mesh reduction module available
[2017.04.21-19.14.24:385][  0]LogMeshUtilities: No automatic mesh merging module available
[2017.04.21-19.14.24:900][  0]LogNetVersion: GetLocalNetworkVersion: CL: 3299760, ProjectName: quantum, ProjectVersion: , EngineNetworkVersion: 2, GameNetworkVersion: 0, NetworkChecksum: 3234878722
[2017.04.21-19.14.24:941][  0]LogAssetRegistry: FAssetRegistry took 0.0212 seconds to start up
[2017.04.21-19.14.24:977][  0]LogPackageLocalizationCache: Processed 3 localized package path(s) for 2 prioritized culture(s) in 0.018018 seconds
[2017.04.21-19.14.24:982][  0]LogUObjectArray: 32493 objects as part of root set at end of initial load.
[2017.04.21-19.14.24:982][  0]LogUObjectAllocator: 7077032 out of 0 bytes used by permanent object pool.
[2017.04.21-19.14.24:982][  0]LogUObjectArray: CloseDisregardForGC: 0/0 objects in disregard for GC pool
[2017.04.21-19.14.25:033][  0]LogInit: WinSock: version 1.1 (2.2), MaxSocks=32767, MaxUdp=65467
[2017.04.21-19.14.26:339][  0]LogTcpMessaging: Initializing TcpMessaging bridge
[2017.04.21-19.14.26:372][  0]LogUdpMessaging: Initializing bridge on interface 0.0.0.0:0 to multicast group 230.0.0.1:6666.
[2017.04.21-19.14.26:747][  0]LogMaterial: Uniform references updated for custom material expression Custom.
[2017.04.21-19.14.27:038][  0]SourceControl: Info Source control is disabled
[2017.04.21-19.14.27:038][  0]SourceControl: Info Source control is disabled
[2017.04.21-19.14.27:073][  0]SourceControl: Info Source control is disabled
[2017.04.21-19.14.27:108][  0]SourceControl: Info Source control is disabled
[2017.04.21-19.14.28:059][  0]LogEngine: Initializing Engine...
[2017.04.21-19.14.28:059][  0]LogHMD: Failed to initialize OpenVR with code 110
[2017.04.21-19.14.28:247][  0]LogAIModule: Creating AISystem for world Untitled
[2017.04.21-19.14.28:253][  0]LogInit: XAudio2 using 'Headphones (High Definition Audio Device)' : 2 channels at 48 kHz using 16 bits per sample (channel mask 0x3)
[2017.04.21-19.14.28:263][  0]LogInit: FAudioDevice initialized.
[2017.04.21-19.14.28:289][  0]LogDerivedDataCache: Saved boot cache 0.03s 50MB C:/Users/Proto/AppData/Local/UnrealEngine/4.15/DerivedDataCache/Boot.ddc.
[2017.04.21-19.14.28:297][  0]LogInit: Texture streaming: Enabled
[2017.04.21-19.14.28:371][  0]LogEngineSessionManager: EngineSessionManager initialized
[2017.04.21-19.14.28:439][  0]LogInit: Transaction tracking system initialized
[2017.04.21-19.14.28:708][  0]BlueprintLog: New page: Editor Load
[2017.04.21-19.14.29:388][  0]LocalizationService: Info Localization service is disabled
[2017.04.21-19.14.29:910][  0]LogConsoleResponse:Display: 
[2017.04.21-19.14.30:014][  0]LogCook:Display: Max memory allowance for cook 16384mb min free memory 0mb
[2017.04.21-19.14.30:014][  0]LogCook:Display: Mobile HDR setting 1
[2017.04.21-19.14.30:771][  0]LogFileCache: Scanning file cache for directory 'E:/Quantum/Content/' took 0.01s
[2017.04.21-19.14.30:806][  0]SourceControl: Info Source control is disabled
[2017.04.21-19.14.30:806][  0]Cmd: MAP LOAD FILE="E:/Quantum/Content/Maps/TutorialMap.umap" TEMPLATE=0 SHOWPROGRESS=1 FEATURELEVEL=3
[2017.04.21-19.14.30:806][  0]LightingResults: New page: Lighting Build
[2017.04.21-19.14.30:838][  0]MapCheck: New page: Map Check
[2017.04.21-19.14.30:838][  0]LightingResults: New page: Lighting Build
[2017.04.21-19.14.31:120][  0]LoadErrors: Info The Animation  Turbine_Anim needs resave.
[2017.04.21-19.14.31:255][  0]LogAIModule: Creating AISystem for world TutorialMap
[2017.04.21-19.14.31:286][  0]LogEditorServer: Finished looking for orphan Actors (0.000 secs)
[2017.04.21-19.14.31:286][  0]Cmd: MAP CHECKDEP NOCLEARLOG
[2017.04.21-19.14.31:323][  0]MapCheck: Info Map check complete: 0 Error(s), 0 Warning(s), took 36.631ms to complete.
[2017.04.21-19.14.31:323][  0]LogFileHelpers: Loading map 'TutorialMap' took 0.517
[2017.04.21-19.14.31:396][  0]LogWindowsTextInputMethodSystem:Display: IME system now deactivated.
[2017.04.21-19.14.31:494][  0]LogCollectionManager: Loaded 1 collections in 0.001185 seconds
[2017.04.21-19.14.31:565][  0]LogFileCache: Scanning file cache for directory 'E:/Quantum/Saved/Collections/' took 0.01s
[2017.04.21-19.14.31:565][  0]LogFileCache: Scanning file cache for directory 'E:/Quantum/Content/Developers/Proto/Collections/' took 0.01s
[2017.04.21-19.14.31:565][  0]LogFileCache: Scanning file cache for directory 'E:/Quantum/Content/Collections/' took 0.01s
[2017.04.21-19.14.31:565][  0]LogCollectionManager: Rebuilt the GUID cache for 1 collections in 0.000003 seconds
[2017.04.21-19.14.31:565][  0]LogCollectionManager: Rebuilt the hierarchy cache for 1 collections in 0.000000 seconds
[2017.04.21-19.14.31:572][  0]LogContentBrowser: Native class hierarchy populated in 0.0070 seconds. Added 2245 classes and 453 folders.
[2017.04.21-19.14.31:575][  0]LogStats: UGameplayTagsManager::ConstructGameplayTagTree: Construct from data asset -  0.000 s
[2017.04.21-19.14.31:575][  0]LogStats: UGameplayTagsManager::ConstructGameplayTagTree: GameplayTagTreeChangedEvent.Broadcast -  0.000 s
[2017.04.21-19.14.31:622][  0]LogContentBrowser: Native class hierarchy updated for 'WidgetCarousel' in 0.0004 seconds. Added 0 classes and 0 folders.
[2017.04.21-19.14.31:652][  0]LogContentBrowser: Native class hierarchy updated for 'AddContentDialog' in 0.0008 seconds. Added 0 classes and 0 folders.
[2017.04.21-19.14.31:687][  0]LogContentBrowser: Native class hierarchy updated for 'SceneOutliner' in 0.0007 seconds. Added 1 classes and 2 folders.
[2017.04.21-19.14.31:725][  0]LogCrashTracker: Crashtracker disabled due to settings.
[2017.04.21-19.14.31:730][  0]LogUObjectGlobals:Warning: Failed to find object 'Class None.'
[2017.04.21-19.14.31:786][  0]LogContentBrowser: Native class hierarchy updated for 'HierarchicalLODOutliner' in 0.0004 seconds. Added 1 classes and 2 folders.
[2017.04.21-19.14.31:787][  0]LogLoad: (Engine Initialization) Total time: 13.47 seconds
[2017.04.21-19.14.31:787][  0]LogLoad: (Engine Initialization) Total Blueprint compile time: 0.15 seconds
[2017.04.21-19.14.31:787][  0]LogExternalProfiler: No external profilers were discovered.  External profiling features will not be available.
[2017.04.21-19.14.31:797][  0]LogOcInput: OculusInput pre-init called
[2017.04.21-19.14.31:817][  0]LogContentStreaming: Texture pool size now 1000 MB
[2017.04.21-19.14.31:830][  0]LogSlate: Took 0.000208 seconds to synchronously load lazily loaded font '../../../Engine/Content/Slate/Fonts/Roboto-Regular.ttf' (155K)
[2017.04.21-19.14.31:834][  0]LogSlate: Took 0.000194 seconds to synchronously load lazily loaded font '../../../Engine/Content/Slate/Fonts/Roboto-Bold.ttf' (160K)
[2017.04.21-19.14.31:837][  0]LogSlate: Took 0.000151 seconds to synchronously load lazily loaded font '../../../Engine/Content/Editor/Slate/Fonts/FontAwesome.ttf' (139K)
[2017.04.21-19.14.31:947][  0]LogSlate: Took 0.000171 seconds to synchronously load lazily loaded font '../../../Engine/Content/Slate/Fonts/Roboto-Light.ttf' (159K)
[2017.04.21-19.14.31:996][  0]LogRenderer: Reallocating scene render targets to support 1208x576 NumSamples 1 (Frame:2).
[2017.04.21-19.14.32:055][  1]LogAssetRegistry: Asset discovery search completed in 7.1356 seconds
[2017.04.21-19.14.32:056][  1]LogCollectionManager: Rebuilt the object cache for 1 collections in 0.000006 seconds (found 0 objects)
[2017.04.21-19.14.32:056][  1]LogCollectionManager: Fixed up redirectors for 1 collections in 0.000018 seconds (updated 0 objects)
[2017.04.21-19.14.32:822][ 75]LogSlate: Took 0.000193 seconds to synchronously load lazily loaded font '../../../Engine/Content/Slate/Fonts/Roboto-Light.ttf' (159K)
[2017.04.21-19.14.35:114][343]LogSlate: Took 0.000148 seconds to synchronously load lazily loaded font '../../../Engine/Content/Slate/Fonts/Roboto-Light.ttf' (159K)
[2017.04.21-19.14.35:154][343]LogContentBrowser: Native class hierarchy updated for 'DestructibleMeshEditor' in 0.0004 seconds. Added 1 classes and 2 folders.
[2017.04.21-19.14.35:590][343]LogContentBrowser: Native class hierarchy updated for 'BlueprintGraph' in 0.0007 seconds. Added 112 classes and 0 folders.
[2017.04.21-19.14.36:592][343]LogMaterial: Missing cached shader map for material TheBoxMetal_Body_Mat, compiling. 
[2017.04.21-19.14.36:592][343]LogTemp:Display: Added material ShaderMap 0x0000028290B91280 with Material 0x0000028290AA1800 to ShaderMapsBeingCompiled
[2017.04.21-19.14.36:609][343]LogTemp:Display: Kicking off shader compilation for TheBoxMetal_Body_Mat, GameThreadShaderMap 0x0000028290B91280
[2017.04.21-19.14.36:709][343]LogMaterial: Missing cached shader map for material FMatExpressionPreview MaterialExpressionTextureSample_1, compiling. 
[2017.04.21-19.14.36:710][343]LogTemp:Display: Added material ShaderMap 0x0000028291E72400 with Material 0x00000282920CE800 to ShaderMapsBeingCompiled
[2017.04.21-19.14.36:711][343]LogTemp:Display: Kicking off shader compilation for FMatExpressionPreview MaterialExpressionTextureSample_1, GameThreadShaderMap 0x0000028291E72400
[2017.04.21-19.14.36:712][343]LogMaterial: Missing cached shader map for material FMatExpressionPreview MaterialExpressionTextureSample_0, compiling. 
[2017.04.21-19.14.36:713][343]LogTemp:Display: Added material ShaderMap 0x0000028291E70B80 with Material 0x000002821ADCE200 to ShaderMapsBeingCompiled
[2017.04.21-19.14.36:715][343]LogTemp:Display: Kicking off shader compilation for FMatExpressionPreview MaterialExpressionTextureSample_0, GameThreadShaderMap 0x0000028291E70B80
[2017.04.21-19.14.36:716][343]LogMaterial: Missing cached shader map for material FMatExpressionPreview MaterialExpressionTextureSample_2, compiling. 
[2017.04.21-19.14.36:716][343]LogTemp:Display: Added material ShaderMap 0x000002821E940480 with Material 0x0000028239D0DC00 to ShaderMapsBeingCompiled
[2017.04.21-19.14.36:718][343]LogTemp:Display: Kicking off shader compilation for FMatExpressionPreview MaterialExpressionTextureSample_2, GameThreadShaderMap 0x000002821E940480
[2017.04.21-19.14.36:722][343]LogMaterial: Missing cached shader map for material TheBoxMetal_Body_Mat, compiling. 
[2017.04.21-19.14.36:722][343]LogTemp:Display: Added material ShaderMap 0x0000028291E4EB00 with Material 0x0000028290AA1800 to ShaderMapsBeingCompiled
[2017.04.21-19.14.36:731][343]LogTemp:Display: Kicking off shader compilation for TheBoxMetal_Body_Mat, GameThreadShaderMap 0x0000028291E4EB00
[2017.04.21-19.14.36:731][343]LogMaterial: 0.00 seconds spent updating 1 materials, 1 interfaces, 0 instances, 0 with static permutations.
[2017.04.21-19.14.36:738][343]LogTemp:Display: Removed shader map 0x0000028291E72400 from material 0x00000282920CE800
[2017.04.21-19.14.36:738][343]LogTemp:Display: Removed shader map 0x0000028291E70B80 from material 0x000002821ADCE200
[2017.04.21-19.14.36:738][343]LogTemp:Display: Removed shader map 0x000002821E940480 from material 0x0000028239D0DC00
[2017.04.21-19.14.36:761][343]LogMaterial: Missing cached shader map for material FMatExpressionPreview MaterialExpressionTextureSample_1, compiling. 
[2017.04.21-19.14.36:761][343]LogTemp:Display: Added material ShaderMap 0x0000028291CF4100 with Material 0x0000028291E0BA00 to ShaderMapsBeingCompiled
[2017.04.21-19.14.36:763][343]LogTemp:Display: Kicking off shader compilation for FMatExpressionPreview MaterialExpressionTextureSample_1, GameThreadShaderMap 0x0000028291CF4100
[2017.04.21-19.14.36:764][343]LogMaterial: Missing cached shader map for material FMatExpressionPreview MaterialExpressionTextureSample_0, compiling. 
[2017.04.21-19.14.36:764][343]LogTemp:Display: Added material ShaderMap 0x0000028291C82780 with Material 0x0000028291E09300 to ShaderMapsBeingCompiled
[2017.04.21-19.14.36:766][343]LogTemp:Display: Kicking off shader compilation for FMatExpressionPreview MaterialExpressionTextureSample_0, GameThreadShaderMap 0x0000028291C82780
[2017.04.21-19.14.36:767][343]LogMaterial: Missing cached shader map for material FMatExpressionPreview MaterialExpressionTextureSample_2, compiling. 
[2017.04.21-19.14.36:768][343]LogTemp:Display: Added material ShaderMap 0x0000028291C80B80 with Material 0x0000028291E09000 to ShaderMapsBeingCompiled
[2017.04.21-19.14.36:769][343]LogTemp:Display: Kicking off shader compilation for FMatExpressionPreview MaterialExpressionTextureSample_2, GameThreadShaderMap 0x0000028291C80B80
[2017.04.21-19.14.36:781][343]LogMaterial: Missing cached shader map for material TheBoxMetal_Glass_Mat, compiling. 
[2017.04.21-19.14.36:781][343]LogTemp:Display: Added material ShaderMap 0x0000028291C21600 with Material 0x000002823A4D8900 to ShaderMapsBeingCompiled
[2017.04.21-19.14.36:789][343]LogTemp:Display: Kicking off shader compilation for TheBoxMetal_Glass_Mat, GameThreadShaderMap 0x0000028291C21600
[2017.04.21-19.14.36:892][343]LogMaterial: Missing cached shader map for material FMatExpressionPreview MaterialExpressionTextureSample_5, compiling. 
[2017.04.21-19.14.36:892][343]LogTemp:Display: Added material ShaderMap 0x0000028299262080 with Material 0x00000282994C2B00 to ShaderMapsBeingCompiled
[2017.04.21-19.14.36:894][343]LogTemp:Display: Kicking off shader compilation for FMatExpressionPreview MaterialExpressionTextureSample_5, GameThreadShaderMap 0x0000028299262080
[2017.04.21-19.14.36:895][343]LogMaterial: Missing cached shader map for material FMatExpressionPreview MaterialExpressionTextureSample_3, compiling. 
[2017.04.21-19.14.36:895][343]LogTemp:Display: Added material ShaderMap 0x0000028299260800 with Material 0x0000028291BFE800 to ShaderMapsBeingCompiled
[2017.04.21-19.14.36:897][343]LogTemp:Display: Kicking off shader compilation for FMatExpressionPreview MaterialExpressionTextureSample_3, GameThreadShaderMap 0x0000028299260800
[2017.04.21-19.14.36:898][343]LogMaterial: Missing cached shader map for material FMatExpressionPreview MaterialExpressionTextureSample_4, compiling. 
[2017.04.21-19.14.36:899][343]LogTemp:Display: Added material ShaderMap 0x000002829191AB00 with Material 0x0000028291BFE500 to ShaderMapsBeingCompiled
[2017.04.21-19.14.36:900][343]LogTemp:Display: Kicking off shader compilation for FMatExpressionPreview MaterialExpressionTextureSample_4, GameThreadShaderMap 0x000002829191AB00
[2017.04.21-19.14.36:903][343]LogMaterial: Missing cached shader map for material TheBoxMetal_Glass_Mat, compiling. 
[2017.04.21-19.14.36:904][343]LogTemp:Display: Added material ShaderMap 0x0000028291919280 with Material 0x000002823A4D8900 to ShaderMapsBeingCompiled
[2017.04.21-19.14.36:912][343]LogTemp:Display: Kicking off shader compilation for TheBoxMetal_Glass_Mat, GameThreadShaderMap 0x0000028291919280
[2017.04.21-19.14.36:912][343]LogMaterial: 0.00 seconds spent updating 1 materials, 1 interfaces, 0 instances, 0 with static permutations.
[2017.04.21-19.14.36:918][343]LogTemp:Display: Removed shader map 0x0000028299262080 from material 0x00000282994C2B00
[2017.04.21-19.14.36:918][343]LogTemp:Display: Removed shader map 0x0000028299260800 from material 0x0000028291BFE800
[2017.04.21-19.14.36:918][343]LogTemp:Display: Removed shader map 0x000002829191AB00 from material 0x0000028291BFE500
[2017.04.21-19.14.36:941][343]LogMaterial: Missing cached shader map for material FMatExpressionPreview MaterialExpressionTextureSample_5, compiling. 
[2017.04.21-19.14.36:942][343]LogTemp:Display: Added material ShaderMap 0x000002829A092780 with Material 0x000002829A103A00 to ShaderMapsBeingCompiled
[2017.04.21-19.14.36:943][343]LogTemp:Display: Kicking off shader compilation for FMatExpressionPreview MaterialExpressionTextureSample_5, GameThreadShaderMap 0x000002829A092780
[2017.04.21-19.14.36:944][343]LogMaterial: Missing cached shader map for material FMatExpressionPreview MaterialExpressionTextureSample_3, compiling. 
[2017.04.21-19.14.36:945][343]LogTemp:Display: Added material ShaderMap 0x000002829A090F00 with Material 0x000002829A101900 to ShaderMapsBeingCompiled
[2017.04.21-19.14.36:947][343]LogTemp:Display: Kicking off shader compilation for FMatExpressionPreview MaterialExpressionTextureSample_3, GameThreadShaderMap 0x000002829A090F00
[2017.04.21-19.14.36:948][343]LogMaterial: Missing cached shader map for material FMatExpressionPreview MaterialExpressionTextureSample_4, compiling. 
[2017.04.21-19.14.36:948][343]LogTemp:Display: Added material ShaderMap 0x000002829A01F580 with Material 0x000002829A101600 to ShaderMapsBeingCompiled
[2017.04.21-19.14.36:950][343]LogTemp:Display: Kicking off shader compilation for FMatExpressionPreview MaterialExpressionTextureSample_4, GameThreadShaderMap 0x000002829A01F580
[2017.04.21-19.14.36:973][343]LogSlate: Took 0.000148 seconds to synchronously load lazily loaded font '../../../Engine/Content/Editor/Slate/Fonts/Roboto-BoldCondensed.ttf' (158K)
[2017.04.21-19.14.37:119][345]LogTemp:Display: Finished compile of shader map 0x0000028291E72400
[2017.04.21-19.14.37:430][368]LogTemp:Display: Finished compile of shader map 0x0000028291E70B80
[2017.04.21-19.14.39:191][520]LogTemp:Display: Removed shader map 0x000002829A092780 from material 0x000002829A103A00
[2017.04.21-19.14.39:191][520]LogTemp:Display: Removed shader map 0x000002829A090F00 from material 0x000002829A101900
[2017.04.21-19.14.39:191][520]LogTemp:Display: Removed shader map 0x000002829A01F580 from material 0x000002829A101600
[2017.04.21-19.14.39:271][520]LogTemp:Display: Finished compile of shader map 0x0000028291E4EB00
[2017.04.21-19.14.39:271][520]LogTemp:Display: Shader map TheBoxMetal_Body_Mat complete, GameThreadShaderMap 0x0000028291E4EB00, marking material TheBoxMetal_Body_Mat as finished
[2017.04.21-19.14.39:271][520]LogTemp:Display: Marking material as finished 0x0000028290AA1800
[2017.04.21-19.14.39:366][521]MaterialEditorStats: Info Base pass shader with only dynamic lighting: 94 instructions
[2017.04.21-19.14.39:366][521]MaterialEditorStats: Info Vertex shader: 31 instructions
[2017.04.21-19.14.39:366][521]MaterialEditorStats: Info Texture samplers: 4/16
[2017.04.21-19.14.39:367][521]LogTemp:Display: Finished compile of shader map 0x0000028291CF4100
[2017.04.21-19.14.39:367][521]LogTemp:Display: Shader map FMatExpressionPreview MaterialExpressionTextureSample_1 complete, GameThreadShaderMap 0x0000028291CF4100, marking material FMatExpressionPreview MaterialExpressionTextureSample_1 as finished
[2017.04.21-19.14.39:367][521]LogTemp:Display: Marking material as finished 0x0000028291E0BA00
[2017.04.21-19.14.39:718][550]LogTemp:Display: Finished compile of shader map 0x0000028291C80B80
[2017.04.21-19.14.39:718][550]LogTemp:Display: Shader map FMatExpressionPreview MaterialExpressionTextureSample_2 complete, GameThreadShaderMap 0x0000028291C80B80, marking material FMatExpressionPreview MaterialExpressionTextureSample_2 as finished
[2017.04.21-19.14.39:718][550]LogTemp:Display: Marking material as finished 0x0000028291E09000
[2017.04.21-19.14.39:830][561]LogTemp:Display: Finished compile of shader map 0x0000028291C82780
[2017.04.21-19.14.39:830][561]LogTemp:Display: Shader map FMatExpressionPreview MaterialExpressionTextureSample_0 complete, GameThreadShaderMap 0x0000028291C82780, marking material FMatExpressionPreview MaterialExpressionTextureSample_0 as finished
[2017.04.21-19.14.39:831][561]LogTemp:Display: Marking material as finished 0x0000028291E09300
[2017.04.21-19.14.40:729][603]LogSlate: Took 0.000185 seconds to synchronously load lazily loaded font '../../../Engine/Content/Editor/Slate/Fonts/Roboto-Italic.ttf' (157K)
[2017.04.21-19.14.41:055][627]LogTemp:Display: Finished compile of shader map 0x0000028291919280
[2017.04.21-19.14.41:055][627]LogTemp:Display: Shader map TheBoxMetal_Glass_Mat complete, GameThreadShaderMap 0x0000028291919280, marking material TheBoxMetal_Glass_Mat as finished
[2017.04.21-19.14.41:055][627]LogTemp:Display: Marking material as finished 0x000002823A4D8900
[2017.04.21-19.14.56:362][205]LogRenderer: Reallocating scene render targets to support 1216x712 NumSamples 1 (Frame:2890).
[2017.04.21-19.15.20:503][775]BlueprintLog: New page: Compile Laser
[2017.04.21-19.15.20:663][775]LogTemp:Display: Removed shader map 0x0000028290B91280 from material 0x0000028290AA1800
[2017.04.21-19.15.20:665][775]LogTemp:Display: Removed shader map 0x0000028291C21600 from material 0x000002823A4D8900
[2017.04.21-19.15.53:296][589]Cmd: OBJ SAVEPACKAGE PACKAGE="/Game/Blueprint/Laser" FILE="E:/Quantum/Content/Blueprint/Laser.uasset" SILENT=true
[2017.04.21-19.15.53:309][589]LogSavePackage: Save=10.27ms
[2017.04.21-19.15.53:309][589]LogSavePackage: Moving 'E:/Quantum/Saved/LaserA870F1184323B35E3F0A069CD1E9FB69.tmp' to 'E:/Quantum/Content/Blueprint/Laser.uasset'
[2017.04.21-19.15.53:311][589]LogSavePackage:Display: Finished SavePackage E:/Quantum/Content/Blueprint/Laser.uasset
[2017.04.21-19.16.18:220][918]BlueprintLog: New page: Compile Laser
[2017.04.21-19.17.24:554][878]LogSlate: Took 0.000149 seconds to synchronously load lazily loaded font '../../../Engine/Content/Editor/Slate/Fonts/Roboto-BoldCondensedItalic.ttf' (160K)
[2017.04.21-19.20.40:540][ 25]LogWindowsTextInputMethodSystem:Display: IME system now deactivated.
[2017.04.21-19.20.40:540][ 25]LogWindowsTextInputMethodSystem:Display: IME system now deactivated.
[2017.04.21-19.20.48:265][602]LogSlate: Took 0.002876 seconds to synchronously load lazily loaded font '../../../Engine/Content/Slate/Fonts/DroidSansFallback.ttf' (3848K)
[2017.04.21-19.20.48:270][602]LogSlate: Took 0.003268 seconds to synchronously load lazily loaded font '../../../Engine/Content/SlateDebug/Fonts/LastResort.ttf' (5269K)
[2017.04.21-19.20.50:602][784]LogWindowsTextInputMethodSystem:Display: IME system now deactivated.
[2017.04.21-19.20.50:602][784]LogWindowsTextInputMethodSystem:Display: IME system now deactivated.
[2017.04.21-19.20.56:749][252]BlueprintLog: New page: Compile TheBox
[2017.04.21-19.20.56:778][252]LogBlueprint:Error: [Compiler TheBox] Error This blueprint (self) is not a SceneComponent, therefore ' Target ' must have a connection.
[2017.04.21-19.20.56:778][252]LogBlueprint:Error: [Compiler TheBox] Error This blueprint (self) is not a SceneComponent, therefore ' Target ' must have a connection.
[2017.04.21-19.20.56:778][252]LogBlueprint:Error: [Compiler TheBox] Error This blueprint (self) is not a ParticleSystemComponent, therefore ' Target ' must have a connection.
[2017.04.21-19.20.56:780][252]LogBlueprint:Error: [Compiler TheBox] Error This blueprint (self) is not a SceneComponent, therefore ' Target ' must have a connection.
[2017.04.21-19.20.56:780][252]LogBlueprint:Error: [Compiler TheBox] Error This blueprint (self) is not a SceneComponent, therefore ' Target ' must have a connection.
[2017.04.21-19.20.57:838][252]BlueprintEditorCompileResults:Error: Error This blueprint (self) is not a SceneComponent, therefore ' Target ' must have a connection.
[2017.04.21-19.20.57:838][252]BlueprintEditorCompileResults:Error: Error This blueprint (self) is not a SceneComponent, therefore ' Target ' must have a connection.
[2017.04.21-19.20.57:838][252]BlueprintEditorCompileResults:Error: Error This blueprint (self) is not a ParticleSystemComponent, therefore ' Target ' must have a connection.
[2017.04.21-19.20.57:838][252]BlueprintEditorCompileResults:Error: Error This blueprint (self) is not a SceneComponent, therefore ' Target ' must have a connection.
[2017.04.21-19.20.57:838][252]BlueprintEditorCompileResults:Error: Error This blueprint (self) is not a SceneComponent, therefore ' Target ' must have a connection.
[2017.04.21-19.20.57:838][252]LogBlueprint:Warning: [Compiler TheBox] Warning [0399.52] Compile of TheBox failed. 5 Fatal Issue(s) 0 Warning(s) [in 1,088 ms] (/Game/Blueprint/TheBox.TheBox)
[2017.04.21-19.21.11:772][398]LogEditorTransaction: Undo Move Node
[2017.04.21-19.23.44:830][875]LogEditorTransaction: Undo Rename Variable
[2017.04.21-19.23.45:091][882]LogEditorTransaction: Undo Rename Variable
[2017.04.21-19.23.45:408][895]LogEditorTransaction: Undo Change Parameter Type
[2017.04.21-19.23.45:754][912]LogEditorTransaction: Undo Add Variable
[2017.04.21-19.23.46:082][928]LogEditorTransaction: Undo Remove Components
[2017.04.21-19.23.46:447][947]LogEditorTransaction: Undo Rename Category
[2017.04.21-19.23.48:432][109]LogEditorTransaction: Redo Rename Category
[2017.04.21-19.23.48:946][139]LogEditorTransaction: Redo Remove Components
[2017.04.21-19.23.50:522][264]LogEditorTransaction: Undo Remove Components
[2017.04.21-19.23.51:198][308]Cmd: OBJ SAVEPACKAGE PACKAGE="/Game/Blueprint/TheBox" FILE="E:/Quantum/Content/Blueprint/TheBox.uasset" SILENT=true
[2017.04.21-19.23.51:268][308]LogSavePackage: Save=55.94ms
[2017.04.21-19.23.51:268][308]LogSavePackage: Moving 'E:/Quantum/Saved/TheBoxB9FFF1774CC36460E6BA96A1572DC06C.tmp' to 'E:/Quantum/Content/Blueprint/TheBox.uasset'
[2017.04.21-19.23.51:269][308]LogSavePackage:Display: Finished SavePackage E:/Quantum/Content/Blueprint/TheBox.uasset
[2017.04.21-19.23.52:726][434]BlueprintLog: New page: Compile TheBox
[2017.04.21-19.24.14:648][277]BlueprintLog: New page: Compile TheBox
[2017.04.21-19.25.19:253][312]Cmd: OBJ SAVEPACKAGE PACKAGE="/Game/Maps/TutorialMap" FILE="E:/Quantum/Saved/Autosaves/Game/Maps/TutorialMap_Auto1.umap" SILENT=true AUTOSAVING=true KEEPDIRTY=false
[2017.04.21-19.25.19:397][312]LogSavePackage: Save=127.83ms
[2017.04.21-19.25.19:397][312]LogSavePackage: Moving 'E:/Quantum/Saved/TutorialMap_Auto1CEC0B66C473DE16D513FC4847373B79B.tmp' to 'E:/Quantum/Saved/Autosaves/Game/Maps/TutorialMap_Auto1.umap'
[2017.04.21-19.25.19:398][312]LogSavePackage:Display: Finished SavePackage E:/Quantum/Saved/Autosaves/Game/Maps/TutorialMap_Auto1.umap
[2017.04.21-19.25.19:401][312]LogFileHelpers: Editor autosave (incl. sublevels) for '/Game/Maps/TutorialMap' took 0.168
[2017.04.21-19.25.19:401][312]LogFileHelpers: Editor autosave (incl. sublevels) for all levels took 0.168
[2017.04.21-19.25.19:402][312]OBJ SavePackage: Generating thumbnails for [1] asset(s) in package [/Game/Blueprint/TheBox] ([1] browsable assets)...
[2017.04.21-19.25.19:413][312]OBJ SavePackage:     Rendered thumbnail for [Blueprint /Game/Blueprint/TheBox.TheBox]
[2017.04.21-19.25.19:413][312]OBJ SavePackage: Finished generating thumbnails for package [/Game/Blueprint/TheBox]
[2017.04.21-19.25.19:413][312]Cmd: OBJ SAVEPACKAGE PACKAGE="/Game/Blueprint/TheBox" FILE="E:/Quantum/Saved/Autosaves/Game/Blueprint/TheBox_Auto1.uasset" SILENT=false AUTOSAVING=true
[2017.04.21-19.25.19:488][312]LogSavePackage: Save=64.87ms
[2017.04.21-19.25.19:488][312]LogSavePackage: Moving 'E:/Quantum/Saved/TheBox_Auto15AC64EE248DA0E9648DA96B9699B8750.tmp' to 'E:/Quantum/Saved/Autosaves/Game/Blueprint/TheBox_Auto1.uasset'
[2017.04.21-19.25.19:489][312]LogSavePackage:Display: Finished SavePackage E:/Quantum/Saved/Autosaves/Game/Blueprint/TheBox_Auto1.uasset
[2017.04.21-19.25.19:489][312]LogFileHelpers: Auto-saving content packages took 0.087
[2017.04.21-19.26.59:076][142]LogSlate:Warning: Prevented a slow task dialog from being summoned while a context menu was open
[2017.04.21-19.35.20:151][591]Cmd: OBJ SAVEPACKAGE PACKAGE="/Game/Maps/TutorialMap" FILE="E:/Quantum/Saved/Autosaves/Game/Maps/TutorialMap_Auto2.umap" SILENT=true AUTOSAVING=true KEEPDIRTY=false
[2017.04.21-19.35.20:287][591]LogSavePackage: Save=117.92ms
[2017.04.21-19.35.20:287][591]LogSavePackage: Moving 'E:/Quantum/Saved/TutorialMap_Auto21B5092B043F8C3F59FD1BE93E5131C0A.tmp' to 'E:/Quantum/Saved/Autosaves/Game/Maps/TutorialMap_Auto2.umap'
[2017.04.21-19.35.20:288][591]LogSavePackage:Display: Finished SavePackage E:/Quantum/Saved/Autosaves/Game/Maps/TutorialMap_Auto2.umap
[2017.04.21-19.35.20:289][591]LogFileHelpers: Editor autosave (incl. sublevels) for '/Game/Maps/TutorialMap' took 0.166
[2017.04.21-19.35.20:289][591]LogFileHelpers: Editor autosave (incl. sublevels) for all levels took 0.166
[2017.04.21-19.35.20:291][591]OBJ SavePackage: Generating thumbnails for [1] asset(s) in package [/Game/Blueprint/TheBox] ([1] browsable assets)...
[2017.04.21-19.35.20:309][591]OBJ SavePackage:     Rendered thumbnail for [Blueprint /Game/Blueprint/TheBox.TheBox]
[2017.04.21-19.35.20:309][591]OBJ SavePackage: Finished generating thumbnails for package [/Game/Blueprint/TheBox]
[2017.04.21-19.35.20:309][591]Cmd: OBJ SAVEPACKAGE PACKAGE="/Game/Blueprint/TheBox" FILE="E:/Quantum/Saved/Autosaves/Game/Blueprint/TheBox_Auto2.uasset" SILENT=false AUTOSAVING=true
[2017.04.21-19.35.20:911][591]LogSavePackage: Save=587.73ms
[2017.04.21-19.35.20:911][591]LogSavePackage: Moving 'E:/Quantum/Saved/TheBox_Auto203531EB040E64F64D00E998291BD94DA.tmp' to 'E:/Quantum/Saved/Autosaves/Game/Blueprint/TheBox_Auto2.uasset'
[2017.04.21-19.35.20:911][591]LogSavePackage:Display: Finished SavePackage E:/Quantum/Saved/Autosaves/Game/Blueprint/TheBox_Auto2.uasset
[2017.04.21-19.35.20:911][591]LogFileHelpers: Auto-saving content packages took 0.622
[2017.04.21-19.43.29:139][912]LogActorComponent: UnregisterComponent: (/Engine/Transient.EditorFloorComp) Not registered. Aborting.
[2017.04.21-19.43.29:209][912]LogActorComponent: UnregisterComponent: (/Engine/Transient.EditorFloorComp) Not registered. Aborting.
[2017.04.21-19.43.32:701][  5]Cmd: OBJ SAVEPACKAGE PACKAGE="/Game/Blueprint/TheBox" FILE="E:/Quantum/Content/Blueprint/TheBox.uasset" SILENT=true
[2017.04.21-19.43.33:183][  5]LogSavePackage: Save=63.29ms
[2017.04.21-19.43.33:184][  5]LogSavePackage: Moving 'E:/Quantum/Saved/TheBox05A366AC4A42EC1679DC429FA5754AB3.tmp' to 'E:/Quantum/Content/Blueprint/TheBox.uasset'
[2017.04.21-19.43.33:192][  5]LogSavePackage:Display: Finished SavePackage E:/Quantum/Content/Blueprint/TheBox.uasset
[2017.04.21-19.43.33:243][  5]Cmd: OBJ SAVEPACKAGE PACKAGE="/Game/Maps/TutorialMap" FILE="E:/Quantum/Content/Maps/TutorialMap.umap" SILENT=true AUTOSAVING=false KEEPDIRTY=false
[2017.04.21-19.43.33:391][  5]LogSavePackage: Save=121.37ms
[2017.04.21-19.43.33:391][  5]LogSavePackage: Moving 'E:/Quantum/Saved/TutorialMapA9F1B75F44E2CC76DE35A5989B534A71.tmp' to 'E:/Quantum/Content/Maps/TutorialMap.umap'
[2017.04.21-19.43.33:392][  5]LogSavePackage:Display: Finished SavePackage E:/Quantum/Content/Maps/TutorialMap.umap
[2017.04.21-19.43.33:424][  5]LogFileHelpers: Saving map 'TutorialMap' took 0.229
[2017.04.21-19.43.33:508][  5]LogWindowsTextInputMethodSystem:Display: IME system now deactivated.
[2017.04.21-19.43.33:683][  6]Cmd: QUIT_EDITOR
[2017.04.21-19.43.33:730][  6]LogExit: Preparing to exit.
[2017.04.21-19.43.34:088][  6]LogExit: Editor shut down
[2017.04.21-19.43.34:088][  6]LogExit: Transaction tracking system shut down
[2017.04.21-19.43.34:170][  6]LogObj: Freed 0b from 0 cluster array pools.
[2017.04.21-19.43.34:170][  6]LogExit: Object subsystem successfully closed.
[2017.04.21-19.43.34:182][  6]LogD3D11RHI: Shutdown
[2017.04.21-19.43.34:182][  6]LogD3D11RHI: CleanupD3DDevice
[2017.04.21-19.43.34:247][  6]LogD3D11RHI: ~FD3D11DynamicRHI
[2017.04.21-19.43.34:259][  6]LogModuleManager: Shutting down and abandoning module MaterialEditor (506)
[2017.04.21-19.43.34:259][  6]LogModuleManager: Shutting down and abandoning module BlueprintGraph (504)
[2017.04.21-19.43.34:259][  6]LogModuleManager: Shutting down and abandoning module BlueprintProfiler (502)
[2017.04.21-19.43.34:259][  6]LogModuleManager: Shutting down and abandoning module DestructibleMeshEditor (500)
[2017.04.21-19.43.34:259][  6]LogModuleManager: Shutting down and abandoning module HierarchicalLODOutliner (498)
[2017.04.21-19.43.34:259][  6]LogModuleManager: Shutting down and abandoning module CrashTracker (496)
[2017.04.21-19.43.34:260][  6]LogModuleManager: Shutting down and abandoning module SceneOutliner (494)
[2017.04.21-19.43.34:260][  6]LogModuleManager: Shutting down and abandoning module AddContentDialog (492)
[2017.04.21-19.43.34:260][  6]LogDirectoryWatcher: A directory notification for 'C:/Program Files/Epic Games/UE_4.15/FeaturePacks/' was aborted.
[2017.04.21-19.43.34:261][  6]LogModuleManager: Shutting down and abandoning module WidgetCarousel (491)
[2017.04.21-19.43.34:261][  6]LogModuleManager: Shutting down and abandoning module EditorWidgets (488)
[2017.04.21-19.43.34:261][  6]LogModuleManager: Shutting down and abandoning module CollectionManager (486)
[2017.04.21-19.43.34:261][  6]LogDirectoryWatcher: A directory notification for 'E:/Quantum/Content/Collections/' was aborted.
[2017.04.21-19.43.34:261][  6]LogDirectoryWatcher: A directory notification for 'E:/Quantum/Content/Developers/Proto/Collections/' was aborted.
[2017.04.21-19.43.34:261][  6]LogDirectoryWatcher: A directory notification for 'E:/Quantum/Saved/Collections/' was aborted.
[2017.04.21-19.43.34:261][  6]LogModuleManager: Shutting down and abandoning module StatsViewer (484)
[2017.04.21-19.43.34:261][  6]LogModuleManager: Shutting down and abandoning module FoliageEdit (482)
[2017.04.21-19.43.34:261][  6]LogModuleManager: Shutting down and abandoning module LandscapeEditor (480)
[2017.04.21-19.43.34:261][  6]LogModuleManager: Shutting down and abandoning module SceneDepthPickerMode (478)
[2017.04.21-19.43.34:261][  6]LogModuleManager: Shutting down and abandoning module ActorPickerMode (476)
[2017.04.21-19.43.34:261][  6]LogModuleManager: Shutting down and abandoning module GeometryMode (474)
[2017.04.21-19.43.34:261][  6]LogModuleManager: Shutting down and abandoning module TextureAlignMode (472)
[2017.04.21-19.43.34:261][  6]LogModuleManager: Shutting down and abandoning module BspMode (470)
[2017.04.21-19.43.34:261][  6]LogModuleManager: Shutting down and abandoning module HardwareSurvey (468)
[2017.04.21-19.43.34:261][  6]LogModuleManager: Shutting down and abandoning module SequenceRecorderSections (466)
[2017.04.21-19.43.34:261][  6]LogModuleManager: Shutting down and abandoning module AutomationWorker (464)
[2017.04.21-19.43.34:261][  6]LogModuleManager: Shutting down and abandoning module MatineeToLevelSequence (462)
[2017.04.21-19.43.34:261][  6]LogModuleManager: Shutting down and abandoning module LevelSequenceEditor (460)
[2017.04.21-19.43.34:261][  6]LogModuleManager: Shutting down and abandoning module PlacementMode (459)
[2017.04.21-19.43.34:261][  6]LogModuleManager: Shutting down and abandoning module WmfMediaFactory (456)
[2017.04.21-19.43.34:261][  6]LogModuleManager: Shutting down and abandoning module WmfMediaEditor (454)
[2017.04.21-19.43.34:261][  6]LogModuleManager: Shutting down and abandoning module MfMediaFactory (452)
[2017.04.21-19.43.34:261][  6]LogModuleManager: Shutting down and abandoning module MfMediaEditor (450)
[2017.04.21-19.43.34:261][  6]LogModuleManager: Shutting down and abandoning module AvfMediaFactory (448)
[2017.04.21-19.43.34:261][  6]LogModuleManager: Shutting down and abandoning module AvfMediaEditor (446)
[2017.04.21-19.43.34:261][  6]LogModuleManager: Shutting down and abandoning module AndroidMediaFactory (444)
[2017.04.21-19.43.34:261][  6]LogModuleManager: Shutting down and abandoning module Media (443)
[2017.04.21-19.43.34:261][  6]LogModuleManager: Shutting down and abandoning module AndroidMediaEditor (440)
[2017.04.21-19.43.34:261][  6]LogModuleManager: Shutting down and abandoning module CharacterAI (438)
[2017.04.21-19.43.34:261][  6]LogModuleManager: Shutting down and abandoning module AudioCapture (436)
[2017.04.21-19.43.34:261][  6]LogModuleManager: Shutting down and abandoning module SequenceRecorder (435)
[2017.04.21-19.43.34:261][  6]LogModuleManager: Shutting down and abandoning module SmartSnapping (432)
[2017.04.21-19.43.34:261][  6]LogModuleManager: Shutting down and abandoning module SessionServices (430)
[2017.04.21-19.43.34:261][  6]LogModuleManager: Shutting down and abandoning module ViewportSnapping (428)
[2017.04.21-19.43.34:261][  6]LogModuleManager: Shutting down and abandoning module ViewportInteraction (426)
[2017.04.21-19.43.34:261][  6]LogModuleManager: Shutting down and abandoning module LogVisualizer (424)
[2017.04.21-19.43.34:261][  6]LogModuleManager: Shutting down and abandoning module IntroTutorials (422)
[2017.04.21-19.43.34:261][  6]LogModuleManager: Shutting down and abandoning module GameProjectGeneration (421)
[2017.04.21-19.43.34:261][  6]LogModuleManager: Shutting down and abandoning module EditorLiveStreaming (418)
[2017.04.21-19.43.34:261][  6]LogModuleManager: Shutting down and abandoning module IOSPlatformEditor (416)
[2017.04.21-19.43.34:261][  6]LogModuleManager: Shutting down and abandoning module HTML5PlatformEditor (414)
[2017.04.21-19.43.34:261][  6]LogModuleManager: Shutting down and abandoning module AndroidPlatformEditor (412)
[2017.04.21-19.43.34:261][  6]LogModuleManager: Shutting down and abandoning module AndroidDeviceDetection (411)
[2017.04.21-19.43.34:269][  6]LogModuleManager: Shutting down and abandoning module IOSRuntimeSettings (408)
[2017.04.21-19.43.34:269][  6]LogModuleManager: Shutting down and abandoning module AndroidRuntimeSettings (406)
[2017.04.21-19.43.34:269][  6]LogModuleManager: Shutting down and abandoning module InputBindingEditor (404)
[2017.04.21-19.43.34:269][  6]LogModuleManager: Shutting down and abandoning module NiagaraEditor (402)
[2017.04.21-19.43.34:269][  6]LogModuleManager: Shutting down and abandoning module MergeActors (400)
[2017.04.21-19.43.34:269][  6]LogModuleManager: Shutting down and abandoning module SizeMap (398)
[2017.04.21-19.43.34:269][  6]LogModuleManager: Shutting down and abandoning module TreeMap (396)
[2017.04.21-19.43.34:269][  6]LogModuleManager: Shutting down and abandoning module ReferenceViewer (394)
[2017.04.21-19.43.34:269][  6]LogModuleManager: Shutting down and abandoning module LocalizationDashboard (392)
[2017.04.21-19.43.34:269][  6]LogModuleManager: Shutting down and abandoning module LocalizationService (391)
[2017.04.21-19.43.34:269][  6]LogModuleManager: Shutting down and abandoning module HardwareTargeting (388)
[2017.04.21-19.43.34:269][  6]LogModuleManager: Shutting down and abandoning module DeviceProfileEditor (386)
[2017.04.21-19.43.34:269][  6]LogModuleManager: Shutting down and abandoning module UndoHistory (384)
[2017.04.21-19.43.34:269][  6]LogModuleManager: Shutting down and abandoning module UserFeedback (382)
[2017.04.21-19.43.34:269][  6]LogModuleManager: Shutting down and abandoning module XmlParser (380)
[2017.04.21-19.43.34:269][  6]LogModuleManager: Shutting down and abandoning module Blutility (378)
[2017.04.21-19.43.34:269][  6]LogModuleManager: Shutting down and abandoning module ProjectSettingsViewer (376)
[2017.04.21-19.43.34:269][  6]LogModuleManager: Shutting down and abandoning module ProjectTargetPlatformEditor (375)
[2017.04.21-19.43.34:269][  6]LogModuleManager: Shutting down and abandoning module EditorSettingsViewer (372)
[2017.04.21-19.43.34:269][  6]LogModuleManager: Shutting down and abandoning module SettingsEditor (370)
[2017.04.21-19.43.34:269][  6]LogModuleManager: Shutting down and abandoning module ProjectLauncher (368)
[2017.04.21-19.43.34:269][  6]LogModuleManager: Shutting down and abandoning module SessionFrontend (366)
[2017.04.21-19.43.34:269][  6]LogModuleManager: Shutting down and abandoning module ProfilerClient (364)
[2017.04.21-19.43.34:269][  6]LogModuleManager: Shutting down and abandoning module DeviceManager (362)
[2017.04.21-19.43.34:269][  6]LogModuleManager: Shutting down and abandoning module TargetDeviceServices (361)
[2017.04.21-19.43.34:312][  6]LogModuleManager: Shutting down and abandoning module AutomationController (358)
[2017.04.21-19.43.34:312][  6]LogModuleManager: Shutting down and abandoning module AutomationWindow (356)
[2017.04.21-19.43.34:312][  6]LogModuleManager: Shutting down and abandoning module Layers (354)
[2017.04.21-19.43.34:312][  6]LogModuleManager: Shutting down and abandoning module ComponentVisualizers (352)
[2017.04.21-19.43.34:312][  6]LogModuleManager: Shutting down and abandoning module DetailCustomizations (350)
[2017.04.21-19.43.34:312][  6]LogModuleManager: Shutting down and abandoning module PackagesDialog (348)
[2017.04.21-19.43.34:312][  6]LogModuleManager: Shutting down and abandoning module Persona (346)
[2017.04.21-19.43.34:312][  6]LogModuleManager: Shutting down and abandoning module AnimGraph (345)
[2017.04.21-19.43.34:312][  6]LogModuleManager: Shutting down and abandoning module Kismet (342)
[2017.04.21-19.43.34:318][  6]LogModuleManager: Shutting down and abandoning module GraphEditor (340)
[2017.04.21-19.43.34:318][  6]LogModuleManager: Shutting down and abandoning module ClassViewer (338)
[2017.04.21-19.43.34:319][  6]LogModuleManager: Shutting down and abandoning module Toolbox (336)
[2017.04.21-19.43.34:319][  6]LogModuleManager: Shutting down and abandoning module ModuleUI (334)
[2017.04.21-19.43.34:319][  6]LogModuleManager: Shutting down and abandoning module MovieSceneTools (332)
[2017.04.21-19.43.34:319][  6]LogModuleManager: Shutting down and abandoning module OutputLog (330)
[2017.04.21-19.43.34:319][  6]LogModuleManager: Shutting down and abandoning module GammaUI (328)
[2017.04.21-19.43.34:319][  6]LogModuleManager: Shutting down and abandoning module Documentation (326)
[2017.04.21-19.43.34:319][  6]LogModuleManager: Shutting down and abandoning module Niagara (324)
[2017.04.21-19.43.34:319][  6]LogModuleManager: Shutting down and abandoning module StreamingPauseRendering (322)
[2017.04.21-19.43.34:319][  6]LogModuleManager: Shutting down and abandoning module AnalyticsET (320)
[2017.04.21-19.43.34:319][  6]LogModuleManager: Shutting down and abandoning module PortalServices (318)
[2017.04.21-19.43.34:319][  6]LogModuleManager: Shutting down and abandoning module PortalRpc (316)
[2017.04.21-19.43.34:319][  6]LogModuleManager: Shutting down and abandoning module MessagingRpc (314)
[2017.04.21-19.43.34:319][  6]LogModuleManager: Shutting down and abandoning module AIModule (312)
[2017.04.21-19.43.34:319][  6]LogModuleManager: Shutting down and abandoning module GameplayDebugger (311)
[2017.04.21-19.43.34:319][  6]LogModuleManager: Shutting down and abandoning module AITestSuite (309)
[2017.04.21-19.43.34:319][  6]LogModuleManager: Shutting down and abandoning module ProfilerService (306)
[2017.04.21-19.43.34:558][  6]LogModuleManager: Shutting down and abandoning module TaskGraph (304)
[2017.04.21-19.43.34:558][  6]LogModuleManager: Shutting down and abandoning module SteamVRController (302)
[2017.04.21-19.43.34:558][  6]LogModuleManager: Shutting down and abandoning module SteamVR (300)
[2017.04.21-19.43.34:558][  6]LogModuleManager: Shutting down and abandoning module ProceduralMeshComponentEditor (298)
[2017.04.21-19.43.34:559][  6]LogModuleManager: Shutting down and abandoning module ProceduralMeshComponent (296)
[2017.04.21-19.43.34:565][  6]LogModuleManager: Shutting down and abandoning module OculusLibrary (294)
[2017.04.21-19.43.34:565][  6]LogModuleManager: Shutting down and abandoning module OculusInput (292)
[2017.04.21-19.43.34:565][  6]LogModuleManager: Shutting down and abandoning module MobilePatchingUtils (290)
[2017.04.21-19.43.34:565][  6]LogModuleManager: Shutting down and abandoning module CustomMeshComponent (288)
[2017.04.21-19.43.34:565][  6]LogModuleManager: Shutting down and abandoning module CableComponent (286)
[2017.04.21-19.43.34:565][  6]LogModuleManager: Shutting down and abandoning module ArchVisCharacter (284)
[2017.04.21-19.43.34:566][  6]LogModuleManager: Shutting down and abandoning module MediaPlayerEditor (280)
[2017.04.21-19.43.34:566][  6]LogModuleManager: Shutting down and abandoning module HTML5Networking (278)
[2017.04.21-19.43.34:566][  6]LogModuleManager: Shutting down and abandoning module AlembicImporter (276)
[2017.04.21-19.43.34:566][  6]LogModuleManager: Shutting down and abandoning module AlembicLibrary (275)
[2017.04.21-19.43.34:566][  6]LogModuleManager: Shutting down and abandoning module GeometryCache (274)
[2017.04.21-19.43.34:566][  6]LogModuleManager: Shutting down and abandoning module GeometryCacheEd (273)
[2017.04.21-19.43.34:566][  6]LogModuleManager: Shutting down and abandoning module SuperSearchEditor (268)
[2017.04.21-19.43.34:566][  6]LogModuleManager: Shutting down and abandoning module SuperSearch (267)
[2017.04.21-19.43.34:566][  6]LogModuleManager: Shutting down and abandoning module SpeedTreeImporter (264)
[2017.04.21-19.43.34:567][  6]LogModuleManager: Shutting down and abandoning module PluginBrowser (262)
[2017.04.21-19.43.34:567][  6]LogModuleManager: Shutting down and abandoning module MobileLauncherProfileWizard (260)
[2017.04.21-19.43.34:567][  6]LogModuleManager: Shutting down and abandoning module EpicSurvey (258)
[2017.04.21-19.43.34:567][  6]LogModuleManager: Shutting down and abandoning module VisualStudioSourceCodeAccess (256)
[2017.04.21-19.43.34:567][  6]LogModuleManager: Shutting down and abandoning module DesktopPlatform (255)
[2017.04.21-19.43.34:567][  6]LogModuleManager: Shutting down and abandoning module UObjectPlugin (252)
[2017.04.21-19.43.34:567][  6]LogModuleManager: Shutting down and abandoning module SubversionSourceControl (250)
[2017.04.21-19.43.34:567][  6]LogModuleManager: Shutting down and abandoning module PerforceSourceControl (248)
[2017.04.21-19.43.34:567][  6]LogModuleManager: Shutting down and abandoning module GitSourceControl (246)
[2017.04.21-19.43.34:567][  6]LogModuleManager: Shutting down and abandoning module SourceControl (245)
[2017.04.21-19.43.34:567][  6]LogModuleManager: Shutting down and abandoning module LightPropagationVolumeEditor (242)
[2017.04.21-19.43.34:567][  6]LogModuleManager: Shutting down and abandoning module PaperTiledImporter (240)
[2017.04.21-19.43.34:567][  6]LogModuleManager: Shutting down and abandoning module PaperSpriteSheetImporter (238)
[2017.04.21-19.43.34:567][  6]LogModuleManager: Shutting down and abandoning module Paper2DEditor (236)
[2017.04.21-19.43.34:567][  6]LogModuleManager: Shutting down and abandoning module MeshPaint (235)
[2017.04.21-19.43.34:567][  6]LogModuleManager: Shutting down and abandoning module LevelEditor (233)
[2017.04.21-19.43.34:570][  6]LogModuleManager: Shutting down and abandoning module PixelInspectorModule (232)
[2017.04.21-19.43.34:571][  6]LogModuleManager: Shutting down and abandoning module MainFrame (230)
[2017.04.21-19.43.34:571][  6]LogModuleManager: Shutting down and abandoning module HotReload (229)
[2017.04.21-19.43.34:571][  6]LogModuleManager: Shutting down and abandoning module ContentBrowser (225)
[2017.04.21-19.43.34:572][  6]LogModuleManager: Shutting down and abandoning module PhysXVehiclesEditor (222)
[2017.04.21-19.43.34:572][  6]LogModuleManager: Shutting down and abandoning module PhysXVehicles (220)
[2017.04.21-19.43.34:572][  6]LogModuleManager: Shutting down and abandoning module LocationServicesBPLibrary (218)
[2017.04.21-19.43.34:572][  6]LogModuleManager: Shutting down and abandoning module UdpMessaging (216)
[2017.04.21-19.43.34:673][  6]LogModuleManager: Shutting down and abandoning module TcpMessaging (214)
[2017.04.21-19.43.34:773][  6]LogModuleManager: Shutting down and abandoning module GameplayTagsEditor (212)
[2017.04.21-19.43.34:773][  6]LogModuleManager: Shutting down and abandoning module FacialAnimationEditor (210)
[2017.04.21-19.43.34:773][  6]LogModuleManager: Shutting down and abandoning module FacialAnimation (208)
[2017.04.21-19.43.34:773][  6]LogModuleManager: Shutting down and abandoning module LightPropagationVolumeRuntime (206)
[2017.04.21-19.43.34:773][  6]LogModuleManager: Shutting down and abandoning module Paper2D (204)
[2017.04.21-19.43.34:773][  6]LogModuleManager: Shutting down and abandoning module WindowsMoviePlayer (202)
[2017.04.21-19.43.34:773][  6]LogModuleManager: Shutting down and abandoning module WmfMedia (200)
[2017.04.21-19.43.34:773][  6]LogModuleManager: Shutting down and abandoning module MfMedia (198)
[2017.04.21-19.43.34:773][  6]LogModuleManager: Shutting down and abandoning module MediaAssets (196)
[2017.04.21-19.43.34:773][  6]LogModuleManager: Shutting down and abandoning module GameLiveStreaming (194)
[2017.04.21-19.43.34:773][  6]LogModuleManager: Shutting down and abandoning module VREditor (192)
[2017.04.21-19.43.34:773][  6]LogModuleManager: Shutting down and abandoning module GameplayTasksEditor (190)
[2017.04.21-19.43.34:773][  6]LogModuleManager: Shutting down and abandoning module BehaviorTreeEditor (188)
[2017.04.21-19.43.34:773][  6]LogModuleManager: Shutting down and abandoning module FunctionalTesting (186)
[2017.04.21-19.43.34:773][  6]LogModuleManager: Shutting down and abandoning module CollisionAnalyzer (184)
[2017.04.21-19.43.34:773][  6]LogModuleManager: Shutting down and abandoning module UMG (182)
[2017.04.21-19.43.34:773][  6]LogModuleManager: Shutting down and abandoning module UMGEditor (181)
[2017.04.21-19.43.34:773][  6]LogModuleManager: Shutting down and abandoning module Sequencer (180)
[2017.04.21-19.43.34:773][  6]LogModuleManager: Shutting down and abandoning module AssetTools (178)
[2017.04.21-19.43.34:773][  6]LogModuleManager: Shutting down and abandoning module MessageLog (177)
[2017.04.21-19.43.34:774][  6]LogModuleManager: Shutting down and abandoning module WorkspaceMenuStructure (176)
[2017.04.21-19.43.34:774][  6]LogModuleManager: Shutting down and abandoning module SlateReflector (170)
[2017.04.21-19.43.34:774][  6]LogModuleManager: Shutting down and abandoning module Slate (168)
[2017.04.21-19.43.34:774][  6]LogModuleManager: Shutting down and abandoning module EditorStyle (166)
[2017.04.21-19.43.34:776][  6]LogModuleManager: Shutting down and abandoning module SourceCodeAccess (164)
[2017.04.21-19.43.34:776][  6]LogModuleManager: Shutting down and abandoning module HeadMountedDisplay (162)
[2017.04.21-19.43.34:776][  6]LogModuleManager: Shutting down and abandoning module XAudio2 (160)
[2017.04.21-19.43.34:776][  6]LogModuleManager: Shutting down and abandoning module Networking (158)
[2017.04.21-19.43.34:776][  6]LogModuleManager: Shutting down and abandoning module Core (154)
[2017.04.21-19.43.34:776][  6]LogModuleManager: Shutting down and abandoning module AssetRegistry (152)
[2017.04.21-19.43.34:870][  6]LogDirectoryWatcher: A directory notification for '../../../Engine/Content/' was aborted.
[2017.04.21-19.43.34:870][  6]LogDirectoryWatcher: A directory notification for 'E:/Quantum/Content/' was aborted.
[2017.04.21-19.43.34:870][  6]LogDirectoryWatcher: A directory notification for '../../../Engine/Plugins/2D/Paper2D/Content/' was aborted.
[2017.04.21-19.43.34:870][  6]LogModuleManager: Shutting down and abandoning module DirectoryWatcher (151)
[2017.04.21-19.43.34:871][  6]LogModuleManager: Shutting down and abandoning module KismetCompiler (148)
[2017.04.21-19.43.34:871][  6]LogModuleManager: Shutting down and abandoning module PhysXFormats (146)
[2017.04.21-19.43.34:871][  6]LogModuleManager: Shutting down and abandoning module MeshUtilities (144)
[2017.04.21-19.43.34:871][  6]LogModuleManager: Shutting down and abandoning module SimplygonSwarm (143)
[2017.04.21-19.43.34:871][  6]LogModuleManager: Shutting down and abandoning module SimplygonMeshReduction (141)
[2017.04.21-19.43.34:871][  6]LogModuleManager: Shutting down and abandoning module QuadricMeshReduction (139)
[2017.04.21-19.43.34:871][  6]LogModuleManager: Shutting down and abandoning module PropertyEditor (137)
[2017.04.21-19.43.34:871][  6]LogModuleManager: Shutting down and abandoning module DerivedDataCache (134)
[2017.04.21-19.43.34:952][  6]LogDerivedDataCache: Shutdown
[2017.04.21-19.43.34:952][  6]LogModuleManager: Shutting down and abandoning module TargetPlatform (132)
[2017.04.21-19.43.34:952][  6]LogModuleManager: Shutting down and abandoning module VulkanShaderFormat (131)
[2017.04.21-19.43.34:952][  6]LogModuleManager: Shutting down and abandoning module ShaderFormatOpenGL (129)
[2017.04.21-19.43.34:952][  6]LogModuleManager: Shutting down and abandoning module ShaderFormatD3D (127)
[2017.04.21-19.43.34:952][  6]LogModuleManager: Shutting down and abandoning module MetalShaderFormat (125)
[2017.04.21-19.43.34:952][  6]LogModuleManager: Shutting down and abandoning module TextureFormatUncompressed (123)
[2017.04.21-19.43.34:952][  6]LogModuleManager: Shutting down and abandoning module TextureFormatPVR (121)
[2017.04.21-19.43.34:952][  6]LogModuleManager: Shutting down and abandoning module TextureFormatDXT (119)
[2017.04.21-19.43.34:952][  6]LogModuleManager: Shutting down and abandoning module TextureFormatIntelISPCTexComp (117)
[2017.04.21-19.43.34:952][  6]LogModuleManager: Shutting down and abandoning module TextureFormatASTC (115)
[2017.04.21-19.43.34:952][  6]LogModuleManager: Shutting down and abandoning module ImageWrapper (114)
[2017.04.21-19.43.34:952][  6]LogModuleManager: Shutting down and abandoning module TextureFormatAndroid (111)
[2017.04.21-19.43.34:952][  6]LogModuleManager: Shutting down and abandoning module AudioFormatOpus (109)
[2017.04.21-19.43.34:952][  6]LogModuleManager: Shutting down and abandoning module AudioFormatOgg (107)
[2017.04.21-19.43.34:952][  6]LogModuleManager: Shutting down and abandoning module AudioFormatADPCM (105)
[2017.04.21-19.43.34:952][  6]LogModuleManager: Shutting down and abandoning module LinuxTargetPlatform (103)
[2017.04.21-19.43.34:952][  6]LogModuleManager: Shutting down and abandoning module LinuxServerTargetPlatform (101)
[2017.04.21-19.43.34:952][  6]LogModuleManager: Shutting down and abandoning module LinuxNoEditorTargetPlatform (99)
[2017.04.21-19.43.34:952][  6]LogModuleManager: Shutting down and abandoning module LinuxClientTargetPlatform (97)
[2017.04.21-19.43.34:952][  6]LogModuleManager: Shutting down and abandoning module TVOSTargetPlatform (95)
[2017.04.21-19.43.34:952][  6]LogModuleManager: Shutting down and abandoning module Messaging (93)
[2017.04.21-19.43.34:952][  6]LogModuleManager: Shutting down and abandoning module IOSTargetPlatform (91)
[2017.04.21-19.43.34:952][  6]LogModuleManager: Shutting down and abandoning module HTML5TargetPlatform (89)
[2017.04.21-19.43.34:952][  6]LogModuleManager: Shutting down and abandoning module Android_PVRTCTargetPlatform (87)
[2017.04.21-19.43.34:952][  6]LogModuleManager: Shutting down and abandoning module Android_MultiTargetPlatform (85)
[2017.04.21-19.43.34:952][  6]LogModuleManager: Shutting down and abandoning module Android_ETC2TargetPlatform (83)
[2017.04.21-19.43.34:952][  6]LogModuleManager: Shutting down and abandoning module Android_ETC1TargetPlatform (81)
[2017.04.21-19.43.34:952][  6]LogModuleManager: Shutting down and abandoning module Android_DXTTargetPlatform (79)
[2017.04.21-19.43.34:952][  6]LogModuleManager: Shutting down and abandoning module Android_ATCTargetPlatform (77)
[2017.04.21-19.43.34:952][  6]LogModuleManager: Shutting down and abandoning module Android_ASTCTargetPlatform (75)
[2017.04.21-19.43.34:952][  6]LogModuleManager: Shutting down and abandoning module AndroidTargetPlatform (73)
[2017.04.21-19.43.34:952][  6]LogModuleManager: Shutting down and abandoning module WindowsTargetPlatform (71)
[2017.04.21-19.43.34:952][  6]LogModuleManager: Shutting down and abandoning module WindowsServerTargetPlatform (69)
[2017.04.21-19.43.34:952][  6]LogModuleManager: Shutting down and abandoning module WindowsNoEditorTargetPlatform (67)
[2017.04.21-19.43.34:952][  6]LogModuleManager: Shutting down and abandoning module WindowsClientTargetPlatform (65)
[2017.04.21-19.43.34:952][  6]LogModuleManager: Shutting down and abandoning module MacTargetPlatform (63)
[2017.04.21-19.43.34:952][  6]LogModuleManager: Shutting down and abandoning module MacServerTargetPlatform (61)
[2017.04.21-19.43.34:952][  6]LogModuleManager: Shutting down and abandoning module MacNoEditorTargetPlatform (59)
[2017.04.21-19.43.34:952][  6]LogModuleManager: Shutting down and abandoning module MacClientTargetPlatform (57)
[2017.04.21-19.43.34:952][  6]LogModuleManager: Shutting down and abandoning module AllDesktopTargetPlatform (55)
[2017.04.21-19.43.34:952][  6]LogModuleManager: Shutting down and abandoning module InputCore (52)
[2017.04.21-19.43.34:952][  6]LogModuleManager: Shutting down and abandoning module Settings (50)
[2017.04.21-19.43.34:952][  6]LogModuleManager: Shutting down and abandoning module OculusRift (48)
[2017.04.21-19.43.34:952][  6]LogModuleManager: Shutting down and abandoning module GearVR (46)
[2017.04.21-19.43.34:952][  6]LogModuleManager: Shutting down and abandoning module ExampleDeviceProfileSelector (44)
[2017.04.21-19.43.34:952][  6]LogModuleManager: Shutting down and abandoning module OnlineBlueprintSupport (42)
[2017.04.21-19.43.34:952][  6]LogModuleManager: Shutting down and abandoning module OnlineSubsystem (38)
[2017.04.21-19.43.34:952][  6]LogOnline:Display: Unloading online subsystem: NULL
[2017.04.21-19.43.34:952][  6]LogModuleManager: Shutting down and abandoning module XMPP (37)
[2017.04.21-19.43.34:952][  6]LogModuleManager: Shutting down and abandoning module HTTP (35)
[2017.04.21-19.43.34:952][  6]LogHttp:Display: Http module shutting down, but needs to wait on 1 outstanding Http requests:
[2017.04.21-19.43.34:952][  6]LogHttp:Display: 	verb=[POST] url=[https://datarouter.ol.epicgames.com/datarouter/api/v1/public/data?SessionID=%7B64E7E321-41E0-85DB-D5D0-6280AC7FC174%7D&AppID=UEEditor.Rocket.Release&AppVersion=4.15.1-3348071%2B%2B%2BUE4%2BRelease-4.15&UserID=725bbb16486748435fa86a9f14c1e344%7Cb51ba83205af482cbc94873afb168383%7C41038813-247c-4341-a688-99a46f6f5e0d&AppEnvironment=datacollector-binary&UploadType=eteventstream] status=Processing
[2017.04.21-19.43.34:952][  6]LogHttp:Display: Sleeping 0.5s to wait for 1 outstanding Http requests.
[2017.04.21-19.43.35:453][  6]LogHttp:Display: Sleeping 0.5s to wait for 1 outstanding Http requests.
[2017.04.21-19.43.35:954][  6]LogHttp:Display: Sleeping 0.5s to wait for 1 outstanding Http requests.
[2017.04.21-19.43.36:464][  6]LogModuleManager: Shutting down and abandoning module SSL (34)
[2017.04.21-19.43.36:466][  6]LogModuleManager: Shutting down and abandoning module AudioEditor (30)
[2017.04.21-19.43.36:466][  6]LogModuleManager: Shutting down and abandoning module TextureCompressor (28)
[2017.04.21-19.43.36:467][  6]LogModuleManager: Shutting down and abandoning module ShaderCore (26)
[2017.04.21-19.43.36:467][  6]LogModuleManager: Shutting down and abandoning module Landscape (24)
[2017.04.21-19.43.36:467][  6]LogModuleManager: Shutting down and abandoning module SlateRHIRenderer (22)
[2017.04.21-19.43.36:474][  6]LogModuleManager: Shutting down and abandoning module OpenGLDrv (20)
[2017.04.21-19.43.36:474][  6]LogModuleManager: Shutting down and abandoning module D3D11RHI (18)
[2017.04.21-19.43.36:474][  6]LogModuleManager: Shutting down and abandoning module AnimGraphRuntime (16)
[2017.04.21-19.43.36:474][  6]LogModuleManager: Shutting down and abandoning module Renderer (14)
[2017.04.21-19.43.36:474][  6]LogModuleManager: Shutting down and abandoning module Engine (12)
[2017.04.21-19.43.36:474][  6]LogModuleManager: Shutting down and abandoning module CoreUObject (10)
[2017.04.21-19.43.36:474][  6]LogModuleManager: Shutting down and abandoning module NetworkFile (8)
[2017.04.21-19.43.36:474][  6]LogModuleManager: Shutting down and abandoning module StreamingFile (6)
[2017.04.21-19.43.36:474][  6]LogModuleManager: Shutting down and abandoning module SandboxFile (4)
[2017.04.21-19.43.36:474][  6]LogModuleManager: Shutting down and abandoning module PakFile (2)
[2017.04.21-19.43.36:477][  6]LogExit: Exiting.
[2017.04.21-19.43.36:480][  6]Log file closed, 04/22/17 02:43:36
