Log file open, 03/29/17 11:02:02
LogInit:Display: Running engine for game: Quantum
LogPlatformFile: Not using cached read wrapper
LogInit:Display: RandInit(1259922016) SRandInit(1259922016).
LogTaskGraph: Started task graph with 5 named threads and 8 total threads with 1 sets of task threads.
LogStats: Stats thread started at 0.112580
LogInit: Using libcurl 7.47.1
LogInit:  - built for x86_64-pc-win32
LogInit:  - supports SSL with OpenSSL/1.0.2g
LogInit:  - supports HTTP deflate (compression) using libz 1.2.8
LogInit:  - other features:
LogInit:      CURL_VERSION_SSL
LogInit:      CURL_VERSION_LIBZ
LogInit:      CURL_VERSION_IPV6
LogInit:      CURL_VERSION_ASYNCHDNS
LogInit:      CURL_VERSION_LARGEFILE
LogInit:      CURL_VERSION_IDN
LogInit:  CurlRequestOptions (configurable via config and command line):
LogInit:  - bVerifyPeer = false  - Libcurl will NOT verify peer certificate
LogInit:  - bUseHttpProxy = false  - Libcurl will NOT use HTTP proxy
LogInit:  - bDontReuseConnections = false  - Libcurl will reuse connections
LogInit:  - CertBundlePath = nullptr  - Libcurl will use whatever was configured at build time.
LogInit: Build: ++UE4+Release-4.15-CL-3348071
LogInit: Engine Version: 4.15.1-3348071+++UE4+Release-4.15
LogInit: Compatible Engine Version: 4.15.0-3299760+++UE4+Release-4.15
LogInit: Net CL: 3299760
LogDevObjectVersion: Number of dev versions registered: 14
LogDevObjectVersion:   Dev-Blueprints (B0D832E4-1F89-4F0D-ACCF-7EB736FD4AA2): 8
LogDevObjectVersion:   Dev-Build (E1C64328-A22C-4D53-A36C-8E866417BD8C): 0
LogDevObjectVersion:   Dev-Core (375EC13C-06E4-48FB-B500-84F0262A717E): 2
LogDevObjectVersion:   Dev-Editor (E4B068ED-F494-42E9-A231-DA0B2E46BB41): 14
LogDevObjectVersion:   Dev-Framework (CFFC743F-43B0-4480-9391-14DF171D2073): 22
LogDevObjectVersion:   Dev-Mobile (B02B49B5-BB20-44E9-A304-32B752E40360): 0
LogDevObjectVersion:   Dev-Networking (A4E4105C-59A1-49B5-A7C5-40C4547EDFEE): 0
LogDevObjectVersion:   Dev-Online (39C831C9-5AE6-47DC-9A44-9C173E1C8E7C): 0
LogDevObjectVersion:   Dev-Physics (78F01B33-EBEA-4F98-B9B4-84EACCB95AA2): 0
LogDevObjectVersion:   Dev-Platform (6631380F-2D4D-43E0-8009-CF276956A95A): 0
LogDevObjectVersion:   Dev-Rendering (12F88B9F-8875-4AFC-A67C-D90C383ABD29): 12
LogDevObjectVersion:   Dev-Sequencer (7B5AE74C-D270-4C10-A958-57980B212A5A): 3
LogDevObjectVersion:   Dev-VR (D7296918-1DD6-4BDD-9DE2-64A83CC13884): 0
LogDevObjectVersion:   Dev-LoadTimes (C2A15278-BFE7-4AFE-6C17-90FF531DF755): 1
LogInit: Compiled (64-bit): Mar 15 2017 16:52:47
LogInit: Compiled with Visual C++: 19.00.23026.00
LogInit: Build Configuration: Development
LogInit: Branch Name: ++UE4+Release-4.15
LogInit: Command line:  
LogInit: Base directory: C:/Program Files/Epic Games/UE_4.15/Engine/Binaries/Win64/
LogInit: Installed Engine Build: 1
LogInit: Presizing for max 8388607 objects, including 0 objects not considered by GC, pre-allocating 0 bytes for permanent pool.
LogInit: Object subsystem initialized
[2017.03.29-04.02.03:818][  0]LogInit: Selected Device Profile: [Windows]
[2017.03.29-04.02.03:818][  0]LogInit: Applying CVar settings loaded from the selected device profile: [Windows]
[2017.03.29-04.02.03:856][  0]LogInit: Computer: KOKO-IMMORTAL
[2017.03.29-04.02.03:856][  0]LogInit: User: Proto
[2017.03.29-04.02.03:856][  0]LogInit: CPU Page size=65536, Cores=4
[2017.03.29-04.02.03:856][  0]LogInit: High frequency timer resolution =3.328130 MHz
[2017.03.29-04.02.03:857][  0]LogMemory: Memory total: Physical=16.0GB (16GB approx)
[2017.03.29-04.02.03:857][  0]LogMemory: Platform Memory Stats for Windows
[2017.03.29-04.02.03:857][  0]LogMemory: Process Physical Memory: 261.80 MB used, 261.80 MB peak
[2017.03.29-04.02.03:857][  0]LogMemory: Process Virtual Memory: 262.42 MB used, 262.42 MB peak
[2017.03.29-04.02.03:857][  0]LogMemory: Physical Memory: 3155.98 MB used,  13186.76 MB free, 16342.74 MB total
[2017.03.29-04.02.03:857][  0]LogMemory: Virtual Memory: 643.98 MB used,  13186.76 MB free, 134217728.00 MB total
[2017.03.29-04.02.04:201][  0]LogTextLocalizationManager: No specific translations for ('en-US') exist, so ('en') translations will be used.
[2017.03.29-04.02.06:491][  0]LogD3D11RHI: D3D11 adapters:
[2017.03.29-04.02.06:978][  0]LogD3D11RHI:    0. 'NVIDIA GeForce GTX 1060 6GB' (Feature Level 11_0)
[2017.03.29-04.02.06:978][  0]LogD3D11RHI:       6084/0/8171 MB DedicatedVideo/DedicatedSystem/SharedSystem, Outputs:2, VendorId:0x10de
[2017.03.29-04.02.06:979][  0]LogD3D11RHI:    1. 'Microsoft Basic Render Driver' (Feature Level 11_0)
[2017.03.29-04.02.06:979][  0]LogD3D11RHI:       0/0/8171 MB DedicatedVideo/DedicatedSystem/SharedSystem, Outputs:0, VendorId:0x1414
[2017.03.29-04.02.06:979][  0]LogD3D11RHI: Chosen D3D11 Adapter: 0
[2017.03.29-04.02.06:986][  0]LogD3D11RHI: Creating new Direct3DDevice
[2017.03.29-04.02.06:986][  0]LogD3D11RHI:     GPU DeviceId: 0x1c03 (for the marketing name, search the web for "GPU Device Id")
[2017.03.29-04.02.06:986][  0]LogWindows: EnumDisplayDevices:
[2017.03.29-04.02.06:986][  0]LogWindows:    0. 'NVIDIA GeForce GTX 1060 6GB' (P:1 D:1)
[2017.03.29-04.02.06:987][  0]LogWindows:    1. 'NVIDIA GeForce GTX 1060 6GB' (P:0 D:1)
[2017.03.29-04.02.06:987][  0]LogWindows:    2. 'NVIDIA GeForce GTX 1060 6GB' (P:0 D:0)
[2017.03.29-04.02.06:987][  0]LogWindows:    3. 'NVIDIA GeForce GTX 1060 6GB' (P:0 D:0)
[2017.03.29-04.02.06:987][  0]LogWindows: DebugString: FoundDriverCount:4 
[2017.03.29-04.02.06:987][  0]LogD3D11RHI:     Adapter Name: NVIDIA GeForce GTX 1060 6GB
[2017.03.29-04.02.06:987][  0]LogD3D11RHI:   Driver Version: 378.92 (internal:21.21.13.7892, unified:378.92)
[2017.03.29-04.02.06:987][  0]LogD3D11RHI:      Driver Date: 3-16-2017
[2017.03.29-04.02.06:988][  0]LogRHI: Texture pool is 1361 MB (70% of 1945 MB)
[2017.03.29-04.02.07:436][  0]LogD3D11RHI: Async texture creation enabled
[2017.03.29-04.02.07:513][  0]LogD3D11RHI: GPU Timing Frequency: 1000.000000 (Debug: 2 1)
[2017.03.29-04.02.07:626][  0]LogShaderCompilers: Guid format shader working directory is 36 characters bigger than the processId version (E:/Quantum/Intermediate/Shaders/WorkingDirectory/4572/).
[2017.03.29-04.02.07:626][  0]LogShaderCompilers: Cleaned the shader compiler working directory 'C:/Users/Proto/AppData/Local/Temp/UnrealShaderWorkingDir/A5C4873349D8799006920AAFEBDFC2A6/'.
[2017.03.29-04.02.07:627][  0]LogShaderCompilers:Display: Using Local Shader Compiler.
[2017.03.29-04.02.09:765][  0]LogTemp:Display: Loaded TP AllDesktopTargetPlatform
[2017.03.29-04.02.09:807][  0]LogTemp:Display: Loaded TP MacClientTargetPlatform
[2017.03.29-04.02.09:849][  0]LogTemp:Display: Loaded TP MacNoEditorTargetPlatform
[2017.03.29-04.02.09:893][  0]LogTemp:Display: Loaded TP MacServerTargetPlatform
[2017.03.29-04.02.09:939][  0]LogTemp:Display: Loaded TP MacTargetPlatform
[2017.03.29-04.02.09:982][  0]LogTemp:Display: Loaded TP WindowsClientTargetPlatform
[2017.03.29-04.02.10:025][  0]LogTemp:Display: Loaded TP WindowsNoEditorTargetPlatform
[2017.03.29-04.02.10:069][  0]LogTemp:Display: Loaded TP WindowsServerTargetPlatform
[2017.03.29-04.02.10:107][  0]LogTemp:Display: Loaded TP WindowsTargetPlatform
[2017.03.29-04.02.10:151][  0]LogTemp:Display: Loaded TP AndroidTargetPlatform
[2017.03.29-04.02.10:197][  0]LogTemp:Display: Loaded TP Android_ASTCTargetPlatform
[2017.03.29-04.02.10:239][  0]LogTemp:Display: Loaded TP Android_ATCTargetPlatform
[2017.03.29-04.02.10:282][  0]LogTemp:Display: Loaded TP Android_DXTTargetPlatform
[2017.03.29-04.02.10:325][  0]LogTemp:Display: Loaded TP Android_ETC1TargetPlatform
[2017.03.29-04.02.10:369][  0]LogTemp:Display: Loaded TP Android_ETC2TargetPlatform
[2017.03.29-04.02.10:459][  0]LogTemp:Display: Loaded TP Android_MultiTargetPlatform
[2017.03.29-04.02.10:459][  0]LogTemp:Display: Loaded TP Android_PVRTCTargetPlatform
[2017.03.29-04.02.10:488][  0]LogTemp:Display: Loaded TP HTML5TargetPlatform
[2017.03.29-04.02.10:590][  0]LogTemp:Display: Loaded TP IOSTargetPlatform
[2017.03.29-04.02.10:619][  0]LogTemp:Display: Loaded TP TVOSTargetPlatform
[2017.03.29-04.02.10:661][  0]LogTemp:Display: Loaded TP LinuxClientTargetPlatform
[2017.03.29-04.02.10:704][  0]LogTemp:Display: Loaded TP LinuxNoEditorTargetPlatform
[2017.03.29-04.02.10:746][  0]LogTemp:Display: Loaded TP LinuxServerTargetPlatform
[2017.03.29-04.02.10:796][  0]LogTemp:Display: Loaded TP LinuxTargetPlatform
[2017.03.29-04.02.10:796][  0]LogTargetPlatformManager:Display: Building Assets For Windows
[2017.03.29-04.02.11:406][  0]LogDerivedDataCache:Display: Max Cache Size: 512 MB
[2017.03.29-04.02.11:640][  0]LogDerivedDataCache: Loaded boot cache 0.23s 50MB C:/Users/Proto/AppData/Local/UnrealEngine/4.15/DerivedDataCache/Boot.ddc.
[2017.03.29-04.02.11:640][  0]LogDerivedDataCache:Display: Loaded Boot cache: C:/Users/Proto/AppData/Local/UnrealEngine/4.15/DerivedDataCache/Boot.ddc
[2017.03.29-04.02.11:641][  0]LogDerivedDataCache: FDerivedDataBackendGraph:  Pak pak cache file E:/Quantum/DerivedDataCache/DDC.ddp not found, will not use a pak cache.
[2017.03.29-04.02.11:641][  0]LogDerivedDataCache: Unable to find inner node Pak for hierarchical cache Hierarchy.
[2017.03.29-04.02.11:641][  0]LogDerivedDataCache: FDerivedDataBackendGraph:  CompressedPak pak cache file E:/Quantum/DerivedDataCache/Compressed.ddp not found, will not use a pak cache.
[2017.03.29-04.02.11:641][  0]LogDerivedDataCache: Unable to find inner node CompressedPak for hierarchical cache Hierarchy.
[2017.03.29-04.02.11:690][  0]LogDerivedDataCache:Display: Pak cache opened for reading ../../../Engine/DerivedDataCache/Compressed.ddp.
[2017.03.29-04.02.11:704][  0]LogDerivedDataCache: Using Local data cache path C:/Users/Proto/AppData/Local/UnrealEngine/Common/DerivedDataCache: Writable
[2017.03.29-04.02.11:740][  0]LogSlate: Using Freetype 2.6.0
[2017.03.29-04.02.11:769][  0]LogSlate: SlateFontCache - WITH_FREETYPE: 1, WITH_HARFBUZZ: 1
[2017.03.29-04.02.11:769][  0]LogSlate: SlateFontCache - WITH_FREETYPE: 1, WITH_HARFBUZZ: 1
[2017.03.29-04.02.15:316][  0]LogInit: Selected Device Profile: [Windows]
[2017.03.29-04.02.15:326][  0]LogContentStreaming: Texture pool size is 0.00 MB
[2017.03.29-04.02.15:576][  0]LogMeshUtilities: Using QuadricMeshReduction for automatic static mesh reduction
[2017.03.29-04.02.15:611][  0]LogSimplygon: Simplygon DLL not present - disabling.
[2017.03.29-04.02.15:649][  0]LogMeshUtilities: Using SimplygonSwarm for distributed automatic mesh merging
[2017.03.29-04.02.15:649][  0]LogMeshUtilities: No automatic skeletal mesh reduction module available
[2017.03.29-04.02.15:649][  0]LogMeshUtilities: No automatic mesh merging module available
[2017.03.29-04.02.17:015][  0]LogNetVersion: GetLocalNetworkVersion: CL: 3299760, ProjectName: quantum, ProjectVersion: , EngineNetworkVersion: 2, GameNetworkVersion: 0, NetworkChecksum: 3234878722
[2017.03.29-04.02.17:066][  0]LogAssetRegistry: FAssetRegistry took 0.0244 seconds to start up
[2017.03.29-04.02.17:125][  0]LogPackageLocalizationCache: Processed 3 localized package path(s) for 2 prioritized culture(s) in 0.041275 seconds
[2017.03.29-04.02.17:130][  0]LogUObjectArray: 32493 objects as part of root set at end of initial load.
[2017.03.29-04.02.17:130][  0]LogUObjectAllocator: 7077024 out of 0 bytes used by permanent object pool.
[2017.03.29-04.02.17:130][  0]LogUObjectArray: CloseDisregardForGC: 0/0 objects in disregard for GC pool
[2017.03.29-04.02.17:186][  0]LogInit: WinSock: version 1.1 (2.2), MaxSocks=32767, MaxUdp=65467
[2017.03.29-04.02.19:959][  0]LogTcpMessaging: Initializing TcpMessaging bridge
[2017.03.29-04.02.20:004][  0]LogUdpMessaging: Initializing bridge on interface 0.0.0.0:0 to multicast group 230.0.0.1:6666.
[2017.03.29-04.02.20:550][  0]LogMaterial: Uniform references updated for custom material expression Custom.
[2017.03.29-04.02.20:990][  0]SourceControl: Info Source control is disabled
[2017.03.29-04.02.20:992][  0]SourceControl: Info Source control is disabled
[2017.03.29-04.02.21:036][  0]SourceControl: Info Source control is disabled
[2017.03.29-04.02.21:075][  0]SourceControl: Info Source control is disabled
[2017.03.29-04.02.22:278][  0]LogEngine: Initializing Engine...
[2017.03.29-04.02.22:280][  0]LogHMD: Failed to initialize OpenVR with code 110
[2017.03.29-04.02.22:625][  0]LogAIModule: Creating AISystem for world Untitled
[2017.03.29-04.02.22:646][  0]LogInit: XAudio2 using 'Headphones (2- High Definition Audio Device)' : 2 channels at 44.1 kHz using 16 bits per sample (channel mask 0x3)
[2017.03.29-04.02.22:663][  0]LogInit: FAudioDevice initialized.
[2017.03.29-04.02.22:687][  0]LogDerivedDataCache: Saved boot cache 0.02s 50MB C:/Users/Proto/AppData/Local/UnrealEngine/4.15/DerivedDataCache/Boot.ddc.
[2017.03.29-04.02.22:696][  0]LogInit: Texture streaming: Enabled
[2017.03.29-04.02.22:776][  0]LogEngineSessionManager: EngineSessionManager initialized
[2017.03.29-04.02.22:859][  0]LogInit: Transaction tracking system initialized
[2017.03.29-04.02.23:172][  0]BlueprintLog: New page: Editor Load
[2017.03.29-04.02.24:100][  0]LocalizationService: Info Localization service is disabled
[2017.03.29-04.02.24:697][  0]LogConsoleResponse:Display: 
[2017.03.29-04.02.25:127][  0]LogCook:Display: Max memory allowance for cook 16384mb min free memory 0mb
[2017.03.29-04.02.25:127][  0]LogFileCache: Scanning file cache for directory 'E:/Quantum/Content/' took 0.02s
[2017.03.29-04.02.25:127][  0]LogCook:Display: Mobile HDR setting 1
[2017.03.29-04.02.26:055][  0]SourceControl: Info Source control is disabled
[2017.03.29-04.02.26:060][  0]Cmd: MAP LOAD FILE="E:/Quantum/Content/StarterContent/Maps/Minimal_Default.umap" TEMPLATE=0 SHOWPROGRESS=1 FEATURELEVEL=3
[2017.03.29-04.02.26:096][  0]LightingResults: New page: Lighting Build
[2017.03.29-04.02.26:150][  0]MapCheck: New page: Map Check
[2017.03.29-04.02.26:150][  0]LightingResults: New page: Lighting Build
[2017.03.29-04.02.28:410][  0]LogAIModule: Creating AISystem for world Minimal_Default
[2017.03.29-04.02.28:463][  0]LogEditorServer: Finished looking for orphan Actors (0.000 secs)
[2017.03.29-04.02.28:465][  0]Cmd: MAP CHECKDEP NOCLEARLOG
[2017.03.29-04.02.28:498][  0]MapCheck: Info Map check complete: 0 Error(s), 0 Warning(s), took 33.398ms to complete.
[2017.03.29-04.02.28:498][  0]LogFileHelpers: Loading map 'Minimal_Default' took 2.441
[2017.03.29-04.02.28:834][  0]LogCollectionManager: Loaded 0 collections in 0.001196 seconds
[2017.03.29-04.02.28:954][  0]LogFileCache: Scanning file cache for directory 'E:/Quantum/Saved/Collections/' took 0.01s
[2017.03.29-04.02.28:954][  0]LogFileCache: Scanning file cache for directory 'E:/Quantum/Content/Developers/Proto/Collections/' took 0.01s
[2017.03.29-04.02.28:954][  0]LogFileCache: Scanning file cache for directory 'E:/Quantum/Content/Collections/' took 0.01s
[2017.03.29-04.02.28:954][  0]LogCollectionManager: Rebuilt the GUID cache for 0 collections in 0.000005 seconds
[2017.03.29-04.02.28:965][  0]LogContentBrowser: Native class hierarchy populated in 0.0078 seconds. Added 2245 classes and 453 folders.
[2017.03.29-04.02.28:974][  0]LogStats: UGameplayTagsManager::ConstructGameplayTagTree: Construct from data asset -  0.000 s
[2017.03.29-04.02.28:974][  0]LogStats: UGameplayTagsManager::ConstructGameplayTagTree: GameplayTagTreeChangedEvent.Broadcast -  0.000 s
[2017.03.29-04.02.29:023][  0]LogContentBrowser: Native class hierarchy updated for 'WidgetCarousel' in 0.0004 seconds. Added 0 classes and 0 folders.
[2017.03.29-04.02.29:327][  0]LogContentBrowser: Native class hierarchy updated for 'AddContentDialog' in 0.0005 seconds. Added 0 classes and 0 folders.
[2017.03.29-04.02.29:370][  0]LogContentBrowser: Native class hierarchy updated for 'SceneOutliner' in 0.0004 seconds. Added 1 classes and 2 folders.
[2017.03.29-04.02.29:601][  0]LogCrashTracker: Crashtracker disabled due to settings.
[2017.03.29-04.02.29:616][  0]LogUObjectGlobals:Warning: Failed to find object 'Class None.'
[2017.03.29-04.02.29:681][  0]LogContentBrowser: Native class hierarchy updated for 'HierarchicalLODOutliner' in 0.0005 seconds. Added 1 classes and 2 folders.
[2017.03.29-04.02.29:681][  0]LogLoad: (Engine Initialization) Total time: 29.14 seconds
[2017.03.29-04.02.29:681][  0]LogLoad: (Engine Initialization) Total Blueprint compile time: 0.30 seconds
[2017.03.29-04.02.29:681][  0]LogExternalProfiler: No external profilers were discovered.  External profiling features will not be available.
[2017.03.29-04.02.30:022][  0]LogOcInput: OculusInput pre-init called
[2017.03.29-04.02.30:063][  0]LogContentStreaming: Texture pool size now 1000 MB
[2017.03.29-04.02.30:080][  0]LogSlate: Took 0.010492 seconds to synchronously load lazily loaded font '../../../Engine/Content/Slate/Fonts/Roboto-Regular.ttf' (155K)
[2017.03.29-04.02.30:100][  0]LogSlate: Took 0.010979 seconds to synchronously load lazily loaded font '../../../Engine/Content/Slate/Fonts/Roboto-Bold.ttf' (160K)
[2017.03.29-04.02.30:121][  0]LogSlate: Took 0.007759 seconds to synchronously load lazily loaded font '../../../Engine/Content/Editor/Slate/Fonts/FontAwesome.ttf' (139K)
[2017.03.29-04.02.30:315][  0]LogSlate: Took 0.005040 seconds to synchronously load lazily loaded font '../../../Engine/Content/Slate/Fonts/Roboto-Light.ttf' (159K)
[2017.03.29-04.02.30:352][  0]LogRenderer: Reallocating scene render targets to support 1108x576 NumSamples 1 (Frame:2).
[2017.03.29-04.02.30:445][  1]LogAssetRegistry: Asset discovery search completed in 13.4015 seconds
[2017.03.29-04.02.30:446][  1]LogCollectionManager: Rebuilt the object cache for 0 collections in 0.000004 seconds (found 0 objects)
[2017.03.29-04.02.30:446][  1]LogCollectionManager: Fixed up redirectors for 0 collections in 0.000385 seconds (updated 0 objects)
[2017.03.29-04.05.03:628][344]LogEditorFactories: Performing atomic reimport of [E:/TheBoxCore.fbx]
[2017.03.29-04.05.03:634][344]LogSlate: Took 0.000120 seconds to synchronously load lazily loaded font '../../../Engine/Content/Slate/Fonts/Roboto-Light.ttf' (159K)
[2017.03.29-04.05.03:663][344]LogFbx: Loading FBX Scene from E:/TheBoxCore.fbx
[2017.03.29-04.05.03:677][344]LogFbx: FBX Scene Loaded Succesfully
[2017.03.29-04.05.03:681][344]LogFbx: =================================================
[2017.03.29-04.05.03:681][344]LogFbx: Dumping Node START [Sphere] 
[2017.03.29-04.05.03:681][344]LogFbx: 	Total Deformer Count -1781784336.
[2017.03.29-04.05.03:681][344]LogFbx: 		[Node 1] Core (Type Skin).
[2017.03.29-04.05.03:681][344]LogFbx: =================================================
[2017.03.29-04.05.03:681][344]LogFbx: 	Attribute (Sphere.001) Type (4).
[2017.03.29-04.05.03:681][344]LogFbx: 		[Node Attribute Child 1] Sphere (Type Mesh).
[2017.03.29-04.05.03:681][344]LogFbx: Dumping Node END [Sphere]
[2017.03.29-04.05.03:682][344]LogFbx: =================================================
[2017.03.29-04.05.03:682][344]LogFbx: Dumping Node START [Sphere] 
[2017.03.29-04.05.03:682][344]LogFbx: 	Total Deformer Count -1781777392.
[2017.03.29-04.05.03:682][344]LogFbx: 		[Node 1] Core (Type Skin).
[2017.03.29-04.05.03:682][344]LogFbx: =================================================
[2017.03.29-04.05.03:682][344]LogFbx: 	Attribute (Sphere.001) Type (4).
[2017.03.29-04.05.03:682][344]LogFbx: 		[Node Attribute Child 1] Sphere (Type Mesh).
[2017.03.29-04.05.03:682][344]LogFbx: Dumping Node END [Sphere]
[2017.03.29-04.05.03:683][344]LogFbx: Valid bind pose for Pose (Sphere.001) - Sphere
[2017.03.29-04.05.03:683][344]LogEditorFactories:Warning: -- import failed
[2017.03.29-04.05.03:684][344]FBXImport:Warning: Warning No smoothing group information was found in this FBX scene.  Please make sure to enable the 'Export Smoothing Groups' option in the FBX Exporter plug-in before exporting the file.  Even for tools that don't support smoothing groups, the FBX Exporter will generate appropriate smoothing data at export-time so that correct vertex normals can be inferred while importing. 
[2017.03.29-04.05.03:684][344]FBXImport:Error: Error Error, Could not import Sphere.
Duplicate bone name found ('Core'). Each bone must have a unique name. 
[2017.03.29-04.05.03:684][344]FBXImport:Error: Error Multiple roots found 
[2017.03.29-04.05.03:684][344]FBXImport:Warning: Warning Get Import Data has failed. 
[2017.03.29-04.05.03:705][344]LogSlate: Took 0.000184 seconds to synchronously load lazily loaded font '../../../Engine/Content/Slate/Fonts/Roboto-Light.ttf' (159K)
[2017.03.29-04.06.03:360][410]LogObjectTools:Warning: ForceReplaceReferences replaced references for a transient object 'AnimSingleNodeInstance_6' or package '/Game/StarterContent/Maps/Minimal_Default'.
[2017.03.29-04.06.03:360][410]LogObjectTools:Warning: ForceReplaceReferences replaced references for a transient object 'AnimSingleNodeInstance_8' or package '/Game/StarterContent/Maps/Minimal_Default'.
[2017.03.29-04.06.03:360][410]LogObjectTools:Warning: ForceReplaceReferences replaced references for a transient object 'AnimSingleNodeInstance_10' or package '/Game/StarterContent/Maps/Minimal_Default'.
[2017.03.29-04.06.03:361][410]LogObjectTools:Warning: ForceReplaceReferences replaced references for a transient object 'AnimSingleNodeInstance_12' or package '/Game/StarterContent/Maps/Minimal_Default'.
[2017.03.29-04.06.03:361][410]LogObjectTools:Warning: ForceReplaceReferences replaced references for a transient object 'AnimSingleNodeInstance_14' or package '/Game/StarterContent/Maps/Minimal_Default'.
[2017.03.29-04.06.03:361][410]LogObjectTools:Warning: ForceReplaceReferences replaced references for a transient object 'TRASH_SkeletalMeshComponent_1' or package '/Engine/Transient'.
[2017.03.29-04.06.03:361][410]LogObjectTools:Warning: ForceReplaceReferences replaced references for a transient object 'AnimSingleNodeInstance_1' or package '/Engine/Transient'.
[2017.03.29-04.06.09:364][635]LogFactory: FactoryCreateFile: StaticMesh with FbxFactory (0 0 E:/TheBoxCore.fbx)
[2017.03.29-04.06.09:373][635]LogFbx: ItemName: GlobalSettings, ItemCount : 1
[2017.03.29-04.06.09:373][635]LogFbx: ItemName: NodeAttribute, ItemCount : 4
[2017.03.29-04.06.09:374][635]LogFbx: ItemName: Geometry, ItemCount : 1
[2017.03.29-04.06.09:374][635]LogFbx: ItemName: Model, ItemCount : 5
[2017.03.29-04.06.09:374][635]LogFbx: ItemName: Pose, ItemCount : 1
[2017.03.29-04.06.09:374][635]LogFbx: ItemName: Deformer, ItemCount : 4
[2017.03.29-04.06.09:374][635]LogFbx: ItemName: AnimationStack, ItemCount : 1
[2017.03.29-04.06.09:374][635]LogFbx: ItemName: AnimationLayer, ItemCount : 1
[2017.03.29-04.06.09:374][635]LogFbx: ItemName: AnimationCurveNode, ItemCount : 12
[2017.03.29-04.06.09:374][635]LogFbx: ItemName: AnimationCurve, ItemCount : 36
[2017.03.29-04.06.09:378][635]LogFbx: Loading FBX Scene from E:/TheBoxCore.fbx
[2017.03.29-04.06.09:386][635]LogFbx: FBX Scene Loaded Succesfully
[2017.03.29-04.06.13:168][635]LogFbx: Loading FBX Scene from E:/TheBoxCore.fbx
[2017.03.29-04.06.13:175][635]LogFbx: FBX Scene Loaded Succesfully
[2017.03.29-04.06.13:177][635]LogFbx: =================================================
[2017.03.29-04.06.13:177][635]LogFbx: Dumping Node START [Sphere] 
[2017.03.29-04.06.13:177][635]LogFbx: 	Total Deformer Count -1960723272.
[2017.03.29-04.06.13:177][635]LogFbx: 		[Node 1] Core (Type Skin).
[2017.03.29-04.06.13:177][635]LogFbx: =================================================
[2017.03.29-04.06.13:177][635]LogFbx: 	Attribute (Sphere.001) Type (4).
[2017.03.29-04.06.13:177][635]LogFbx: 		[Node Attribute Child 1] Sphere (Type Mesh).
[2017.03.29-04.06.13:177][635]LogFbx: Dumping Node END [Sphere]
[2017.03.29-04.06.13:177][635]LogFbx: =================================================
[2017.03.29-04.06.13:177][635]LogFbx: Dumping Node START [Sphere] 
[2017.03.29-04.06.13:177][635]LogFbx: 	Total Deformer Count -1960726856.
[2017.03.29-04.06.13:177][635]LogFbx: 		[Node 1] Core (Type Skin).
[2017.03.29-04.06.13:177][635]LogFbx: =================================================
[2017.03.29-04.06.13:177][635]LogFbx: 	Attribute (Sphere.001) Type (4).
[2017.03.29-04.06.13:177][635]LogFbx: 		[Node Attribute Child 1] Sphere (Type Mesh).
[2017.03.29-04.06.13:177][635]LogFbx: Dumping Node END [Sphere]
[2017.03.29-04.06.13:178][635]LogFbx: Valid bind pose for Pose (Sphere.001) - Sphere
[2017.03.29-04.06.13:179][635]FBXImport:Warning: Warning No smoothing group information was found in this FBX scene.  Please make sure to enable the 'Export Smoothing Groups' option in the FBX Exporter plug-in before exporting the file.  Even for tools that don't support smoothing groups, the FBX Exporter will generate appropriate smoothing data at export-time so that correct vertex normals can be inferred while importing. 
[2017.03.29-04.06.13:179][635]FBXImport:Error: Error Error, Could not import Sphere.
Duplicate bone name found ('Core'). Each bone must have a unique name. 
[2017.03.29-04.06.13:179][635]FBXImport:Error: Error Multiple roots found 
[2017.03.29-04.06.13:179][635]FBXImport:Warning: Warning Get Import Data has failed. 
[2017.03.29-04.06.13:179][635]FBXImport:Error: Error Import failed. 
[2017.03.29-04.06.16:868][635]LogAssetTools:Warning: Failed to import 'E:/TheBoxCore.fbx'. Failed to create asset '/Game/SkeletonMesh/TheBoxCore'.
Please see Output Log for details.
[2017.03.29-04.08.27:764][217]LogFactory: FactoryCreateFile: StaticMesh with FbxFactory (0 0 E:/TheBoxCore.fbx)
[2017.03.29-04.08.27:768][217]LogFbx: ItemName: GlobalSettings, ItemCount : 1
[2017.03.29-04.08.27:768][217]LogFbx: ItemName: NodeAttribute, ItemCount : 4
[2017.03.29-04.08.27:768][217]LogFbx: ItemName: Geometry, ItemCount : 1
[2017.03.29-04.08.27:768][217]LogFbx: ItemName: Model, ItemCount : 5
[2017.03.29-04.08.27:768][217]LogFbx: ItemName: Pose, ItemCount : 1
[2017.03.29-04.08.27:768][217]LogFbx: ItemName: Deformer, ItemCount : 4
[2017.03.29-04.08.27:768][217]LogFbx: ItemName: AnimationStack, ItemCount : 1
[2017.03.29-04.08.27:768][217]LogFbx: ItemName: AnimationLayer, ItemCount : 1
[2017.03.29-04.08.27:768][217]LogFbx: ItemName: AnimationCurveNode, ItemCount : 12
[2017.03.29-04.08.27:768][217]LogFbx: ItemName: AnimationCurve, ItemCount : 36
[2017.03.29-04.08.27:772][217]LogFbx: Loading FBX Scene from E:/TheBoxCore.fbx
[2017.03.29-04.08.27:780][217]LogFbx: FBX Scene Loaded Succesfully
[2017.03.29-04.08.34:702][380]LogFactory: FactoryCreateFile: StaticMesh with FbxFactory (0 0 E:/TheBoxCore.fbx)
[2017.03.29-04.08.34:706][380]LogFbx: ItemName: GlobalSettings, ItemCount : 1
[2017.03.29-04.08.34:706][380]LogFbx: ItemName: NodeAttribute, ItemCount : 4
[2017.03.29-04.08.34:706][380]LogFbx: ItemName: Geometry, ItemCount : 1
[2017.03.29-04.08.34:706][380]LogFbx: ItemName: Model, ItemCount : 5
[2017.03.29-04.08.34:706][380]LogFbx: ItemName: Pose, ItemCount : 1
[2017.03.29-04.08.34:706][380]LogFbx: ItemName: Deformer, ItemCount : 4
[2017.03.29-04.08.34:706][380]LogFbx: ItemName: AnimationStack, ItemCount : 1
[2017.03.29-04.08.34:706][380]LogFbx: ItemName: AnimationLayer, ItemCount : 1
[2017.03.29-04.08.34:706][380]LogFbx: ItemName: AnimationCurveNode, ItemCount : 12
[2017.03.29-04.08.34:706][380]LogFbx: ItemName: AnimationCurve, ItemCount : 36
[2017.03.29-04.08.34:710][380]LogFbx: Loading FBX Scene from E:/TheBoxCore.fbx
[2017.03.29-04.08.34:718][380]LogFbx: FBX Scene Loaded Succesfully
[2017.03.29-04.08.37:844][380]LogFbx: Loading FBX Scene from E:/TheBoxCore.fbx
[2017.03.29-04.08.37:852][380]LogFbx: FBX Scene Loaded Succesfully
[2017.03.29-04.08.37:853][380]LogFbx: =================================================
[2017.03.29-04.08.37:853][380]LogFbx: Dumping Node START [Sphere] 
[2017.03.29-04.08.37:853][380]LogFbx: 	Total Deformer Count -1973614928.
[2017.03.29-04.08.37:853][380]LogFbx: 		[Node 1] Core (Type Skin).
[2017.03.29-04.08.37:854][380]LogFbx: =================================================
[2017.03.29-04.08.37:854][380]LogFbx: 	Attribute (Sphere.001) Type (4).
[2017.03.29-04.08.37:854][380]LogFbx: 		[Node Attribute Child 1] Sphere (Type Mesh).
[2017.03.29-04.08.37:854][380]LogFbx: Dumping Node END [Sphere]
[2017.03.29-04.08.37:854][380]LogFbx: =================================================
[2017.03.29-04.08.37:854][380]LogFbx: Dumping Node START [Sphere] 
[2017.03.29-04.08.37:854][380]LogFbx: 	Total Deformer Count -1973615992.
[2017.03.29-04.08.37:854][380]LogFbx: 		[Node 1] Core (Type Skin).
[2017.03.29-04.08.37:854][380]LogFbx: =================================================
[2017.03.29-04.08.37:854][380]LogFbx: 	Attribute (Sphere.001) Type (4).
[2017.03.29-04.08.37:854][380]LogFbx: 		[Node Attribute Child 1] Sphere (Type Mesh).
[2017.03.29-04.08.37:854][380]LogFbx: Dumping Node END [Sphere]
[2017.03.29-04.08.37:854][380]LogFbx: Valid bind pose for Pose (Sphere.001) - Sphere
[2017.03.29-04.08.37:858][380]LogFbx: Triangulating skeletal mesh Sphere
[2017.03.29-04.08.37:919][380]LogFbx:Warning: Bones digested - 6  Depth of hierarchy - 4
[2017.03.29-04.08.37:937][380]LogSkeletalMesh: Section 0: 488 vertices, 3 active bones
[2017.03.29-04.08.37:937][380]LogSkeletalMesh: Section 0: Material=0, 764 triangles
[2017.03.29-04.08.37:938][380]LogLinker: Can't find file '/Game/SkeletonMesh/TheBoxCore_PhysicsAsset'
[2017.03.29-04.08.37:938][380]LogLinker: Can't find file '/Game/SkeletonMesh/TheBoxCore_PhysicsAsset'
[2017.03.29-04.08.37:940][380]LogLinker: Can't find file '/Game/SkeletonMesh/TheBoxCore_Skeleton'
[2017.03.29-04.08.37:940][380]LogLinker: Can't find file '/Game/SkeletonMesh/TheBoxCore_Skeleton'
[2017.03.29-04.08.37:940][380]LogFbx: =================================================
[2017.03.29-04.08.37:940][380]LogFbx: Dumping Node START [Sphere] 
[2017.03.29-04.08.37:940][380]LogFbx: 	Total Deformer Count -1973611400.
[2017.03.29-04.08.37:940][380]LogFbx: 		[Node 1] Core (Type Skin).
[2017.03.29-04.08.37:940][380]LogFbx: =================================================
[2017.03.29-04.08.37:940][380]LogFbx: 	Attribute (Sphere.001) Type (4).
[2017.03.29-04.08.37:940][380]LogFbx: 		[Node Attribute Child 1] Sphere (Type Mesh).
[2017.03.29-04.08.37:940][380]LogFbx: Dumping Node END [Sphere]
[2017.03.29-04.08.37:940][380]LogFbx: =================================================
[2017.03.29-04.08.37:940][380]LogFbx: Dumping Node START [Sphere] 
[2017.03.29-04.08.37:940][380]LogFbx: 	Total Deformer Count -1973603056.
[2017.03.29-04.08.37:940][380]LogFbx: 		[Node 1] Core (Type Skin).
[2017.03.29-04.08.37:940][380]LogFbx: =================================================
[2017.03.29-04.08.37:940][380]LogFbx: 	Attribute (Sphere.001) Type (4).
[2017.03.29-04.08.37:940][380]LogFbx: 		[Node Attribute Child 1] Sphere (Type Mesh).
[2017.03.29-04.08.37:940][380]LogFbx: Dumping Node END [Sphere]
[2017.03.29-04.08.37:940][380]LogFbx: SortedLinks :(0) Core
[2017.03.29-04.08.37:940][380]LogFbx: SortedLinks :(1) CoreBone
[2017.03.29-04.08.37:940][380]LogFbx: SortedLinks :(2) InnerRing
[2017.03.29-04.08.37:940][380]LogFbx: SortedLinks :(3) InnerRing_end
[2017.03.29-04.08.37:940][380]LogFbx: SortedLinks :(4) OuterRing
[2017.03.29-04.08.37:940][380]LogFbx: SortedLinks :(5) OuterRing_end
[2017.03.29-04.08.37:940][380]LogFbx: Parsing AnimStack Core|RotateRing
[2017.03.29-04.08.37:943][380]LogLinker: Can't find file '/Game/SkeletonMesh/TheBoxCore_Anim'
[2017.03.29-04.08.37:943][380]LogLinker: Can't find file '/Game/SkeletonMesh/TheBoxCore_Anim'
[2017.03.29-04.08.37:955][380]LogAnimationCompression: Building Anim DDC data for AnimSequence /Game/SkeletonMesh/TheBoxCore_Anim.TheBoxCore_Anim
[2017.03.29-04.08.37:958][380]FBXImport:Warning: Warning No smoothing group information was found in this FBX scene.  Please make sure to enable the 'Export Smoothing Groups' option in the FBX Exporter plug-in before exporting the file.  Even for tools that don't support smoothing groups, the FBX Exporter will generate appropriate smoothing data at export-time so that correct vertex normals can be inferred while importing. 
[2017.03.29-04.08.37:958][380]FBXImport:Warning: Warning The following bones are missing from the bind pose:
InnerRing_end  
OuterRing_end  

This can happen for bones that are not vert weighted. If they are not in the correct orientation after importing,
please set the "Use T0 as ref pose" option or add them to the bind pose and reimport the skeletal mesh. 
[2017.03.29-04.12.29:536][ 98]Cmd: OBJ SAVEPACKAGE PACKAGE="/Game/StarterContent/Maps/Minimal_Default" FILE="E:/Quantum/Saved/Autosaves/Game/StarterContent/Maps/Minimal_Default_Auto1.umap" SILENT=true AUTOSAVING=true KEEPDIRTY=false
[2017.03.29-04.12.29:631][ 98]LogSavePackage: Save=83.34ms
[2017.03.29-04.12.29:631][ 98]LogSavePackage: Moving 'E:/Quantum/Saved/Minimal_Default_Auto10E404169435F2760FA4AE48B7ACD53E8.tmp' to 'E:/Quantum/Saved/Autosaves/Game/StarterContent/Maps/Minimal_Default_Auto1.umap'
[2017.03.29-04.12.29:632][ 98]LogSavePackage:Display: Finished SavePackage E:/Quantum/Saved/Autosaves/Game/StarterContent/Maps/Minimal_Default_Auto1.umap
[2017.03.29-04.12.29:634][ 98]LogFileHelpers: Editor autosave (incl. sublevels) for '/Game/StarterContent/Maps/Minimal_Default' took 0.111
[2017.03.29-04.12.29:634][ 98]LogFileHelpers: Editor autosave (incl. sublevels) for all levels took 0.111
[2017.03.29-04.12.29:635][ 98]OBJ SavePackage: Generating thumbnails for [1] asset(s) in package [/Game/Blueprint/TheBox] ([1] browsable assets)...
[2017.03.29-04.12.29:645][ 98]OBJ SavePackage:     Rendered thumbnail for [Blueprint /Game/Blueprint/TheBox.TheBox]
[2017.03.29-04.12.29:645][ 98]OBJ SavePackage: Finished generating thumbnails for package [/Game/Blueprint/TheBox]
[2017.03.29-04.12.29:645][ 98]Cmd: OBJ SAVEPACKAGE PACKAGE="/Game/Blueprint/TheBox" FILE="E:/Quantum/Saved/Autosaves/Game/Blueprint/TheBox_Auto1.uasset" SILENT=false AUTOSAVING=true
[2017.03.29-04.12.29:693][ 98]LogSavePackage: Save=35.77ms
[2017.03.29-04.12.29:693][ 98]LogSavePackage: Moving 'E:/Quantum/Saved/TheBox_Auto1F8AAE9C04D345D3AF2EB9091A967B29A.tmp' to 'E:/Quantum/Saved/Autosaves/Game/Blueprint/TheBox_Auto1.uasset'
[2017.03.29-04.12.29:693][ 98]LogSavePackage:Display: Finished SavePackage E:/Quantum/Saved/Autosaves/Game/Blueprint/TheBox_Auto1.uasset
[2017.03.29-04.12.29:694][ 98]OBJ SavePackage: Generating thumbnails for [1] asset(s) in package [/Game/SkeletonMesh/TheBoxCore_Anim] ([1] browsable assets)...
[2017.03.29-04.12.29:704][ 98]OBJ SavePackage:     Rendered thumbnail for [AnimSequence /Game/SkeletonMesh/TheBoxCore_Anim.TheBoxCore_Anim]
[2017.03.29-04.12.29:704][ 98]OBJ SavePackage: Finished generating thumbnails for package [/Game/SkeletonMesh/TheBoxCore_Anim]
[2017.03.29-04.12.29:704][ 98]Cmd: OBJ SAVEPACKAGE PACKAGE="/Game/SkeletonMesh/TheBoxCore_Anim" FILE="E:/Quantum/Saved/Autosaves/Game/SkeletonMesh/TheBoxCore_Anim_Auto1.uasset" SILENT=false AUTOSAVING=true
[2017.03.29-04.12.29:715][ 98]LogSavePackage: Save=10.43ms
[2017.03.29-04.12.29:715][ 98]LogSavePackage: Moving 'E:/Quantum/Saved/TheBoxCore_Anim_Auto1C3D747D34035B15681AC379A09162049.tmp' to 'E:/Quantum/Saved/Autosaves/Game/SkeletonMesh/TheBoxCore_Anim_Auto1.uasset'
[2017.03.29-04.12.29:715][ 98]LogSavePackage:Display: Finished SavePackage E:/Quantum/Saved/Autosaves/Game/SkeletonMesh/TheBoxCore_Anim_Auto1.uasset
[2017.03.29-04.12.29:716][ 98]OBJ SavePackage: Generating thumbnails for [0] asset(s) in package [/Game/SkeletonMesh/TheBoxCore_Skeleton] ([1] browsable assets)...
[2017.03.29-04.12.29:716][ 98]OBJ SavePackage: Finished generating thumbnails for package [/Game/SkeletonMesh/TheBoxCore_Skeleton]
[2017.03.29-04.12.29:716][ 98]Cmd: OBJ SAVEPACKAGE PACKAGE="/Game/SkeletonMesh/TheBoxCore_Skeleton" FILE="E:/Quantum/Saved/Autosaves/Game/SkeletonMesh/TheBoxCore_Skeleton_Auto1.uasset" SILENT=false AUTOSAVING=true
[2017.03.29-04.12.29:719][ 98]LogSavePackage: Save=2.90ms
[2017.03.29-04.12.29:719][ 98]LogSavePackage: Moving 'E:/Quantum/Saved/TheBoxCore_Skeleton_Auto1C50520E945425315413F529EF90DEDE8.tmp' to 'E:/Quantum/Saved/Autosaves/Game/SkeletonMesh/TheBoxCore_Skeleton_Auto1.uasset'
[2017.03.29-04.12.29:720][ 98]LogSavePackage:Display: Finished SavePackage E:/Quantum/Saved/Autosaves/Game/SkeletonMesh/TheBoxCore_Skeleton_Auto1.uasset
[2017.03.29-04.12.29:720][ 98]OBJ SavePackage: Generating thumbnails for [0] asset(s) in package [/Game/SkeletonMesh/TheBoxCore_PhysicsAsset] ([1] browsable assets)...
[2017.03.29-04.12.29:720][ 98]OBJ SavePackage: Finished generating thumbnails for package [/Game/SkeletonMesh/TheBoxCore_PhysicsAsset]
[2017.03.29-04.12.29:720][ 98]Cmd: OBJ SAVEPACKAGE PACKAGE="/Game/SkeletonMesh/TheBoxCore_PhysicsAsset" FILE="E:/Quantum/Saved/Autosaves/Game/SkeletonMesh/TheBoxCore_PhysicsAsset_Auto1.uasset" SILENT=false AUTOSAVING=true
[2017.03.29-04.12.29:724][ 98]LogSavePackage: Save=3.85ms
[2017.03.29-04.12.29:724][ 98]LogSavePackage: Moving 'E:/Quantum/Saved/TheBoxCore_PhysicsAsset_Auto15A40E5164E78660573C1B4870272EA70.tmp' to 'E:/Quantum/Saved/Autosaves/Game/SkeletonMesh/TheBoxCore_PhysicsAsset_Auto1.uasset'
[2017.03.29-04.12.29:725][ 98]LogSavePackage:Display: Finished SavePackage E:/Quantum/Saved/Autosaves/Game/SkeletonMesh/TheBoxCore_PhysicsAsset_Auto1.uasset
[2017.03.29-04.12.29:725][ 98]OBJ SavePackage: Generating thumbnails for [1] asset(s) in package [/Game/SkeletonMesh/TheBoxCore] ([1] browsable assets)...
[2017.03.29-04.12.29:735][ 98]OBJ SavePackage:     Rendered thumbnail for [SkeletalMesh /Game/SkeletonMesh/TheBoxCore.TheBoxCore]
[2017.03.29-04.12.29:735][ 98]OBJ SavePackage: Finished generating thumbnails for package [/Game/SkeletonMesh/TheBoxCore]
[2017.03.29-04.12.29:735][ 98]Cmd: OBJ SAVEPACKAGE PACKAGE="/Game/SkeletonMesh/TheBoxCore" FILE="E:/Quantum/Saved/Autosaves/Game/SkeletonMesh/TheBoxCore_Auto1.uasset" SILENT=false AUTOSAVING=true
[2017.03.29-04.12.29:747][ 98]LogSavePackage: Save=11.18ms
[2017.03.29-04.12.29:747][ 98]LogSavePackage: Moving 'E:/Quantum/Saved/TheBoxCore_Auto129BA324445251BB17DDAFEA457188688.tmp' to 'E:/Quantum/Saved/Autosaves/Game/SkeletonMesh/TheBoxCore_Auto1.uasset'
[2017.03.29-04.12.29:748][ 98]LogSavePackage:Display: Finished SavePackage E:/Quantum/Saved/Autosaves/Game/SkeletonMesh/TheBoxCore_Auto1.uasset
[2017.03.29-04.12.29:748][ 98]LogFileHelpers: Auto-saving content packages took 0.113
[2017.03.29-04.18.49:013][516]LogContentBrowser: Native class hierarchy updated for 'BlueprintGraph' in 0.0007 seconds. Added 112 classes and 0 folders.
[2017.03.29-04.18.49:523][516]LogSlate: Took 0.000186 seconds to synchronously load lazily loaded font '../../../Engine/Content/Slate/Fonts/Roboto-Regular.ttf' (155K)
[2017.03.29-04.18.49:658][516]LogSlate: Took 0.003686 seconds to synchronously load lazily loaded font '../../../Engine/Content/Editor/Slate/Fonts/Roboto-BoldCondensed.ttf' (158K)
[2017.03.29-04.18.49:767][517]LogSlate: Took 0.003537 seconds to synchronously load lazily loaded font '../../../Engine/Content/Editor/Slate/Fonts/Roboto-Italic.ttf' (157K)
[2017.03.29-04.18.57:416][230]BlueprintLog: New page: Compile TheBox
[2017.03.29-04.19.08:235][332]BlueprintLog: New page: Compile TheBox
[2017.03.29-04.19.12:414][806]LogTemp: Repeting last play command: Selected Viewport
[2017.03.29-04.19.12:431][806]LogBlueprintUserMessages: Early PlayInEditor Detection: Level '/Game/StarterContent/Maps/Minimal_Default.Minimal_Default:PersistentLevel' has LevelScriptBlueprint '/Game/StarterContent/Maps/Minimal_Default.Minimal_Default:PersistentLevel.Minimal_Default' with GeneratedClass '/Game/StarterContent/Maps/Minimal_Default.Minimal_Default_C' with ClassGeneratedBy '/Game/StarterContent/Maps/Minimal_Default.Minimal_Default:PersistentLevel.Minimal_Default'
[2017.03.29-04.19.12:431][806]LogPlayLevel: PlayLevel: No blueprints needed recompiling
[2017.03.29-04.19.12:432][806]PIE: New page: PIE session: Minimal_Default (Mar 29, 2017, 6:19:12 PM)
[2017.03.29-04.19.12:433][806]LogPlayLevel: Creating play world package: /Game/StarterContent/Maps/UEDPIE_0_Minimal_Default
[2017.03.29-04.19.12:438][806]LogPlayLevel: PIE: StaticDuplicateObject took: (0.004980s)
[2017.03.29-04.19.12:438][806]LogAIModule: Creating AISystem for world Minimal_Default
[2017.03.29-04.19.12:439][806]LogPlayLevel: PIE: World Init took: (0.000741s)
[2017.03.29-04.19.12:439][806]LogPlayLevel: PIE: Created PIE world by copying editor world from /Game/StarterContent/Maps/Minimal_Default.Minimal_Default to /Game/StarterContent/Maps/UEDPIE_0_Minimal_Default.Minimal_Default (0.006444s)
[2017.03.29-04.19.12:455][806]LogInit: XAudio2 using 'Headphones (2- High Definition Audio Device)' : 2 channels at 44.1 kHz using 16 bits per sample (channel mask 0x3)
[2017.03.29-04.19.12:461][806]LogInit: FAudioDevice initialized.
[2017.03.29-04.19.12:519][806]LogLoad: Game class is 'PuzzleGameMode_C'
[2017.03.29-04.19.12:527][806]LogWorld: Bringing World /Game/StarterContent/Maps/UEDPIE_0_Minimal_Default.Minimal_Default up for play (max tick rate 0) at 2017.03.29-11.19.12
[2017.03.29-04.19.12:529][806]LogWorld: Bringing up level for play took: 0.004768
[2017.03.29-04.19.12:621][806]LogContentBrowser: Native class hierarchy updated for 'MovieSceneCapture' in 0.0012 seconds. Added 11 classes and 0 folders.
[2017.03.29-04.19.12:621][806]LogGameMode:Display: Match State Changed from EnteringMap to WaitingToStart
[2017.03.29-04.19.12:621][806]LogGameState: Match State Changed from EnteringMap to WaitingToStart
[2017.03.29-04.19.12:621][806]LogGameMode:Display: Match State Changed from WaitingToStart to InProgress
[2017.03.29-04.19.12:627][806]LogGameState: Match State Changed from WaitingToStart to InProgress
[2017.03.29-04.19.12:627][806]PIE: Info Play in editor start time for /Game/StarterContent/Maps/UEDPIE_0_Minimal_Default -0.015
[2017.03.29-04.19.12:628][806]LogBlueprintUserMessages: Late PlayInEditor Detection: Level '/Game/StarterContent/Maps/Minimal_Default.Minimal_Default:PersistentLevel' has LevelScriptBlueprint '/Game/StarterContent/Maps/Minimal_Default.Minimal_Default:PersistentLevel.Minimal_Default' with GeneratedClass '/Game/StarterContent/Maps/Minimal_Default.Minimal_Default_C' with ClassGeneratedBy '/Game/StarterContent/Maps/Minimal_Default.Minimal_Default:PersistentLevel.Minimal_Default'
[2017.03.29-04.19.14:987][ 64]LogBlueprintUserMessages: Early EndPlayMap Detection: Level '/Game/StarterContent/Maps/Minimal_Default.Minimal_Default:PersistentLevel' has LevelScriptBlueprint '/Game/StarterContent/Maps/Minimal_Default.Minimal_Default:PersistentLevel.Minimal_Default' with GeneratedClass '/Game/StarterContent/Maps/Minimal_Default.Minimal_Default_C' with ClassGeneratedBy '/Game/StarterContent/Maps/Minimal_Default.Minimal_Default:PersistentLevel.Minimal_Default'
[2017.03.29-04.19.15:042][ 64]LogBlueprintUserMessages: Late EndPlayMap Detection: Level '/Game/StarterContent/Maps/Minimal_Default.Minimal_Default:PersistentLevel' has LevelScriptBlueprint '/Game/StarterContent/Maps/Minimal_Default.Minimal_Default:PersistentLevel.Minimal_Default' with GeneratedClass '/Game/StarterContent/Maps/Minimal_Default.Minimal_Default_C' with ClassGeneratedBy '/Game/StarterContent/Maps/Minimal_Default.Minimal_Default:PersistentLevel.Minimal_Default'
[2017.03.29-04.19.30:821][375]BlueprintLog: New page: Compile TheBox
[2017.03.29-04.19.34:642][751]LogTemp: Repeting last play command: Selected Viewport
[2017.03.29-04.19.34:656][751]LogBlueprintUserMessages: Early PlayInEditor Detection: Level '/Game/StarterContent/Maps/Minimal_Default.Minimal_Default:PersistentLevel' has LevelScriptBlueprint '/Game/StarterContent/Maps/Minimal_Default.Minimal_Default:PersistentLevel.Minimal_Default' with GeneratedClass '/Game/StarterContent/Maps/Minimal_Default.Minimal_Default_C' with ClassGeneratedBy '/Game/StarterContent/Maps/Minimal_Default.Minimal_Default:PersistentLevel.Minimal_Default'
[2017.03.29-04.19.34:656][751]LogPlayLevel: PlayLevel: No blueprints needed recompiling
[2017.03.29-04.19.34:656][751]PIE: New page: PIE session: Minimal_Default (Mar 29, 2017, 6:19:34 PM)
[2017.03.29-04.19.34:656][751]LogPlayLevel: Creating play world package: /Game/StarterContent/Maps/UEDPIE_0_Minimal_Default
[2017.03.29-04.19.34:660][751]LogPlayLevel: PIE: StaticDuplicateObject took: (0.004110s)
[2017.03.29-04.19.34:660][751]LogAIModule: Creating AISystem for world Minimal_Default
[2017.03.29-04.19.34:661][751]LogPlayLevel: PIE: World Init took: (0.000635s)
[2017.03.29-04.19.34:661][751]LogPlayLevel: PIE: Created PIE world by copying editor world from /Game/StarterContent/Maps/Minimal_Default.Minimal_Default to /Game/StarterContent/Maps/UEDPIE_0_Minimal_Default.Minimal_Default (0.004928s)
[2017.03.29-04.19.34:677][751]LogInit: XAudio2 using 'Headphones (2- High Definition Audio Device)' : 2 channels at 44.1 kHz using 16 bits per sample (channel mask 0x3)
[2017.03.29-04.19.34:682][751]LogInit: FAudioDevice initialized.
[2017.03.29-04.19.34:708][751]LogLoad: Game class is 'PuzzleGameMode_C'
[2017.03.29-04.19.34:711][751]LogWorld: Bringing World /Game/StarterContent/Maps/UEDPIE_0_Minimal_Default.Minimal_Default up for play (max tick rate 0) at 2017.03.29-11.19.34
[2017.03.29-04.19.34:711][751]LogWorld: Bringing up level for play took: 0.001778
[2017.03.29-04.19.34:711][751]LogGameMode:Display: Match State Changed from EnteringMap to WaitingToStart
[2017.03.29-04.19.34:711][751]LogGameState: Match State Changed from EnteringMap to WaitingToStart
[2017.03.29-04.19.34:711][751]LogGameMode:Display: Match State Changed from WaitingToStart to InProgress
[2017.03.29-04.19.34:712][751]LogGameState: Match State Changed from WaitingToStart to InProgress
[2017.03.29-04.19.34:712][751]PIE: Info Play in editor start time for /Game/StarterContent/Maps/UEDPIE_0_Minimal_Default 0.07
[2017.03.29-04.19.34:712][751]LogBlueprintUserMessages: Late PlayInEditor Detection: Level '/Game/StarterContent/Maps/Minimal_Default.Minimal_Default:PersistentLevel' has LevelScriptBlueprint '/Game/StarterContent/Maps/Minimal_Default.Minimal_Default:PersistentLevel.Minimal_Default' with GeneratedClass '/Game/StarterContent/Maps/Minimal_Default.Minimal_Default_C' with ClassGeneratedBy '/Game/StarterContent/Maps/Minimal_Default.Minimal_Default:PersistentLevel.Minimal_Default'
[2017.03.29-04.20.13:941][451]LogBlueprintUserMessages: Early EndPlayMap Detection: Level '/Game/StarterContent/Maps/Minimal_Default.Minimal_Default:PersistentLevel' has LevelScriptBlueprint '/Game/StarterContent/Maps/Minimal_Default.Minimal_Default:PersistentLevel.Minimal_Default' with GeneratedClass '/Game/StarterContent/Maps/Minimal_Default.Minimal_Default_C' with ClassGeneratedBy '/Game/StarterContent/Maps/Minimal_Default.Minimal_Default:PersistentLevel.Minimal_Default'
[2017.03.29-04.20.13:979][451]LogBlueprintUserMessages: Late EndPlayMap Detection: Level '/Game/StarterContent/Maps/Minimal_Default.Minimal_Default:PersistentLevel' has LevelScriptBlueprint '/Game/StarterContent/Maps/Minimal_Default.Minimal_Default:PersistentLevel.Minimal_Default' with GeneratedClass '/Game/StarterContent/Maps/Minimal_Default.Minimal_Default_C' with ClassGeneratedBy '/Game/StarterContent/Maps/Minimal_Default.Minimal_Default:PersistentLevel.Minimal_Default'
[2017.03.29-04.20.32:682][663]LogEditorViewport: Clicking on Actor (LMB): StaticMeshActor (Cube)
[2017.03.29-04.22.02:558][454]LogEditorViewport: Clicking on Actor (CTRL LMB): BP_Sky_Sphere_C (BP_Sky_Sphere)
[2017.03.29-04.22.02:661][454]Cmd: OBJ SAVEPACKAGE PACKAGE="/Game/StarterContent/Maps/Minimal_Default" FILE="E:/Quantum/Content/StarterContent/Maps/Minimal_Default.umap" SILENT=true AUTOSAVING=false KEEPDIRTY=false
[2017.03.29-04.22.02:818][454]LogSavePackage: Save=131.70ms
[2017.03.29-04.22.02:819][454]LogSavePackage: Moving 'E:/Quantum/Saved/Minimal_DefaultE1BB127940783D942239DD98F62F8437.tmp' to 'E:/Quantum/Content/StarterContent/Maps/Minimal_Default.umap'
[2017.03.29-04.22.02:825][454]LogSavePackage:Display: Finished SavePackage E:/Quantum/Content/StarterContent/Maps/Minimal_Default.umap
[2017.03.29-04.22.02:849][454]LogFileHelpers: Saving map 'Minimal_Default' took 0.231
[2017.03.29-04.22.02:869][454]Cmd: OBJ SAVEPACKAGE PACKAGE="/Game/Blueprint/TheBox" FILE="E:/Quantum/Content/Blueprint/TheBox.uasset" SILENT=true
[2017.03.29-04.22.02:919][454]LogSavePackage: Save=36.85ms
[2017.03.29-04.22.02:919][454]LogSavePackage: Moving 'E:/Quantum/Saved/TheBox59F0C65041D35429DFB9EC922901C837.tmp' to 'E:/Quantum/Content/Blueprint/TheBox.uasset'
[2017.03.29-04.22.02:923][454]LogSavePackage:Display: Finished SavePackage E:/Quantum/Content/Blueprint/TheBox.uasset
[2017.03.29-04.22.02:942][454]Cmd: OBJ SAVEPACKAGE PACKAGE="/Game/SkeletonMesh/TheBoxCore_Anim" FILE="E:/Quantum/Content/SkeletonMesh/TheBoxCore_Anim.uasset" SILENT=true
[2017.03.29-04.22.02:954][454]LogSavePackage: Save=10.81ms
[2017.03.29-04.22.02:954][454]LogSavePackage: Moving 'E:/Quantum/Saved/TheBoxCore_AnimC9F0D6F14856BD2AB2CF3BA3010F6B66.tmp' to 'E:/Quantum/Content/SkeletonMesh/TheBoxCore_Anim.uasset'
[2017.03.29-04.22.02:958][454]LogSavePackage:Display: Finished SavePackage E:/Quantum/Content/SkeletonMesh/TheBoxCore_Anim.uasset
[2017.03.29-04.22.02:960][454]Cmd: OBJ SAVEPACKAGE PACKAGE="/Game/SkeletonMesh/TheBoxCore_Skeleton" FILE="E:/Quantum/Content/SkeletonMesh/TheBoxCore_Skeleton.uasset" SILENT=true
[2017.03.29-04.22.02:964][454]LogSavePackage: Save=2.98ms
[2017.03.29-04.22.02:964][454]LogSavePackage: Moving 'E:/Quantum/Saved/TheBoxCore_SkeletonA3CA65BC41A3A043C7CAB19F0C084844.tmp' to 'E:/Quantum/Content/SkeletonMesh/TheBoxCore_Skeleton.uasset'
[2017.03.29-04.22.02:967][454]LogSavePackage:Display: Finished SavePackage E:/Quantum/Content/SkeletonMesh/TheBoxCore_Skeleton.uasset
[2017.03.29-04.22.02:972][454]Cmd: OBJ SAVEPACKAGE PACKAGE="/Game/SkeletonMesh/TheBoxCore_PhysicsAsset" FILE="E:/Quantum/Content/SkeletonMesh/TheBoxCore_PhysicsAsset.uasset" SILENT=true
[2017.03.29-04.22.02:978][454]LogSavePackage: Save=4.55ms
[2017.03.29-04.22.02:978][454]LogSavePackage: Moving 'E:/Quantum/Saved/TheBoxCore_PhysicsAssetFDC8FE9C4B1B270E298B558F9CEBBD21.tmp' to 'E:/Quantum/Content/SkeletonMesh/TheBoxCore_PhysicsAsset.uasset'
[2017.03.29-04.22.02:982][454]LogSavePackage:Display: Finished SavePackage E:/Quantum/Content/SkeletonMesh/TheBoxCore_PhysicsAsset.uasset
[2017.03.29-04.22.03:001][454]Cmd: OBJ SAVEPACKAGE PACKAGE="/Game/SkeletonMesh/TheBoxCore" FILE="E:/Quantum/Content/SkeletonMesh/TheBoxCore.uasset" SILENT=true
[2017.03.29-04.22.03:015][454]LogSavePackage: Save=12.52ms
[2017.03.29-04.22.03:015][454]LogSavePackage: Moving 'E:/Quantum/Saved/TheBoxCoreA039B70541244FA8F7492CA287E6E213.tmp' to 'E:/Quantum/Content/SkeletonMesh/TheBoxCore.uasset'
[2017.03.29-04.22.03:016][454]LogSavePackage:Display: Finished SavePackage E:/Quantum/Content/SkeletonMesh/TheBoxCore.uasset
[2017.03.29-04.22.04:465][600]LogWindowsTextInputMethodSystem:Display: IME system now deactivated.
[2017.03.29-04.22.04:634][601]Cmd: QUIT_EDITOR
[2017.03.29-04.22.05:005][601]LogExit: Preparing to exit.
[2017.03.29-04.22.05:439][601]LogExit: Editor shut down
[2017.03.29-04.22.05:440][601]LogExit: Transaction tracking system shut down
[2017.03.29-04.22.05:540][601]LogObj: Freed 0b from 0 cluster array pools.
[2017.03.29-04.22.05:540][601]LogExit: Object subsystem successfully closed.
[2017.03.29-04.22.05:561][601]LogD3D11RHI: Shutdown
[2017.03.29-04.22.05:561][601]LogD3D11RHI: CleanupD3DDevice
[2017.03.29-04.22.05:646][601]LogD3D11RHI: ~FD3D11DynamicRHI
[2017.03.29-04.22.05:666][601]LogModuleManager: Shutting down and abandoning module MovieSceneCapture (504)
[2017.03.29-04.22.05:666][601]LogModuleManager: Shutting down and abandoning module BlueprintGraph (502)
[2017.03.29-04.22.05:666][601]LogModuleManager: Shutting down and abandoning module BlueprintProfiler (500)
[2017.03.29-04.22.05:667][601]LogModuleManager: Shutting down and abandoning module HierarchicalLODOutliner (498)
[2017.03.29-04.22.05:667][601]LogModuleManager: Shutting down and abandoning module CrashTracker (496)
[2017.03.29-04.22.05:667][601]LogModuleManager: Shutting down and abandoning module SceneOutliner (494)
[2017.03.29-04.22.05:667][601]LogModuleManager: Shutting down and abandoning module AddContentDialog (492)
[2017.03.29-04.22.05:667][601]LogDirectoryWatcher: A directory notification for 'C:/Program Files/Epic Games/UE_4.15/FeaturePacks/' was aborted.
[2017.03.29-04.22.05:667][601]LogModuleManager: Shutting down and abandoning module WidgetCarousel (491)
[2017.03.29-04.22.05:667][601]LogModuleManager: Shutting down and abandoning module EditorWidgets (488)
[2017.03.29-04.22.05:667][601]LogModuleManager: Shutting down and abandoning module CollectionManager (486)
[2017.03.29-04.22.05:667][601]LogDirectoryWatcher: A directory notification for 'E:/Quantum/Content/Collections/' was aborted.
[2017.03.29-04.22.05:667][601]LogDirectoryWatcher: A directory notification for 'E:/Quantum/Content/Developers/Proto/Collections/' was aborted.
[2017.03.29-04.22.05:667][601]LogDirectoryWatcher: A directory notification for 'E:/Quantum/Saved/Collections/' was aborted.
[2017.03.29-04.22.05:667][601]LogModuleManager: Shutting down and abandoning module StatsViewer (484)
[2017.03.29-04.22.05:667][601]LogModuleManager: Shutting down and abandoning module FoliageEdit (482)
[2017.03.29-04.22.05:667][601]LogModuleManager: Shutting down and abandoning module LandscapeEditor (480)
[2017.03.29-04.22.05:668][601]LogModuleManager: Shutting down and abandoning module SceneDepthPickerMode (478)
[2017.03.29-04.22.05:668][601]LogModuleManager: Shutting down and abandoning module ActorPickerMode (476)
[2017.03.29-04.22.05:668][601]LogModuleManager: Shutting down and abandoning module GeometryMode (474)
[2017.03.29-04.22.05:668][601]LogModuleManager: Shutting down and abandoning module TextureAlignMode (472)
[2017.03.29-04.22.05:668][601]LogModuleManager: Shutting down and abandoning module BspMode (470)
[2017.03.29-04.22.05:668][601]LogModuleManager: Shutting down and abandoning module HardwareSurvey (468)
[2017.03.29-04.22.05:668][601]LogModuleManager: Shutting down and abandoning module SequenceRecorderSections (466)
[2017.03.29-04.22.05:668][601]LogModuleManager: Shutting down and abandoning module AutomationWorker (464)
[2017.03.29-04.22.05:668][601]LogModuleManager: Shutting down and abandoning module MatineeToLevelSequence (462)
[2017.03.29-04.22.05:668][601]LogModuleManager: Shutting down and abandoning module LevelSequenceEditor (460)
[2017.03.29-04.22.05:668][601]LogModuleManager: Shutting down and abandoning module PlacementMode (459)
[2017.03.29-04.22.05:668][601]LogModuleManager: Shutting down and abandoning module WmfMediaFactory (456)
[2017.03.29-04.22.05:668][601]LogModuleManager: Shutting down and abandoning module WmfMediaEditor (454)
[2017.03.29-04.22.05:668][601]LogModuleManager: Shutting down and abandoning module MfMediaFactory (452)
[2017.03.29-04.22.05:668][601]LogModuleManager: Shutting down and abandoning module MfMediaEditor (450)
[2017.03.29-04.22.05:668][601]LogModuleManager: Shutting down and abandoning module AvfMediaFactory (448)
[2017.03.29-04.22.05:668][601]LogModuleManager: Shutting down and abandoning module AvfMediaEditor (446)
[2017.03.29-04.22.05:668][601]LogModuleManager: Shutting down and abandoning module AndroidMediaFactory (444)
[2017.03.29-04.22.05:668][601]LogModuleManager: Shutting down and abandoning module Media (443)
[2017.03.29-04.22.05:668][601]LogModuleManager: Shutting down and abandoning module AndroidMediaEditor (440)
[2017.03.29-04.22.05:668][601]LogModuleManager: Shutting down and abandoning module CharacterAI (438)
[2017.03.29-04.22.05:668][601]LogModuleManager: Shutting down and abandoning module AudioCapture (436)
[2017.03.29-04.22.05:668][601]LogModuleManager: Shutting down and abandoning module SequenceRecorder (435)
[2017.03.29-04.22.05:668][601]LogModuleManager: Shutting down and abandoning module SmartSnapping (432)
[2017.03.29-04.22.05:668][601]LogModuleManager: Shutting down and abandoning module SessionServices (430)
[2017.03.29-04.22.05:668][601]LogModuleManager: Shutting down and abandoning module ViewportSnapping (428)
[2017.03.29-04.22.05:668][601]LogModuleManager: Shutting down and abandoning module ViewportInteraction (426)
[2017.03.29-04.22.05:668][601]LogModuleManager: Shutting down and abandoning module LogVisualizer (424)
[2017.03.29-04.22.05:669][601]LogModuleManager: Shutting down and abandoning module IntroTutorials (422)
[2017.03.29-04.22.05:669][601]LogModuleManager: Shutting down and abandoning module GameProjectGeneration (421)
[2017.03.29-04.22.05:670][601]LogModuleManager: Shutting down and abandoning module EditorLiveStreaming (418)
[2017.03.29-04.22.05:670][601]LogModuleManager: Shutting down and abandoning module IOSPlatformEditor (416)
[2017.03.29-04.22.05:670][601]LogModuleManager: Shutting down and abandoning module HTML5PlatformEditor (414)
[2017.03.29-04.22.05:670][601]LogModuleManager: Shutting down and abandoning module AndroidPlatformEditor (412)
[2017.03.29-04.22.05:670][601]LogModuleManager: Shutting down and abandoning module AndroidDeviceDetection (411)
[2017.03.29-04.22.05:741][601]LogModuleManager: Shutting down and abandoning module IOSRuntimeSettings (408)
[2017.03.29-04.22.05:741][601]LogModuleManager: Shutting down and abandoning module AndroidRuntimeSettings (406)
[2017.03.29-04.22.05:741][601]LogModuleManager: Shutting down and abandoning module InputBindingEditor (404)
[2017.03.29-04.22.05:741][601]LogModuleManager: Shutting down and abandoning module NiagaraEditor (402)
[2017.03.29-04.22.05:743][601]LogModuleManager: Shutting down and abandoning module MergeActors (400)
[2017.03.29-04.22.05:743][601]LogModuleManager: Shutting down and abandoning module SizeMap (398)
[2017.03.29-04.22.05:743][601]LogModuleManager: Shutting down and abandoning module TreeMap (396)
[2017.03.29-04.22.05:743][601]LogModuleManager: Shutting down and abandoning module ReferenceViewer (394)
[2017.03.29-04.22.05:743][601]LogModuleManager: Shutting down and abandoning module LocalizationDashboard (392)
[2017.03.29-04.22.05:743][601]LogModuleManager: Shutting down and abandoning module LocalizationService (391)
[2017.03.29-04.22.05:744][601]LogModuleManager: Shutting down and abandoning module HardwareTargeting (388)
[2017.03.29-04.22.05:744][601]LogModuleManager: Shutting down and abandoning module DeviceProfileEditor (386)
[2017.03.29-04.22.05:744][601]LogModuleManager: Shutting down and abandoning module UndoHistory (384)
[2017.03.29-04.22.05:744][601]LogModuleManager: Shutting down and abandoning module UserFeedback (382)
[2017.03.29-04.22.05:744][601]LogModuleManager: Shutting down and abandoning module XmlParser (380)
[2017.03.29-04.22.05:744][601]LogModuleManager: Shutting down and abandoning module Blutility (378)
[2017.03.29-04.22.05:744][601]LogModuleManager: Shutting down and abandoning module ProjectSettingsViewer (376)
[2017.03.29-04.22.05:744][601]LogModuleManager: Shutting down and abandoning module ProjectTargetPlatformEditor (375)
[2017.03.29-04.22.05:744][601]LogModuleManager: Shutting down and abandoning module EditorSettingsViewer (372)
[2017.03.29-04.22.05:744][601]LogModuleManager: Shutting down and abandoning module SettingsEditor (370)
[2017.03.29-04.22.05:744][601]LogModuleManager: Shutting down and abandoning module ProjectLauncher (368)
[2017.03.29-04.22.05:745][601]LogModuleManager: Shutting down and abandoning module SessionFrontend (366)
[2017.03.29-04.22.05:746][601]LogModuleManager: Shutting down and abandoning module ProfilerClient (364)
[2017.03.29-04.22.05:747][601]LogModuleManager: Shutting down and abandoning module DeviceManager (362)
[2017.03.29-04.22.05:747][601]LogModuleManager: Shutting down and abandoning module TargetDeviceServices (361)
[2017.03.29-04.22.05:789][601]LogModuleManager: Shutting down and abandoning module AutomationController (358)
[2017.03.29-04.22.05:789][601]LogModuleManager: Shutting down and abandoning module AutomationWindow (356)
[2017.03.29-04.22.05:791][601]LogModuleManager: Shutting down and abandoning module Layers (354)
[2017.03.29-04.22.05:793][601]LogModuleManager: Shutting down and abandoning module ComponentVisualizers (352)
[2017.03.29-04.22.05:793][601]LogModuleManager: Shutting down and abandoning module DetailCustomizations (350)
[2017.03.29-04.22.05:793][601]LogModuleManager: Shutting down and abandoning module PackagesDialog (348)
[2017.03.29-04.22.05:793][601]LogModuleManager: Shutting down and abandoning module Persona (346)
[2017.03.29-04.22.05:793][601]LogModuleManager: Shutting down and abandoning module AnimGraph (345)
[2017.03.29-04.22.05:793][601]LogModuleManager: Shutting down and abandoning module Kismet (342)
[2017.03.29-04.22.05:804][601]LogModuleManager: Shutting down and abandoning module GraphEditor (340)
[2017.03.29-04.22.05:804][601]LogModuleManager: Shutting down and abandoning module ClassViewer (338)
[2017.03.29-04.22.05:804][601]LogModuleManager: Shutting down and abandoning module Toolbox (336)
[2017.03.29-04.22.05:804][601]LogModuleManager: Shutting down and abandoning module ModuleUI (334)
[2017.03.29-04.22.05:805][601]LogModuleManager: Shutting down and abandoning module MovieSceneTools (332)
[2017.03.29-04.22.05:807][601]LogModuleManager: Shutting down and abandoning module OutputLog (330)
[2017.03.29-04.22.05:807][601]LogModuleManager: Shutting down and abandoning module GammaUI (328)
[2017.03.29-04.22.05:807][601]LogModuleManager: Shutting down and abandoning module Documentation (326)
[2017.03.29-04.22.05:807][601]LogModuleManager: Shutting down and abandoning module Niagara (324)
[2017.03.29-04.22.05:807][601]LogModuleManager: Shutting down and abandoning module StreamingPauseRendering (322)
[2017.03.29-04.22.05:807][601]LogModuleManager: Shutting down and abandoning module AnalyticsET (320)
[2017.03.29-04.22.05:807][601]LogModuleManager: Shutting down and abandoning module PortalServices (318)
[2017.03.29-04.22.05:807][601]LogModuleManager: Shutting down and abandoning module PortalRpc (316)
[2017.03.29-04.22.05:807][601]LogModuleManager: Shutting down and abandoning module MessagingRpc (314)
[2017.03.29-04.22.05:807][601]LogModuleManager: Shutting down and abandoning module AIModule (312)
[2017.03.29-04.22.05:807][601]LogModuleManager: Shutting down and abandoning module GameplayDebugger (311)
[2017.03.29-04.22.05:807][601]LogModuleManager: Shutting down and abandoning module AITestSuite (309)
[2017.03.29-04.22.05:807][601]LogModuleManager: Shutting down and abandoning module ProfilerService (306)
[2017.03.29-04.22.05:992][601]LogModuleManager: Shutting down and abandoning module TaskGraph (304)
[2017.03.29-04.22.05:993][601]LogModuleManager: Shutting down and abandoning module SteamVRController (302)
[2017.03.29-04.22.05:993][601]LogModuleManager: Shutting down and abandoning module SteamVR (300)
[2017.03.29-04.22.05:993][601]LogModuleManager: Shutting down and abandoning module ProceduralMeshComponentEditor (298)
[2017.03.29-04.22.05:993][601]LogModuleManager: Shutting down and abandoning module ProceduralMeshComponent (296)
[2017.03.29-04.22.05:993][601]LogModuleManager: Shutting down and abandoning module OculusLibrary (294)
[2017.03.29-04.22.05:993][601]LogModuleManager: Shutting down and abandoning module OculusInput (292)
[2017.03.29-04.22.05:993][601]LogModuleManager: Shutting down and abandoning module MobilePatchingUtils (290)
[2017.03.29-04.22.05:993][601]LogModuleManager: Shutting down and abandoning module CustomMeshComponent (288)
[2017.03.29-04.22.05:993][601]LogModuleManager: Shutting down and abandoning module CableComponent (286)
[2017.03.29-04.22.05:993][601]LogModuleManager: Shutting down and abandoning module ArchVisCharacter (284)
[2017.03.29-04.22.05:993][601]LogModuleManager: Shutting down and abandoning module MediaPlayerEditor (280)
[2017.03.29-04.22.05:994][601]LogModuleManager: Shutting down and abandoning module HTML5Networking (278)
[2017.03.29-04.22.05:994][601]LogModuleManager: Shutting down and abandoning module AlembicImporter (276)
[2017.03.29-04.22.05:994][601]LogModuleManager: Shutting down and abandoning module AlembicLibrary (275)
[2017.03.29-04.22.05:994][601]LogModuleManager: Shutting down and abandoning module GeometryCache (274)
[2017.03.29-04.22.05:994][601]LogModuleManager: Shutting down and abandoning module GeometryCacheEd (273)
[2017.03.29-04.22.05:994][601]LogModuleManager: Shutting down and abandoning module SuperSearchEditor (268)
[2017.03.29-04.22.05:994][601]LogModuleManager: Shutting down and abandoning module SuperSearch (267)
[2017.03.29-04.22.05:994][601]LogModuleManager: Shutting down and abandoning module SpeedTreeImporter (264)
[2017.03.29-04.22.05:994][601]LogModuleManager: Shutting down and abandoning module PluginBrowser (262)
[2017.03.29-04.22.05:994][601]LogModuleManager: Shutting down and abandoning module MobileLauncherProfileWizard (260)
[2017.03.29-04.22.05:995][601]LogModuleManager: Shutting down and abandoning module EpicSurvey (258)
[2017.03.29-04.22.05:995][601]LogModuleManager: Shutting down and abandoning module VisualStudioSourceCodeAccess (256)
[2017.03.29-04.22.05:995][601]LogModuleManager: Shutting down and abandoning module DesktopPlatform (255)
[2017.03.29-04.22.05:995][601]LogModuleManager: Shutting down and abandoning module UObjectPlugin (252)
[2017.03.29-04.22.05:995][601]LogModuleManager: Shutting down and abandoning module SubversionSourceControl (250)
[2017.03.29-04.22.05:995][601]LogModuleManager: Shutting down and abandoning module PerforceSourceControl (248)
[2017.03.29-04.22.05:995][601]LogModuleManager: Shutting down and abandoning module GitSourceControl (246)
[2017.03.29-04.22.05:995][601]LogModuleManager: Shutting down and abandoning module SourceControl (245)
[2017.03.29-04.22.05:995][601]LogModuleManager: Shutting down and abandoning module LightPropagationVolumeEditor (242)
[2017.03.29-04.22.05:995][601]LogModuleManager: Shutting down and abandoning module PaperTiledImporter (240)
[2017.03.29-04.22.05:995][601]LogModuleManager: Shutting down and abandoning module PaperSpriteSheetImporter (238)
[2017.03.29-04.22.05:995][601]LogModuleManager: Shutting down and abandoning module Paper2DEditor (236)
[2017.03.29-04.22.05:996][601]LogModuleManager: Shutting down and abandoning module MeshPaint (235)
[2017.03.29-04.22.05:996][601]LogModuleManager: Shutting down and abandoning module LevelEditor (233)
[2017.03.29-04.22.05:996][601]LogModuleManager: Shutting down and abandoning module PixelInspectorModule (232)
[2017.03.29-04.22.05:997][601]LogModuleManager: Shutting down and abandoning module MainFrame (230)
[2017.03.29-04.22.05:997][601]LogModuleManager: Shutting down and abandoning module HotReload (229)
[2017.03.29-04.22.05:997][601]LogModuleManager: Shutting down and abandoning module ContentBrowser (225)
[2017.03.29-04.22.05:998][601]LogModuleManager: Shutting down and abandoning module PhysXVehiclesEditor (222)
[2017.03.29-04.22.05:998][601]LogModuleManager: Shutting down and abandoning module PhysXVehicles (220)
[2017.03.29-04.22.05:998][601]LogModuleManager: Shutting down and abandoning module LocationServicesBPLibrary (218)
[2017.03.29-04.22.05:998][601]LogModuleManager: Shutting down and abandoning module UdpMessaging (216)
[2017.03.29-04.22.06:098][601]LogModuleManager: Shutting down and abandoning module TcpMessaging (214)
[2017.03.29-04.22.06:283][601]LogModuleManager: Shutting down and abandoning module GameplayTagsEditor (212)
[2017.03.29-04.22.06:283][601]LogModuleManager: Shutting down and abandoning module FacialAnimationEditor (210)
[2017.03.29-04.22.06:284][601]LogModuleManager: Shutting down and abandoning module FacialAnimation (208)
[2017.03.29-04.22.06:284][601]LogModuleManager: Shutting down and abandoning module LightPropagationVolumeRuntime (206)
[2017.03.29-04.22.06:284][601]LogModuleManager: Shutting down and abandoning module Paper2D (204)
[2017.03.29-04.22.06:284][601]LogModuleManager: Shutting down and abandoning module WindowsMoviePlayer (202)
[2017.03.29-04.22.06:284][601]LogModuleManager: Shutting down and abandoning module WmfMedia (200)
[2017.03.29-04.22.06:284][601]LogModuleManager: Shutting down and abandoning module MfMedia (198)
[2017.03.29-04.22.06:284][601]LogModuleManager: Shutting down and abandoning module MediaAssets (196)
[2017.03.29-04.22.06:284][601]LogModuleManager: Shutting down and abandoning module GameLiveStreaming (194)
[2017.03.29-04.22.06:284][601]LogModuleManager: Shutting down and abandoning module VREditor (192)
[2017.03.29-04.22.06:284][601]LogModuleManager: Shutting down and abandoning module GameplayTasksEditor (190)
[2017.03.29-04.22.06:284][601]LogModuleManager: Shutting down and abandoning module BehaviorTreeEditor (188)
[2017.03.29-04.22.06:285][601]LogModuleManager: Shutting down and abandoning module FunctionalTesting (186)
[2017.03.29-04.22.06:285][601]LogModuleManager: Shutting down and abandoning module CollisionAnalyzer (184)
[2017.03.29-04.22.06:285][601]LogModuleManager: Shutting down and abandoning module UMG (182)
[2017.03.29-04.22.06:286][601]LogModuleManager: Shutting down and abandoning module UMGEditor (181)
[2017.03.29-04.22.06:287][601]LogModuleManager: Shutting down and abandoning module Sequencer (180)
[2017.03.29-04.22.06:288][601]LogModuleManager: Shutting down and abandoning module AssetTools (178)
[2017.03.29-04.22.06:288][601]LogModuleManager: Shutting down and abandoning module MessageLog (177)
[2017.03.29-04.22.06:288][601]LogModuleManager: Shutting down and abandoning module WorkspaceMenuStructure (176)
[2017.03.29-04.22.06:288][601]LogModuleManager: Shutting down and abandoning module SlateReflector (170)
[2017.03.29-04.22.06:289][601]LogModuleManager: Shutting down and abandoning module Slate (168)
[2017.03.29-04.22.06:289][601]LogModuleManager: Shutting down and abandoning module EditorStyle (166)
[2017.03.29-04.22.06:291][601]LogModuleManager: Shutting down and abandoning module SourceCodeAccess (164)
[2017.03.29-04.22.06:291][601]LogModuleManager: Shutting down and abandoning module HeadMountedDisplay (162)
[2017.03.29-04.22.06:291][601]LogModuleManager: Shutting down and abandoning module XAudio2 (160)
[2017.03.29-04.22.06:291][601]LogModuleManager: Shutting down and abandoning module Networking (158)
[2017.03.29-04.22.06:291][601]LogModuleManager: Shutting down and abandoning module Core (154)
[2017.03.29-04.22.06:291][601]LogModuleManager: Shutting down and abandoning module AssetRegistry (152)
[2017.03.29-04.22.06:491][601]LogDirectoryWatcher: A directory notification for '../../../Engine/Content/' was aborted.
[2017.03.29-04.22.06:491][601]LogDirectoryWatcher: A directory notification for 'E:/Quantum/Content/' was aborted.
[2017.03.29-04.22.06:492][601]LogDirectoryWatcher: A directory notification for '../../../Engine/Plugins/2D/Paper2D/Content/' was aborted.
[2017.03.29-04.22.06:492][601]LogModuleManager: Shutting down and abandoning module DirectoryWatcher (151)
[2017.03.29-04.22.06:492][601]LogModuleManager: Shutting down and abandoning module KismetCompiler (148)
[2017.03.29-04.22.06:492][601]LogModuleManager: Shutting down and abandoning module PhysXFormats (146)
[2017.03.29-04.22.06:492][601]LogModuleManager: Shutting down and abandoning module MeshUtilities (144)
[2017.03.29-04.22.06:492][601]LogModuleManager: Shutting down and abandoning module SimplygonSwarm (143)
[2017.03.29-04.22.06:492][601]LogModuleManager: Shutting down and abandoning module SimplygonMeshReduction (141)
[2017.03.29-04.22.06:492][601]LogModuleManager: Shutting down and abandoning module QuadricMeshReduction (139)
[2017.03.29-04.22.06:492][601]LogModuleManager: Shutting down and abandoning module PropertyEditor (137)
[2017.03.29-04.22.06:492][601]LogModuleManager: Shutting down and abandoning module DerivedDataCache (134)
[2017.03.29-04.22.06:576][601]LogDerivedDataCache: Shutdown
[2017.03.29-04.22.06:576][601]LogModuleManager: Shutting down and abandoning module TargetPlatform (132)
[2017.03.29-04.22.06:576][601]LogModuleManager: Shutting down and abandoning module VulkanShaderFormat (131)
[2017.03.29-04.22.06:576][601]LogModuleManager: Shutting down and abandoning module ShaderFormatOpenGL (129)
[2017.03.29-04.22.06:580][601]LogModuleManager: Shutting down and abandoning module ShaderFormatD3D (127)
[2017.03.29-04.22.06:580][601]LogModuleManager: Shutting down and abandoning module MetalShaderFormat (125)
[2017.03.29-04.22.06:581][601]LogModuleManager: Shutting down and abandoning module TextureFormatUncompressed (123)
[2017.03.29-04.22.06:581][601]LogModuleManager: Shutting down and abandoning module TextureFormatPVR (121)
[2017.03.29-04.22.06:581][601]LogModuleManager: Shutting down and abandoning module TextureFormatDXT (119)
[2017.03.29-04.22.06:582][601]LogModuleManager: Shutting down and abandoning module TextureFormatIntelISPCTexComp (117)
[2017.03.29-04.22.06:582][601]LogModuleManager: Shutting down and abandoning module TextureFormatASTC (115)
[2017.03.29-04.22.06:582][601]LogModuleManager: Shutting down and abandoning module ImageWrapper (114)
[2017.03.29-04.22.06:582][601]LogModuleManager: Shutting down and abandoning module TextureFormatAndroid (111)
[2017.03.29-04.22.06:582][601]LogModuleManager: Shutting down and abandoning module AudioFormatOpus (109)
[2017.03.29-04.22.06:582][601]LogModuleManager: Shutting down and abandoning module AudioFormatOgg (107)
[2017.03.29-04.22.06:582][601]LogModuleManager: Shutting down and abandoning module AudioFormatADPCM (105)
[2017.03.29-04.22.06:582][601]LogModuleManager: Shutting down and abandoning module LinuxTargetPlatform (103)
[2017.03.29-04.22.06:582][601]LogModuleManager: Shutting down and abandoning module LinuxServerTargetPlatform (101)
[2017.03.29-04.22.06:582][601]LogModuleManager: Shutting down and abandoning module LinuxNoEditorTargetPlatform (99)
[2017.03.29-04.22.06:582][601]LogModuleManager: Shutting down and abandoning module LinuxClientTargetPlatform (97)
[2017.03.29-04.22.06:582][601]LogModuleManager: Shutting down and abandoning module TVOSTargetPlatform (95)
[2017.03.29-04.22.06:582][601]LogModuleManager: Shutting down and abandoning module Messaging (93)
[2017.03.29-04.22.06:582][601]LogModuleManager: Shutting down and abandoning module IOSTargetPlatform (91)
[2017.03.29-04.22.06:582][601]LogModuleManager: Shutting down and abandoning module HTML5TargetPlatform (89)
[2017.03.29-04.22.06:582][601]LogModuleManager: Shutting down and abandoning module Android_PVRTCTargetPlatform (87)
[2017.03.29-04.22.06:582][601]LogModuleManager: Shutting down and abandoning module Android_MultiTargetPlatform (85)
[2017.03.29-04.22.06:582][601]LogModuleManager: Shutting down and abandoning module Android_ETC2TargetPlatform (83)
[2017.03.29-04.22.06:582][601]LogModuleManager: Shutting down and abandoning module Android_ETC1TargetPlatform (81)
[2017.03.29-04.22.06:582][601]LogModuleManager: Shutting down and abandoning module Android_DXTTargetPlatform (79)
[2017.03.29-04.22.06:582][601]LogModuleManager: Shutting down and abandoning module Android_ATCTargetPlatform (77)
[2017.03.29-04.22.06:582][601]LogModuleManager: Shutting down and abandoning module Android_ASTCTargetPlatform (75)
[2017.03.29-04.22.06:582][601]LogModuleManager: Shutting down and abandoning module AndroidTargetPlatform (73)
[2017.03.29-04.22.06:582][601]LogModuleManager: Shutting down and abandoning module WindowsTargetPlatform (71)
[2017.03.29-04.22.06:582][601]LogModuleManager: Shutting down and abandoning module WindowsServerTargetPlatform (69)
[2017.03.29-04.22.06:582][601]LogModuleManager: Shutting down and abandoning module WindowsNoEditorTargetPlatform (67)
[2017.03.29-04.22.06:582][601]LogModuleManager: Shutting down and abandoning module WindowsClientTargetPlatform (65)
[2017.03.29-04.22.06:582][601]LogModuleManager: Shutting down and abandoning module MacTargetPlatform (63)
[2017.03.29-04.22.06:582][601]LogModuleManager: Shutting down and abandoning module MacServerTargetPlatform (61)
[2017.03.29-04.22.06:582][601]LogModuleManager: Shutting down and abandoning module MacNoEditorTargetPlatform (59)
[2017.03.29-04.22.06:582][601]LogModuleManager: Shutting down and abandoning module MacClientTargetPlatform (57)
[2017.03.29-04.22.06:582][601]LogModuleManager: Shutting down and abandoning module AllDesktopTargetPlatform (55)
[2017.03.29-04.22.06:582][601]LogModuleManager: Shutting down and abandoning module InputCore (52)
[2017.03.29-04.22.06:582][601]LogModuleManager: Shutting down and abandoning module Settings (50)
[2017.03.29-04.22.06:582][601]LogModuleManager: Shutting down and abandoning module OculusRift (48)
[2017.03.29-04.22.06:582][601]LogModuleManager: Shutting down and abandoning module GearVR (46)
[2017.03.29-04.22.06:582][601]LogModuleManager: Shutting down and abandoning module ExampleDeviceProfileSelector (44)
[2017.03.29-04.22.06:582][601]LogModuleManager: Shutting down and abandoning module OnlineBlueprintSupport (42)
[2017.03.29-04.22.06:582][601]LogModuleManager: Shutting down and abandoning module OnlineSubsystem (38)
[2017.03.29-04.22.06:582][601]LogOnline:Display: Unloading online subsystem: NULL
[2017.03.29-04.22.06:583][601]LogModuleManager: Shutting down and abandoning module XMPP (37)
[2017.03.29-04.22.06:584][601]LogModuleManager: Shutting down and abandoning module HTTP (35)
[2017.03.29-04.22.06:584][601]LogHttp:Display: Http module shutting down, but needs to wait on 1 outstanding Http requests:
[2017.03.29-04.22.06:584][601]LogHttp:Display: 	verb=[POST] url=[https://datarouter.ol.epicgames.com/datarouter/api/v1/public/data?SessionID=%7B90D95D12-4BA3-65C4-0ABC-C38AA8DAD68C%7D&AppID=UEEditor.Rocket.Release&AppVersion=4.15.1-3348071%2B%2B%2BUE4%2BRelease-4.15&UserID=d216f3934841911196f38fbea46ed9ea%7Cb51ba83205af482cbc94873afb168383%7C29a1b203-6483-41ba-9fad-41b3ec1343b4&AppEnvironment=datacollector-binary&UploadType=eteventstream] status=Processing
[2017.03.29-04.22.06:599][601]LogModuleManager: Shutting down and abandoning module SSL (34)
[2017.03.29-04.22.06:600][601]LogModuleManager: Shutting down and abandoning module AudioEditor (30)
[2017.03.29-04.22.06:601][601]LogModuleManager: Shutting down and abandoning module TextureCompressor (28)
[2017.03.29-04.22.06:601][601]LogModuleManager: Shutting down and abandoning module ShaderCore (26)
[2017.03.29-04.22.06:601][601]LogModuleManager: Shutting down and abandoning module Landscape (24)
[2017.03.29-04.22.06:601][601]LogModuleManager: Shutting down and abandoning module SlateRHIRenderer (22)
[2017.03.29-04.22.06:603][601]LogModuleManager: Shutting down and abandoning module OpenGLDrv (20)
[2017.03.29-04.22.06:605][601]LogModuleManager: Shutting down and abandoning module D3D11RHI (18)
[2017.03.29-04.22.06:605][601]LogModuleManager: Shutting down and abandoning module AnimGraphRuntime (16)
[2017.03.29-04.22.06:605][601]LogModuleManager: Shutting down and abandoning module Renderer (14)
[2017.03.29-04.22.06:605][601]LogModuleManager: Shutting down and abandoning module Engine (12)
[2017.03.29-04.22.06:605][601]LogModuleManager: Shutting down and abandoning module CoreUObject (10)
[2017.03.29-04.22.06:605][601]LogModuleManager: Shutting down and abandoning module NetworkFile (8)
[2017.03.29-04.22.06:605][601]LogModuleManager: Shutting down and abandoning module StreamingFile (6)
[2017.03.29-04.22.06:605][601]LogModuleManager: Shutting down and abandoning module SandboxFile (4)
[2017.03.29-04.22.06:605][601]LogModuleManager: Shutting down and abandoning module PakFile (2)
[2017.03.29-04.22.06:609][601]LogExit: Exiting.
[2017.03.29-04.22.06:611][601]Log file closed, 03/29/17 11:22:06
