Log file open, 04/16/17 15:04:01
LogInit:Display: Running engine for game: Quantum
LogPlatformFile: Not using cached read wrapper
LogInit:Display: RandInit(1636855681) SRandInit(1636855681).
LogTaskGraph: Started task graph with 5 named threads and 8 total threads with 1 sets of task threads.
LogStats: Stats thread started at 0.169842
LogInit: Using libcurl 7.47.1
LogInit:  - built for x86_64-pc-win32
LogInit:  - supports SSL with OpenSSL/1.0.2g
LogInit:  - supports HTTP deflate (compression) using libz 1.2.8
LogInit:  - other features:
LogInit:      CURL_VERSION_SSL
LogInit:      CURL_VERSION_LIBZ
LogInit:      CURL_VERSION_IPV6
LogInit:      CURL_VERSION_ASYNCHDNS
LogInit:      CURL_VERSION_LARGEFILE
LogInit:      CURL_VERSION_IDN
LogInit:  CurlRequestOptions (configurable via config and command line):
LogInit:  - bVerifyPeer = false  - Libcurl will NOT verify peer certificate
LogInit:  - bUseHttpProxy = false  - Libcurl will NOT use HTTP proxy
LogInit:  - bDontReuseConnections = false  - Libcurl will reuse connections
LogInit:  - CertBundlePath = nullptr  - Libcurl will use whatever was configured at build time.
LogInit: Build: ++UE4+Release-4.15-CL-3348071
LogInit: Engine Version: 4.15.1-3348071+++UE4+Release-4.15
LogInit: Compatible Engine Version: 4.15.0-3299760+++UE4+Release-4.15
LogInit: Net CL: 3299760
LogDevObjectVersion: Number of dev versions registered: 14
LogDevObjectVersion:   Dev-Blueprints (B0D832E4-1F89-4F0D-ACCF-7EB736FD4AA2): 8
LogDevObjectVersion:   Dev-Build (E1C64328-A22C-4D53-A36C-8E866417BD8C): 0
LogDevObjectVersion:   Dev-Core (375EC13C-06E4-48FB-B500-84F0262A717E): 2
LogDevObjectVersion:   Dev-Editor (E4B068ED-F494-42E9-A231-DA0B2E46BB41): 14
LogDevObjectVersion:   Dev-Framework (CFFC743F-43B0-4480-9391-14DF171D2073): 22
LogDevObjectVersion:   Dev-Mobile (B02B49B5-BB20-44E9-A304-32B752E40360): 0
LogDevObjectVersion:   Dev-Networking (A4E4105C-59A1-49B5-A7C5-40C4547EDFEE): 0
LogDevObjectVersion:   Dev-Online (39C831C9-5AE6-47DC-9A44-9C173E1C8E7C): 0
LogDevObjectVersion:   Dev-Physics (78F01B33-EBEA-4F98-B9B4-84EACCB95AA2): 0
LogDevObjectVersion:   Dev-Platform (6631380F-2D4D-43E0-8009-CF276956A95A): 0
LogDevObjectVersion:   Dev-Rendering (12F88B9F-8875-4AFC-A67C-D90C383ABD29): 12
LogDevObjectVersion:   Dev-Sequencer (7B5AE74C-D270-4C10-A958-57980B212A5A): 3
LogDevObjectVersion:   Dev-VR (D7296918-1DD6-4BDD-9DE2-64A83CC13884): 0
LogDevObjectVersion:   Dev-LoadTimes (C2A15278-BFE7-4AFE-6C17-90FF531DF755): 1
LogInit: Compiled (64-bit): Mar 15 2017 16:52:47
LogInit: Compiled with Visual C++: 19.00.23026.00
LogInit: Build Configuration: Development
LogInit: Branch Name: ++UE4+Release-4.15
LogInit: Command line:  
LogInit: Base directory: C:/Program Files/Epic Games/UE_4.15/Engine/Binaries/Win64/
LogInit: Installed Engine Build: 1
LogInit: Presizing for max 8388607 objects, including 0 objects not considered by GC, pre-allocating 0 bytes for permanent pool.
LogInit: Object subsystem initialized
[2017.04.16-08.04.02:685][  0]LogInit: Selected Device Profile: [Windows]
[2017.04.16-08.04.02:685][  0]LogInit: Applying CVar settings loaded from the selected device profile: [Windows]
[2017.04.16-08.04.02:711][  0]LogInit: Computer: KOKO-IMMORTAL
[2017.04.16-08.04.02:711][  0]LogInit: User: Proto
[2017.04.16-08.04.02:711][  0]LogInit: CPU Page size=65536, Cores=4
[2017.04.16-08.04.02:711][  0]LogInit: High frequency timer resolution =3.328127 MHz
[2017.04.16-08.04.02:712][  0]LogMemory: Memory total: Physical=16.0GB (16GB approx)
[2017.04.16-08.04.02:712][  0]LogMemory: Platform Memory Stats for Windows
[2017.04.16-08.04.02:712][  0]LogMemory: Process Physical Memory: 262.84 MB used, 262.84 MB peak
[2017.04.16-08.04.02:712][  0]LogMemory: Process Virtual Memory: 262.32 MB used, 262.32 MB peak
[2017.04.16-08.04.02:712][  0]LogMemory: Physical Memory: 4772.21 MB used,  11570.51 MB free, 16342.73 MB total
[2017.04.16-08.04.02:712][  0]LogMemory: Virtual Memory: 643.97 MB used,  11570.51 MB free, 134217728.00 MB total
[2017.04.16-08.04.03:046][  0]LogTextLocalizationManager: No specific translations for ('en-US') exist, so ('en') translations will be used.
[2017.04.16-08.04.05:181][  0]LogD3D11RHI: D3D11 adapters:
[2017.04.16-08.04.05:687][  0]LogD3D11RHI:    0. 'NVIDIA GeForce GTX 1060 6GB' (Feature Level 11_0)
[2017.04.16-08.04.05:687][  0]LogD3D11RHI:       6084/0/8171 MB DedicatedVideo/DedicatedSystem/SharedSystem, Outputs:2, VendorId:0x10de
[2017.04.16-08.04.05:688][  0]LogD3D11RHI:    1. 'Microsoft Basic Render Driver' (Feature Level 11_0)
[2017.04.16-08.04.05:688][  0]LogD3D11RHI:       0/0/8171 MB DedicatedVideo/DedicatedSystem/SharedSystem, Outputs:0, VendorId:0x1414
[2017.04.16-08.04.05:688][  0]LogD3D11RHI: Chosen D3D11 Adapter: 0
[2017.04.16-08.04.05:694][  0]LogD3D11RHI: Creating new Direct3DDevice
[2017.04.16-08.04.05:694][  0]LogD3D11RHI:     GPU DeviceId: 0x1c03 (for the marketing name, search the web for "GPU Device Id")
[2017.04.16-08.04.05:694][  0]LogWindows: EnumDisplayDevices:
[2017.04.16-08.04.05:694][  0]LogWindows:    0. 'NVIDIA GeForce GTX 1060 6GB' (P:0 D:1)
[2017.04.16-08.04.05:694][  0]LogWindows:    1. 'NVIDIA GeForce GTX 1060 6GB' (P:1 D:1)
[2017.04.16-08.04.05:694][  0]LogWindows:    2. 'NVIDIA GeForce GTX 1060 6GB' (P:0 D:0)
[2017.04.16-08.04.05:695][  0]LogWindows:    3. 'NVIDIA GeForce GTX 1060 6GB' (P:0 D:0)
[2017.04.16-08.04.05:695][  0]LogWindows: DebugString: FoundDriverCount:4 
[2017.04.16-08.04.05:695][  0]LogD3D11RHI:     Adapter Name: NVIDIA GeForce GTX 1060 6GB
[2017.04.16-08.04.05:695][  0]LogD3D11RHI:   Driver Version: 381.65 (internal:22.21.13.8165, unified:381.65)
[2017.04.16-08.04.05:695][  0]LogD3D11RHI:      Driver Date: 3-31-2017
[2017.04.16-08.04.05:696][  0]LogRHI: Texture pool is 1361 MB (70% of 1945 MB)
[2017.04.16-08.04.06:166][  0]LogD3D11RHI: Async texture creation enabled
[2017.04.16-08.04.06:235][  0]LogD3D11RHI: GPU Timing Frequency: 1000.000000 (Debug: 2 1)
[2017.04.16-08.04.06:338][  0]LogShaderCompilers: Guid format shader working directory is 36 characters bigger than the processId version (E:/Quantum/Intermediate/Shaders/WorkingDirectory/5872/).
[2017.04.16-08.04.06:338][  0]LogShaderCompilers: Cleaned the shader compiler working directory 'C:/Users/Proto/AppData/Local/Temp/UnrealShaderWorkingDir/1C0BC4CE439BF6017FFFB3B68B8A9DD7/'.
[2017.04.16-08.04.06:339][  0]LogShaderCompilers:Display: Using Local Shader Compiler.
[2017.04.16-08.04.08:528][  0]LogTemp:Display: Loaded TP AllDesktopTargetPlatform
[2017.04.16-08.04.08:584][  0]LogTemp:Display: Loaded TP MacClientTargetPlatform
[2017.04.16-08.04.08:629][  0]LogTemp:Display: Loaded TP MacNoEditorTargetPlatform
[2017.04.16-08.04.08:674][  0]LogTemp:Display: Loaded TP MacServerTargetPlatform
[2017.04.16-08.04.08:722][  0]LogTemp:Display: Loaded TP MacTargetPlatform
[2017.04.16-08.04.08:766][  0]LogTemp:Display: Loaded TP WindowsClientTargetPlatform
[2017.04.16-08.04.08:810][  0]LogTemp:Display: Loaded TP WindowsNoEditorTargetPlatform
[2017.04.16-08.04.08:854][  0]LogTemp:Display: Loaded TP WindowsServerTargetPlatform
[2017.04.16-08.04.08:891][  0]LogTemp:Display: Loaded TP WindowsTargetPlatform
[2017.04.16-08.04.08:938][  0]LogTemp:Display: Loaded TP AndroidTargetPlatform
[2017.04.16-08.04.08:983][  0]LogTemp:Display: Loaded TP Android_ASTCTargetPlatform
[2017.04.16-08.04.09:027][  0]LogTemp:Display: Loaded TP Android_ATCTargetPlatform
[2017.04.16-08.04.09:070][  0]LogTemp:Display: Loaded TP Android_DXTTargetPlatform
[2017.04.16-08.04.09:113][  0]LogTemp:Display: Loaded TP Android_ETC1TargetPlatform
[2017.04.16-08.04.09:155][  0]LogTemp:Display: Loaded TP Android_ETC2TargetPlatform
[2017.04.16-08.04.09:241][  0]LogTemp:Display: Loaded TP Android_MultiTargetPlatform
[2017.04.16-08.04.09:241][  0]LogTemp:Display: Loaded TP Android_PVRTCTargetPlatform
[2017.04.16-08.04.09:274][  0]LogTemp:Display: Loaded TP HTML5TargetPlatform
[2017.04.16-08.04.09:382][  0]LogTemp:Display: Loaded TP IOSTargetPlatform
[2017.04.16-08.04.09:411][  0]LogTemp:Display: Loaded TP TVOSTargetPlatform
[2017.04.16-08.04.09:454][  0]LogTemp:Display: Loaded TP LinuxClientTargetPlatform
[2017.04.16-08.04.09:496][  0]LogTemp:Display: Loaded TP LinuxNoEditorTargetPlatform
[2017.04.16-08.04.09:539][  0]LogTemp:Display: Loaded TP LinuxServerTargetPlatform
[2017.04.16-08.04.09:587][  0]LogTemp:Display: Loaded TP LinuxTargetPlatform
[2017.04.16-08.04.09:587][  0]LogTargetPlatformManager:Display: Building Assets For Windows
[2017.04.16-08.04.10:205][  0]LogDerivedDataCache:Display: Max Cache Size: 512 MB
[2017.04.16-08.04.10:565][  0]LogDerivedDataCache: Loaded boot cache 0.36s 50MB C:/Users/Proto/AppData/Local/UnrealEngine/4.15/DerivedDataCache/Boot.ddc.
[2017.04.16-08.04.10:566][  0]LogDerivedDataCache:Display: Loaded Boot cache: C:/Users/Proto/AppData/Local/UnrealEngine/4.15/DerivedDataCache/Boot.ddc
[2017.04.16-08.04.10:566][  0]LogDerivedDataCache: FDerivedDataBackendGraph:  Pak pak cache file E:/Quantum/DerivedDataCache/DDC.ddp not found, will not use a pak cache.
[2017.04.16-08.04.10:566][  0]LogDerivedDataCache: Unable to find inner node Pak for hierarchical cache Hierarchy.
[2017.04.16-08.04.10:566][  0]LogDerivedDataCache: FDerivedDataBackendGraph:  CompressedPak pak cache file E:/Quantum/DerivedDataCache/Compressed.ddp not found, will not use a pak cache.
[2017.04.16-08.04.10:566][  0]LogDerivedDataCache: Unable to find inner node CompressedPak for hierarchical cache Hierarchy.
[2017.04.16-08.04.10:591][  0]LogDerivedDataCache:Display: Pak cache opened for reading ../../../Engine/DerivedDataCache/Compressed.ddp.
[2017.04.16-08.04.10:604][  0]LogDerivedDataCache: Using Local data cache path C:/Users/Proto/AppData/Local/UnrealEngine/Common/DerivedDataCache: Writable
[2017.04.16-08.04.10:625][  0]LogSlate: Using Freetype 2.6.0
[2017.04.16-08.04.10:642][  0]LogSlate: SlateFontCache - WITH_FREETYPE: 1, WITH_HARFBUZZ: 1
[2017.04.16-08.04.10:642][  0]LogSlate: SlateFontCache - WITH_FREETYPE: 1, WITH_HARFBUZZ: 1
[2017.04.16-08.04.13:967][  0]LogInit: Selected Device Profile: [Windows]
[2017.04.16-08.04.13:978][  0]LogContentStreaming: Texture pool size is 0.00 MB
[2017.04.16-08.04.14:250][  0]LogMeshUtilities: Using QuadricMeshReduction for automatic static mesh reduction
[2017.04.16-08.04.14:286][  0]LogSimplygon: Simplygon DLL not present - disabling.
[2017.04.16-08.04.14:324][  0]LogMeshUtilities: Using SimplygonSwarm for distributed automatic mesh merging
[2017.04.16-08.04.14:325][  0]LogMeshUtilities: No automatic skeletal mesh reduction module available
[2017.04.16-08.04.14:325][  0]LogMeshUtilities: No automatic mesh merging module available
[2017.04.16-08.04.15:720][  0]LogNetVersion: GetLocalNetworkVersion: CL: 3299760, ProjectName: quantum, ProjectVersion: , EngineNetworkVersion: 2, GameNetworkVersion: 0, NetworkChecksum: 3234878722
[2017.04.16-08.04.15:774][  0]LogAssetRegistry: FAssetRegistry took 0.0245 seconds to start up
[2017.04.16-08.04.15:815][  0]LogPackageLocalizationCache: Processed 3 localized package path(s) for 2 prioritized culture(s) in 0.021699 seconds
[2017.04.16-08.04.15:821][  0]LogUObjectArray: 32493 objects as part of root set at end of initial load.
[2017.04.16-08.04.15:821][  0]LogUObjectAllocator: 7077032 out of 0 bytes used by permanent object pool.
[2017.04.16-08.04.15:821][  0]LogUObjectArray: CloseDisregardForGC: 0/0 objects in disregard for GC pool
[2017.04.16-08.04.15:874][  0]LogInit: WinSock: version 1.1 (2.2), MaxSocks=32767, MaxUdp=65467
[2017.04.16-08.04.19:154][  0]LogTcpMessaging: Initializing TcpMessaging bridge
[2017.04.16-08.04.19:191][  0]LogUdpMessaging: Initializing bridge on interface 0.0.0.0:0 to multicast group 230.0.0.1:6666.
[2017.04.16-08.04.19:835][  0]LogMaterial: Uniform references updated for custom material expression Custom.
[2017.04.16-08.04.20:266][  0]SourceControl: Info Source control is disabled
[2017.04.16-08.04.20:268][  0]SourceControl: Info Source control is disabled
[2017.04.16-08.04.20:311][  0]SourceControl: Info Source control is disabled
[2017.04.16-08.04.20:350][  0]SourceControl: Info Source control is disabled
[2017.04.16-08.04.21:541][  0]LogEngine: Initializing Engine...
[2017.04.16-08.04.21:543][  0]LogHMD: Failed to initialize OpenVR with code 110
[2017.04.16-08.04.21:894][  0]LogAIModule: Creating AISystem for world Untitled
[2017.04.16-08.04.21:912][  0]LogInit: XAudio2 using 'Headphones (2- High Definition Audio Device)' : 2 channels at 44.1 kHz using 16 bits per sample (channel mask 0x3)
[2017.04.16-08.04.21:949][  0]LogInit: FAudioDevice initialized.
[2017.04.16-08.04.21:973][  0]LogDerivedDataCache: Saved boot cache 0.02s 50MB C:/Users/Proto/AppData/Local/UnrealEngine/4.15/DerivedDataCache/Boot.ddc.
[2017.04.16-08.04.21:980][  0]LogInit: Texture streaming: Enabled
[2017.04.16-08.04.22:059][  0]LogEngineSessionManager: EngineSessionManager initialized
[2017.04.16-08.04.22:143][  0]LogInit: Transaction tracking system initialized
[2017.04.16-08.04.22:466][  0]BlueprintLog: New page: Editor Load
[2017.04.16-08.04.23:276][  0]LocalizationService: Info Localization service is disabled
[2017.04.16-08.04.23:874][  0]LogConsoleResponse:Display: 
[2017.04.16-08.04.24:199][  0]LogFileCache: Scanning file cache for directory 'E:/Quantum/Content/' took 0.01s
[2017.04.16-08.04.24:199][  0]LogCook:Display: Max memory allowance for cook 16384mb min free memory 0mb
[2017.04.16-08.04.24:199][  0]LogCook:Display: Mobile HDR setting 1
[2017.04.16-08.04.25:160][  0]SourceControl: Info Source control is disabled
[2017.04.16-08.04.25:163][  0]Cmd: MAP LOAD FILE="E:/Quantum/Content/StarterContent/Maps/Minimal_Default.umap" TEMPLATE=0 SHOWPROGRESS=1 FEATURELEVEL=3
[2017.04.16-08.04.25:174][  0]LightingResults: New page: Lighting Build
[2017.04.16-08.04.25:212][  0]MapCheck: New page: Map Check
[2017.04.16-08.04.25:212][  0]LightingResults: New page: Lighting Build
[2017.04.16-08.04.26:500][  0]LogEnum:Warning: In asset '/Game/StarterContent/Maps/Minimal_Default.Minimal_Default:PersistentLevel.Platform2_159', there is an enum property of type 'AxisEnum' with an invalid value of 'PlatformEnum::NewEnumerator2'
[2017.04.16-08.04.26:500][  0]LogEnum:Warning: In asset '/Game/StarterContent/Maps/Minimal_Default.Minimal_Default:PersistentLevel.Platform3', there is an enum property of type 'AxisEnum' with an invalid value of 'PlatformEnum::NewEnumerator2'
[2017.04.16-08.04.26:500][  0]LogEnum:Warning: In asset '/Game/StarterContent/Maps/Minimal_Default.Minimal_Default:PersistentLevel.Platform_203', there is an enum property of type 'AxisEnum' with an invalid value of 'PlatformEnum::NewEnumerator2'
[2017.04.16-08.04.26:868][  0]LoadErrors: Info The Animation  Turbine_Anim needs resave.
[2017.04.16-08.04.26:976][  0]LogAIModule: Creating AISystem for world Minimal_Default
[2017.04.16-08.04.27:031][  0]LogEditorServer: Finished looking for orphan Actors (0.000 secs)
[2017.04.16-08.04.27:033][  0]Cmd: MAP CHECKDEP NOCLEARLOG
[2017.04.16-08.04.27:070][  0]MapCheck: Info Map check complete: 0 Error(s), 0 Warning(s), took 37.308ms to complete.
[2017.04.16-08.04.27:070][  0]LogFileHelpers: Loading map 'Minimal_Default' took 1.909
[2017.04.16-08.04.27:194][  0]LogWindowsTextInputMethodSystem:Display: IME system now deactivated.
[2017.04.16-08.04.27:479][  0]LogCollectionManager: Loaded 0 collections in 0.002775 seconds
[2017.04.16-08.04.27:612][  0]LogFileCache: Scanning file cache for directory 'E:/Quantum/Saved/Collections/' took 0.01s
[2017.04.16-08.04.27:612][  0]LogFileCache: Scanning file cache for directory 'E:/Quantum/Content/Developers/Proto/Collections/' took 0.01s
[2017.04.16-08.04.27:612][  0]LogFileCache: Scanning file cache for directory 'E:/Quantum/Content/Collections/' took 0.01s
[2017.04.16-08.04.27:612][  0]LogCollectionManager: Rebuilt the GUID cache for 0 collections in 0.000006 seconds
[2017.04.16-08.04.27:624][  0]LogContentBrowser: Native class hierarchy populated in 0.0098 seconds. Added 2245 classes and 453 folders.
[2017.04.16-08.04.27:634][  0]LogStats: UGameplayTagsManager::ConstructGameplayTagTree: Construct from data asset -  0.000 s
[2017.04.16-08.04.27:635][  0]LogStats: UGameplayTagsManager::ConstructGameplayTagTree: GameplayTagTreeChangedEvent.Broadcast -  0.000 s
[2017.04.16-08.04.27:691][  0]LogContentBrowser: Native class hierarchy updated for 'WidgetCarousel' in 0.0004 seconds. Added 0 classes and 0 folders.
[2017.04.16-08.04.28:070][  0]LogContentBrowser: Native class hierarchy updated for 'AddContentDialog' in 0.0004 seconds. Added 0 classes and 0 folders.
[2017.04.16-08.04.28:113][  0]LogContentBrowser: Native class hierarchy updated for 'SceneOutliner' in 0.0005 seconds. Added 1 classes and 2 folders.
[2017.04.16-08.04.28:380][  0]LogCrashTracker: Crashtracker disabled due to settings.
[2017.04.16-08.04.28:395][  0]LogUObjectGlobals:Warning: Failed to find object 'Class None.'
[2017.04.16-08.04.28:458][  0]LogContentBrowser: Native class hierarchy updated for 'HierarchicalLODOutliner' in 0.0005 seconds. Added 1 classes and 2 folders.
[2017.04.16-08.04.28:458][  0]LogLoad: (Engine Initialization) Total time: 28.92 seconds
[2017.04.16-08.04.28:458][  0]LogLoad: (Engine Initialization) Total Blueprint compile time: 0.27 seconds
[2017.04.16-08.04.28:458][  0]LogExternalProfiler: No external profilers were discovered.  External profiling features will not be available.
[2017.04.16-08.04.28:469][  0]LogOcInput: OculusInput pre-init called
[2017.04.16-08.04.28:497][  0]LogContentStreaming: Texture pool size now 1000 MB
[2017.04.16-08.04.28:517][  0]LogSlate: Took 0.004700 seconds to synchronously load lazily loaded font '../../../Engine/Content/Slate/Fonts/Roboto-Regular.ttf' (155K)
[2017.04.16-08.04.28:526][  0]LogSlate: Took 0.005218 seconds to synchronously load lazily loaded font '../../../Engine/Content/Slate/Fonts/Roboto-Bold.ttf' (160K)
[2017.04.16-08.04.28:537][  0]LogSlate: Took 0.005383 seconds to synchronously load lazily loaded font '../../../Engine/Content/Editor/Slate/Fonts/FontAwesome.ttf' (139K)
[2017.04.16-08.04.28:709][  0]LogSlate: Took 0.004911 seconds to synchronously load lazily loaded font '../../../Engine/Content/Slate/Fonts/Roboto-Light.ttf' (159K)
[2017.04.16-08.04.28:737][  0]LogRenderer: Reallocating scene render targets to support 1208x576 NumSamples 1 (Frame:2).
[2017.04.16-08.04.28:842][  1]LogAssetRegistry: Asset discovery search completed in 13.0911 seconds
[2017.04.16-08.04.28:842][  1]LogCollectionManager: Rebuilt the object cache for 0 collections in 0.000006 seconds (found 0 objects)
[2017.04.16-08.04.28:842][  1]LogCollectionManager: Fixed up redirectors for 0 collections in 0.000403 seconds (updated 0 objects)
[2017.04.16-08.04.29:492][ 58]LogSlate: Took 0.000199 seconds to synchronously load lazily loaded font '../../../Engine/Content/Slate/Fonts/Roboto-Light.ttf' (159K)
[2017.04.16-08.19.50:596][  0]Cmd: QUIT_EDITOR
[2017.04.16-08.19.50:626][  0]LogWindowsTextInputMethodSystem:Display: IME system now deactivated.
[2017.04.16-08.19.50:652][  0]LogExit: Preparing to exit.
[2017.04.16-08.19.51:702][  0]LogExit: Editor shut down
[2017.04.16-08.19.51:702][  0]LogExit: Transaction tracking system shut down
[2017.04.16-08.19.51:953][  0]LogObj: Freed 0b from 0 cluster array pools.
[2017.04.16-08.19.51:953][  0]LogExit: Object subsystem successfully closed.
[2017.04.16-08.19.51:974][  0]LogD3D11RHI: Shutdown
[2017.04.16-08.19.51:974][  0]LogD3D11RHI: CleanupD3DDevice
[2017.04.16-08.19.52:031][  0]LogD3D11RHI: ~FD3D11DynamicRHI
[2017.04.16-08.19.52:055][  0]LogModuleManager: Shutting down and abandoning module HierarchicalLODOutliner (498)
[2017.04.16-08.19.52:055][  0]LogModuleManager: Shutting down and abandoning module CrashTracker (496)
[2017.04.16-08.19.52:055][  0]LogModuleManager: Shutting down and abandoning module SceneOutliner (494)
[2017.04.16-08.19.52:055][  0]LogModuleManager: Shutting down and abandoning module AddContentDialog (492)
[2017.04.16-08.19.52:055][  0]LogDirectoryWatcher: A directory notification for 'C:/Program Files/Epic Games/UE_4.15/FeaturePacks/' was aborted.
[2017.04.16-08.19.52:056][  0]LogModuleManager: Shutting down and abandoning module WidgetCarousel (491)
[2017.04.16-08.19.52:056][  0]LogModuleManager: Shutting down and abandoning module EditorWidgets (488)
[2017.04.16-08.19.52:056][  0]LogModuleManager: Shutting down and abandoning module CollectionManager (486)
[2017.04.16-08.19.52:056][  0]LogDirectoryWatcher: A directory notification for 'E:/Quantum/Content/Collections/' was aborted.
[2017.04.16-08.19.52:056][  0]LogDirectoryWatcher: A directory notification for 'E:/Quantum/Content/Developers/Proto/Collections/' was aborted.
[2017.04.16-08.19.52:056][  0]LogDirectoryWatcher: A directory notification for 'E:/Quantum/Saved/Collections/' was aborted.
[2017.04.16-08.19.52:056][  0]LogModuleManager: Shutting down and abandoning module StatsViewer (484)
[2017.04.16-08.19.52:056][  0]LogModuleManager: Shutting down and abandoning module FoliageEdit (482)
[2017.04.16-08.19.52:056][  0]LogModuleManager: Shutting down and abandoning module LandscapeEditor (480)
[2017.04.16-08.19.52:056][  0]LogModuleManager: Shutting down and abandoning module SceneDepthPickerMode (478)
[2017.04.16-08.19.52:056][  0]LogModuleManager: Shutting down and abandoning module ActorPickerMode (476)
[2017.04.16-08.19.52:056][  0]LogModuleManager: Shutting down and abandoning module GeometryMode (474)
[2017.04.16-08.19.52:056][  0]LogModuleManager: Shutting down and abandoning module TextureAlignMode (472)
[2017.04.16-08.19.52:056][  0]LogModuleManager: Shutting down and abandoning module BspMode (470)
[2017.04.16-08.19.52:056][  0]LogModuleManager: Shutting down and abandoning module HardwareSurvey (468)
[2017.04.16-08.19.52:056][  0]LogModuleManager: Shutting down and abandoning module SequenceRecorderSections (466)
[2017.04.16-08.19.52:056][  0]LogModuleManager: Shutting down and abandoning module AutomationWorker (464)
[2017.04.16-08.19.52:056][  0]LogModuleManager: Shutting down and abandoning module MatineeToLevelSequence (462)
[2017.04.16-08.19.52:056][  0]LogModuleManager: Shutting down and abandoning module LevelSequenceEditor (460)
[2017.04.16-08.19.52:057][  0]LogModuleManager: Shutting down and abandoning module PlacementMode (459)
[2017.04.16-08.19.52:057][  0]LogModuleManager: Shutting down and abandoning module WmfMediaFactory (456)
[2017.04.16-08.19.52:057][  0]LogModuleManager: Shutting down and abandoning module WmfMediaEditor (454)
[2017.04.16-08.19.52:057][  0]LogModuleManager: Shutting down and abandoning module MfMediaFactory (452)
[2017.04.16-08.19.52:057][  0]LogModuleManager: Shutting down and abandoning module MfMediaEditor (450)
[2017.04.16-08.19.52:057][  0]LogModuleManager: Shutting down and abandoning module AvfMediaFactory (448)
[2017.04.16-08.19.52:057][  0]LogModuleManager: Shutting down and abandoning module AvfMediaEditor (446)
[2017.04.16-08.19.52:057][  0]LogModuleManager: Shutting down and abandoning module AndroidMediaFactory (444)
[2017.04.16-08.19.52:057][  0]LogModuleManager: Shutting down and abandoning module Media (443)
[2017.04.16-08.19.52:057][  0]LogModuleManager: Shutting down and abandoning module AndroidMediaEditor (440)
[2017.04.16-08.19.52:057][  0]LogModuleManager: Shutting down and abandoning module CharacterAI (438)
[2017.04.16-08.19.52:057][  0]LogModuleManager: Shutting down and abandoning module AudioCapture (436)
[2017.04.16-08.19.52:057][  0]LogModuleManager: Shutting down and abandoning module SequenceRecorder (435)
[2017.04.16-08.19.52:057][  0]LogModuleManager: Shutting down and abandoning module SmartSnapping (432)
[2017.04.16-08.19.52:057][  0]LogModuleManager: Shutting down and abandoning module SessionServices (430)
[2017.04.16-08.19.52:057][  0]LogModuleManager: Shutting down and abandoning module ViewportSnapping (428)
[2017.04.16-08.19.52:057][  0]LogModuleManager: Shutting down and abandoning module ViewportInteraction (426)
[2017.04.16-08.19.52:057][  0]LogModuleManager: Shutting down and abandoning module LogVisualizer (424)
[2017.04.16-08.19.52:058][  0]LogModuleManager: Shutting down and abandoning module IntroTutorials (422)
[2017.04.16-08.19.52:058][  0]LogModuleManager: Shutting down and abandoning module GameProjectGeneration (421)
[2017.04.16-08.19.52:059][  0]LogModuleManager: Shutting down and abandoning module EditorLiveStreaming (418)
[2017.04.16-08.19.52:059][  0]LogModuleManager: Shutting down and abandoning module IOSPlatformEditor (416)
[2017.04.16-08.19.52:059][  0]LogModuleManager: Shutting down and abandoning module HTML5PlatformEditor (414)
[2017.04.16-08.19.52:059][  0]LogModuleManager: Shutting down and abandoning module AndroidPlatformEditor (412)
[2017.04.16-08.19.52:059][  0]LogModuleManager: Shutting down and abandoning module AndroidDeviceDetection (411)
[2017.04.16-08.19.53:037][  0]LogModuleManager: Shutting down and abandoning module IOSRuntimeSettings (408)
[2017.04.16-08.19.53:037][  0]LogModuleManager: Shutting down and abandoning module AndroidRuntimeSettings (406)
[2017.04.16-08.19.53:037][  0]LogModuleManager: Shutting down and abandoning module InputBindingEditor (404)
[2017.04.16-08.19.53:037][  0]LogModuleManager: Shutting down and abandoning module NiagaraEditor (402)
[2017.04.16-08.19.53:043][  0]LogModuleManager: Shutting down and abandoning module MergeActors (400)
[2017.04.16-08.19.53:044][  0]LogModuleManager: Shutting down and abandoning module SizeMap (398)
[2017.04.16-08.19.53:044][  0]LogModuleManager: Shutting down and abandoning module TreeMap (396)
[2017.04.16-08.19.53:044][  0]LogModuleManager: Shutting down and abandoning module ReferenceViewer (394)
[2017.04.16-08.19.53:044][  0]LogModuleManager: Shutting down and abandoning module LocalizationDashboard (392)
[2017.04.16-08.19.53:045][  0]LogModuleManager: Shutting down and abandoning module LocalizationService (391)
[2017.04.16-08.19.53:045][  0]LogModuleManager: Shutting down and abandoning module HardwareTargeting (388)
[2017.04.16-08.19.53:045][  0]LogModuleManager: Shutting down and abandoning module DeviceProfileEditor (386)
[2017.04.16-08.19.53:045][  0]LogModuleManager: Shutting down and abandoning module UndoHistory (384)
[2017.04.16-08.19.53:045][  0]LogModuleManager: Shutting down and abandoning module UserFeedback (382)
[2017.04.16-08.19.53:045][  0]LogModuleManager: Shutting down and abandoning module XmlParser (380)
[2017.04.16-08.19.53:045][  0]LogModuleManager: Shutting down and abandoning module Blutility (378)
[2017.04.16-08.19.53:045][  0]LogModuleManager: Shutting down and abandoning module ProjectSettingsViewer (376)
[2017.04.16-08.19.53:045][  0]LogModuleManager: Shutting down and abandoning module ProjectTargetPlatformEditor (375)
[2017.04.16-08.19.53:046][  0]LogModuleManager: Shutting down and abandoning module EditorSettingsViewer (372)
[2017.04.16-08.19.53:046][  0]LogModuleManager: Shutting down and abandoning module SettingsEditor (370)
[2017.04.16-08.19.53:046][  0]LogModuleManager: Shutting down and abandoning module ProjectLauncher (368)
[2017.04.16-08.19.53:046][  0]LogModuleManager: Shutting down and abandoning module SessionFrontend (366)
[2017.04.16-08.19.53:047][  0]LogModuleManager: Shutting down and abandoning module ProfilerClient (364)
[2017.04.16-08.19.53:047][  0]LogModuleManager: Shutting down and abandoning module DeviceManager (362)
[2017.04.16-08.19.53:048][  0]LogModuleManager: Shutting down and abandoning module TargetDeviceServices (361)
[2017.04.16-08.19.53:090][  0]LogModuleManager: Shutting down and abandoning module AutomationController (358)
[2017.04.16-08.19.53:090][  0]LogModuleManager: Shutting down and abandoning module AutomationWindow (356)
[2017.04.16-08.19.53:092][  0]LogModuleManager: Shutting down and abandoning module Layers (354)
[2017.04.16-08.19.53:094][  0]LogModuleManager: Shutting down and abandoning module ComponentVisualizers (352)
[2017.04.16-08.19.53:094][  0]LogModuleManager: Shutting down and abandoning module DetailCustomizations (350)
[2017.04.16-08.19.53:094][  0]LogModuleManager: Shutting down and abandoning module PackagesDialog (348)
[2017.04.16-08.19.53:094][  0]LogModuleManager: Shutting down and abandoning module Persona (346)
[2017.04.16-08.19.53:095][  0]LogModuleManager: Shutting down and abandoning module AnimGraph (345)
[2017.04.16-08.19.53:095][  0]LogModuleManager: Shutting down and abandoning module Kismet (342)
[2017.04.16-08.19.53:096][  0]LogModuleManager: Shutting down and abandoning module GraphEditor (340)
[2017.04.16-08.19.53:099][  0]LogModuleManager: Shutting down and abandoning module ClassViewer (338)
[2017.04.16-08.19.53:099][  0]LogModuleManager: Shutting down and abandoning module Toolbox (336)
[2017.04.16-08.19.53:099][  0]LogModuleManager: Shutting down and abandoning module ModuleUI (334)
[2017.04.16-08.19.53:102][  0]LogModuleManager: Shutting down and abandoning module MovieSceneTools (332)
[2017.04.16-08.19.53:104][  0]LogModuleManager: Shutting down and abandoning module OutputLog (330)
[2017.04.16-08.19.53:104][  0]LogModuleManager: Shutting down and abandoning module GammaUI (328)
[2017.04.16-08.19.53:105][  0]LogModuleManager: Shutting down and abandoning module Documentation (326)
[2017.04.16-08.19.53:107][  0]LogModuleManager: Shutting down and abandoning module Niagara (324)
[2017.04.16-08.19.53:107][  0]LogModuleManager: Shutting down and abandoning module StreamingPauseRendering (322)
[2017.04.16-08.19.53:107][  0]LogModuleManager: Shutting down and abandoning module AnalyticsET (320)
[2017.04.16-08.19.53:107][  0]LogModuleManager: Shutting down and abandoning module PortalServices (318)
[2017.04.16-08.19.53:109][  0]LogModuleManager: Shutting down and abandoning module PortalRpc (316)
[2017.04.16-08.19.53:109][  0]LogModuleManager: Shutting down and abandoning module MessagingRpc (314)
[2017.04.16-08.19.53:109][  0]LogModuleManager: Shutting down and abandoning module AIModule (312)
[2017.04.16-08.19.53:109][  0]LogModuleManager: Shutting down and abandoning module GameplayDebugger (311)
[2017.04.16-08.19.53:109][  0]LogModuleManager: Shutting down and abandoning module AITestSuite (309)
[2017.04.16-08.19.53:109][  0]LogModuleManager: Shutting down and abandoning module ProfilerService (306)
[2017.04.16-08.19.53:209][  0]LogModuleManager: Shutting down and abandoning module TaskGraph (304)
[2017.04.16-08.19.53:210][  0]LogModuleManager: Shutting down and abandoning module SteamVRController (302)
[2017.04.16-08.19.53:210][  0]LogModuleManager: Shutting down and abandoning module SteamVR (300)
[2017.04.16-08.19.53:210][  0]LogModuleManager: Shutting down and abandoning module ProceduralMeshComponentEditor (298)
[2017.04.16-08.19.53:210][  0]LogModuleManager: Shutting down and abandoning module ProceduralMeshComponent (296)
[2017.04.16-08.19.53:210][  0]LogModuleManager: Shutting down and abandoning module OculusLibrary (294)
[2017.04.16-08.19.53:210][  0]LogModuleManager: Shutting down and abandoning module OculusInput (292)
[2017.04.16-08.19.53:210][  0]LogModuleManager: Shutting down and abandoning module MobilePatchingUtils (290)
[2017.04.16-08.19.53:210][  0]LogModuleManager: Shutting down and abandoning module CustomMeshComponent (288)
[2017.04.16-08.19.53:210][  0]LogModuleManager: Shutting down and abandoning module CableComponent (286)
[2017.04.16-08.19.53:210][  0]LogModuleManager: Shutting down and abandoning module ArchVisCharacter (284)
[2017.04.16-08.19.53:210][  0]LogModuleManager: Shutting down and abandoning module MediaPlayerEditor (280)
[2017.04.16-08.19.53:211][  0]LogModuleManager: Shutting down and abandoning module HTML5Networking (278)
[2017.04.16-08.19.53:211][  0]LogModuleManager: Shutting down and abandoning module AlembicImporter (276)
[2017.04.16-08.19.53:212][  0]LogModuleManager: Shutting down and abandoning module AlembicLibrary (275)
[2017.04.16-08.19.53:212][  0]LogModuleManager: Shutting down and abandoning module GeometryCache (274)
[2017.04.16-08.19.53:212][  0]LogModuleManager: Shutting down and abandoning module GeometryCacheEd (273)
[2017.04.16-08.19.53:212][  0]LogModuleManager: Shutting down and abandoning module SuperSearchEditor (268)
[2017.04.16-08.19.53:212][  0]LogModuleManager: Shutting down and abandoning module SuperSearch (267)
[2017.04.16-08.19.53:212][  0]LogModuleManager: Shutting down and abandoning module SpeedTreeImporter (264)
[2017.04.16-08.19.53:212][  0]LogModuleManager: Shutting down and abandoning module PluginBrowser (262)
[2017.04.16-08.19.53:212][  0]LogModuleManager: Shutting down and abandoning module MobileLauncherProfileWizard (260)
[2017.04.16-08.19.53:213][  0]LogModuleManager: Shutting down and abandoning module EpicSurvey (258)
[2017.04.16-08.19.53:213][  0]LogModuleManager: Shutting down and abandoning module VisualStudioSourceCodeAccess (256)
[2017.04.16-08.19.53:213][  0]LogModuleManager: Shutting down and abandoning module DesktopPlatform (255)
[2017.04.16-08.19.53:213][  0]LogModuleManager: Shutting down and abandoning module UObjectPlugin (252)
[2017.04.16-08.19.53:213][  0]LogModuleManager: Shutting down and abandoning module SubversionSourceControl (250)
[2017.04.16-08.19.53:213][  0]LogModuleManager: Shutting down and abandoning module PerforceSourceControl (248)
[2017.04.16-08.19.53:213][  0]LogModuleManager: Shutting down and abandoning module GitSourceControl (246)
[2017.04.16-08.19.53:213][  0]LogModuleManager: Shutting down and abandoning module SourceControl (245)
[2017.04.16-08.19.53:213][  0]LogModuleManager: Shutting down and abandoning module LightPropagationVolumeEditor (242)
[2017.04.16-08.19.53:213][  0]LogModuleManager: Shutting down and abandoning module PaperTiledImporter (240)
[2017.04.16-08.19.53:213][  0]LogModuleManager: Shutting down and abandoning module PaperSpriteSheetImporter (238)
[2017.04.16-08.19.53:213][  0]LogModuleManager: Shutting down and abandoning module Paper2DEditor (236)
[2017.04.16-08.19.53:214][  0]LogModuleManager: Shutting down and abandoning module MeshPaint (235)
[2017.04.16-08.19.53:214][  0]LogModuleManager: Shutting down and abandoning module LevelEditor (233)
[2017.04.16-08.19.53:215][  0]LogModuleManager: Shutting down and abandoning module PixelInspectorModule (232)
[2017.04.16-08.19.53:216][  0]LogModuleManager: Shutting down and abandoning module MainFrame (230)
[2017.04.16-08.19.53:216][  0]LogModuleManager: Shutting down and abandoning module HotReload (229)
[2017.04.16-08.19.53:216][  0]LogModuleManager: Shutting down and abandoning module ContentBrowser (225)
[2017.04.16-08.19.53:218][  0]LogModuleManager: Shutting down and abandoning module PhysXVehiclesEditor (222)
[2017.04.16-08.19.53:218][  0]LogModuleManager: Shutting down and abandoning module PhysXVehicles (220)
[2017.04.16-08.19.53:218][  0]LogModuleManager: Shutting down and abandoning module LocationServicesBPLibrary (218)
[2017.04.16-08.19.53:218][  0]LogModuleManager: Shutting down and abandoning module UdpMessaging (216)
[2017.04.16-08.19.53:319][  0]LogModuleManager: Shutting down and abandoning module TcpMessaging (214)
[2017.04.16-08.19.53:419][  0]LogModuleManager: Shutting down and abandoning module GameplayTagsEditor (212)
[2017.04.16-08.19.53:419][  0]LogModuleManager: Shutting down and abandoning module FacialAnimationEditor (210)
[2017.04.16-08.19.53:420][  0]LogModuleManager: Shutting down and abandoning module FacialAnimation (208)
[2017.04.16-08.19.53:420][  0]LogModuleManager: Shutting down and abandoning module LightPropagationVolumeRuntime (206)
[2017.04.16-08.19.53:420][  0]LogModuleManager: Shutting down and abandoning module Paper2D (204)
[2017.04.16-08.19.53:420][  0]LogModuleManager: Shutting down and abandoning module WindowsMoviePlayer (202)
[2017.04.16-08.19.53:420][  0]LogModuleManager: Shutting down and abandoning module WmfMedia (200)
[2017.04.16-08.19.53:420][  0]LogModuleManager: Shutting down and abandoning module MfMedia (198)
[2017.04.16-08.19.53:420][  0]LogModuleManager: Shutting down and abandoning module MediaAssets (196)
[2017.04.16-08.19.53:420][  0]LogModuleManager: Shutting down and abandoning module GameLiveStreaming (194)
[2017.04.16-08.19.53:420][  0]LogModuleManager: Shutting down and abandoning module VREditor (192)
[2017.04.16-08.19.53:420][  0]LogModuleManager: Shutting down and abandoning module GameplayTasksEditor (190)
[2017.04.16-08.19.53:420][  0]LogModuleManager: Shutting down and abandoning module BehaviorTreeEditor (188)
[2017.04.16-08.19.53:421][  0]LogModuleManager: Shutting down and abandoning module FunctionalTesting (186)
[2017.04.16-08.19.53:421][  0]LogModuleManager: Shutting down and abandoning module CollisionAnalyzer (184)
[2017.04.16-08.19.53:421][  0]LogModuleManager: Shutting down and abandoning module UMG (182)
[2017.04.16-08.19.53:422][  0]LogModuleManager: Shutting down and abandoning module UMGEditor (181)
[2017.04.16-08.19.53:423][  0]LogModuleManager: Shutting down and abandoning module Sequencer (180)
[2017.04.16-08.19.53:424][  0]LogModuleManager: Shutting down and abandoning module AssetTools (178)
[2017.04.16-08.19.53:425][  0]LogModuleManager: Shutting down and abandoning module MessageLog (177)
[2017.04.16-08.19.53:425][  0]LogModuleManager: Shutting down and abandoning module WorkspaceMenuStructure (176)
[2017.04.16-08.19.53:425][  0]LogModuleManager: Shutting down and abandoning module SlateReflector (170)
[2017.04.16-08.19.53:426][  0]LogModuleManager: Shutting down and abandoning module Slate (168)
[2017.04.16-08.19.53:426][  0]LogModuleManager: Shutting down and abandoning module EditorStyle (166)
[2017.04.16-08.19.53:429][  0]LogModuleManager: Shutting down and abandoning module SourceCodeAccess (164)
[2017.04.16-08.19.53:429][  0]LogModuleManager: Shutting down and abandoning module HeadMountedDisplay (162)
[2017.04.16-08.19.53:429][  0]LogModuleManager: Shutting down and abandoning module XAudio2 (160)
[2017.04.16-08.19.53:429][  0]LogModuleManager: Shutting down and abandoning module Networking (158)
[2017.04.16-08.19.53:429][  0]LogModuleManager: Shutting down and abandoning module Core (154)
[2017.04.16-08.19.53:429][  0]LogModuleManager: Shutting down and abandoning module AssetRegistry (152)
[2017.04.16-08.19.53:652][  0]LogDirectoryWatcher: A directory notification for '../../../Engine/Content/' was aborted.
[2017.04.16-08.19.53:653][  0]LogDirectoryWatcher: A directory notification for 'E:/Quantum/Content/' was aborted.
[2017.04.16-08.19.53:653][  0]LogDirectoryWatcher: A directory notification for '../../../Engine/Plugins/2D/Paper2D/Content/' was aborted.
[2017.04.16-08.19.53:653][  0]LogModuleManager: Shutting down and abandoning module DirectoryWatcher (151)
[2017.04.16-08.19.53:654][  0]LogModuleManager: Shutting down and abandoning module KismetCompiler (148)
[2017.04.16-08.19.53:654][  0]LogModuleManager: Shutting down and abandoning module PhysXFormats (146)
[2017.04.16-08.19.53:654][  0]LogModuleManager: Shutting down and abandoning module MeshUtilities (144)
[2017.04.16-08.19.53:654][  0]LogModuleManager: Shutting down and abandoning module SimplygonSwarm (143)
[2017.04.16-08.19.53:654][  0]LogModuleManager: Shutting down and abandoning module SimplygonMeshReduction (141)
[2017.04.16-08.19.53:654][  0]LogModuleManager: Shutting down and abandoning module QuadricMeshReduction (139)
[2017.04.16-08.19.53:654][  0]LogModuleManager: Shutting down and abandoning module PropertyEditor (137)
[2017.04.16-08.19.53:654][  0]LogModuleManager: Shutting down and abandoning module DerivedDataCache (134)
[2017.04.16-08.19.53:655][  0]LogDerivedDataCache: Shutdown
[2017.04.16-08.19.53:655][  0]LogModuleManager: Shutting down and abandoning module TargetPlatform (132)
[2017.04.16-08.19.53:655][  0]LogModuleManager: Shutting down and abandoning module VulkanShaderFormat (131)
[2017.04.16-08.19.53:655][  0]LogModuleManager: Shutting down and abandoning module ShaderFormatOpenGL (129)
[2017.04.16-08.19.53:659][  0]LogModuleManager: Shutting down and abandoning module ShaderFormatD3D (127)
[2017.04.16-08.19.53:659][  0]LogModuleManager: Shutting down and abandoning module MetalShaderFormat (125)
[2017.04.16-08.19.53:660][  0]LogModuleManager: Shutting down and abandoning module TextureFormatUncompressed (123)
[2017.04.16-08.19.53:660][  0]LogModuleManager: Shutting down and abandoning module TextureFormatPVR (121)
[2017.04.16-08.19.53:660][  0]LogModuleManager: Shutting down and abandoning module TextureFormatDXT (119)
[2017.04.16-08.19.53:660][  0]LogModuleManager: Shutting down and abandoning module TextureFormatIntelISPCTexComp (117)
[2017.04.16-08.19.53:661][  0]LogModuleManager: Shutting down and abandoning module TextureFormatASTC (115)
[2017.04.16-08.19.53:661][  0]LogModuleManager: Shutting down and abandoning module ImageWrapper (114)
[2017.04.16-08.19.53:661][  0]LogModuleManager: Shutting down and abandoning module TextureFormatAndroid (111)
[2017.04.16-08.19.53:661][  0]LogModuleManager: Shutting down and abandoning module AudioFormatOpus (109)
[2017.04.16-08.19.53:661][  0]LogModuleManager: Shutting down and abandoning module AudioFormatOgg (107)
[2017.04.16-08.19.53:661][  0]LogModuleManager: Shutting down and abandoning module AudioFormatADPCM (105)
[2017.04.16-08.19.53:661][  0]LogModuleManager: Shutting down and abandoning module LinuxTargetPlatform (103)
[2017.04.16-08.19.53:661][  0]LogModuleManager: Shutting down and abandoning module LinuxServerTargetPlatform (101)
[2017.04.16-08.19.53:661][  0]LogModuleManager: Shutting down and abandoning module LinuxNoEditorTargetPlatform (99)
[2017.04.16-08.19.53:661][  0]LogModuleManager: Shutting down and abandoning module LinuxClientTargetPlatform (97)
[2017.04.16-08.19.53:661][  0]LogModuleManager: Shutting down and abandoning module TVOSTargetPlatform (95)
[2017.04.16-08.19.53:661][  0]LogModuleManager: Shutting down and abandoning module Messaging (93)
[2017.04.16-08.19.53:661][  0]LogModuleManager: Shutting down and abandoning module IOSTargetPlatform (91)
[2017.04.16-08.19.53:661][  0]LogModuleManager: Shutting down and abandoning module HTML5TargetPlatform (89)
[2017.04.16-08.19.53:661][  0]LogModuleManager: Shutting down and abandoning module Android_PVRTCTargetPlatform (87)
[2017.04.16-08.19.53:661][  0]LogModuleManager: Shutting down and abandoning module Android_MultiTargetPlatform (85)
[2017.04.16-08.19.53:661][  0]LogModuleManager: Shutting down and abandoning module Android_ETC2TargetPlatform (83)
[2017.04.16-08.19.53:661][  0]LogModuleManager: Shutting down and abandoning module Android_ETC1TargetPlatform (81)
[2017.04.16-08.19.53:661][  0]LogModuleManager: Shutting down and abandoning module Android_DXTTargetPlatform (79)
[2017.04.16-08.19.53:661][  0]LogModuleManager: Shutting down and abandoning module Android_ATCTargetPlatform (77)
[2017.04.16-08.19.53:661][  0]LogModuleManager: Shutting down and abandoning module Android_ASTCTargetPlatform (75)
[2017.04.16-08.19.53:661][  0]LogModuleManager: Shutting down and abandoning module AndroidTargetPlatform (73)
[2017.04.16-08.19.53:661][  0]LogModuleManager: Shutting down and abandoning module WindowsTargetPlatform (71)
[2017.04.16-08.19.53:661][  0]LogModuleManager: Shutting down and abandoning module WindowsServerTargetPlatform (69)
[2017.04.16-08.19.53:661][  0]LogModuleManager: Shutting down and abandoning module WindowsNoEditorTargetPlatform (67)
[2017.04.16-08.19.53:661][  0]LogModuleManager: Shutting down and abandoning module WindowsClientTargetPlatform (65)
[2017.04.16-08.19.53:661][  0]LogModuleManager: Shutting down and abandoning module MacTargetPlatform (63)
[2017.04.16-08.19.53:661][  0]LogModuleManager: Shutting down and abandoning module MacServerTargetPlatform (61)
[2017.04.16-08.19.53:661][  0]LogModuleManager: Shutting down and abandoning module MacNoEditorTargetPlatform (59)
[2017.04.16-08.19.53:661][  0]LogModuleManager: Shutting down and abandoning module MacClientTargetPlatform (57)
[2017.04.16-08.19.53:661][  0]LogModuleManager: Shutting down and abandoning module AllDesktopTargetPlatform (55)
[2017.04.16-08.19.53:661][  0]LogModuleManager: Shutting down and abandoning module InputCore (52)
[2017.04.16-08.19.53:661][  0]LogModuleManager: Shutting down and abandoning module Settings (50)
[2017.04.16-08.19.53:661][  0]LogModuleManager: Shutting down and abandoning module OculusRift (48)
[2017.04.16-08.19.53:661][  0]LogModuleManager: Shutting down and abandoning module GearVR (46)
[2017.04.16-08.19.53:661][  0]LogModuleManager: Shutting down and abandoning module ExampleDeviceProfileSelector (44)
[2017.04.16-08.19.53:661][  0]LogModuleManager: Shutting down and abandoning module OnlineBlueprintSupport (42)
[2017.04.16-08.19.53:661][  0]LogModuleManager: Shutting down and abandoning module OnlineSubsystem (38)
[2017.04.16-08.19.53:661][  0]LogOnline:Display: Unloading online subsystem: NULL
[2017.04.16-08.19.53:662][  0]LogModuleManager: Shutting down and abandoning module XMPP (37)
[2017.04.16-08.19.53:662][  0]LogModuleManager: Shutting down and abandoning module HTTP (35)
[2017.04.16-08.19.53:662][  0]LogHttp:Display: Http module shutting down, but needs to wait on 1 outstanding Http requests:
[2017.04.16-08.19.53:662][  0]LogHttp:Display: 	verb=[POST] url=[https://datarouter.ol.epicgames.com/datarouter/api/v1/public/data?SessionID=%7B692031A4-4F5E-65F1-5B9C-9AADFE496D12%7D&AppID=UEEditor.Rocket.Release&AppVersion=4.15.1-3348071%2B%2B%2BUE4%2BRelease-4.15&UserID=a61171e044b9a12f75c700b5761068bd%7Cb51ba83205af482cbc94873afb168383%7Cc7de8c65-944b-4d52-96be-f5614652c6bc&AppEnvironment=datacollector-binary&UploadType=eteventstream] status=Processing
[2017.04.16-08.19.53:697][  0]LogModuleManager: Shutting down and abandoning module SSL (34)
[2017.04.16-08.19.53:698][  0]LogModuleManager: Shutting down and abandoning module AudioEditor (30)
[2017.04.16-08.19.53:698][  0]LogModuleManager: Shutting down and abandoning module TextureCompressor (28)
[2017.04.16-08.19.53:699][  0]LogModuleManager: Shutting down and abandoning module ShaderCore (26)
[2017.04.16-08.19.53:699][  0]LogModuleManager: Shutting down and abandoning module Landscape (24)
[2017.04.16-08.19.53:699][  0]LogModuleManager: Shutting down and abandoning module SlateRHIRenderer (22)
[2017.04.16-08.19.53:700][  0]LogModuleManager: Shutting down and abandoning module OpenGLDrv (20)
[2017.04.16-08.19.53:701][  0]LogModuleManager: Shutting down and abandoning module D3D11RHI (18)
[2017.04.16-08.19.53:701][  0]LogModuleManager: Shutting down and abandoning module AnimGraphRuntime (16)
[2017.04.16-08.19.53:701][  0]LogModuleManager: Shutting down and abandoning module Renderer (14)
[2017.04.16-08.19.53:701][  0]LogModuleManager: Shutting down and abandoning module Engine (12)
[2017.04.16-08.19.53:701][  0]LogModuleManager: Shutting down and abandoning module CoreUObject (10)
[2017.04.16-08.19.53:701][  0]LogModuleManager: Shutting down and abandoning module NetworkFile (8)
[2017.04.16-08.19.53:701][  0]LogModuleManager: Shutting down and abandoning module StreamingFile (6)
[2017.04.16-08.19.53:701][  0]LogModuleManager: Shutting down and abandoning module SandboxFile (4)
[2017.04.16-08.19.53:701][  0]LogModuleManager: Shutting down and abandoning module PakFile (2)
[2017.04.16-08.19.53:703][  0]LogExit: Exiting.
[2017.04.16-08.19.53:704][  0]Log file closed, 04/16/17 15:19:53
