Log file open, 03/26/17 02:34:17
LogInit:Display: Running engine for game: Quantum
LogPlatformFile: Not using cached read wrapper
LogInit:Display: RandInit(-704147481) SRandInit(-704147481).
LogTaskGraph: Started task graph with 5 named threads and 8 total threads with 1 sets of task threads.
LogStats: Stats thread started at 0.078542
LogInit: Using libcurl 7.47.1
LogInit:  - built for x86_64-pc-win32
LogInit:  - supports SSL with OpenSSL/1.0.2g
LogInit:  - supports HTTP deflate (compression) using libz 1.2.8
LogInit:  - other features:
LogInit:      CURL_VERSION_SSL
LogInit:      CURL_VERSION_LIBZ
LogInit:      CURL_VERSION_IPV6
LogInit:      CURL_VERSION_ASYNCHDNS
LogInit:      CURL_VERSION_LARGEFILE
LogInit:      CURL_VERSION_IDN
LogInit:  CurlRequestOptions (configurable via config and command line):
LogInit:  - bVerifyPeer = false  - Libcurl will NOT verify peer certificate
LogInit:  - bUseHttpProxy = false  - Libcurl will NOT use HTTP proxy
LogInit:  - bDontReuseConnections = false  - Libcurl will reuse connections
LogInit:  - CertBundlePath = nullptr  - Libcurl will use whatever was configured at build time.
LogInit: Build: ++UE4+Release-4.15-CL-3348071
LogInit: Engine Version: 4.15.1-3348071+++UE4+Release-4.15
LogInit: Compatible Engine Version: 4.15.0-3299760+++UE4+Release-4.15
LogInit: Net CL: 3299760
LogDevObjectVersion: Number of dev versions registered: 14
LogDevObjectVersion:   Dev-Blueprints (B0D832E4-1F89-4F0D-ACCF-7EB736FD4AA2): 8
LogDevObjectVersion:   Dev-Build (E1C64328-A22C-4D53-A36C-8E866417BD8C): 0
LogDevObjectVersion:   Dev-Core (375EC13C-06E4-48FB-B500-84F0262A717E): 2
LogDevObjectVersion:   Dev-Editor (E4B068ED-F494-42E9-A231-DA0B2E46BB41): 14
LogDevObjectVersion:   Dev-Framework (CFFC743F-43B0-4480-9391-14DF171D2073): 22
LogDevObjectVersion:   Dev-Mobile (B02B49B5-BB20-44E9-A304-32B752E40360): 0
LogDevObjectVersion:   Dev-Networking (A4E4105C-59A1-49B5-A7C5-40C4547EDFEE): 0
LogDevObjectVersion:   Dev-Online (39C831C9-5AE6-47DC-9A44-9C173E1C8E7C): 0
LogDevObjectVersion:   Dev-Physics (78F01B33-EBEA-4F98-B9B4-84EACCB95AA2): 0
LogDevObjectVersion:   Dev-Platform (6631380F-2D4D-43E0-8009-CF276956A95A): 0
LogDevObjectVersion:   Dev-Rendering (12F88B9F-8875-4AFC-A67C-D90C383ABD29): 12
LogDevObjectVersion:   Dev-Sequencer (7B5AE74C-D270-4C10-A958-57980B212A5A): 3
LogDevObjectVersion:   Dev-VR (D7296918-1DD6-4BDD-9DE2-64A83CC13884): 0
LogDevObjectVersion:   Dev-LoadTimes (C2A15278-BFE7-4AFE-6C17-90FF531DF755): 1
LogInit: Compiled (64-bit): Mar 15 2017 16:52:47
LogInit: Compiled with Visual C++: 19.00.23026.00
LogInit: Build Configuration: Development
LogInit: Branch Name: ++UE4+Release-4.15
LogInit: Command line:  
LogInit: Base directory: C:/Program Files/Epic Games/UE_4.15/Engine/Binaries/Win64/
LogInit: Installed Engine Build: 1
LogInit: Presizing for max 8388607 objects, including 0 objects not considered by GC, pre-allocating 0 bytes for permanent pool.
LogInit: Object subsystem initialized
[2017.03.25-19.34.18:300][  0]LogInit: Selected Device Profile: [Windows]
[2017.03.25-19.34.18:300][  0]LogInit: Applying CVar settings loaded from the selected device profile: [Windows]
[2017.03.25-19.34.18:308][  0]LogInit: Computer: KOKO-IMMORTAL
[2017.03.25-19.34.18:308][  0]LogInit: User: Proto
[2017.03.25-19.34.18:308][  0]LogInit: CPU Page size=65536, Cores=4
[2017.03.25-19.34.18:308][  0]LogInit: High frequency timer resolution =3.328130 MHz
[2017.03.25-19.34.18:308][  0]LogMemory: Memory total: Physical=16.0GB (16GB approx)
[2017.03.25-19.34.18:308][  0]LogMemory: Platform Memory Stats for Windows
[2017.03.25-19.34.18:308][  0]LogMemory: Process Physical Memory: 261.67 MB used, 261.67 MB peak
[2017.03.25-19.34.18:308][  0]LogMemory: Process Virtual Memory: 262.38 MB used, 262.38 MB peak
[2017.03.25-19.34.18:308][  0]LogMemory: Physical Memory: 5650.85 MB used,  10691.89 MB free, 16342.74 MB total
[2017.03.25-19.34.18:308][  0]LogMemory: Virtual Memory: 643.98 MB used,  10691.89 MB free, 134217728.00 MB total
[2017.03.25-19.34.18:388][  0]LogTextLocalizationManager: No specific translations for ('en-US') exist, so ('en') translations will be used.
[2017.03.25-19.34.18:971][  0]LogD3D11RHI: D3D11 adapters:
[2017.03.25-19.34.19:523][  0]LogD3D11RHI:    0. 'NVIDIA GeForce GTX 1060 6GB' (Feature Level 11_0)
[2017.03.25-19.34.19:523][  0]LogD3D11RHI:       6084/0/8171 MB DedicatedVideo/DedicatedSystem/SharedSystem, Outputs:2, VendorId:0x10de
[2017.03.25-19.34.19:524][  0]LogD3D11RHI:    1. 'Microsoft Basic Render Driver' (Feature Level 11_0)
[2017.03.25-19.34.19:524][  0]LogD3D11RHI:       0/0/8171 MB DedicatedVideo/DedicatedSystem/SharedSystem, Outputs:0, VendorId:0x1414
[2017.03.25-19.34.19:524][  0]LogD3D11RHI: Chosen D3D11 Adapter: 0
[2017.03.25-19.34.19:528][  0]LogD3D11RHI: Creating new Direct3DDevice
[2017.03.25-19.34.19:528][  0]LogD3D11RHI:     GPU DeviceId: 0x1c03 (for the marketing name, search the web for "GPU Device Id")
[2017.03.25-19.34.19:528][  0]LogWindows: EnumDisplayDevices:
[2017.03.25-19.34.19:528][  0]LogWindows:    0. 'NVIDIA GeForce GTX 1060 6GB' (P:1 D:1)
[2017.03.25-19.34.19:528][  0]LogWindows:    1. 'NVIDIA GeForce GTX 1060 6GB' (P:0 D:1)
[2017.03.25-19.34.19:529][  0]LogWindows:    2. 'NVIDIA GeForce GTX 1060 6GB' (P:0 D:0)
[2017.03.25-19.34.19:529][  0]LogWindows:    3. 'NVIDIA GeForce GTX 1060 6GB' (P:0 D:0)
[2017.03.25-19.34.19:529][  0]LogWindows: DebugString: FoundDriverCount:4 
[2017.03.25-19.34.19:529][  0]LogD3D11RHI:     Adapter Name: NVIDIA GeForce GTX 1060 6GB
[2017.03.25-19.34.19:529][  0]LogD3D11RHI:   Driver Version: 378.92 (internal:21.21.13.7892, unified:378.92)
[2017.03.25-19.34.19:529][  0]LogD3D11RHI:      Driver Date: 3-16-2017
[2017.03.25-19.34.19:529][  0]LogRHI: Texture pool is 1361 MB (70% of 1945 MB)
[2017.03.25-19.34.20:058][  0]LogD3D11RHI: Async texture creation enabled
[2017.03.25-19.34.20:086][  0]LogD3D11RHI: GPU Timing Frequency: 1000.000000 (Debug: 2 1)
[2017.03.25-19.34.20:179][  0]LogShaderCompilers: Guid format shader working directory is 35 characters bigger than the processId version (E:/Quantum/Intermediate/Shaders/WorkingDirectory/13240/).
[2017.03.25-19.34.20:179][  0]LogShaderCompilers: Cleaned the shader compiler working directory 'C:/Users/Proto/AppData/Local/Temp/UnrealShaderWorkingDir/3D9725E446F8D50DE143269133B946B9/'.
[2017.03.25-19.34.20:179][  0]LogShaderCompilers:Display: Using Local Shader Compiler.
[2017.03.25-19.34.21:147][  0]LogTemp:Display: Loaded TP AllDesktopTargetPlatform
[2017.03.25-19.34.21:195][  0]LogTemp:Display: Loaded TP MacClientTargetPlatform
[2017.03.25-19.34.21:245][  0]LogTemp:Display: Loaded TP MacNoEditorTargetPlatform
[2017.03.25-19.34.21:293][  0]LogTemp:Display: Loaded TP MacServerTargetPlatform
[2017.03.25-19.34.21:341][  0]LogTemp:Display: Loaded TP MacTargetPlatform
[2017.03.25-19.34.21:393][  0]LogTemp:Display: Loaded TP WindowsClientTargetPlatform
[2017.03.25-19.34.21:448][  0]LogTemp:Display: Loaded TP WindowsNoEditorTargetPlatform
[2017.03.25-19.34.21:498][  0]LogTemp:Display: Loaded TP WindowsServerTargetPlatform
[2017.03.25-19.34.21:539][  0]LogTemp:Display: Loaded TP WindowsTargetPlatform
[2017.03.25-19.34.21:589][  0]LogTemp:Display: Loaded TP AndroidTargetPlatform
[2017.03.25-19.34.21:640][  0]LogTemp:Display: Loaded TP Android_ASTCTargetPlatform
[2017.03.25-19.34.21:689][  0]LogTemp:Display: Loaded TP Android_ATCTargetPlatform
[2017.03.25-19.34.21:738][  0]LogTemp:Display: Loaded TP Android_DXTTargetPlatform
[2017.03.25-19.34.21:789][  0]LogTemp:Display: Loaded TP Android_ETC1TargetPlatform
[2017.03.25-19.34.21:839][  0]LogTemp:Display: Loaded TP Android_ETC2TargetPlatform
[2017.03.25-19.34.21:936][  0]LogTemp:Display: Loaded TP Android_MultiTargetPlatform
[2017.03.25-19.34.21:936][  0]LogTemp:Display: Loaded TP Android_PVRTCTargetPlatform
[2017.03.25-19.34.21:969][  0]LogTemp:Display: Loaded TP HTML5TargetPlatform
[2017.03.25-19.34.22:057][  0]LogTemp:Display: Loaded TP IOSTargetPlatform
[2017.03.25-19.34.22:091][  0]LogTemp:Display: Loaded TP TVOSTargetPlatform
[2017.03.25-19.34.22:141][  0]LogTemp:Display: Loaded TP LinuxClientTargetPlatform
[2017.03.25-19.34.22:191][  0]LogTemp:Display: Loaded TP LinuxNoEditorTargetPlatform
[2017.03.25-19.34.22:239][  0]LogTemp:Display: Loaded TP LinuxServerTargetPlatform
[2017.03.25-19.34.22:287][  0]LogTemp:Display: Loaded TP LinuxTargetPlatform
[2017.03.25-19.34.22:287][  0]LogTargetPlatformManager:Display: Building Assets For Windows
[2017.03.25-19.34.22:700][  0]LogDerivedDataCache:Display: Max Cache Size: 512 MB
[2017.03.25-19.34.22:769][  0]LogDerivedDataCache: Loaded boot cache 0.07s 50MB C:/Users/Proto/AppData/Local/UnrealEngine/4.15/DerivedDataCache/Boot.ddc.
[2017.03.25-19.34.22:769][  0]LogDerivedDataCache:Display: Loaded Boot cache: C:/Users/Proto/AppData/Local/UnrealEngine/4.15/DerivedDataCache/Boot.ddc
[2017.03.25-19.34.22:769][  0]LogDerivedDataCache: FDerivedDataBackendGraph:  Pak pak cache file E:/Quantum/DerivedDataCache/DDC.ddp not found, will not use a pak cache.
[2017.03.25-19.34.22:769][  0]LogDerivedDataCache: Unable to find inner node Pak for hierarchical cache Hierarchy.
[2017.03.25-19.34.22:769][  0]LogDerivedDataCache: FDerivedDataBackendGraph:  CompressedPak pak cache file E:/Quantum/DerivedDataCache/Compressed.ddp not found, will not use a pak cache.
[2017.03.25-19.34.22:769][  0]LogDerivedDataCache: Unable to find inner node CompressedPak for hierarchical cache Hierarchy.
[2017.03.25-19.34.22:787][  0]LogDerivedDataCache:Display: Pak cache opened for reading ../../../Engine/DerivedDataCache/Compressed.ddp.
[2017.03.25-19.34.22:799][  0]LogDerivedDataCache: Using Local data cache path C:/Users/Proto/AppData/Local/UnrealEngine/Common/DerivedDataCache: Writable
[2017.03.25-19.34.22:807][  0]LogSlate: Using Freetype 2.6.0
[2017.03.25-19.34.22:808][  0]LogSlate: SlateFontCache - WITH_FREETYPE: 1, WITH_HARFBUZZ: 1
[2017.03.25-19.34.22:808][  0]LogSlate: SlateFontCache - WITH_FREETYPE: 1, WITH_HARFBUZZ: 1
[2017.03.25-19.34.23:055][  0]LogInit: Selected Device Profile: [Windows]
[2017.03.25-19.34.23:057][  0]LogContentStreaming: Texture pool size is 0.00 MB
[2017.03.25-19.34.23:268][  0]LogMeshUtilities: Using QuadricMeshReduction for automatic static mesh reduction
[2017.03.25-19.34.23:310][  0]LogSimplygon: Simplygon DLL not present - disabling.
[2017.03.25-19.34.23:356][  0]LogMeshUtilities: Using SimplygonSwarm for distributed automatic mesh merging
[2017.03.25-19.34.23:356][  0]LogMeshUtilities: No automatic skeletal mesh reduction module available
[2017.03.25-19.34.23:356][  0]LogMeshUtilities: No automatic mesh merging module available
[2017.03.25-19.34.23:894][  0]LogNetVersion: GetLocalNetworkVersion: CL: 3299760, ProjectName: quantum, ProjectVersion: , EngineNetworkVersion: 2, GameNetworkVersion: 0, NetworkChecksum: 3234878722
[2017.03.25-19.34.23:939][  0]LogAssetRegistry: FAssetRegistry took 0.0213 seconds to start up
[2017.03.25-19.34.23:981][  0]LogPackageLocalizationCache: Processed 3 localized package path(s) for 2 prioritized culture(s) in 0.022305 seconds
[2017.03.25-19.34.23:988][  0]LogUObjectArray: 32493 objects as part of root set at end of initial load.
[2017.03.25-19.34.23:988][  0]LogUObjectAllocator: 7077024 out of 0 bytes used by permanent object pool.
[2017.03.25-19.34.23:988][  0]LogUObjectArray: CloseDisregardForGC: 0/0 objects in disregard for GC pool
[2017.03.25-19.34.24:043][  0]LogInit: WinSock: version 1.1 (2.2), MaxSocks=32767, MaxUdp=65467
[2017.03.25-19.34.25:453][  0]LogTcpMessaging: Initializing TcpMessaging bridge
[2017.03.25-19.34.25:488][  0]LogUdpMessaging: Initializing bridge on interface 0.0.0.0:0 to multicast group 230.0.0.1:6666.
[2017.03.25-19.34.25:913][  0]LogMaterial: Uniform references updated for custom material expression Custom.
[2017.03.25-19.34.26:257][  0]SourceControl: Info Source control is disabled
[2017.03.25-19.34.26:257][  0]SourceControl: Info Source control is disabled
[2017.03.25-19.34.26:300][  0]SourceControl: Info Source control is disabled
[2017.03.25-19.34.26:340][  0]SourceControl: Info Source control is disabled
[2017.03.25-19.34.27:455][  0]LogEngine: Initializing Engine...
[2017.03.25-19.34.27:455][  0]LogHMD: Failed to initialize OpenVR with code 110
[2017.03.25-19.34.27:670][  0]LogAIModule: Creating AISystem for world Untitled
[2017.03.25-19.34.27:679][  0]LogInit: XAudio2 using 'Headphones (2- High Definition Audio Device)' : 2 channels at 44.1 kHz using 16 bits per sample (channel mask 0x3)
[2017.03.25-19.34.27:688][  0]LogInit: FAudioDevice initialized.
[2017.03.25-19.34.27:758][  0]LogDerivedDataCache: Saved boot cache 0.07s 50MB C:/Users/Proto/AppData/Local/UnrealEngine/4.15/DerivedDataCache/Boot.ddc.
[2017.03.25-19.34.27:778][  0]LogInit: Texture streaming: Enabled
[2017.03.25-19.34.27:861][  0]LogEngineSessionManager: EngineSessionManager initialized
[2017.03.25-19.34.27:940][  0]LogInit: Transaction tracking system initialized
[2017.03.25-19.34.28:240][  0]BlueprintLog: New page: Editor Load
[2017.03.25-19.34.29:027][  0]LocalizationService: Info Localization service is disabled
[2017.03.25-19.34.29:624][  0]LogConsoleResponse:Display: 
[2017.03.25-19.34.29:746][  0]LogCook:Display: Max memory allowance for cook 16384mb min free memory 0mb
[2017.03.25-19.34.29:746][  0]LogCook:Display: Mobile HDR setting 1
[2017.03.25-19.34.30:250][  0]LogFileCache: Scanning file cache for directory 'E:/Quantum/Content/' took 0.01s
[2017.03.25-19.34.30:653][  0]SourceControl: Info Source control is disabled
[2017.03.25-19.34.30:653][  0]Cmd: MAP LOAD FILE="E:/Quantum/Content/StarterContent/Maps/Minimal_Default.umap" TEMPLATE=0 SHOWPROGRESS=1 FEATURELEVEL=3
[2017.03.25-19.34.30:653][  0]LightingResults: New page: Lighting Build
[2017.03.25-19.34.30:687][  0]MapCheck: New page: Map Check
[2017.03.25-19.34.30:687][  0]LightingResults: New page: Lighting Build
[2017.03.25-19.34.31:205][  0]LogAIModule: Creating AISystem for world Minimal_Default
[2017.03.25-19.34.31:231][  0]LogEditorServer: Finished looking for orphan Actors (0.000 secs)
[2017.03.25-19.34.31:232][  0]Cmd: MAP CHECKDEP NOCLEARLOG
[2017.03.25-19.34.31:270][  0]MapCheck: Info Map check complete: 0 Error(s), 0 Warning(s), took 37.567ms to complete.
[2017.03.25-19.34.31:270][  0]LogFileHelpers: Loading map 'Minimal_Default' took 0.617
[2017.03.25-19.34.31:341][  0]LogWindowsTextInputMethodSystem:Display: IME system now deactivated.
[2017.03.25-19.34.31:450][  0]LogCollectionManager: Loaded 0 collections in 0.001423 seconds
[2017.03.25-19.34.31:527][  0]LogFileCache: Scanning file cache for directory 'E:/Quantum/Saved/Collections/' took 0.01s
[2017.03.25-19.34.31:527][  0]LogFileCache: Scanning file cache for directory 'E:/Quantum/Content/Developers/Proto/Collections/' took 0.01s
[2017.03.25-19.34.31:527][  0]LogFileCache: Scanning file cache for directory 'E:/Quantum/Content/Collections/' took 0.01s
[2017.03.25-19.34.31:527][  0]LogCollectionManager: Rebuilt the GUID cache for 0 collections in 0.000002 seconds
[2017.03.25-19.34.31:536][  0]LogContentBrowser: Native class hierarchy populated in 0.0087 seconds. Added 2245 classes and 453 folders.
[2017.03.25-19.34.31:538][  0]LogStats: UGameplayTagsManager::ConstructGameplayTagTree: Construct from data asset -  0.000 s
[2017.03.25-19.34.31:538][  0]LogStats: UGameplayTagsManager::ConstructGameplayTagTree: GameplayTagTreeChangedEvent.Broadcast -  0.000 s
[2017.03.25-19.34.31:592][  0]LogContentBrowser: Native class hierarchy updated for 'WidgetCarousel' in 0.0005 seconds. Added 0 classes and 0 folders.
[2017.03.25-19.34.31:624][  0]LogContentBrowser: Native class hierarchy updated for 'AddContentDialog' in 0.0004 seconds. Added 0 classes and 0 folders.
[2017.03.25-19.34.31:663][  0]LogContentBrowser: Native class hierarchy updated for 'SceneOutliner' in 0.0005 seconds. Added 1 classes and 2 folders.
[2017.03.25-19.34.31:770][  0]LogCrashTracker: Crashtracker disabled due to settings.
[2017.03.25-19.34.31:776][  0]LogUObjectGlobals:Warning: Failed to find object 'Class None.'
[2017.03.25-19.34.31:837][  0]LogContentBrowser: Native class hierarchy updated for 'HierarchicalLODOutliner' in 0.0004 seconds. Added 1 classes and 2 folders.
[2017.03.25-19.34.31:837][  0]LogLoad: (Engine Initialization) Total time: 15.36 seconds
[2017.03.25-19.34.31:837][  0]LogLoad: (Engine Initialization) Total Blueprint compile time: 0.22 seconds
[2017.03.25-19.34.31:837][  0]LogExternalProfiler: No external profilers were discovered.  External profiling features will not be available.
[2017.03.25-19.34.31:846][  0]LogOcInput: OculusInput pre-init called
[2017.03.25-19.34.31:867][  0]LogContentStreaming: Texture pool size now 1000 MB
[2017.03.25-19.34.31:868][  0]LogSlate: Took 0.000265 seconds to synchronously load lazily loaded font '../../../Engine/Content/Slate/Fonts/Roboto-Regular.ttf' (155K)
[2017.03.25-19.34.31:872][  0]LogSlate: Took 0.000210 seconds to synchronously load lazily loaded font '../../../Engine/Content/Slate/Fonts/Roboto-Bold.ttf' (160K)
[2017.03.25-19.34.31:876][  0]LogSlate: Took 0.000264 seconds to synchronously load lazily loaded font '../../../Engine/Content/Editor/Slate/Fonts/FontAwesome.ttf' (139K)
[2017.03.25-19.34.31:994][  0]LogSlate: Took 0.000281 seconds to synchronously load lazily loaded font '../../../Engine/Content/Slate/Fonts/Roboto-Light.ttf' (159K)
[2017.03.25-19.34.32:030][  0]LogRenderer: Reallocating scene render targets to support 1108x576 NumSamples 1 (Frame:2).
[2017.03.25-19.34.32:099][  1]LogAssetRegistry: Asset discovery search completed in 8.1810 seconds
[2017.03.25-19.34.32:099][  1]LogCollectionManager: Rebuilt the object cache for 0 collections in 0.000011 seconds (found 0 objects)
[2017.03.25-19.34.32:099][  1]LogCollectionManager: Fixed up redirectors for 0 collections in 0.000027 seconds (updated 0 objects)
[2017.03.25-19.34.32:870][ 72]LogSlate: Took 0.000233 seconds to synchronously load lazily loaded font '../../../Engine/Content/Slate/Fonts/Roboto-Light.ttf' (159K)
[2017.03.25-19.34.34:711][242]LogSlate: Took 0.000270 seconds to synchronously load lazily loaded font '../../../Engine/Content/Slate/Fonts/Roboto-Light.ttf' (159K)
[2017.03.25-19.34.35:158][242]LogContentBrowser: Native class hierarchy updated for 'BlueprintGraph' in 0.0007 seconds. Added 112 classes and 0 folders.
[2017.03.25-19.34.35:822][242]LogSlate: Took 0.000210 seconds to synchronously load lazily loaded font '../../../Engine/Content/Editor/Slate/Fonts/Roboto-BoldCondensed.ttf' (158K)
[2017.03.25-19.34.35:957][243]LogSlate: Took 0.000299 seconds to synchronously load lazily loaded font '../../../Engine/Content/Editor/Slate/Fonts/Roboto-Italic.ttf' (157K)
[2017.03.25-19.34.43:568][850]LogScript:Warning: Accessed None trying to read property Door
	Button_C /Engine/Transient.World_8:PersistentLevel.Button_C_1
	Function /Game/Blueprint/Button.Button_C:ExecuteUbergraph_Button:0339
[2017.03.25-19.34.43:568][850]LogScript:Warning: Accessed None trying to read property Door
	Button_C /Engine/Transient.World_8:PersistentLevel.Button_C_1
	Function /Game/Blueprint/Button.Button_C:ExecuteUbergraph_Button:035B
[2017.03.25-19.34.43:568][850]LogScript:Warning: Accessed None trying to read property Door
	Button_C /Engine/Transient.World_8:PersistentLevel.Button_C_1
	Function /Game/Blueprint/Button.Button_C:ExecuteUbergraph_Button:0339
[2017.03.25-19.34.43:568][850]LogScript:Warning: Accessed None trying to read property Door
	Button_C /Engine/Transient.World_8:PersistentLevel.Button_C_1
	Function /Game/Blueprint/Button.Button_C:ExecuteUbergraph_Button:035B
[2017.03.25-19.34.46:611][ 59]LogScript:Warning: Accessed None trying to read property Door
	Button_C /Engine/Transient.World_8:PersistentLevel.Button_C_1
	Function /Game/Blueprint/Button.Button_C:ExecuteUbergraph_Button:03B8
[2017.03.25-19.34.46:611][ 59]LogScript:Warning: Accessed None trying to read property Door
	Button_C /Engine/Transient.World_8:PersistentLevel.Button_C_1
	Function /Game/Blueprint/Button.Button_C:ExecuteUbergraph_Button:03B8
[2017.03.25-19.35.45:855][149]BlueprintLog: New page: Compile HighMassBullet
[2017.03.25-19.35.48:221][214]LogTemp: Repeting last play command: Selected Viewport
[2017.03.25-19.35.48:247][214]LogBlueprintUserMessages: Early PlayInEditor Detection: Level '/Game/StarterContent/Maps/Minimal_Default.Minimal_Default:PersistentLevel' has LevelScriptBlueprint '/Game/StarterContent/Maps/Minimal_Default.Minimal_Default:PersistentLevel.Minimal_Default' with GeneratedClass '/Game/StarterContent/Maps/Minimal_Default.Minimal_Default_C' with ClassGeneratedBy '/Game/StarterContent/Maps/Minimal_Default.Minimal_Default:PersistentLevel.Minimal_Default'
[2017.03.25-19.35.48:247][214]LogPlayLevel: PlayLevel: No blueprints needed recompiling
[2017.03.25-19.35.48:248][214]PIE: New page: PIE session: Minimal_Default (Mar 26, 2017, 9:35:48 AM)
[2017.03.25-19.35.48:248][214]LogPlayLevel: Creating play world package: /Game/StarterContent/Maps/UEDPIE_0_Minimal_Default
[2017.03.25-19.35.48:251][214]LogPlayLevel: PIE: StaticDuplicateObject took: (0.003421s)
[2017.03.25-19.35.48:252][214]LogAIModule: Creating AISystem for world Minimal_Default
[2017.03.25-19.35.48:252][214]LogPlayLevel: PIE: World Init took: (0.000474s)
[2017.03.25-19.35.48:252][214]LogPlayLevel: PIE: Created PIE world by copying editor world from /Game/StarterContent/Maps/Minimal_Default.Minimal_Default to /Game/StarterContent/Maps/UEDPIE_0_Minimal_Default.Minimal_Default (0.004135s)
[2017.03.25-19.35.48:275][214]LogInit: XAudio2 using 'Headphones (2- High Definition Audio Device)' : 2 channels at 44.1 kHz using 16 bits per sample (channel mask 0x3)
[2017.03.25-19.35.48:285][214]LogInit: FAudioDevice initialized.
[2017.03.25-19.35.48:333][214]LogLoad: Game class is 'PuzzleGameMode_C'
[2017.03.25-19.35.48:335][214]LogWorld: Bringing World /Game/StarterContent/Maps/UEDPIE_0_Minimal_Default.Minimal_Default up for play (max tick rate 0) at 2017.03.26-02.35.48
[2017.03.25-19.35.48:335][214]LogWorld: Bringing up level for play took: 0.001481
[2017.03.25-19.35.48:374][214]LogContentBrowser: Native class hierarchy updated for 'MovieSceneCapture' in 0.0005 seconds. Added 11 classes and 0 folders.
[2017.03.25-19.35.48:374][214]LogGameMode:Display: Match State Changed from EnteringMap to WaitingToStart
[2017.03.25-19.35.48:374][214]LogGameState: Match State Changed from EnteringMap to WaitingToStart
[2017.03.25-19.35.48:374][214]LogGameMode:Display: Match State Changed from WaitingToStart to InProgress
[2017.03.25-19.35.48:375][214]LogGameState: Match State Changed from WaitingToStart to InProgress
[2017.03.25-19.35.48:375][214]PIE: Info Play in editor start time for /Game/StarterContent/Maps/UEDPIE_0_Minimal_Default 0.639
[2017.03.25-19.35.48:376][214]LogBlueprintUserMessages: Late PlayInEditor Detection: Level '/Game/StarterContent/Maps/Minimal_Default.Minimal_Default:PersistentLevel' has LevelScriptBlueprint '/Game/StarterContent/Maps/Minimal_Default.Minimal_Default:PersistentLevel.Minimal_Default' with GeneratedClass '/Game/StarterContent/Maps/Minimal_Default.Minimal_Default_C' with ClassGeneratedBy '/Game/StarterContent/Maps/Minimal_Default.Minimal_Default:PersistentLevel.Minimal_Default'
[2017.03.25-19.35.52:611][662]LogBlueprintUserMessages: Early EndPlayMap Detection: Level '/Game/StarterContent/Maps/Minimal_Default.Minimal_Default:PersistentLevel' has LevelScriptBlueprint '/Game/StarterContent/Maps/Minimal_Default.Minimal_Default:PersistentLevel.Minimal_Default' with GeneratedClass '/Game/StarterContent/Maps/Minimal_Default.Minimal_Default_C' with ClassGeneratedBy '/Game/StarterContent/Maps/Minimal_Default.Minimal_Default:PersistentLevel.Minimal_Default'
[2017.03.25-19.35.52:651][662]LogBlueprintUserMessages: Late EndPlayMap Detection: Level '/Game/StarterContent/Maps/Minimal_Default.Minimal_Default:PersistentLevel' has LevelScriptBlueprint '/Game/StarterContent/Maps/Minimal_Default.Minimal_Default:PersistentLevel.Minimal_Default' with GeneratedClass '/Game/StarterContent/Maps/Minimal_Default.Minimal_Default_C' with ClassGeneratedBy '/Game/StarterContent/Maps/Minimal_Default.Minimal_Default:PersistentLevel.Minimal_Default'
[2017.03.25-19.36.38:574][612]BlueprintLog: New page: Compile HighMassBullet
[2017.03.25-19.36.40:637][706]LogTemp: Repeting last play command: Selected Viewport
[2017.03.25-19.36.40:666][706]LogBlueprintUserMessages: Early PlayInEditor Detection: Level '/Game/StarterContent/Maps/Minimal_Default.Minimal_Default:PersistentLevel' has LevelScriptBlueprint '/Game/StarterContent/Maps/Minimal_Default.Minimal_Default:PersistentLevel.Minimal_Default' with GeneratedClass '/Game/StarterContent/Maps/Minimal_Default.Minimal_Default_C' with ClassGeneratedBy '/Game/StarterContent/Maps/Minimal_Default.Minimal_Default:PersistentLevel.Minimal_Default'
[2017.03.25-19.36.40:666][706]LogPlayLevel: PlayLevel: No blueprints needed recompiling
[2017.03.25-19.36.40:666][706]PIE: New page: PIE session: Minimal_Default (Mar 26, 2017, 9:36:40 AM)
[2017.03.25-19.36.40:666][706]LogPlayLevel: Creating play world package: /Game/StarterContent/Maps/UEDPIE_0_Minimal_Default
[2017.03.25-19.36.40:669][706]LogPlayLevel: PIE: StaticDuplicateObject took: (0.002765s)
[2017.03.25-19.36.40:669][706]LogAIModule: Creating AISystem for world Minimal_Default
[2017.03.25-19.36.40:670][706]LogPlayLevel: PIE: World Init took: (0.000859s)
[2017.03.25-19.36.40:670][706]LogPlayLevel: PIE: Created PIE world by copying editor world from /Game/StarterContent/Maps/Minimal_Default.Minimal_Default to /Game/StarterContent/Maps/UEDPIE_0_Minimal_Default.Minimal_Default (0.003920s)
[2017.03.25-19.36.40:696][706]LogInit: XAudio2 using 'Headphones (2- High Definition Audio Device)' : 2 channels at 44.1 kHz using 16 bits per sample (channel mask 0x3)
[2017.03.25-19.36.40:702][706]LogInit: FAudioDevice initialized.
[2017.03.25-19.36.40:740][706]LogLoad: Game class is 'PuzzleGameMode_C'
[2017.03.25-19.36.40:742][706]LogWorld: Bringing World /Game/StarterContent/Maps/UEDPIE_0_Minimal_Default.Minimal_Default up for play (max tick rate 0) at 2017.03.26-02.36.40
[2017.03.25-19.36.40:743][706]LogWorld: Bringing up level for play took: 0.001788
[2017.03.25-19.36.40:743][706]LogGameMode:Display: Match State Changed from EnteringMap to WaitingToStart
[2017.03.25-19.36.40:743][706]LogGameState: Match State Changed from EnteringMap to WaitingToStart
[2017.03.25-19.36.40:743][706]LogGameMode:Display: Match State Changed from WaitingToStart to InProgress
[2017.03.25-19.36.40:744][706]LogGameState: Match State Changed from WaitingToStart to InProgress
[2017.03.25-19.36.40:744][706]PIE: Info Play in editor start time for /Game/StarterContent/Maps/UEDPIE_0_Minimal_Default 1.007
[2017.03.25-19.36.40:744][706]LogBlueprintUserMessages: Late PlayInEditor Detection: Level '/Game/StarterContent/Maps/Minimal_Default.Minimal_Default:PersistentLevel' has LevelScriptBlueprint '/Game/StarterContent/Maps/Minimal_Default.Minimal_Default:PersistentLevel.Minimal_Default' with GeneratedClass '/Game/StarterContent/Maps/Minimal_Default.Minimal_Default_C' with ClassGeneratedBy '/Game/StarterContent/Maps/Minimal_Default.Minimal_Default:PersistentLevel.Minimal_Default'
[2017.03.25-19.36.42:858][934]LogBlueprintUserMessages: Early EndPlayMap Detection: Level '/Game/StarterContent/Maps/Minimal_Default.Minimal_Default:PersistentLevel' has LevelScriptBlueprint '/Game/StarterContent/Maps/Minimal_Default.Minimal_Default:PersistentLevel.Minimal_Default' with GeneratedClass '/Game/StarterContent/Maps/Minimal_Default.Minimal_Default_C' with ClassGeneratedBy '/Game/StarterContent/Maps/Minimal_Default.Minimal_Default:PersistentLevel.Minimal_Default'
[2017.03.25-19.36.42:892][934]LogBlueprintUserMessages: Late EndPlayMap Detection: Level '/Game/StarterContent/Maps/Minimal_Default.Minimal_Default:PersistentLevel' has LevelScriptBlueprint '/Game/StarterContent/Maps/Minimal_Default.Minimal_Default:PersistentLevel.Minimal_Default' with GeneratedClass '/Game/StarterContent/Maps/Minimal_Default.Minimal_Default_C' with ClassGeneratedBy '/Game/StarterContent/Maps/Minimal_Default.Minimal_Default:PersistentLevel.Minimal_Default'
[2017.03.25-19.37.06:698][618]BlueprintLog: New page: Compile LowMassBullet
[2017.03.25-19.37.22:081][880]Cmd: OBJ SAVEPACKAGE PACKAGE="/Game/Blueprint/LowMassBullet" FILE="E:/Quantum/Content/Blueprint/LowMassBullet.uasset" SILENT=true
[2017.03.25-19.37.22:119][880]LogSavePackage: Save=21.09ms
[2017.03.25-19.37.22:119][880]LogSavePackage: Moving 'E:/Quantum/Saved/LowMassBulletE5FB62D34A8FA1BF4506BABD0F900972.tmp' to 'E:/Quantum/Content/Blueprint/LowMassBullet.uasset'
[2017.03.25-19.37.22:124][880]LogSavePackage:Display: Finished SavePackage E:/Quantum/Content/Blueprint/LowMassBullet.uasset
[2017.03.25-19.37.37:398][138]BlueprintLog: New page: Compile HighMassBullet
[2017.03.25-19.37.46:044][855]Cmd: OBJ SAVEPACKAGE PACKAGE="/Game/Blueprint/LowMassBullet" FILE="E:/Quantum/Content/Blueprint/LowMassBullet.uasset" SILENT=true
[2017.03.25-19.37.46:076][855]LogSavePackage: Save=26.62ms
[2017.03.25-19.37.46:076][855]LogSavePackage: Moving 'E:/Quantum/Saved/LowMassBulletBF15B1FA489A0148892207B7DD3F5E0D.tmp' to 'E:/Quantum/Content/Blueprint/LowMassBullet.uasset'
[2017.03.25-19.37.46:077][855]LogSavePackage:Display: Finished SavePackage E:/Quantum/Content/Blueprint/LowMassBullet.uasset
[2017.03.25-19.37.47:365][960]Cmd: OBJ SAVEPACKAGE PACKAGE="/Game/Blueprint/HighMassBullet" FILE="E:/Quantum/Content/Blueprint/HighMassBullet.uasset" SILENT=true
[2017.03.25-19.37.47:404][960]LogSavePackage: Save=29.40ms
[2017.03.25-19.37.47:404][960]LogSavePackage: Moving 'E:/Quantum/Saved/HighMassBullet63C15D3F4BA1E1C7D7E6E3B3DFBA245D.tmp' to 'E:/Quantum/Content/Blueprint/HighMassBullet.uasset'
[2017.03.25-19.37.47:405][960]LogSavePackage:Display: Finished SavePackage E:/Quantum/Content/Blueprint/HighMassBullet.uasset
[2017.03.25-19.37.48:446][ 40]LogActorComponent: UnregisterComponent: (/Engine/Transient.EditorFloorComp) Not registered. Aborting.
[2017.03.25-19.37.50:388][229]MapCheck: New page: Map Check
[2017.03.25-19.37.50:398][229]Cmd: MAP REBUILD ALLVISIBLE
[2017.03.25-19.37.50:398][229]LogEditorServer: Rebuildmap Clear paths rebuilt
[2017.03.25-19.37.50:566][229]LogMaterial: Missing cached shader map for material FDebugViewModeMaterialProxy WorldGridMaterial, compiling. Is special engine material.
[2017.03.25-19.37.50:567][229]LogTemp:Display: Added material ShaderMap 0x000001C802266080 with Material 0x000001C7A43CF700 to ShaderMapsBeingCompiled
[2017.03.25-19.37.50:571][229]LogTemp:Display: Kicking off shader compilation for FDebugViewModeMaterialProxy WorldGridMaterial, GameThreadShaderMap 0x000001C802266080
[2017.03.25-19.37.50:573][229]LogMaterial: Missing cached shader map for material FDebugViewModeMaterialProxy MaterialInstanceDynamic_1, compiling. 
[2017.03.25-19.37.50:574][229]LogTemp:Display: Added material ShaderMap 0x000001C802264100 with Material 0x000001C815538D00 to ShaderMapsBeingCompiled
[2017.03.25-19.37.50:576][229]LogTemp:Display: Kicking off shader compilation for FDebugViewModeMaterialProxy MaterialInstanceDynamic_1, GameThreadShaderMap 0x000001C802264100
[2017.03.25-19.37.50:578][229]LogMaterial: Missing cached shader map for material FDebugViewModeMaterialProxy BasicShapeMaterial, compiling. 
[2017.03.25-19.37.50:579][229]LogTemp:Display: Added material ShaderMap 0x000001C802264800 with Material 0x000001C815538100 to ShaderMapsBeingCompiled
[2017.03.25-19.37.50:581][229]LogTemp:Display: Kicking off shader compilation for FDebugViewModeMaterialProxy BasicShapeMaterial, GameThreadShaderMap 0x000001C802264800
[2017.03.25-19.37.50:583][229]LogMaterial: Missing cached shader map for material FDebugViewModeMaterialProxy M_Basic_Wall, compiling. 
[2017.03.25-19.37.50:584][229]LogTemp:Display: Added material ShaderMap 0x000001C802266E80 with Material 0x000001C815539C00 to ShaderMapsBeingCompiled
[2017.03.25-19.37.50:586][229]LogTemp:Display: Kicking off shader compilation for FDebugViewModeMaterialProxy M_Basic_Wall, GameThreadShaderMap 0x000001C802266E80
[2017.03.25-19.37.50:588][229]LogMaterial: Missing cached shader map for material FDebugViewModeMaterialProxy DoorMat, compiling. 
[2017.03.25-19.37.50:589][229]LogTemp:Display: Added material ShaderMap 0x000001C7A4630800 with Material 0x000001C7C2D80A00 to ShaderMapsBeingCompiled
[2017.03.25-19.37.50:591][229]LogTemp:Display: Kicking off shader compilation for FDebugViewModeMaterialProxy DoorMat, GameThreadShaderMap 0x000001C7A4630800
[2017.03.25-19.37.50:594][229]LogMaterial: Missing cached shader map for material FDebugViewModeMaterialProxy PT_M, compiling. 
[2017.03.25-19.37.50:595][229]LogTemp:Display: Added material ShaderMap 0x000001C7A4631980 with Material 0x000001C7FD9F1C00 to ShaderMapsBeingCompiled
[2017.03.25-19.37.50:596][229]LogTemp:Display: Kicking off shader compilation for FDebugViewModeMaterialProxy PT_M, GameThreadShaderMap 0x000001C7A4631980
[2017.03.25-19.37.50:599][229]LogMaterial: Missing cached shader map for material FDebugViewModeMaterialProxy TheBoxMat, compiling. 
[2017.03.25-19.37.50:599][229]LogTemp:Display: Added material ShaderMap 0x000001C7F6250480 with Material 0x000001C7FB536E00 to ShaderMapsBeingCompiled
[2017.03.25-19.37.50:601][229]LogTemp:Display: Kicking off shader compilation for FDebugViewModeMaterialProxy TheBoxMat, GameThreadShaderMap 0x000001C7F6250480
[2017.03.25-19.37.51:016][229]LogTemp:Display: Finished compile of shader map 0x000001C802264800
[2017.03.25-19.37.51:016][229]LogTemp:Display: Shader map FDebugViewModeMaterialProxy BasicShapeMaterial complete, GameThreadShaderMap 0x000001C802264800, marking material FDebugViewModeMaterialProxy BasicShapeMaterial as finished
[2017.03.25-19.37.51:016][229]LogTemp:Display: Marking material as finished 0x000001C815538100
[2017.03.25-19.37.51:188][229]LogTemp:Display: Finished compile of shader map 0x000001C802266E80
[2017.03.25-19.37.51:188][229]LogTemp:Display: Shader map FDebugViewModeMaterialProxy M_Basic_Wall complete, GameThreadShaderMap 0x000001C802266E80, marking material FDebugViewModeMaterialProxy M_Basic_Wall as finished
[2017.03.25-19.37.51:188][229]LogTemp:Display: Marking material as finished 0x000001C815539C00
[2017.03.25-19.37.51:307][229]LogTemp:Display: Finished compile of shader map 0x000001C802266080
[2017.03.25-19.37.51:307][229]LogTemp:Display: Shader map FDebugViewModeMaterialProxy WorldGridMaterial complete, GameThreadShaderMap 0x000001C802266080, marking material FDebugViewModeMaterialProxy WorldGridMaterial as finished
[2017.03.25-19.37.51:307][229]LogTemp:Display: Marking material as finished 0x000001C7A43CF700
[2017.03.25-19.37.51:352][229]LogTemp:Display: Finished compile of shader map 0x000001C802264100
[2017.03.25-19.37.51:352][229]LogTemp:Display: Shader map FDebugViewModeMaterialProxy MaterialInstanceDynamic_1 complete, GameThreadShaderMap 0x000001C802264100, marking material FDebugViewModeMaterialProxy MaterialInstanceDynamic_1 as finished
[2017.03.25-19.37.51:352][229]LogTemp:Display: Marking material as finished 0x000001C815538D00
[2017.03.25-19.37.51:492][229]LogTemp:Display: Finished compile of shader map 0x000001C7A4630800
[2017.03.25-19.37.51:492][229]LogTemp:Display: Shader map FDebugViewModeMaterialProxy DoorMat complete, GameThreadShaderMap 0x000001C7A4630800, marking material FDebugViewModeMaterialProxy DoorMat as finished
[2017.03.25-19.37.51:492][229]LogTemp:Display: Marking material as finished 0x000001C7C2D80A00
[2017.03.25-19.37.51:517][229]LogTemp:Display: Finished compile of shader map 0x000001C7A4631980
[2017.03.25-19.37.51:517][229]LogTemp:Display: Shader map FDebugViewModeMaterialProxy PT_M complete, GameThreadShaderMap 0x000001C7A4631980, marking material FDebugViewModeMaterialProxy PT_M as finished
[2017.03.25-19.37.51:517][229]LogTemp:Display: Marking material as finished 0x000001C7FD9F1C00
[2017.03.25-19.37.51:529][229]LogTemp:Display: Finished compile of shader map 0x000001C7F6250480
[2017.03.25-19.37.51:529][229]LogTemp:Display: Shader map FDebugViewModeMaterialProxy TheBoxMat complete, GameThreadShaderMap 0x000001C7F6250480, marking material FDebugViewModeMaterialProxy TheBoxMat as finished
[2017.03.25-19.37.51:529][229]LogTemp:Display: Marking material as finished 0x000001C7FB536E00
[2017.03.25-19.37.51:531][229]TextureStreamingBuild:Display: Compiling optional shaders took 0.970 seconds.
[2017.03.25-19.37.51:536][229]LogLevel:Display: Export Material TexCoord Scales took 0.005 seconds.
[2017.03.25-19.37.51:542][229]TextureStreamingBuild:Display: Build Texture Streaming took 0.005 seconds.
[2017.03.25-19.37.51:556][229]LightingResults: New page: Lighting Build - Mar 26, 2017, 9:37:51 AM
[2017.03.25-19.37.51:587][229]LogSwarmInterface: [OpenConnection] Registering TCP channel ...
[2017.03.25-19.37.51:628][229]LogSwarmInterface: [OpenConnection] Connecting to agent ...
[2017.03.25-19.37.51:635][229]LogSwarmInterface: [TryOpenConnection] Testing the Agent
[2017.03.25-19.37.52:893][229]LogSwarmInterface: [TryOpenConnection] Opening Connection to Agent
[2017.03.25-19.37.52:893][229]LogSwarmInterface: [TryOpenConnection] Local Process ID is 13240
[2017.03.25-19.37.54:932][229]LogStaticLightingSystem:Warning: No importance volume found, so the scene bounding box was used.  You can optimize your scene's quality and lighting build times by adding importance volumes.
[2017.03.25-19.37.54:932][229]LogStaticLightingSystem: Running Lightmass w/ ImmediateImport mode ENABLED
[2017.03.25-19.37.54:932][229]LogStaticLightingSystem: Running Lightmass w/ ImmediateProcess mode ENABLED
[2017.03.25-19.37.54:932][229]LogStaticLightingSystem: Running Lightmass w/ Sorting mode ENABLED
[2017.03.25-19.37.54:932][229]LogStaticLightingSystem: Running Lightmass w/ Mapping paddings ENABLED
[2017.03.25-19.37.54:932][229]LogStaticLightingSystem: Running Lightmass w/ Mapping debug paddings DISABLED
[2017.03.25-19.37.55:030][229]Cmd: MAP CHECK DONTDISPLAYDIALOG
[2017.03.25-19.37.55:030][229]MapCheck: New page: Minimal_Default - Mar 26, 2017, 9:37:55 AM
[2017.03.25-19.37.55:031][229]MapCheck:Error: Error WorldSettings_1 Maps need lighting rebuilt 
[2017.03.25-19.37.55:073][229]MapCheck: Info Map check complete: 1 Error(s), 0 Warning(s), took 42.528ms to complete.
[2017.03.25-19.37.55:096][229]LogEditorBuildUtils: Build time 0:04
[2017.03.25-19.37.57:097][326]Job is a success!
[2017.03.25-19.37.57:232][328]LogTexture:Display: Building textures: SkyOcclusion0_1 (AutoDXT, 256X128) - 83 MB total VRAM
[2017.03.25-19.37.57:232][328]LogTexture:Display: Building textures: HQ_Lightmap0_1 (AutoDXT, 256X256) - 83 MB total VRAM
[2017.03.25-19.37.57:232][328]LogTexture:Display: Building textures: LQ_Lightmap_0_1 (DXT1, 256X256) - 83 MB total VRAM
[2017.03.25-19.37.57:232][328]LogTexture:Display: Building textures: SkyOcclusion0_2 (AutoDXT, 64X32) - 83 MB total VRAM
[2017.03.25-19.37.57:232][328]LogTexture:Display: Building textures: HQ_Lightmap0_2 (AutoDXT, 64X64) - 83 MB total VRAM
[2017.03.25-19.37.57:232][328]LogTexture:Display: Building textures: LQ_Lightmap_0_2 (DXT1, 64X64) - 83 MB total VRAM
[2017.03.25-19.37.57:232][328]LogTexture:Display: Building textures: ShadowMapTexture2D_1 (G8, 32X32) - 83 MB total VRAM
[2017.03.25-19.37.57:232][328]LogTexture:Display: Building textures: ShadowMapTexture2D_0 (G8, 256X64) - 83 MB total VRAM
[2017.03.25-19.37.57:283][328]LogStaticLightingSystem: Illumination: 5.70 sec (37 ms encoding lightmaps, 22 ms encoding shadowmaps)
[2017.03.25-19.37.57:283][328]LogStaticLightingSystem: Lightmap texture memory:  0.2 MB (0.2 MB streaming, 0.0 MB non-streaming), 4 textures
[2017.03.25-19.37.57:283][328]LogStaticLightingSystem: Shadowmap texture memory: 0.0 MB (0.0 MB streaming, 0.0 MB non-streaming), 2 textures
[2017.03.25-19.37.57:932][328]Lightmass on KOKO-IMMORTAL: 1.44 sec total, 273 ms importing, 58 ms setup, 160 ms photons, 878 ms processing, 0 ms extra exporting [7/7 mappings]. Threads: 3.48 sec total, 1.45 sec processing.
[2017.03.25-19.37.57:932][328]DumpUnbuiltLightIteractions
[2017.03.25-19.37.57:932][328]Lights with unbuilt interactions: 0
[2017.03.25-19.37.57:932][328]
[2017.03.25-19.37.57:932][328]Primitives with unbuilt interactions: 0
[2017.03.25-19.37.57:971][329]Cmd: MAP CHECK NOTIFYRESULTS
[2017.03.25-19.37.57:972][329]MapCheck: New page: Minimal_Default - Mar 26, 2017, 9:37:57 AM
[2017.03.25-19.37.58:013][329]MapCheck: Info Map check complete: 0 Error(s), 0 Warning(s), took 41.734ms to complete.
[2017.03.25-19.38.04:862][952]LogScript:Warning: Accessed None trying to read property Door
	Button_C /Engine/Transient.World_13:PersistentLevel.Button_C_2
	Function /Game/Blueprint/Button.Button_C:ExecuteUbergraph_Button:0339
[2017.03.25-19.38.04:862][952]LogScript:Warning: Accessed None trying to read property Door
	Button_C /Engine/Transient.World_13:PersistentLevel.Button_C_2
	Function /Game/Blueprint/Button.Button_C:ExecuteUbergraph_Button:035B
[2017.03.25-19.38.04:862][952]LogScript:Warning: Accessed None trying to read property Door
	Button_C /Engine/Transient.World_13:PersistentLevel.Button_C_2
	Function /Game/Blueprint/Button.Button_C:ExecuteUbergraph_Button:0339
[2017.03.25-19.38.04:862][952]LogScript:Warning: Accessed None trying to read property Door
	Button_C /Engine/Transient.World_13:PersistentLevel.Button_C_2
	Function /Game/Blueprint/Button.Button_C:ExecuteUbergraph_Button:035B
[2017.03.25-19.38.19:258][874]LogScript:Warning: Accessed None trying to read property Door
	Button_C /Engine/Transient.World_13:PersistentLevel.Button_C_2
	Function /Game/Blueprint/Button.Button_C:ExecuteUbergraph_Button:03B8
[2017.03.25-19.38.19:258][874]LogScript:Warning: Accessed None trying to read property Door
	Button_C /Engine/Transient.World_13:PersistentLevel.Button_C_2
	Function /Game/Blueprint/Button.Button_C:ExecuteUbergraph_Button:03B8
[2017.03.25-19.38.26:067][328]LogEditorTransaction: Undo Rename Component Variable
[2017.03.25-19.38.26:505][350]LogEditorTransaction: Undo Make New Scene Root
[2017.03.25-19.38.42:622][345]BlueprintLog: New page: Compile Button
[2017.03.25-19.39.01:325][554]BlueprintLog: New page: Compile TheBox
[2017.03.25-19.39.05:809][791]LogScript:Warning: Accessed None trying to read property Door
	Button_C /Engine/Transient.World_15:PersistentLevel.Button_C_5
	Function /Game/Blueprint/Button.Button_C:ExecuteUbergraph_Button:0339
[2017.03.25-19.39.05:809][791]LogScript:Warning: Accessed None trying to read property Door
	Button_C /Engine/Transient.World_15:PersistentLevel.Button_C_5
	Function /Game/Blueprint/Button.Button_C:ExecuteUbergraph_Button:035B
[2017.03.25-19.39.05:809][791]LogScript:Warning: Accessed None trying to read property Door
	Button_C /Engine/Transient.World_15:PersistentLevel.Button_C_5
	Function /Game/Blueprint/Button.Button_C:ExecuteUbergraph_Button:0339
[2017.03.25-19.39.05:809][791]LogScript:Warning: Accessed None trying to read property Door
	Button_C /Engine/Transient.World_15:PersistentLevel.Button_C_5
	Function /Game/Blueprint/Button.Button_C:ExecuteUbergraph_Button:035B
[2017.03.25-19.39.11:384][125]LogScript:Warning: Accessed None trying to read property Door
	Button_C /Engine/Transient.World_15:PersistentLevel.Button_C_5
	Function /Game/Blueprint/Button.Button_C:ExecuteUbergraph_Button:03B8
[2017.03.25-19.39.11:384][125]LogScript:Warning: Accessed None trying to read property Door
	Button_C /Engine/Transient.World_15:PersistentLevel.Button_C_5
	Function /Game/Blueprint/Button.Button_C:ExecuteUbergraph_Button:03B8
[2017.03.25-19.39.15:908][403]BlueprintLog: New page: Compile Button
[2017.03.25-19.39.18:212][470]LogTemp: Repeting last play command: Selected Viewport
[2017.03.25-19.39.18:230][470]LogBlueprintUserMessages: Early PlayInEditor Detection: Level '/Game/StarterContent/Maps/Minimal_Default.Minimal_Default:PersistentLevel' has LevelScriptBlueprint '/Game/StarterContent/Maps/Minimal_Default.Minimal_Default:PersistentLevel.Minimal_Default' with GeneratedClass '/Game/StarterContent/Maps/Minimal_Default.Minimal_Default_C' with ClassGeneratedBy '/Game/StarterContent/Maps/Minimal_Default.Minimal_Default:PersistentLevel.Minimal_Default'
[2017.03.25-19.39.18:230][470]LogPlayLevel: PlayLevel: No blueprints needed recompiling
[2017.03.25-19.39.18:230][470]PIE: New page: PIE session: Minimal_Default (Mar 26, 2017, 9:39:18 AM)
[2017.03.25-19.39.18:230][470]LogPlayLevel: Creating play world package: /Game/StarterContent/Maps/UEDPIE_0_Minimal_Default
[2017.03.25-19.39.18:237][470]LogPlayLevel: PIE: StaticDuplicateObject took: (0.007033s)
[2017.03.25-19.39.18:238][470]LogAIModule: Creating AISystem for world Minimal_Default
[2017.03.25-19.39.18:238][470]LogPlayLevel: PIE: World Init took: (0.000839s)
[2017.03.25-19.39.18:239][470]LogPlayLevel: PIE: Created PIE world by copying editor world from /Game/StarterContent/Maps/Minimal_Default.Minimal_Default to /Game/StarterContent/Maps/UEDPIE_0_Minimal_Default.Minimal_Default (0.008261s)
[2017.03.25-19.39.18:260][470]LogInit: XAudio2 using 'Headphones (2- High Definition Audio Device)' : 2 channels at 44.1 kHz using 16 bits per sample (channel mask 0x3)
[2017.03.25-19.39.18:272][470]LogInit: FAudioDevice initialized.
[2017.03.25-19.39.18:305][470]LogLoad: Game class is 'PuzzleGameMode_C'
[2017.03.25-19.39.18:307][470]LogWorld: Bringing World /Game/StarterContent/Maps/UEDPIE_0_Minimal_Default.Minimal_Default up for play (max tick rate 0) at 2017.03.26-02.39.18
[2017.03.25-19.39.18:308][470]LogWorld: Bringing up level for play took: 0.001733
[2017.03.25-19.39.18:308][470]LogGameMode:Display: Match State Changed from EnteringMap to WaitingToStart
[2017.03.25-19.39.18:308][470]LogGameState: Match State Changed from EnteringMap to WaitingToStart
[2017.03.25-19.39.18:308][470]LogGameMode:Display: Match State Changed from WaitingToStart to InProgress
[2017.03.25-19.39.18:309][470]LogGameState: Match State Changed from WaitingToStart to InProgress
[2017.03.25-19.39.18:309][470]PIE: Info Play in editor start time for /Game/StarterContent/Maps/UEDPIE_0_Minimal_Default 0.573
[2017.03.25-19.39.18:310][470]LogBlueprintUserMessages: Late PlayInEditor Detection: Level '/Game/StarterContent/Maps/Minimal_Default.Minimal_Default:PersistentLevel' has LevelScriptBlueprint '/Game/StarterContent/Maps/Minimal_Default.Minimal_Default:PersistentLevel.Minimal_Default' with GeneratedClass '/Game/StarterContent/Maps/Minimal_Default.Minimal_Default_C' with ClassGeneratedBy '/Game/StarterContent/Maps/Minimal_Default.Minimal_Default:PersistentLevel.Minimal_Default'
[2017.03.25-19.39.28:687][556]LogBlueprintUserMessages: Early EndPlayMap Detection: Level '/Game/StarterContent/Maps/Minimal_Default.Minimal_Default:PersistentLevel' has LevelScriptBlueprint '/Game/StarterContent/Maps/Minimal_Default.Minimal_Default:PersistentLevel.Minimal_Default' with GeneratedClass '/Game/StarterContent/Maps/Minimal_Default.Minimal_Default_C' with ClassGeneratedBy '/Game/StarterContent/Maps/Minimal_Default.Minimal_Default:PersistentLevel.Minimal_Default'
[2017.03.25-19.39.28:726][556]LogBlueprintUserMessages: Late EndPlayMap Detection: Level '/Game/StarterContent/Maps/Minimal_Default.Minimal_Default:PersistentLevel' has LevelScriptBlueprint '/Game/StarterContent/Maps/Minimal_Default.Minimal_Default:PersistentLevel.Minimal_Default' with GeneratedClass '/Game/StarterContent/Maps/Minimal_Default.Minimal_Default_C' with ClassGeneratedBy '/Game/StarterContent/Maps/Minimal_Default.Minimal_Default:PersistentLevel.Minimal_Default'
[2017.03.25-19.39.38:695][332]BlueprintLog: New page: Compile Platform
[2017.03.25-19.39.40:025][390]LogActorComponent: UnregisterComponent: (/Engine/Transient.EditorFloorComp) Not registered. Aborting.
[2017.03.25-19.39.48:661][973]BlueprintLog: New page: Compile Player
[2017.03.25-19.40.26:352][180]BlueprintLog: New page: Compile Platform
[2017.03.25-19.40.29:957][490]LogTemp: Repeting last play command: Selected Viewport
[2017.03.25-19.40.29:977][490]LogBlueprintUserMessages: Early PlayInEditor Detection: Level '/Game/StarterContent/Maps/Minimal_Default.Minimal_Default:PersistentLevel' has LevelScriptBlueprint '/Game/StarterContent/Maps/Minimal_Default.Minimal_Default:PersistentLevel.Minimal_Default' with GeneratedClass '/Game/StarterContent/Maps/Minimal_Default.Minimal_Default_C' with ClassGeneratedBy '/Game/StarterContent/Maps/Minimal_Default.Minimal_Default:PersistentLevel.Minimal_Default'
[2017.03.25-19.40.29:977][490]LogPlayLevel: PlayLevel: No blueprints needed recompiling
[2017.03.25-19.40.29:977][490]PIE: New page: PIE session: Minimal_Default (Mar 26, 2017, 9:40:29 AM)
[2017.03.25-19.40.29:978][490]LogPlayLevel: Creating play world package: /Game/StarterContent/Maps/UEDPIE_0_Minimal_Default
[2017.03.25-19.40.29:983][490]LogPlayLevel: PIE: StaticDuplicateObject took: (0.005837s)
[2017.03.25-19.40.29:984][490]LogAIModule: Creating AISystem for world Minimal_Default
[2017.03.25-19.40.29:984][490]LogPlayLevel: PIE: World Init took: (0.000694s)
[2017.03.25-19.40.29:984][490]LogPlayLevel: PIE: Created PIE world by copying editor world from /Game/StarterContent/Maps/Minimal_Default.Minimal_Default to /Game/StarterContent/Maps/UEDPIE_0_Minimal_Default.Minimal_Default (0.006811s)
[2017.03.25-19.40.30:003][490]LogInit: XAudio2 using 'Headphones (2- High Definition Audio Device)' : 2 channels at 44.1 kHz using 16 bits per sample (channel mask 0x3)
[2017.03.25-19.40.30:009][490]LogInit: FAudioDevice initialized.
[2017.03.25-19.40.30:039][490]LogLoad: Game class is 'PuzzleGameMode_C'
[2017.03.25-19.40.30:042][490]LogWorld: Bringing World /Game/StarterContent/Maps/UEDPIE_0_Minimal_Default.Minimal_Default up for play (max tick rate 0) at 2017.03.26-02.40.30
[2017.03.25-19.40.30:042][490]LogWorld: Bringing up level for play took: 0.001726
[2017.03.25-19.40.30:043][490]LogGameMode:Display: Match State Changed from EnteringMap to WaitingToStart
[2017.03.25-19.40.30:043][490]LogGameState: Match State Changed from EnteringMap to WaitingToStart
[2017.03.25-19.40.30:043][490]LogGameMode:Display: Match State Changed from WaitingToStart to InProgress
[2017.03.25-19.40.30:043][490]LogGameState: Match State Changed from WaitingToStart to InProgress
[2017.03.25-19.40.30:043][490]PIE: Info Play in editor start time for /Game/StarterContent/Maps/UEDPIE_0_Minimal_Default 0.307
[2017.03.25-19.40.30:044][490]LogBlueprintUserMessages: Late PlayInEditor Detection: Level '/Game/StarterContent/Maps/Minimal_Default.Minimal_Default:PersistentLevel' has LevelScriptBlueprint '/Game/StarterContent/Maps/Minimal_Default.Minimal_Default:PersistentLevel.Minimal_Default' with GeneratedClass '/Game/StarterContent/Maps/Minimal_Default.Minimal_Default_C' with ClassGeneratedBy '/Game/StarterContent/Maps/Minimal_Default.Minimal_Default:PersistentLevel.Minimal_Default'
[2017.03.25-19.40.34:534][997]LogBlueprintUserMessages: Early EndPlayMap Detection: Level '/Game/StarterContent/Maps/Minimal_Default.Minimal_Default:PersistentLevel' has LevelScriptBlueprint '/Game/StarterContent/Maps/Minimal_Default.Minimal_Default:PersistentLevel.Minimal_Default' with GeneratedClass '/Game/StarterContent/Maps/Minimal_Default.Minimal_Default_C' with ClassGeneratedBy '/Game/StarterContent/Maps/Minimal_Default.Minimal_Default:PersistentLevel.Minimal_Default'
[2017.03.25-19.40.34:567][997]LogBlueprintUserMessages: Late EndPlayMap Detection: Level '/Game/StarterContent/Maps/Minimal_Default.Minimal_Default:PersistentLevel' has LevelScriptBlueprint '/Game/StarterContent/Maps/Minimal_Default.Minimal_Default:PersistentLevel.Minimal_Default' with GeneratedClass '/Game/StarterContent/Maps/Minimal_Default.Minimal_Default_C' with ClassGeneratedBy '/Game/StarterContent/Maps/Minimal_Default.Minimal_Default:PersistentLevel.Minimal_Default'
[2017.03.25-19.40.37:605][279]LogTemp: Repeting last play command: Selected Viewport
[2017.03.25-19.40.37:621][279]LogBlueprintUserMessages: Early PlayInEditor Detection: Level '/Game/StarterContent/Maps/Minimal_Default.Minimal_Default:PersistentLevel' has LevelScriptBlueprint '/Game/StarterContent/Maps/Minimal_Default.Minimal_Default:PersistentLevel.Minimal_Default' with GeneratedClass '/Game/StarterContent/Maps/Minimal_Default.Minimal_Default_C' with ClassGeneratedBy '/Game/StarterContent/Maps/Minimal_Default.Minimal_Default:PersistentLevel.Minimal_Default'
[2017.03.25-19.40.37:621][279]LogPlayLevel: PlayLevel: No blueprints needed recompiling
[2017.03.25-19.40.37:621][279]PIE: New page: PIE session: Minimal_Default (Mar 26, 2017, 9:40:37 AM)
[2017.03.25-19.40.37:621][279]LogPlayLevel: Creating play world package: /Game/StarterContent/Maps/UEDPIE_0_Minimal_Default
[2017.03.25-19.40.37:624][279]LogPlayLevel: PIE: StaticDuplicateObject took: (0.002918s)
[2017.03.25-19.40.37:624][279]LogAIModule: Creating AISystem for world Minimal_Default
[2017.03.25-19.40.37:625][279]LogPlayLevel: PIE: World Init took: (0.000602s)
[2017.03.25-19.40.37:625][279]LogPlayLevel: PIE: Created PIE world by copying editor world from /Game/StarterContent/Maps/Minimal_Default.Minimal_Default to /Game/StarterContent/Maps/UEDPIE_0_Minimal_Default.Minimal_Default (0.003877s)
[2017.03.25-19.40.37:643][279]LogInit: XAudio2 using 'Headphones (2- High Definition Audio Device)' : 2 channels at 44.1 kHz using 16 bits per sample (channel mask 0x3)
[2017.03.25-19.40.37:653][279]LogInit: FAudioDevice initialized.
[2017.03.25-19.40.37:686][279]LogLoad: Game class is 'PuzzleGameMode_C'
[2017.03.25-19.40.37:688][279]LogWorld: Bringing World /Game/StarterContent/Maps/UEDPIE_0_Minimal_Default.Minimal_Default up for play (max tick rate 0) at 2017.03.26-02.40.37
[2017.03.25-19.40.37:688][279]LogWorld: Bringing up level for play took: 0.001450
[2017.03.25-19.40.37:688][279]LogGameMode:Display: Match State Changed from EnteringMap to WaitingToStart
[2017.03.25-19.40.37:688][279]LogGameState: Match State Changed from EnteringMap to WaitingToStart
[2017.03.25-19.40.37:688][279]LogGameMode:Display: Match State Changed from WaitingToStart to InProgress
[2017.03.25-19.40.37:689][279]LogGameState: Match State Changed from WaitingToStart to InProgress
[2017.03.25-19.40.37:689][279]PIE: Info Play in editor start time for /Game/StarterContent/Maps/UEDPIE_0_Minimal_Default -0.047
[2017.03.25-19.40.37:690][279]LogBlueprintUserMessages: Late PlayInEditor Detection: Level '/Game/StarterContent/Maps/Minimal_Default.Minimal_Default:PersistentLevel' has LevelScriptBlueprint '/Game/StarterContent/Maps/Minimal_Default.Minimal_Default:PersistentLevel.Minimal_Default' with GeneratedClass '/Game/StarterContent/Maps/Minimal_Default.Minimal_Default_C' with ClassGeneratedBy '/Game/StarterContent/Maps/Minimal_Default.Minimal_Default:PersistentLevel.Minimal_Default'
[2017.03.25-19.40.42:836][805]LogBlueprintUserMessages: Early EndPlayMap Detection: Level '/Game/StarterContent/Maps/Minimal_Default.Minimal_Default:PersistentLevel' has LevelScriptBlueprint '/Game/StarterContent/Maps/Minimal_Default.Minimal_Default:PersistentLevel.Minimal_Default' with GeneratedClass '/Game/StarterContent/Maps/Minimal_Default.Minimal_Default_C' with ClassGeneratedBy '/Game/StarterContent/Maps/Minimal_Default.Minimal_Default:PersistentLevel.Minimal_Default'
[2017.03.25-19.40.42:872][805]LogBlueprintUserMessages: Late EndPlayMap Detection: Level '/Game/StarterContent/Maps/Minimal_Default.Minimal_Default:PersistentLevel' has LevelScriptBlueprint '/Game/StarterContent/Maps/Minimal_Default.Minimal_Default:PersistentLevel.Minimal_Default' with GeneratedClass '/Game/StarterContent/Maps/Minimal_Default.Minimal_Default_C' with ClassGeneratedBy '/Game/StarterContent/Maps/Minimal_Default.Minimal_Default:PersistentLevel.Minimal_Default'
[2017.03.25-19.41.01:604][364]Cmd: OBJ SAVEPACKAGE PACKAGE="/Game/Blueprint/TheBox" FILE="E:/Quantum/Content/Blueprint/TheBox.uasset" SILENT=true
[2017.03.25-19.41.01:655][364]LogSavePackage: Save=36.08ms
[2017.03.25-19.41.01:655][364]LogSavePackage: Moving 'E:/Quantum/Saved/TheBox511473CD4F6CCBB5B76D068A3A10159C.tmp' to 'E:/Quantum/Content/Blueprint/TheBox.uasset'
[2017.03.25-19.41.01:656][364]LogSavePackage:Display: Finished SavePackage E:/Quantum/Content/Blueprint/TheBox.uasset
[2017.03.25-19.41.25:104][738]BlueprintLog: New page: Compile TheBox
[2017.03.25-19.41.28:003][908]Cmd: OBJ SAVEPACKAGE PACKAGE="/Game/Blueprint/TheBox" FILE="E:/Quantum/Content/Blueprint/TheBox.uasset" SILENT=true
[2017.03.25-19.41.28:053][908]LogSavePackage: Save=45.92ms
[2017.03.25-19.41.28:053][908]LogSavePackage: Moving 'E:/Quantum/Saved/TheBox271CFFA740E650FD6C2CD5AEDE18B09E.tmp' to 'E:/Quantum/Content/Blueprint/TheBox.uasset'
[2017.03.25-19.41.28:054][908]LogSavePackage:Display: Finished SavePackage E:/Quantum/Content/Blueprint/TheBox.uasset
[2017.03.25-19.41.38:610][544]BlueprintLog: New page: Compile TheDoor
[2017.03.25-19.41.40:643][641]Cmd: OBJ SAVEPACKAGE PACKAGE="/Game/Blueprint/TheDoor" FILE="E:/Quantum/Content/Blueprint/TheDoor.uasset" SILENT=true
[2017.03.25-19.41.40:683][641]LogSavePackage: Save=28.22ms
[2017.03.25-19.41.40:683][641]LogSavePackage: Moving 'E:/Quantum/Saved/TheDoorD3A01FD642A95482AF601087D462A04D.tmp' to 'E:/Quantum/Content/Blueprint/TheDoor.uasset'
[2017.03.25-19.41.40:684][641]LogSavePackage:Display: Finished SavePackage E:/Quantum/Content/Blueprint/TheDoor.uasset
[2017.03.25-19.41.46:780][158]LogEditorViewport: Clicking on Actor (LMB): StaticMeshActor (Cube)
[2017.03.25-19.41.47:005][172]Cmd: OBJ SAVEPACKAGE PACKAGE="/Game/StarterContent/Maps/Minimal_Default" FILE="E:/Quantum/Content/StarterContent/Maps/Minimal_Default.umap" SILENT=true AUTOSAVING=false KEEPDIRTY=false
[2017.03.25-19.41.47:156][172]LogSavePackage: Save=123.53ms
[2017.03.25-19.41.47:156][172]LogSavePackage: Moving 'E:/Quantum/Saved/Minimal_Default31C56D3F4C783594198773B55FC70C84.tmp' to 'E:/Quantum/Content/StarterContent/Maps/Minimal_Default.umap'
[2017.03.25-19.41.47:157][172]LogSavePackage:Display: Finished SavePackage E:/Quantum/Content/StarterContent/Maps/Minimal_Default.umap
[2017.03.25-19.41.47:189][172]Cmd: OBJ SAVEPACKAGE PACKAGE="/Game/StarterContent/Maps/Minimal_Default_BuiltData" FILE="E:/Quantum/Content/StarterContent/Maps/Minimal_Default_BuiltData.uasset" SILENT=true
[2017.03.25-19.41.47:218][172]LogSavePackage: Save=18.07ms
[2017.03.25-19.41.47:218][172]LogSavePackage: Moving 'E:/Quantum/Saved/Minimal_Default_BuiltData76C68B4445D5FF3E4599E396E292A32F.tmp' to 'E:/Quantum/Content/StarterContent/Maps/Minimal_Default_BuiltData.uasset'
[2017.03.25-19.41.47:219][172]LogSavePackage:Display: Finished SavePackage E:/Quantum/Content/StarterContent/Maps/Minimal_Default_BuiltData.uasset
[2017.03.25-19.41.49:958][270]Cmd: OBJ SAVEPACKAGE PACKAGE="/Game/Blueprint/Button" FILE="E:/Quantum/Content/Blueprint/Button.uasset" SILENT=true
[2017.03.25-19.41.50:018][270]LogSavePackage: Save=45.83ms
[2017.03.25-19.41.50:018][270]LogSavePackage: Moving 'E:/Quantum/Saved/Button2ECD5DA74865206D133E649CB5F2B3E9.tmp' to 'E:/Quantum/Content/Blueprint/Button.uasset'
[2017.03.25-19.41.50:019][270]LogSavePackage:Display: Finished SavePackage E:/Quantum/Content/Blueprint/Button.uasset
[2017.03.25-19.41.50:039][270]Cmd: OBJ SAVEPACKAGE PACKAGE="/Game/Blueprint/Forcefield" FILE="E:/Quantum/Content/Blueprint/Forcefield.uasset" SILENT=true
[2017.03.25-19.41.50:076][270]LogSavePackage: Save=26.44ms
[2017.03.25-19.41.50:076][270]LogSavePackage: Moving 'E:/Quantum/Saved/Forcefield7A231A294745FA5A617FB5BDA1A776E1.tmp' to 'E:/Quantum/Content/Blueprint/Forcefield.uasset'
[2017.03.25-19.41.50:080][270]LogSavePackage:Display: Finished SavePackage E:/Quantum/Content/Blueprint/Forcefield.uasset
[2017.03.25-19.41.50:092][270]Cmd: OBJ SAVEPACKAGE PACKAGE="/Game/Blueprint/Platform" FILE="E:/Quantum/Content/Blueprint/Platform.uasset" SILENT=true
[2017.03.25-19.41.50:133][270]LogSavePackage: Save=28.90ms
[2017.03.25-19.41.50:133][270]LogSavePackage: Moving 'E:/Quantum/Saved/Platform16FC9D3C4E92AE82B8EDB79BF0CFAF41.tmp' to 'E:/Quantum/Content/Blueprint/Platform.uasset'
[2017.03.25-19.41.50:134][270]LogSavePackage:Display: Finished SavePackage E:/Quantum/Content/Blueprint/Platform.uasset
[2017.03.25-19.41.50:136][270]Cmd: OBJ SAVEPACKAGE PACKAGE="/Game/Blueprint/Player" FILE="E:/Quantum/Content/Blueprint/Player.uasset" SILENT=true
[2017.03.25-19.41.50:221][270]LogSavePackage: Save=71.50ms
[2017.03.25-19.41.50:221][270]LogSavePackage: Moving 'E:/Quantum/Saved/Player553BFF294F898C03245EF0A874D164B9.tmp' to 'E:/Quantum/Content/Blueprint/Player.uasset'
[2017.03.25-19.41.50:222][270]LogSavePackage:Display: Finished SavePackage E:/Quantum/Content/Blueprint/Player.uasset
[2017.03.25-19.41.50:523][271]Cmd: QUIT_EDITOR
[2017.03.25-19.41.51:132][271]LogWindowsTextInputMethodSystem:Display: IME system now deactivated.
[2017.03.25-19.41.51:164][271]LogExit: Preparing to exit.
[2017.03.25-19.41.51:774][271]LogExit: Editor shut down
[2017.03.25-19.41.51:780][271]LogExit: Transaction tracking system shut down
[2017.03.25-19.41.51:889][271]LogObj: Freed 0b from 0 cluster array pools.
[2017.03.25-19.41.51:890][271]LogExit: Object subsystem successfully closed.
[2017.03.25-19.41.51:917][271]LogD3D11RHI: Shutdown
[2017.03.25-19.41.51:917][271]LogD3D11RHI: CleanupD3DDevice
[2017.03.25-19.41.52:033][271]LogD3D11RHI: ~FD3D11DynamicRHI
[2017.03.25-19.41.52:052][271]LogModuleManager: Shutting down and abandoning module HierarchicalLODUtilities (506)
[2017.03.25-19.41.52:052][271]LogModuleManager: Shutting down and abandoning module MovieSceneCapture (504)
[2017.03.25-19.41.52:052][271]LogModuleManager: Shutting down and abandoning module BlueprintGraph (502)
[2017.03.25-19.41.52:052][271]LogModuleManager: Shutting down and abandoning module BlueprintProfiler (500)
[2017.03.25-19.41.52:052][271]LogModuleManager: Shutting down and abandoning module HierarchicalLODOutliner (498)
[2017.03.25-19.41.52:052][271]LogModuleManager: Shutting down and abandoning module CrashTracker (496)
[2017.03.25-19.41.52:052][271]LogModuleManager: Shutting down and abandoning module SceneOutliner (494)
[2017.03.25-19.41.52:052][271]LogModuleManager: Shutting down and abandoning module AddContentDialog (492)
[2017.03.25-19.41.52:052][271]LogDirectoryWatcher: A directory notification for 'C:/Program Files/Epic Games/UE_4.15/FeaturePacks/' was aborted.
[2017.03.25-19.41.52:052][271]LogModuleManager: Shutting down and abandoning module WidgetCarousel (491)
[2017.03.25-19.41.52:052][271]LogModuleManager: Shutting down and abandoning module EditorWidgets (488)
[2017.03.25-19.41.52:052][271]LogModuleManager: Shutting down and abandoning module CollectionManager (486)
[2017.03.25-19.41.52:053][271]LogDirectoryWatcher: A directory notification for 'E:/Quantum/Content/Collections/' was aborted.
[2017.03.25-19.41.52:053][271]LogDirectoryWatcher: A directory notification for 'E:/Quantum/Content/Developers/Proto/Collections/' was aborted.
[2017.03.25-19.41.52:053][271]LogDirectoryWatcher: A directory notification for 'E:/Quantum/Saved/Collections/' was aborted.
[2017.03.25-19.41.52:053][271]LogModuleManager: Shutting down and abandoning module StatsViewer (484)
[2017.03.25-19.41.52:053][271]LogModuleManager: Shutting down and abandoning module FoliageEdit (482)
[2017.03.25-19.41.52:053][271]LogModuleManager: Shutting down and abandoning module LandscapeEditor (480)
[2017.03.25-19.41.52:053][271]LogModuleManager: Shutting down and abandoning module SceneDepthPickerMode (478)
[2017.03.25-19.41.52:053][271]LogModuleManager: Shutting down and abandoning module ActorPickerMode (476)
[2017.03.25-19.41.52:053][271]LogModuleManager: Shutting down and abandoning module GeometryMode (474)
[2017.03.25-19.41.52:053][271]LogModuleManager: Shutting down and abandoning module TextureAlignMode (472)
[2017.03.25-19.41.52:053][271]LogModuleManager: Shutting down and abandoning module BspMode (470)
[2017.03.25-19.41.52:053][271]LogModuleManager: Shutting down and abandoning module HardwareSurvey (468)
[2017.03.25-19.41.52:053][271]LogModuleManager: Shutting down and abandoning module SequenceRecorderSections (466)
[2017.03.25-19.41.52:053][271]LogModuleManager: Shutting down and abandoning module AutomationWorker (464)
[2017.03.25-19.41.52:053][271]LogModuleManager: Shutting down and abandoning module MatineeToLevelSequence (462)
[2017.03.25-19.41.52:053][271]LogModuleManager: Shutting down and abandoning module LevelSequenceEditor (460)
[2017.03.25-19.41.52:053][271]LogModuleManager: Shutting down and abandoning module PlacementMode (459)
[2017.03.25-19.41.52:053][271]LogModuleManager: Shutting down and abandoning module WmfMediaFactory (456)
[2017.03.25-19.41.52:053][271]LogModuleManager: Shutting down and abandoning module WmfMediaEditor (454)
[2017.03.25-19.41.52:053][271]LogModuleManager: Shutting down and abandoning module MfMediaFactory (452)
[2017.03.25-19.41.52:053][271]LogModuleManager: Shutting down and abandoning module MfMediaEditor (450)
[2017.03.25-19.41.52:053][271]LogModuleManager: Shutting down and abandoning module AvfMediaFactory (448)
[2017.03.25-19.41.52:053][271]LogModuleManager: Shutting down and abandoning module AvfMediaEditor (446)
[2017.03.25-19.41.52:053][271]LogModuleManager: Shutting down and abandoning module AndroidMediaFactory (444)
[2017.03.25-19.41.52:053][271]LogModuleManager: Shutting down and abandoning module Media (443)
[2017.03.25-19.41.52:053][271]LogModuleManager: Shutting down and abandoning module AndroidMediaEditor (440)
[2017.03.25-19.41.52:053][271]LogModuleManager: Shutting down and abandoning module CharacterAI (438)
[2017.03.25-19.41.52:053][271]LogModuleManager: Shutting down and abandoning module AudioCapture (436)
[2017.03.25-19.41.52:053][271]LogModuleManager: Shutting down and abandoning module SequenceRecorder (435)
[2017.03.25-19.41.52:053][271]LogModuleManager: Shutting down and abandoning module SmartSnapping (432)
[2017.03.25-19.41.52:053][271]LogModuleManager: Shutting down and abandoning module SessionServices (430)
[2017.03.25-19.41.52:053][271]LogModuleManager: Shutting down and abandoning module ViewportSnapping (428)
[2017.03.25-19.41.52:053][271]LogModuleManager: Shutting down and abandoning module ViewportInteraction (426)
[2017.03.25-19.41.52:053][271]LogModuleManager: Shutting down and abandoning module LogVisualizer (424)
[2017.03.25-19.41.52:053][271]LogModuleManager: Shutting down and abandoning module IntroTutorials (422)
[2017.03.25-19.41.52:053][271]LogModuleManager: Shutting down and abandoning module GameProjectGeneration (421)
[2017.03.25-19.41.52:053][271]LogModuleManager: Shutting down and abandoning module EditorLiveStreaming (418)
[2017.03.25-19.41.52:053][271]LogModuleManager: Shutting down and abandoning module IOSPlatformEditor (416)
[2017.03.25-19.41.52:053][271]LogModuleManager: Shutting down and abandoning module HTML5PlatformEditor (414)
[2017.03.25-19.41.52:053][271]LogModuleManager: Shutting down and abandoning module AndroidPlatformEditor (412)
[2017.03.25-19.41.52:053][271]LogModuleManager: Shutting down and abandoning module AndroidDeviceDetection (411)
[2017.03.25-19.41.52:465][271]LogModuleManager: Shutting down and abandoning module IOSRuntimeSettings (408)
[2017.03.25-19.41.52:465][271]LogModuleManager: Shutting down and abandoning module AndroidRuntimeSettings (406)
[2017.03.25-19.41.52:465][271]LogModuleManager: Shutting down and abandoning module InputBindingEditor (404)
[2017.03.25-19.41.52:465][271]LogModuleManager: Shutting down and abandoning module NiagaraEditor (402)
[2017.03.25-19.41.52:465][271]LogModuleManager: Shutting down and abandoning module MergeActors (400)
[2017.03.25-19.41.52:465][271]LogModuleManager: Shutting down and abandoning module SizeMap (398)
[2017.03.25-19.41.52:465][271]LogModuleManager: Shutting down and abandoning module TreeMap (396)
[2017.03.25-19.41.52:465][271]LogModuleManager: Shutting down and abandoning module ReferenceViewer (394)
[2017.03.25-19.41.52:465][271]LogModuleManager: Shutting down and abandoning module LocalizationDashboard (392)
[2017.03.25-19.41.52:465][271]LogModuleManager: Shutting down and abandoning module LocalizationService (391)
[2017.03.25-19.41.52:465][271]LogModuleManager: Shutting down and abandoning module HardwareTargeting (388)
[2017.03.25-19.41.52:465][271]LogModuleManager: Shutting down and abandoning module DeviceProfileEditor (386)
[2017.03.25-19.41.52:465][271]LogModuleManager: Shutting down and abandoning module UndoHistory (384)
[2017.03.25-19.41.52:465][271]LogModuleManager: Shutting down and abandoning module UserFeedback (382)
[2017.03.25-19.41.52:465][271]LogModuleManager: Shutting down and abandoning module XmlParser (380)
[2017.03.25-19.41.52:465][271]LogModuleManager: Shutting down and abandoning module Blutility (378)
[2017.03.25-19.41.52:465][271]LogModuleManager: Shutting down and abandoning module ProjectSettingsViewer (376)
[2017.03.25-19.41.52:465][271]LogModuleManager: Shutting down and abandoning module ProjectTargetPlatformEditor (375)
[2017.03.25-19.41.52:465][271]LogModuleManager: Shutting down and abandoning module EditorSettingsViewer (372)
[2017.03.25-19.41.52:465][271]LogModuleManager: Shutting down and abandoning module SettingsEditor (370)
[2017.03.25-19.41.52:465][271]LogModuleManager: Shutting down and abandoning module ProjectLauncher (368)
[2017.03.25-19.41.52:465][271]LogModuleManager: Shutting down and abandoning module SessionFrontend (366)
[2017.03.25-19.41.52:465][271]LogModuleManager: Shutting down and abandoning module ProfilerClient (364)
[2017.03.25-19.41.52:465][271]LogModuleManager: Shutting down and abandoning module DeviceManager (362)
[2017.03.25-19.41.52:465][271]LogModuleManager: Shutting down and abandoning module TargetDeviceServices (361)
[2017.03.25-19.41.52:506][271]LogModuleManager: Shutting down and abandoning module AutomationController (358)
[2017.03.25-19.41.52:506][271]LogModuleManager: Shutting down and abandoning module AutomationWindow (356)
[2017.03.25-19.41.52:506][271]LogModuleManager: Shutting down and abandoning module Layers (354)
[2017.03.25-19.41.52:506][271]LogModuleManager: Shutting down and abandoning module ComponentVisualizers (352)
[2017.03.25-19.41.52:506][271]LogModuleManager: Shutting down and abandoning module DetailCustomizations (350)
[2017.03.25-19.41.52:506][271]LogModuleManager: Shutting down and abandoning module PackagesDialog (348)
[2017.03.25-19.41.52:506][271]LogModuleManager: Shutting down and abandoning module Persona (346)
[2017.03.25-19.41.52:506][271]LogModuleManager: Shutting down and abandoning module AnimGraph (345)
[2017.03.25-19.41.52:506][271]LogModuleManager: Shutting down and abandoning module Kismet (342)
[2017.03.25-19.41.52:516][271]LogModuleManager: Shutting down and abandoning module GraphEditor (340)
[2017.03.25-19.41.52:517][271]LogModuleManager: Shutting down and abandoning module ClassViewer (338)
[2017.03.25-19.41.52:517][271]LogModuleManager: Shutting down and abandoning module Toolbox (336)
[2017.03.25-19.41.52:517][271]LogModuleManager: Shutting down and abandoning module ModuleUI (334)
[2017.03.25-19.41.52:517][271]LogModuleManager: Shutting down and abandoning module MovieSceneTools (332)
[2017.03.25-19.41.52:517][271]LogModuleManager: Shutting down and abandoning module OutputLog (330)
[2017.03.25-19.41.52:517][271]LogModuleManager: Shutting down and abandoning module GammaUI (328)
[2017.03.25-19.41.52:517][271]LogModuleManager: Shutting down and abandoning module Documentation (326)
[2017.03.25-19.41.52:517][271]LogModuleManager: Shutting down and abandoning module Niagara (324)
[2017.03.25-19.41.52:517][271]LogModuleManager: Shutting down and abandoning module StreamingPauseRendering (322)
[2017.03.25-19.41.52:517][271]LogModuleManager: Shutting down and abandoning module AnalyticsET (320)
[2017.03.25-19.41.52:517][271]LogModuleManager: Shutting down and abandoning module PortalServices (318)
[2017.03.25-19.41.52:517][271]LogModuleManager: Shutting down and abandoning module PortalRpc (316)
[2017.03.25-19.41.52:517][271]LogModuleManager: Shutting down and abandoning module MessagingRpc (314)
[2017.03.25-19.41.52:517][271]LogModuleManager: Shutting down and abandoning module AIModule (312)
[2017.03.25-19.41.52:517][271]LogModuleManager: Shutting down and abandoning module GameplayDebugger (311)
[2017.03.25-19.41.52:517][271]LogModuleManager: Shutting down and abandoning module AITestSuite (309)
[2017.03.25-19.41.52:517][271]LogModuleManager: Shutting down and abandoning module ProfilerService (306)
[2017.03.25-19.41.52:572][271]LogModuleManager: Shutting down and abandoning module TaskGraph (304)
[2017.03.25-19.41.52:572][271]LogModuleManager: Shutting down and abandoning module SteamVRController (302)
[2017.03.25-19.41.52:572][271]LogModuleManager: Shutting down and abandoning module SteamVR (300)
[2017.03.25-19.41.52:572][271]LogModuleManager: Shutting down and abandoning module ProceduralMeshComponentEditor (298)
[2017.03.25-19.41.52:572][271]LogModuleManager: Shutting down and abandoning module ProceduralMeshComponent (296)
[2017.03.25-19.41.52:572][271]LogModuleManager: Shutting down and abandoning module OculusLibrary (294)
[2017.03.25-19.41.52:572][271]LogModuleManager: Shutting down and abandoning module OculusInput (292)
[2017.03.25-19.41.52:572][271]LogModuleManager: Shutting down and abandoning module MobilePatchingUtils (290)
[2017.03.25-19.41.52:572][271]LogModuleManager: Shutting down and abandoning module CustomMeshComponent (288)
[2017.03.25-19.41.52:572][271]LogModuleManager: Shutting down and abandoning module CableComponent (286)
[2017.03.25-19.41.52:572][271]LogModuleManager: Shutting down and abandoning module ArchVisCharacter (284)
[2017.03.25-19.41.52:572][271]LogModuleManager: Shutting down and abandoning module MediaPlayerEditor (280)
[2017.03.25-19.41.52:572][271]LogModuleManager: Shutting down and abandoning module HTML5Networking (278)
[2017.03.25-19.41.52:572][271]LogModuleManager: Shutting down and abandoning module AlembicImporter (276)
[2017.03.25-19.41.52:572][271]LogModuleManager: Shutting down and abandoning module AlembicLibrary (275)
[2017.03.25-19.41.52:572][271]LogModuleManager: Shutting down and abandoning module GeometryCache (274)
[2017.03.25-19.41.52:572][271]LogModuleManager: Shutting down and abandoning module GeometryCacheEd (273)
[2017.03.25-19.41.52:572][271]LogModuleManager: Shutting down and abandoning module SuperSearchEditor (268)
[2017.03.25-19.41.52:572][271]LogModuleManager: Shutting down and abandoning module SuperSearch (267)
[2017.03.25-19.41.52:572][271]LogModuleManager: Shutting down and abandoning module SpeedTreeImporter (264)
[2017.03.25-19.41.52:572][271]LogModuleManager: Shutting down and abandoning module PluginBrowser (262)
[2017.03.25-19.41.52:572][271]LogModuleManager: Shutting down and abandoning module MobileLauncherProfileWizard (260)
[2017.03.25-19.41.52:572][271]LogModuleManager: Shutting down and abandoning module EpicSurvey (258)
[2017.03.25-19.41.52:572][271]LogModuleManager: Shutting down and abandoning module VisualStudioSourceCodeAccess (256)
[2017.03.25-19.41.52:572][271]LogModuleManager: Shutting down and abandoning module DesktopPlatform (255)
[2017.03.25-19.41.52:572][271]LogModuleManager: Shutting down and abandoning module UObjectPlugin (252)
[2017.03.25-19.41.52:572][271]LogModuleManager: Shutting down and abandoning module SubversionSourceControl (250)
[2017.03.25-19.41.52:572][271]LogModuleManager: Shutting down and abandoning module PerforceSourceControl (248)
[2017.03.25-19.41.52:572][271]LogModuleManager: Shutting down and abandoning module GitSourceControl (246)
[2017.03.25-19.41.52:572][271]LogModuleManager: Shutting down and abandoning module SourceControl (245)
[2017.03.25-19.41.52:572][271]LogModuleManager: Shutting down and abandoning module LightPropagationVolumeEditor (242)
[2017.03.25-19.41.52:572][271]LogModuleManager: Shutting down and abandoning module PaperTiledImporter (240)
[2017.03.25-19.41.52:572][271]LogModuleManager: Shutting down and abandoning module PaperSpriteSheetImporter (238)
[2017.03.25-19.41.52:572][271]LogModuleManager: Shutting down and abandoning module Paper2DEditor (236)
[2017.03.25-19.41.52:572][271]LogModuleManager: Shutting down and abandoning module MeshPaint (235)
[2017.03.25-19.41.52:572][271]LogModuleManager: Shutting down and abandoning module LevelEditor (233)
[2017.03.25-19.41.52:573][271]LogModuleManager: Shutting down and abandoning module PixelInspectorModule (232)
[2017.03.25-19.41.52:573][271]LogModuleManager: Shutting down and abandoning module MainFrame (230)
[2017.03.25-19.41.52:573][271]LogModuleManager: Shutting down and abandoning module HotReload (229)
[2017.03.25-19.41.52:573][271]LogModuleManager: Shutting down and abandoning module ContentBrowser (225)
[2017.03.25-19.41.52:575][271]LogModuleManager: Shutting down and abandoning module PhysXVehiclesEditor (222)
[2017.03.25-19.41.52:575][271]LogModuleManager: Shutting down and abandoning module PhysXVehicles (220)
[2017.03.25-19.41.52:575][271]LogModuleManager: Shutting down and abandoning module LocationServicesBPLibrary (218)
[2017.03.25-19.41.52:575][271]LogModuleManager: Shutting down and abandoning module UdpMessaging (216)
[2017.03.25-19.41.52:676][271]LogModuleManager: Shutting down and abandoning module TcpMessaging (214)
[2017.03.25-19.41.52:777][271]LogModuleManager: Shutting down and abandoning module GameplayTagsEditor (212)
[2017.03.25-19.41.52:777][271]LogModuleManager: Shutting down and abandoning module FacialAnimationEditor (210)
[2017.03.25-19.41.52:777][271]LogModuleManager: Shutting down and abandoning module FacialAnimation (208)
[2017.03.25-19.41.52:777][271]LogModuleManager: Shutting down and abandoning module LightPropagationVolumeRuntime (206)
[2017.03.25-19.41.52:777][271]LogModuleManager: Shutting down and abandoning module Paper2D (204)
[2017.03.25-19.41.52:777][271]LogModuleManager: Shutting down and abandoning module WindowsMoviePlayer (202)
[2017.03.25-19.41.52:777][271]LogModuleManager: Shutting down and abandoning module WmfMedia (200)
[2017.03.25-19.41.52:777][271]LogModuleManager: Shutting down and abandoning module MfMedia (198)
[2017.03.25-19.41.52:777][271]LogModuleManager: Shutting down and abandoning module MediaAssets (196)
[2017.03.25-19.41.52:777][271]LogModuleManager: Shutting down and abandoning module GameLiveStreaming (194)
[2017.03.25-19.41.52:777][271]LogModuleManager: Shutting down and abandoning module VREditor (192)
[2017.03.25-19.41.52:777][271]LogModuleManager: Shutting down and abandoning module GameplayTasksEditor (190)
[2017.03.25-19.41.52:777][271]LogModuleManager: Shutting down and abandoning module BehaviorTreeEditor (188)
[2017.03.25-19.41.52:777][271]LogModuleManager: Shutting down and abandoning module FunctionalTesting (186)
[2017.03.25-19.41.52:777][271]LogModuleManager: Shutting down and abandoning module CollisionAnalyzer (184)
[2017.03.25-19.41.52:777][271]LogModuleManager: Shutting down and abandoning module UMG (182)
[2017.03.25-19.41.52:777][271]LogModuleManager: Shutting down and abandoning module UMGEditor (181)
[2017.03.25-19.41.52:777][271]LogModuleManager: Shutting down and abandoning module Sequencer (180)
[2017.03.25-19.41.52:777][271]LogModuleManager: Shutting down and abandoning module AssetTools (178)
[2017.03.25-19.41.52:777][271]LogModuleManager: Shutting down and abandoning module MessageLog (177)
[2017.03.25-19.41.52:777][271]LogModuleManager: Shutting down and abandoning module WorkspaceMenuStructure (176)
[2017.03.25-19.41.52:777][271]LogModuleManager: Shutting down and abandoning module SlateReflector (170)
[2017.03.25-19.41.52:777][271]LogModuleManager: Shutting down and abandoning module Slate (168)
[2017.03.25-19.41.52:777][271]LogModuleManager: Shutting down and abandoning module EditorStyle (166)
[2017.03.25-19.41.52:781][271]LogModuleManager: Shutting down and abandoning module SourceCodeAccess (164)
[2017.03.25-19.41.52:781][271]LogModuleManager: Shutting down and abandoning module HeadMountedDisplay (162)
[2017.03.25-19.41.52:781][271]LogModuleManager: Shutting down and abandoning module XAudio2 (160)
[2017.03.25-19.41.52:781][271]LogModuleManager: Shutting down and abandoning module Networking (158)
[2017.03.25-19.41.52:781][271]LogModuleManager: Shutting down and abandoning module Core (154)
[2017.03.25-19.41.52:781][271]LogModuleManager: Shutting down and abandoning module AssetRegistry (152)
[2017.03.25-19.41.52:961][271]LogDirectoryWatcher: A directory notification for '../../../Engine/Content/' was aborted.
[2017.03.25-19.41.52:961][271]LogDirectoryWatcher: A directory notification for 'E:/Quantum/Content/' was aborted.
[2017.03.25-19.41.52:961][271]LogDirectoryWatcher: A directory notification for '../../../Engine/Plugins/2D/Paper2D/Content/' was aborted.
[2017.03.25-19.41.52:962][271]LogModuleManager: Shutting down and abandoning module DirectoryWatcher (151)
[2017.03.25-19.41.52:962][271]LogModuleManager: Shutting down and abandoning module KismetCompiler (148)
[2017.03.25-19.41.52:962][271]LogModuleManager: Shutting down and abandoning module PhysXFormats (146)
[2017.03.25-19.41.52:962][271]LogModuleManager: Shutting down and abandoning module MeshUtilities (144)
[2017.03.25-19.41.52:962][271]LogModuleManager: Shutting down and abandoning module SimplygonSwarm (143)
[2017.03.25-19.41.52:962][271]LogModuleManager: Shutting down and abandoning module SimplygonMeshReduction (141)
[2017.03.25-19.41.52:962][271]LogModuleManager: Shutting down and abandoning module QuadricMeshReduction (139)
[2017.03.25-19.41.52:962][271]LogModuleManager: Shutting down and abandoning module PropertyEditor (137)
[2017.03.25-19.41.52:962][271]LogModuleManager: Shutting down and abandoning module DerivedDataCache (134)
[2017.03.25-19.41.52:995][271]LogDerivedDataCache: Shutdown
[2017.03.25-19.41.52:995][271]LogModuleManager: Shutting down and abandoning module TargetPlatform (132)
[2017.03.25-19.41.52:995][271]LogModuleManager: Shutting down and abandoning module VulkanShaderFormat (131)
[2017.03.25-19.41.52:995][271]LogModuleManager: Shutting down and abandoning module ShaderFormatOpenGL (129)
[2017.03.25-19.41.52:995][271]LogModuleManager: Shutting down and abandoning module ShaderFormatD3D (127)
[2017.03.25-19.41.52:995][271]LogModuleManager: Shutting down and abandoning module MetalShaderFormat (125)
[2017.03.25-19.41.52:995][271]LogModuleManager: Shutting down and abandoning module TextureFormatUncompressed (123)
[2017.03.25-19.41.52:995][271]LogModuleManager: Shutting down and abandoning module TextureFormatPVR (121)
[2017.03.25-19.41.52:996][271]LogModuleManager: Shutting down and abandoning module TextureFormatDXT (119)
[2017.03.25-19.41.52:996][271]LogModuleManager: Shutting down and abandoning module TextureFormatIntelISPCTexComp (117)
[2017.03.25-19.41.52:996][271]LogModuleManager: Shutting down and abandoning module TextureFormatASTC (115)
[2017.03.25-19.41.52:996][271]LogModuleManager: Shutting down and abandoning module ImageWrapper (114)
[2017.03.25-19.41.52:996][271]LogModuleManager: Shutting down and abandoning module TextureFormatAndroid (111)
[2017.03.25-19.41.52:996][271]LogModuleManager: Shutting down and abandoning module AudioFormatOpus (109)
[2017.03.25-19.41.52:996][271]LogModuleManager: Shutting down and abandoning module AudioFormatOgg (107)
[2017.03.25-19.41.52:996][271]LogModuleManager: Shutting down and abandoning module AudioFormatADPCM (105)
[2017.03.25-19.41.52:996][271]LogModuleManager: Shutting down and abandoning module LinuxTargetPlatform (103)
[2017.03.25-19.41.52:996][271]LogModuleManager: Shutting down and abandoning module LinuxServerTargetPlatform (101)
[2017.03.25-19.41.52:996][271]LogModuleManager: Shutting down and abandoning module LinuxNoEditorTargetPlatform (99)
[2017.03.25-19.41.52:996][271]LogModuleManager: Shutting down and abandoning module LinuxClientTargetPlatform (97)
[2017.03.25-19.41.52:996][271]LogModuleManager: Shutting down and abandoning module TVOSTargetPlatform (95)
[2017.03.25-19.41.52:996][271]LogModuleManager: Shutting down and abandoning module Messaging (93)
[2017.03.25-19.41.52:996][271]LogModuleManager: Shutting down and abandoning module IOSTargetPlatform (91)
[2017.03.25-19.41.52:996][271]LogModuleManager: Shutting down and abandoning module HTML5TargetPlatform (89)
[2017.03.25-19.41.52:996][271]LogModuleManager: Shutting down and abandoning module Android_PVRTCTargetPlatform (87)
[2017.03.25-19.41.52:996][271]LogModuleManager: Shutting down and abandoning module Android_MultiTargetPlatform (85)
[2017.03.25-19.41.52:996][271]LogModuleManager: Shutting down and abandoning module Android_ETC2TargetPlatform (83)
[2017.03.25-19.41.52:996][271]LogModuleManager: Shutting down and abandoning module Android_ETC1TargetPlatform (81)
[2017.03.25-19.41.52:996][271]LogModuleManager: Shutting down and abandoning module Android_DXTTargetPlatform (79)
[2017.03.25-19.41.52:996][271]LogModuleManager: Shutting down and abandoning module Android_ATCTargetPlatform (77)
[2017.03.25-19.41.52:996][271]LogModuleManager: Shutting down and abandoning module Android_ASTCTargetPlatform (75)
[2017.03.25-19.41.52:996][271]LogModuleManager: Shutting down and abandoning module AndroidTargetPlatform (73)
[2017.03.25-19.41.52:996][271]LogModuleManager: Shutting down and abandoning module WindowsTargetPlatform (71)
[2017.03.25-19.41.52:996][271]LogModuleManager: Shutting down and abandoning module WindowsServerTargetPlatform (69)
[2017.03.25-19.41.52:996][271]LogModuleManager: Shutting down and abandoning module WindowsNoEditorTargetPlatform (67)
[2017.03.25-19.41.52:996][271]LogModuleManager: Shutting down and abandoning module WindowsClientTargetPlatform (65)
[2017.03.25-19.41.52:996][271]LogModuleManager: Shutting down and abandoning module MacTargetPlatform (63)
[2017.03.25-19.41.52:996][271]LogModuleManager: Shutting down and abandoning module MacServerTargetPlatform (61)
[2017.03.25-19.41.52:996][271]LogModuleManager: Shutting down and abandoning module MacNoEditorTargetPlatform (59)
[2017.03.25-19.41.52:996][271]LogModuleManager: Shutting down and abandoning module MacClientTargetPlatform (57)
[2017.03.25-19.41.52:996][271]LogModuleManager: Shutting down and abandoning module AllDesktopTargetPlatform (55)
[2017.03.25-19.41.52:996][271]LogModuleManager: Shutting down and abandoning module InputCore (52)
[2017.03.25-19.41.52:996][271]LogModuleManager: Shutting down and abandoning module Settings (50)
[2017.03.25-19.41.52:996][271]LogModuleManager: Shutting down and abandoning module OculusRift (48)
[2017.03.25-19.41.52:996][271]LogModuleManager: Shutting down and abandoning module GearVR (46)
[2017.03.25-19.41.52:996][271]LogModuleManager: Shutting down and abandoning module ExampleDeviceProfileSelector (44)
[2017.03.25-19.41.52:996][271]LogModuleManager: Shutting down and abandoning module OnlineBlueprintSupport (42)
[2017.03.25-19.41.52:996][271]LogModuleManager: Shutting down and abandoning module OnlineSubsystem (38)
[2017.03.25-19.41.52:996][271]LogOnline:Display: Unloading online subsystem: NULL
[2017.03.25-19.41.52:996][271]LogModuleManager: Shutting down and abandoning module XMPP (37)
[2017.03.25-19.41.52:996][271]LogModuleManager: Shutting down and abandoning module HTTP (35)
[2017.03.25-19.41.52:996][271]LogHttp:Display: Http module shutting down, but needs to wait on 1 outstanding Http requests:
[2017.03.25-19.41.52:996][271]LogHttp:Display: 	verb=[POST] url=[https://datarouter.ol.epicgames.com/datarouter/api/v1/public/data?SessionID=%7B5F2C9D52-4D09-5177-43F2-06B5D0F4DD05%7D&AppID=UEEditor.Rocket.Release&AppVersion=4.15.1-3348071%2B%2B%2BUE4%2BRelease-4.15&UserID=d216f3934841911196f38fbea46ed9ea%7Cb51ba83205af482cbc94873afb168383%7C29a1b203-6483-41ba-9fad-41b3ec1343b4&AppEnvironment=datacollector-binary&UploadType=eteventstream] status=Processing
[2017.03.25-19.41.53:005][271]LogModuleManager: Shutting down and abandoning module SSL (34)
[2017.03.25-19.41.53:006][271]LogModuleManager: Shutting down and abandoning module AudioEditor (30)
[2017.03.25-19.41.53:006][271]LogModuleManager: Shutting down and abandoning module TextureCompressor (28)
[2017.03.25-19.41.53:006][271]LogModuleManager: Shutting down and abandoning module ShaderCore (26)
[2017.03.25-19.41.53:006][271]LogModuleManager: Shutting down and abandoning module Landscape (24)
[2017.03.25-19.41.53:006][271]LogModuleManager: Shutting down and abandoning module SlateRHIRenderer (22)
[2017.03.25-19.41.53:012][271]LogModuleManager: Shutting down and abandoning module OpenGLDrv (20)
[2017.03.25-19.41.53:012][271]LogModuleManager: Shutting down and abandoning module D3D11RHI (18)
[2017.03.25-19.41.53:012][271]LogModuleManager: Shutting down and abandoning module AnimGraphRuntime (16)
[2017.03.25-19.41.53:012][271]LogModuleManager: Shutting down and abandoning module Renderer (14)
[2017.03.25-19.41.53:012][271]LogModuleManager: Shutting down and abandoning module Engine (12)
[2017.03.25-19.41.53:012][271]LogModuleManager: Shutting down and abandoning module CoreUObject (10)
[2017.03.25-19.41.53:012][271]LogModuleManager: Shutting down and abandoning module NetworkFile (8)
[2017.03.25-19.41.53:012][271]LogModuleManager: Shutting down and abandoning module StreamingFile (6)
[2017.03.25-19.41.53:012][271]LogModuleManager: Shutting down and abandoning module SandboxFile (4)
[2017.03.25-19.41.53:012][271]LogModuleManager: Shutting down and abandoning module PakFile (2)
[2017.03.25-19.41.53:014][271]LogExit: Exiting.
[2017.03.25-19.41.53:016][271]Log file closed, 03/26/17 02:41:53
