Log file open, 03/29/17 21:54:01
LogInit:Display: Running engine for game: Quantum
LogPlatformFile: Not using cached read wrapper
LogInit:Display: RandInit(-1687969683) SRandInit(-1687969683).
LogTaskGraph: Started task graph with 5 named threads and 8 total threads with 1 sets of task threads.
LogStats: Stats thread started at 0.111400
LogInit: Using libcurl 7.47.1
LogInit:  - built for x86_64-pc-win32
LogInit:  - supports SSL with OpenSSL/1.0.2g
LogInit:  - supports HTTP deflate (compression) using libz 1.2.8
LogInit:  - other features:
LogInit:      CURL_VERSION_SSL
LogInit:      CURL_VERSION_LIBZ
LogInit:      CURL_VERSION_IPV6
LogInit:      CURL_VERSION_ASYNCHDNS
LogInit:      CURL_VERSION_LARGEFILE
LogInit:      CURL_VERSION_IDN
LogInit:  CurlRequestOptions (configurable via config and command line):
LogInit:  - bVerifyPeer = false  - Libcurl will NOT verify peer certificate
LogInit:  - bUseHttpProxy = false  - Libcurl will NOT use HTTP proxy
LogInit:  - bDontReuseConnections = false  - Libcurl will reuse connections
LogInit:  - CertBundlePath = nullptr  - Libcurl will use whatever was configured at build time.
LogInit: Build: ++UE4+Release-4.15-CL-3348071
LogInit: Engine Version: 4.15.1-3348071+++UE4+Release-4.15
LogInit: Compatible Engine Version: 4.15.0-3299760+++UE4+Release-4.15
LogInit: Net CL: 3299760
LogDevObjectVersion: Number of dev versions registered: 14
LogDevObjectVersion:   Dev-Blueprints (B0D832E4-1F89-4F0D-ACCF-7EB736FD4AA2): 8
LogDevObjectVersion:   Dev-Build (E1C64328-A22C-4D53-A36C-8E866417BD8C): 0
LogDevObjectVersion:   Dev-Core (375EC13C-06E4-48FB-B500-84F0262A717E): 2
LogDevObjectVersion:   Dev-Editor (E4B068ED-F494-42E9-A231-DA0B2E46BB41): 14
LogDevObjectVersion:   Dev-Framework (CFFC743F-43B0-4480-9391-14DF171D2073): 22
LogDevObjectVersion:   Dev-Mobile (B02B49B5-BB20-44E9-A304-32B752E40360): 0
LogDevObjectVersion:   Dev-Networking (A4E4105C-59A1-49B5-A7C5-40C4547EDFEE): 0
LogDevObjectVersion:   Dev-Online (39C831C9-5AE6-47DC-9A44-9C173E1C8E7C): 0
LogDevObjectVersion:   Dev-Physics (78F01B33-EBEA-4F98-B9B4-84EACCB95AA2): 0
LogDevObjectVersion:   Dev-Platform (6631380F-2D4D-43E0-8009-CF276956A95A): 0
LogDevObjectVersion:   Dev-Rendering (12F88B9F-8875-4AFC-A67C-D90C383ABD29): 12
LogDevObjectVersion:   Dev-Sequencer (7B5AE74C-D270-4C10-A958-57980B212A5A): 3
LogDevObjectVersion:   Dev-VR (D7296918-1DD6-4BDD-9DE2-64A83CC13884): 0
LogDevObjectVersion:   Dev-LoadTimes (C2A15278-BFE7-4AFE-6C17-90FF531DF755): 1
LogInit: Compiled (64-bit): Mar 15 2017 16:52:47
LogInit: Compiled with Visual C++: 19.00.23026.00
LogInit: Build Configuration: Development
LogInit: Branch Name: ++UE4+Release-4.15
LogInit: Command line:  
LogInit: Base directory: C:/Program Files/Epic Games/UE_4.15/Engine/Binaries/Win64/
LogInit: Installed Engine Build: 1
LogInit: Presizing for max 8388607 objects, including 0 objects not considered by GC, pre-allocating 0 bytes for permanent pool.
LogInit: Object subsystem initialized
[2017.03.29-14.54.01:923][  0]LogInit: Selected Device Profile: [Windows]
[2017.03.29-14.54.01:923][  0]LogInit: Applying CVar settings loaded from the selected device profile: [Windows]
[2017.03.29-14.54.01:960][  0]LogInit: Computer: KOKO-IMMORTAL
[2017.03.29-14.54.01:960][  0]LogInit: User: Proto
[2017.03.29-14.54.01:960][  0]LogInit: CPU Page size=65536, Cores=4
[2017.03.29-14.54.01:960][  0]LogInit: High frequency timer resolution =3.328130 MHz
[2017.03.29-14.54.01:961][  0]LogMemory: Memory total: Physical=16.0GB (16GB approx)
[2017.03.29-14.54.01:961][  0]LogMemory: Platform Memory Stats for Windows
[2017.03.29-14.54.01:961][  0]LogMemory: Process Physical Memory: 261.80 MB used, 261.80 MB peak
[2017.03.29-14.54.01:961][  0]LogMemory: Process Virtual Memory: 262.41 MB used, 262.41 MB peak
[2017.03.29-14.54.01:961][  0]LogMemory: Physical Memory: 4040.75 MB used,  12301.99 MB free, 16342.74 MB total
[2017.03.29-14.54.01:961][  0]LogMemory: Virtual Memory: 643.98 MB used,  12301.99 MB free, 134217728.00 MB total
[2017.03.29-14.54.02:307][  0]LogTextLocalizationManager: No specific translations for ('en-US') exist, so ('en') translations will be used.
[2017.03.29-14.54.04:400][  0]LogD3D11RHI: D3D11 adapters:
[2017.03.29-14.54.04:879][  0]LogD3D11RHI:    0. 'NVIDIA GeForce GTX 1060 6GB' (Feature Level 11_0)
[2017.03.29-14.54.04:879][  0]LogD3D11RHI:       6084/0/8171 MB DedicatedVideo/DedicatedSystem/SharedSystem, Outputs:2, VendorId:0x10de
[2017.03.29-14.54.04:881][  0]LogD3D11RHI:    1. 'Microsoft Basic Render Driver' (Feature Level 11_0)
[2017.03.29-14.54.04:881][  0]LogD3D11RHI:       0/0/8171 MB DedicatedVideo/DedicatedSystem/SharedSystem, Outputs:0, VendorId:0x1414
[2017.03.29-14.54.04:881][  0]LogD3D11RHI: Chosen D3D11 Adapter: 0
[2017.03.29-14.54.04:891][  0]LogD3D11RHI: Creating new Direct3DDevice
[2017.03.29-14.54.04:891][  0]LogD3D11RHI:     GPU DeviceId: 0x1c03 (for the marketing name, search the web for "GPU Device Id")
[2017.03.29-14.54.04:891][  0]LogWindows: EnumDisplayDevices:
[2017.03.29-14.54.04:891][  0]LogWindows:    0. 'NVIDIA GeForce GTX 1060 6GB' (P:1 D:1)
[2017.03.29-14.54.04:891][  0]LogWindows:    1. 'NVIDIA GeForce GTX 1060 6GB' (P:0 D:1)
[2017.03.29-14.54.04:891][  0]LogWindows:    2. 'NVIDIA GeForce GTX 1060 6GB' (P:0 D:0)
[2017.03.29-14.54.04:891][  0]LogWindows:    3. 'NVIDIA GeForce GTX 1060 6GB' (P:0 D:0)
[2017.03.29-14.54.04:891][  0]LogWindows: DebugString: FoundDriverCount:4 
[2017.03.29-14.54.04:891][  0]LogD3D11RHI:     Adapter Name: NVIDIA GeForce GTX 1060 6GB
[2017.03.29-14.54.04:892][  0]LogD3D11RHI:   Driver Version: 378.92 (internal:21.21.13.7892, unified:378.92)
[2017.03.29-14.54.04:892][  0]LogD3D11RHI:      Driver Date: 3-16-2017
[2017.03.29-14.54.04:892][  0]LogRHI: Texture pool is 1361 MB (70% of 1945 MB)
[2017.03.29-14.54.05:379][  0]LogD3D11RHI: Async texture creation enabled
[2017.03.29-14.54.05:449][  0]LogD3D11RHI: GPU Timing Frequency: 1000.000000 (Debug: 2 1)
[2017.03.29-14.54.05:552][  0]LogShaderCompilers: Guid format shader working directory is 35 characters bigger than the processId version (E:/Quantum/Intermediate/Shaders/WorkingDirectory/10868/).
[2017.03.29-14.54.05:553][  0]LogShaderCompilers: Cleaned the shader compiler working directory 'C:/Users/Proto/AppData/Local/Temp/UnrealShaderWorkingDir/320BE8A646439430884BFE8128549E98/'.
[2017.03.29-14.54.05:553][  0]LogShaderCompilers:Display: Using Local Shader Compiler.
[2017.03.29-14.54.08:010][  0]LogTemp:Display: Loaded TP AllDesktopTargetPlatform
[2017.03.29-14.54.08:053][  0]LogTemp:Display: Loaded TP MacClientTargetPlatform
[2017.03.29-14.54.08:095][  0]LogTemp:Display: Loaded TP MacNoEditorTargetPlatform
[2017.03.29-14.54.08:138][  0]LogTemp:Display: Loaded TP MacServerTargetPlatform
[2017.03.29-14.54.08:184][  0]LogTemp:Display: Loaded TP MacTargetPlatform
[2017.03.29-14.54.08:227][  0]LogTemp:Display: Loaded TP WindowsClientTargetPlatform
[2017.03.29-14.54.08:270][  0]LogTemp:Display: Loaded TP WindowsNoEditorTargetPlatform
[2017.03.29-14.54.08:312][  0]LogTemp:Display: Loaded TP WindowsServerTargetPlatform
[2017.03.29-14.54.08:348][  0]LogTemp:Display: Loaded TP WindowsTargetPlatform
[2017.03.29-14.54.08:391][  0]LogTemp:Display: Loaded TP AndroidTargetPlatform
[2017.03.29-14.54.08:433][  0]LogTemp:Display: Loaded TP Android_ASTCTargetPlatform
[2017.03.29-14.54.08:475][  0]LogTemp:Display: Loaded TP Android_ATCTargetPlatform
[2017.03.29-14.54.08:517][  0]LogTemp:Display: Loaded TP Android_DXTTargetPlatform
[2017.03.29-14.54.08:560][  0]LogTemp:Display: Loaded TP Android_ETC1TargetPlatform
[2017.03.29-14.54.08:603][  0]LogTemp:Display: Loaded TP Android_ETC2TargetPlatform
[2017.03.29-14.54.08:691][  0]LogTemp:Display: Loaded TP Android_MultiTargetPlatform
[2017.03.29-14.54.08:691][  0]LogTemp:Display: Loaded TP Android_PVRTCTargetPlatform
[2017.03.29-14.54.08:719][  0]LogTemp:Display: Loaded TP HTML5TargetPlatform
[2017.03.29-14.54.08:821][  0]LogTemp:Display: Loaded TP IOSTargetPlatform
[2017.03.29-14.54.08:848][  0]LogTemp:Display: Loaded TP TVOSTargetPlatform
[2017.03.29-14.54.08:890][  0]LogTemp:Display: Loaded TP LinuxClientTargetPlatform
[2017.03.29-14.54.08:931][  0]LogTemp:Display: Loaded TP LinuxNoEditorTargetPlatform
[2017.03.29-14.54.08:973][  0]LogTemp:Display: Loaded TP LinuxServerTargetPlatform
[2017.03.29-14.54.09:022][  0]LogTemp:Display: Loaded TP LinuxTargetPlatform
[2017.03.29-14.54.09:022][  0]LogTargetPlatformManager:Display: Building Assets For Windows
[2017.03.29-14.54.09:627][  0]LogDerivedDataCache:Display: Max Cache Size: 512 MB
[2017.03.29-14.54.09:889][  0]LogDerivedDataCache: Loaded boot cache 0.26s 50MB C:/Users/Proto/AppData/Local/UnrealEngine/4.15/DerivedDataCache/Boot.ddc.
[2017.03.29-14.54.09:889][  0]LogDerivedDataCache:Display: Loaded Boot cache: C:/Users/Proto/AppData/Local/UnrealEngine/4.15/DerivedDataCache/Boot.ddc
[2017.03.29-14.54.09:889][  0]LogDerivedDataCache: FDerivedDataBackendGraph:  Pak pak cache file E:/Quantum/DerivedDataCache/DDC.ddp not found, will not use a pak cache.
[2017.03.29-14.54.09:889][  0]LogDerivedDataCache: Unable to find inner node Pak for hierarchical cache Hierarchy.
[2017.03.29-14.54.09:889][  0]LogDerivedDataCache: FDerivedDataBackendGraph:  CompressedPak pak cache file E:/Quantum/DerivedDataCache/Compressed.ddp not found, will not use a pak cache.
[2017.03.29-14.54.09:889][  0]LogDerivedDataCache: Unable to find inner node CompressedPak for hierarchical cache Hierarchy.
[2017.03.29-14.54.09:936][  0]LogDerivedDataCache:Display: Pak cache opened for reading ../../../Engine/DerivedDataCache/Compressed.ddp.
[2017.03.29-14.54.09:949][  0]LogDerivedDataCache: Using Local data cache path C:/Users/Proto/AppData/Local/UnrealEngine/Common/DerivedDataCache: Writable
[2017.03.29-14.54.09:976][  0]LogSlate: Using Freetype 2.6.0
[2017.03.29-14.54.09:987][  0]LogSlate: SlateFontCache - WITH_FREETYPE: 1, WITH_HARFBUZZ: 1
[2017.03.29-14.54.09:987][  0]LogSlate: SlateFontCache - WITH_FREETYPE: 1, WITH_HARFBUZZ: 1
[2017.03.29-14.54.13:223][  0]LogInit: Selected Device Profile: [Windows]
[2017.03.29-14.54.13:234][  0]LogContentStreaming: Texture pool size is 0.00 MB
[2017.03.29-14.54.13:491][  0]LogMeshUtilities: Using QuadricMeshReduction for automatic static mesh reduction
[2017.03.29-14.54.13:528][  0]LogSimplygon: Simplygon DLL not present - disabling.
[2017.03.29-14.54.13:568][  0]LogMeshUtilities: Using SimplygonSwarm for distributed automatic mesh merging
[2017.03.29-14.54.13:568][  0]LogMeshUtilities: No automatic skeletal mesh reduction module available
[2017.03.29-14.54.13:568][  0]LogMeshUtilities: No automatic mesh merging module available
[2017.03.29-14.54.14:938][  0]LogNetVersion: GetLocalNetworkVersion: CL: 3299760, ProjectName: quantum, ProjectVersion: , EngineNetworkVersion: 2, GameNetworkVersion: 0, NetworkChecksum: 3234878722
[2017.03.29-14.54.14:994][  0]LogAssetRegistry: FAssetRegistry took 0.0247 seconds to start up
[2017.03.29-14.54.15:076][  0]LogPackageLocalizationCache: Processed 3 localized package path(s) for 2 prioritized culture(s) in 0.056603 seconds
[2017.03.29-14.54.15:082][  0]LogUObjectArray: 32493 objects as part of root set at end of initial load.
[2017.03.29-14.54.15:082][  0]LogUObjectAllocator: 7077024 out of 0 bytes used by permanent object pool.
[2017.03.29-14.54.15:082][  0]LogUObjectArray: CloseDisregardForGC: 0/0 objects in disregard for GC pool
[2017.03.29-14.54.15:139][  0]LogInit: WinSock: version 1.1 (2.2), MaxSocks=32767, MaxUdp=65467
[2017.03.29-14.54.18:436][  0]LogTcpMessaging: Initializing TcpMessaging bridge
[2017.03.29-14.54.18:475][  0]LogUdpMessaging: Initializing bridge on interface 0.0.0.0:0 to multicast group 230.0.0.1:6666.
[2017.03.29-14.54.19:004][  0]LogMaterial: Uniform references updated for custom material expression Custom.
[2017.03.29-14.54.19:412][  0]SourceControl: Info Source control is disabled
[2017.03.29-14.54.19:414][  0]SourceControl: Info Source control is disabled
[2017.03.29-14.54.19:458][  0]SourceControl: Info Source control is disabled
[2017.03.29-14.54.19:497][  0]SourceControl: Info Source control is disabled
[2017.03.29-14.54.20:626][  0]LogEngine: Initializing Engine...
[2017.03.29-14.54.20:627][  0]LogHMD: Failed to initialize OpenVR with code 110
[2017.03.29-14.54.20:981][  0]LogAIModule: Creating AISystem for world Untitled
[2017.03.29-14.54.21:003][  0]LogInit: XAudio2 using 'Headphones (2- High Definition Audio Device)' : 2 channels at 44.1 kHz using 16 bits per sample (channel mask 0x3)
[2017.03.29-14.54.21:013][  0]LogInit: FAudioDevice initialized.
[2017.03.29-14.54.21:038][  0]LogDerivedDataCache: Saved boot cache 0.03s 50MB C:/Users/Proto/AppData/Local/UnrealEngine/4.15/DerivedDataCache/Boot.ddc.
[2017.03.29-14.54.21:047][  0]LogInit: Texture streaming: Enabled
[2017.03.29-14.54.21:122][  0]LogEngineSessionManager: EngineSessionManager initialized
[2017.03.29-14.54.21:203][  0]LogInit: Transaction tracking system initialized
[2017.03.29-14.54.21:518][  0]BlueprintLog: New page: Editor Load
[2017.03.29-14.54.22:317][  0]LocalizationService: Info Localization service is disabled
[2017.03.29-14.54.22:930][  0]LogConsoleResponse:Display: 
[2017.03.29-14.54.23:258][  0]LogFileCache: Scanning file cache for directory 'E:/Quantum/Content/' took 0.01s
[2017.03.29-14.54.23:258][  0]LogCook:Display: Max memory allowance for cook 16384mb min free memory 0mb
[2017.03.29-14.54.23:258][  0]LogCook:Display: Mobile HDR setting 1
[2017.03.29-14.54.24:206][  0]SourceControl: Info Source control is disabled
[2017.03.29-14.54.24:210][  0]Cmd: MAP LOAD FILE="E:/Quantum/Content/StarterContent/Maps/Minimal_Default.umap" TEMPLATE=0 SHOWPROGRESS=1 FEATURELEVEL=3
[2017.03.29-14.54.24:211][  0]LightingResults: New page: Lighting Build
[2017.03.29-14.54.24:266][  0]MapCheck: New page: Map Check
[2017.03.29-14.54.24:266][  0]LightingResults: New page: Lighting Build
[2017.03.29-14.54.26:661][  0]LogAIModule: Creating AISystem for world Minimal_Default
[2017.03.29-14.54.26:715][  0]LogEditorServer: Finished looking for orphan Actors (0.000 secs)
[2017.03.29-14.54.26:717][  0]Cmd: MAP CHECKDEP NOCLEARLOG
[2017.03.29-14.54.26:751][  0]MapCheck: Info Map check complete: 0 Error(s), 0 Warning(s), took 34.346ms to complete.
[2017.03.29-14.54.26:751][  0]LogFileHelpers: Loading map 'Minimal_Default' took 2.543
[2017.03.29-14.54.26:858][  0]LogWindowsTextInputMethodSystem:Display: IME system now deactivated.
[2017.03.29-14.54.27:108][  0]LogCollectionManager: Loaded 0 collections in 0.001187 seconds
[2017.03.29-14.54.27:215][  0]LogFileCache: Scanning file cache for directory 'E:/Quantum/Saved/Collections/' took 0.01s
[2017.03.29-14.54.27:215][  0]LogFileCache: Scanning file cache for directory 'E:/Quantum/Content/Developers/Proto/Collections/' took 0.01s
[2017.03.29-14.54.27:215][  0]LogFileCache: Scanning file cache for directory 'E:/Quantum/Content/Collections/' took 0.01s
[2017.03.29-14.54.27:215][  0]LogCollectionManager: Rebuilt the GUID cache for 0 collections in 0.000005 seconds
[2017.03.29-14.54.27:226][  0]LogContentBrowser: Native class hierarchy populated in 0.0078 seconds. Added 2245 classes and 453 folders.
[2017.03.29-14.54.27:235][  0]LogStats: UGameplayTagsManager::ConstructGameplayTagTree: Construct from data asset -  0.000 s
[2017.03.29-14.54.27:235][  0]LogStats: UGameplayTagsManager::ConstructGameplayTagTree: GameplayTagTreeChangedEvent.Broadcast -  0.000 s
[2017.03.29-14.54.27:288][  0]LogContentBrowser: Native class hierarchy updated for 'WidgetCarousel' in 0.0004 seconds. Added 0 classes and 0 folders.
[2017.03.29-14.54.27:609][  0]LogContentBrowser: Native class hierarchy updated for 'AddContentDialog' in 0.0004 seconds. Added 0 classes and 0 folders.
[2017.03.29-14.54.27:650][  0]LogContentBrowser: Native class hierarchy updated for 'SceneOutliner' in 0.0004 seconds. Added 1 classes and 2 folders.
[2017.03.29-14.54.27:876][  0]LogCrashTracker: Crashtracker disabled due to settings.
[2017.03.29-14.54.27:888][  0]LogUObjectGlobals:Warning: Failed to find object 'Class None.'
[2017.03.29-14.54.27:952][  0]LogContentBrowser: Native class hierarchy updated for 'HierarchicalLODOutliner' in 0.0005 seconds. Added 1 classes and 2 folders.
[2017.03.29-14.54.27:952][  0]LogLoad: (Engine Initialization) Total time: 29.36 seconds
[2017.03.29-14.54.27:952][  0]LogLoad: (Engine Initialization) Total Blueprint compile time: 0.34 seconds
[2017.03.29-14.54.27:952][  0]LogExternalProfiler: No external profilers were discovered.  External profiling features will not be available.
[2017.03.29-14.54.27:962][  0]LogOcInput: OculusInput pre-init called
[2017.03.29-14.54.27:989][  0]LogContentStreaming: Texture pool size now 1000 MB
[2017.03.29-14.54.27:997][  0]LogSlate: Took 0.004316 seconds to synchronously load lazily loaded font '../../../Engine/Content/Slate/Fonts/Roboto-Regular.ttf' (155K)
[2017.03.29-14.54.28:005][  0]LogSlate: Took 0.004843 seconds to synchronously load lazily loaded font '../../../Engine/Content/Slate/Fonts/Roboto-Bold.ttf' (160K)
[2017.03.29-14.54.28:016][  0]LogSlate: Took 0.005273 seconds to synchronously load lazily loaded font '../../../Engine/Content/Editor/Slate/Fonts/FontAwesome.ttf' (139K)
[2017.03.29-14.54.28:183][  0]LogSlate: Took 0.005077 seconds to synchronously load lazily loaded font '../../../Engine/Content/Slate/Fonts/Roboto-Light.ttf' (159K)
[2017.03.29-14.54.28:218][  0]LogRenderer: Reallocating scene render targets to support 1108x576 NumSamples 1 (Frame:2).
[2017.03.29-14.54.28:299][  1]LogAssetRegistry: Asset discovery search completed in 13.3274 seconds
[2017.03.29-14.54.28:299][  1]LogCollectionManager: Rebuilt the object cache for 0 collections in 0.000005 seconds (found 0 objects)
[2017.03.29-14.54.28:299][  1]LogCollectionManager: Fixed up redirectors for 0 collections in 0.000407 seconds (updated 0 objects)
[2017.03.29-14.54.28:979][ 68]LogSlate: Took 0.000155 seconds to synchronously load lazily loaded font '../../../Engine/Content/Slate/Fonts/Roboto-Light.ttf' (159K)
[2017.03.29-14.54.38:131][536]LogEditorViewport: Clicking on Actor (LMB): TheBox_C (TheBox4)
[2017.03.29-14.54.42:609][ 41]LogSlate: Took 0.000154 seconds to synchronously load lazily loaded font '../../../Engine/Content/Slate/Fonts/Roboto-Light.ttf' (159K)
[2017.03.29-14.54.45:484][279]LogRenderer: Reallocating scene render targets to support 1432x924 NumSamples 1 (Frame:2552).
[2017.03.29-14.55.27:180][887]LogTemp: Repeting last play command: Selected Viewport
[2017.03.29-14.55.27:193][887]LogBlueprintUserMessages: Early PlayInEditor Detection: Level '/Game/StarterContent/Maps/Minimal_Default.Minimal_Default:PersistentLevel' has LevelScriptBlueprint '/Game/StarterContent/Maps/Minimal_Default.Minimal_Default:PersistentLevel.Minimal_Default' with GeneratedClass '/Game/StarterContent/Maps/Minimal_Default.Minimal_Default_C' with ClassGeneratedBy '/Game/StarterContent/Maps/Minimal_Default.Minimal_Default:PersistentLevel.Minimal_Default'
[2017.03.29-14.55.27:193][887]LogPlayLevel: PlayLevel: No blueprints needed recompiling
[2017.03.29-14.55.27:198][887]PIE: New page: PIE session: Minimal_Default (Mar 30, 2017, 4:55:27 AM)
[2017.03.29-14.55.27:198][887]LogPlayLevel: Creating play world package: /Game/StarterContent/Maps/UEDPIE_0_Minimal_Default
[2017.03.29-14.55.27:203][887]LogPlayLevel: PIE: StaticDuplicateObject took: (0.005088s)
[2017.03.29-14.55.27:204][887]LogAIModule: Creating AISystem for world Minimal_Default
[2017.03.29-14.55.27:204][887]LogPlayLevel: PIE: World Init took: (0.000741s)
[2017.03.29-14.55.27:204][887]LogPlayLevel: PIE: Created PIE world by copying editor world from /Game/StarterContent/Maps/Minimal_Default.Minimal_Default to /Game/StarterContent/Maps/UEDPIE_0_Minimal_Default.Minimal_Default (0.006340s)
[2017.03.29-14.55.27:222][887]LogInit: XAudio2 using 'Headphones (2- High Definition Audio Device)' : 2 channels at 44.1 kHz using 16 bits per sample (channel mask 0x3)
[2017.03.29-14.55.27:227][887]LogInit: FAudioDevice initialized.
[2017.03.29-14.55.27:286][887]LogLoad: Game class is 'PuzzleGameMode_C'
[2017.03.29-14.55.27:291][887]LogWorld: Bringing World /Game/StarterContent/Maps/UEDPIE_0_Minimal_Default.Minimal_Default up for play (max tick rate 0) at 2017.03.29-21.55.27
[2017.03.29-14.55.27:292][887]LogWorld: Bringing up level for play took: 0.003241
[2017.03.29-14.55.27:357][887]LogContentBrowser: Native class hierarchy updated for 'MovieSceneCapture' in 0.0005 seconds. Added 11 classes and 0 folders.
[2017.03.29-14.55.27:357][887]LogGameMode:Display: Match State Changed from EnteringMap to WaitingToStart
[2017.03.29-14.55.27:357][887]LogGameState: Match State Changed from EnteringMap to WaitingToStart
[2017.03.29-14.55.27:357][887]LogGameMode:Display: Match State Changed from WaitingToStart to InProgress
[2017.03.29-14.55.27:362][887]LogGameState: Match State Changed from WaitingToStart to InProgress
[2017.03.29-14.55.27:363][887]PIE: Info Play in editor start time for /Game/StarterContent/Maps/UEDPIE_0_Minimal_Default 0.567
[2017.03.29-14.55.27:364][887]LogBlueprintUserMessages: Late PlayInEditor Detection: Level '/Game/StarterContent/Maps/Minimal_Default.Minimal_Default:PersistentLevel' has LevelScriptBlueprint '/Game/StarterContent/Maps/Minimal_Default.Minimal_Default:PersistentLevel.Minimal_Default' with GeneratedClass '/Game/StarterContent/Maps/Minimal_Default.Minimal_Default_C' with ClassGeneratedBy '/Game/StarterContent/Maps/Minimal_Default.Minimal_Default:PersistentLevel.Minimal_Default'
[2017.03.29-14.56.26:418][931]LogBlueprintUserMessages: Early EndPlayMap Detection: Level '/Game/StarterContent/Maps/Minimal_Default.Minimal_Default:PersistentLevel' has LevelScriptBlueprint '/Game/StarterContent/Maps/Minimal_Default.Minimal_Default:PersistentLevel.Minimal_Default' with GeneratedClass '/Game/StarterContent/Maps/Minimal_Default.Minimal_Default_C' with ClassGeneratedBy '/Game/StarterContent/Maps/Minimal_Default.Minimal_Default:PersistentLevel.Minimal_Default'
[2017.03.29-14.56.26:500][931]LogBlueprintUserMessages: Late EndPlayMap Detection: Level '/Game/StarterContent/Maps/Minimal_Default.Minimal_Default:PersistentLevel' has LevelScriptBlueprint '/Game/StarterContent/Maps/Minimal_Default.Minimal_Default:PersistentLevel.Minimal_Default' with GeneratedClass '/Game/StarterContent/Maps/Minimal_Default.Minimal_Default_C' with ClassGeneratedBy '/Game/StarterContent/Maps/Minimal_Default.Minimal_Default:PersistentLevel.Minimal_Default'
[2017.03.29-14.56.46:727][622]LogTemp: Repeting last play command: Selected Viewport
[2017.03.29-14.56.46:741][622]LogBlueprintUserMessages: Early PlayInEditor Detection: Level '/Game/StarterContent/Maps/Minimal_Default.Minimal_Default:PersistentLevel' has LevelScriptBlueprint '/Game/StarterContent/Maps/Minimal_Default.Minimal_Default:PersistentLevel.Minimal_Default' with GeneratedClass '/Game/StarterContent/Maps/Minimal_Default.Minimal_Default_C' with ClassGeneratedBy '/Game/StarterContent/Maps/Minimal_Default.Minimal_Default:PersistentLevel.Minimal_Default'
[2017.03.29-14.56.46:741][622]LogPlayLevel: PlayLevel: No blueprints needed recompiling
[2017.03.29-14.56.46:741][622]PIE: New page: PIE session: Minimal_Default (Mar 30, 2017, 4:56:46 AM)
[2017.03.29-14.56.46:741][622]LogPlayLevel: Creating play world package: /Game/StarterContent/Maps/UEDPIE_0_Minimal_Default
[2017.03.29-14.56.46:745][622]LogPlayLevel: PIE: StaticDuplicateObject took: (0.003665s)
[2017.03.29-14.56.46:745][622]LogAIModule: Creating AISystem for world Minimal_Default
[2017.03.29-14.56.46:745][622]LogPlayLevel: PIE: World Init took: (0.000531s)
[2017.03.29-14.56.46:745][622]LogPlayLevel: PIE: Created PIE world by copying editor world from /Game/StarterContent/Maps/Minimal_Default.Minimal_Default to /Game/StarterContent/Maps/UEDPIE_0_Minimal_Default.Minimal_Default (0.004363s)
[2017.03.29-14.56.46:757][622]LogInit: XAudio2 using 'Headphones (2- High Definition Audio Device)' : 2 channels at 44.1 kHz using 16 bits per sample (channel mask 0x3)
[2017.03.29-14.56.46:763][622]LogInit: FAudioDevice initialized.
[2017.03.29-14.56.46:793][622]LogLoad: Game class is 'PuzzleGameMode_C'
[2017.03.29-14.56.46:796][622]LogWorld: Bringing World /Game/StarterContent/Maps/UEDPIE_0_Minimal_Default.Minimal_Default up for play (max tick rate 0) at 2017.03.29-21.56.46
[2017.03.29-14.56.46:796][622]LogWorld: Bringing up level for play took: 0.001808
[2017.03.29-14.56.46:797][622]LogGameMode:Display: Match State Changed from EnteringMap to WaitingToStart
[2017.03.29-14.56.46:797][622]LogGameState: Match State Changed from EnteringMap to WaitingToStart
[2017.03.29-14.56.46:797][622]LogGameMode:Display: Match State Changed from WaitingToStart to InProgress
[2017.03.29-14.56.46:797][622]LogGameState: Match State Changed from WaitingToStart to InProgress
[2017.03.29-14.56.46:797][622]PIE: Info Play in editor start time for /Game/StarterContent/Maps/UEDPIE_0_Minimal_Default 0.002
[2017.03.29-14.56.46:798][622]LogBlueprintUserMessages: Late PlayInEditor Detection: Level '/Game/StarterContent/Maps/Minimal_Default.Minimal_Default:PersistentLevel' has LevelScriptBlueprint '/Game/StarterContent/Maps/Minimal_Default.Minimal_Default:PersistentLevel.Minimal_Default' with GeneratedClass '/Game/StarterContent/Maps/Minimal_Default.Minimal_Default_C' with ClassGeneratedBy '/Game/StarterContent/Maps/Minimal_Default.Minimal_Default:PersistentLevel.Minimal_Default'
[2017.03.29-14.56.51:028][126]LogBlueprintUserMessages: Early EndPlayMap Detection: Level '/Game/StarterContent/Maps/Minimal_Default.Minimal_Default:PersistentLevel' has LevelScriptBlueprint '/Game/StarterContent/Maps/Minimal_Default.Minimal_Default:PersistentLevel.Minimal_Default' with GeneratedClass '/Game/StarterContent/Maps/Minimal_Default.Minimal_Default_C' with ClassGeneratedBy '/Game/StarterContent/Maps/Minimal_Default.Minimal_Default:PersistentLevel.Minimal_Default'
[2017.03.29-14.56.51:071][126]LogBlueprintUserMessages: Late EndPlayMap Detection: Level '/Game/StarterContent/Maps/Minimal_Default.Minimal_Default:PersistentLevel' has LevelScriptBlueprint '/Game/StarterContent/Maps/Minimal_Default.Minimal_Default:PersistentLevel.Minimal_Default' with GeneratedClass '/Game/StarterContent/Maps/Minimal_Default.Minimal_Default_C' with ClassGeneratedBy '/Game/StarterContent/Maps/Minimal_Default.Minimal_Default:PersistentLevel.Minimal_Default'
[2017.03.29-14.56.52:857][332]LogTemp: Repeting last play command: Selected Viewport
[2017.03.29-14.56.52:871][332]LogBlueprintUserMessages: Early PlayInEditor Detection: Level '/Game/StarterContent/Maps/Minimal_Default.Minimal_Default:PersistentLevel' has LevelScriptBlueprint '/Game/StarterContent/Maps/Minimal_Default.Minimal_Default:PersistentLevel.Minimal_Default' with GeneratedClass '/Game/StarterContent/Maps/Minimal_Default.Minimal_Default_C' with ClassGeneratedBy '/Game/StarterContent/Maps/Minimal_Default.Minimal_Default:PersistentLevel.Minimal_Default'
[2017.03.29-14.56.52:871][332]LogPlayLevel: PlayLevel: No blueprints needed recompiling
[2017.03.29-14.56.52:871][332]PIE: New page: PIE session: Minimal_Default (Mar 30, 2017, 4:56:52 AM)
[2017.03.29-14.56.52:871][332]LogPlayLevel: Creating play world package: /Game/StarterContent/Maps/UEDPIE_0_Minimal_Default
[2017.03.29-14.56.52:875][332]LogPlayLevel: PIE: StaticDuplicateObject took: (0.003759s)
[2017.03.29-14.56.52:875][332]LogAIModule: Creating AISystem for world Minimal_Default
[2017.03.29-14.56.52:875][332]LogPlayLevel: PIE: World Init took: (0.000504s)
[2017.03.29-14.56.52:875][332]LogPlayLevel: PIE: Created PIE world by copying editor world from /Game/StarterContent/Maps/Minimal_Default.Minimal_Default to /Game/StarterContent/Maps/UEDPIE_0_Minimal_Default.Minimal_Default (0.004442s)
[2017.03.29-14.56.52:889][332]LogInit: XAudio2 using 'Headphones (2- High Definition Audio Device)' : 2 channels at 44.1 kHz using 16 bits per sample (channel mask 0x3)
[2017.03.29-14.56.52:894][332]LogInit: FAudioDevice initialized.
[2017.03.29-14.56.52:922][332]LogLoad: Game class is 'PuzzleGameMode_C'
[2017.03.29-14.56.52:925][332]LogWorld: Bringing World /Game/StarterContent/Maps/UEDPIE_0_Minimal_Default.Minimal_Default up for play (max tick rate 0) at 2017.03.29-21.56.52
[2017.03.29-14.56.52:925][332]LogWorld: Bringing up level for play took: 0.001736
[2017.03.29-14.56.52:926][332]LogGameMode:Display: Match State Changed from EnteringMap to WaitingToStart
[2017.03.29-14.56.52:926][332]LogGameState: Match State Changed from EnteringMap to WaitingToStart
[2017.03.29-14.56.52:926][332]LogGameMode:Display: Match State Changed from WaitingToStart to InProgress
[2017.03.29-14.56.52:926][332]LogGameState: Match State Changed from WaitingToStart to InProgress
[2017.03.29-14.56.52:926][332]PIE: Info Play in editor start time for /Game/StarterContent/Maps/UEDPIE_0_Minimal_Default 0.13
[2017.03.29-14.56.52:926][332]LogBlueprintUserMessages: Late PlayInEditor Detection: Level '/Game/StarterContent/Maps/Minimal_Default.Minimal_Default:PersistentLevel' has LevelScriptBlueprint '/Game/StarterContent/Maps/Minimal_Default.Minimal_Default:PersistentLevel.Minimal_Default' with GeneratedClass '/Game/StarterContent/Maps/Minimal_Default.Minimal_Default_C' with ClassGeneratedBy '/Game/StarterContent/Maps/Minimal_Default.Minimal_Default:PersistentLevel.Minimal_Default'
[2017.03.29-14.57.19:803][554]LogBlueprintUserMessages: Early EndPlayMap Detection: Level '/Game/StarterContent/Maps/Minimal_Default.Minimal_Default:PersistentLevel' has LevelScriptBlueprint '/Game/StarterContent/Maps/Minimal_Default.Minimal_Default:PersistentLevel.Minimal_Default' with GeneratedClass '/Game/StarterContent/Maps/Minimal_Default.Minimal_Default_C' with ClassGeneratedBy '/Game/StarterContent/Maps/Minimal_Default.Minimal_Default:PersistentLevel.Minimal_Default'
[2017.03.29-14.57.19:843][554]LogBlueprintUserMessages: Late EndPlayMap Detection: Level '/Game/StarterContent/Maps/Minimal_Default.Minimal_Default:PersistentLevel' has LevelScriptBlueprint '/Game/StarterContent/Maps/Minimal_Default.Minimal_Default:PersistentLevel.Minimal_Default' with GeneratedClass '/Game/StarterContent/Maps/Minimal_Default.Minimal_Default_C' with ClassGeneratedBy '/Game/StarterContent/Maps/Minimal_Default.Minimal_Default:PersistentLevel.Minimal_Default'
[2017.03.29-16.11.40:872][274]LogWindowsTextInputMethodSystem:Display: IME system now deactivated.
[2017.03.29-16.11.40:872][274]LogWindowsTextInputMethodSystem:Display: IME system now deactivated.
[2017.03.29-16.11.42:205][426]LogEditorViewport: Clicking on Actor (context menu): Platform_C (Platform3)
[2017.03.29-16.13.08:667][362]LogContentBrowser: Native class hierarchy updated for 'BlueprintGraph' in 0.0007 seconds. Added 112 classes and 0 folders.
[2017.03.29-16.13.09:185][362]LogSlate: Took 0.000112 seconds to synchronously load lazily loaded font '../../../Engine/Content/Slate/Fonts/Roboto-Regular.ttf' (155K)
[2017.03.29-16.13.09:310][362]LogSlate: Took 0.004387 seconds to synchronously load lazily loaded font '../../../Engine/Content/Editor/Slate/Fonts/Roboto-BoldCondensed.ttf' (158K)
[2017.03.29-16.13.10:048][415]LogSlate: Took 0.008673 seconds to synchronously load lazily loaded font '../../../Engine/Content/Editor/Slate/Fonts/Roboto-Italic.ttf' (157K)
[2017.03.29-16.13.48:966][789]Cmd: OBJ SAVEPACKAGE PACKAGE="/Game/StarterContent/Maps/Minimal_Default" FILE="E:/Quantum/Saved/Autosaves/Game/StarterContent/Maps/Minimal_Default_Auto1.umap" SILENT=true AUTOSAVING=true KEEPDIRTY=false
[2017.03.29-16.13.49:223][789]LogSavePackage: Save=114.22ms
[2017.03.29-16.13.49:223][789]LogSavePackage: Moving 'E:/Quantum/Saved/Minimal_Default_Auto11AC864384863E52C18DFC6857DD47685.tmp' to 'E:/Quantum/Saved/Autosaves/Game/StarterContent/Maps/Minimal_Default_Auto1.umap'
[2017.03.29-16.13.49:223][789]LogSavePackage:Display: Finished SavePackage E:/Quantum/Saved/Autosaves/Game/StarterContent/Maps/Minimal_Default_Auto1.umap
[2017.03.29-16.13.49:225][789]LogFileHelpers: Editor autosave (incl. sublevels) for '/Game/StarterContent/Maps/Minimal_Default' took 0.295
[2017.03.29-16.13.49:225][789]LogFileHelpers: Editor autosave (incl. sublevels) for all levels took 0.295
[2017.03.29-16.13.49:227][789]OBJ SavePackage: Generating thumbnails for [1] asset(s) in package [/Game/Blueprint/Forcefield] ([1] browsable assets)...
[2017.03.29-16.13.49:244][789]OBJ SavePackage:     Rendered thumbnail for [Blueprint /Game/Blueprint/Forcefield.Forcefield]
[2017.03.29-16.13.49:244][789]OBJ SavePackage: Finished generating thumbnails for package [/Game/Blueprint/Forcefield]
[2017.03.29-16.13.49:244][789]Cmd: OBJ SAVEPACKAGE PACKAGE="/Game/Blueprint/Forcefield" FILE="E:/Quantum/Saved/Autosaves/Game/Blueprint/Forcefield_Auto1.uasset" SILENT=false AUTOSAVING=true
[2017.03.29-16.13.49:285][789]LogSavePackage: Save=27.59ms
[2017.03.29-16.13.49:285][789]LogSavePackage: Moving 'E:/Quantum/Saved/Forcefield_Auto13DEFD8BA443CEDF1F52C63BDCC012BA8.tmp' to 'E:/Quantum/Saved/Autosaves/Game/Blueprint/Forcefield_Auto1.uasset'
[2017.03.29-16.13.49:297][789]LogSavePackage:Display: Finished SavePackage E:/Quantum/Saved/Autosaves/Game/Blueprint/Forcefield_Auto1.uasset
[2017.03.29-16.13.49:297][789]LogFileHelpers: Auto-saving content packages took 0.071
[2017.03.29-16.14.30:616][942]LogEditorTransaction: Undo Attach Component
[2017.03.29-16.19.15:962][845]LogSlate: Took 0.013696 seconds to synchronously load lazily loaded font '../../../Engine/Content/Slate/Fonts/DroidSansFallback.ttf' (3848K)
[2017.03.29-16.19.15:981][845]LogSlate: Took 0.017690 seconds to synchronously load lazily loaded font '../../../Engine/Content/SlateDebug/Fonts/LastResort.ttf' (5269K)
[2017.03.29-16.19.18:789][ 21]LogWindowsTextInputMethodSystem:Display: IME system now deactivated.
[2017.03.29-16.19.18:789][ 21]LogWindowsTextInputMethodSystem:Display: IME system now deactivated.
[2017.03.29-16.21.12:811][773]LogWindowsTextInputMethodSystem:Display: IME system now deactivated.
[2017.03.29-16.21.12:811][773]LogWindowsTextInputMethodSystem:Display: IME system now deactivated.
[2017.03.29-16.24.15:539][466]Cmd: OBJ SAVEPACKAGE PACKAGE="/Game/StarterContent/Maps/Minimal_Default" FILE="E:/Quantum/Saved/Autosaves/Game/StarterContent/Maps/Minimal_Default_Auto2.umap" SILENT=true AUTOSAVING=true KEEPDIRTY=false
[2017.03.29-16.24.15:686][466]LogSavePackage: Save=133.29ms
[2017.03.29-16.24.15:686][466]LogSavePackage: Moving 'E:/Quantum/Saved/Minimal_Default_Auto2FBE2D3554BBB2818858CCE8EBD5163C3.tmp' to 'E:/Quantum/Saved/Autosaves/Game/StarterContent/Maps/Minimal_Default_Auto2.umap'
[2017.03.29-16.24.15:686][466]LogSavePackage:Display: Finished SavePackage E:/Quantum/Saved/Autosaves/Game/StarterContent/Maps/Minimal_Default_Auto2.umap
[2017.03.29-16.24.15:687][466]LogFileHelpers: Editor autosave (incl. sublevels) for '/Game/StarterContent/Maps/Minimal_Default' took 0.166
[2017.03.29-16.24.15:687][466]LogFileHelpers: Editor autosave (incl. sublevels) for all levels took 0.166
[2017.03.29-16.24.15:689][466]OBJ SavePackage: Generating thumbnails for [0] asset(s) in package [/Game/Blueprint/Player] ([1] browsable assets)...
[2017.03.29-16.24.15:689][466]OBJ SavePackage: Finished generating thumbnails for package [/Game/Blueprint/Player]
[2017.03.29-16.24.15:689][466]Cmd: OBJ SAVEPACKAGE PACKAGE="/Game/Blueprint/Player" FILE="E:/Quantum/Saved/Autosaves/Game/Blueprint/Player_Auto2.uasset" SILENT=false AUTOSAVING=true
[2017.03.29-16.24.15:762][466]LogSavePackage: Save=59.38ms
[2017.03.29-16.24.15:762][466]LogSavePackage: Moving 'E:/Quantum/Saved/Player_Auto218E63B484A2E14FCABA7A8A5F27B5B9A.tmp' to 'E:/Quantum/Saved/Autosaves/Game/Blueprint/Player_Auto2.uasset'
[2017.03.29-16.24.15:779][466]LogSavePackage:Display: Finished SavePackage E:/Quantum/Saved/Autosaves/Game/Blueprint/Player_Auto2.uasset
[2017.03.29-16.24.15:779][466]LogFileHelpers: Auto-saving content packages took 0.090
[2017.03.29-16.59.29:592][743]BlueprintLog: New page: Compile Player
[2017.03.29-16.59.58:929][296]Cmd: OBJ SAVEPACKAGE PACKAGE="/Game/StarterContent/Maps/Minimal_Default" FILE="E:/Quantum/Saved/Autosaves/Game/StarterContent/Maps/Minimal_Default_Auto3.umap" SILENT=true AUTOSAVING=true KEEPDIRTY=false
[2017.03.29-16.59.59:060][296]LogSavePackage: Save=116.79ms
[2017.03.29-16.59.59:060][296]LogSavePackage: Moving 'E:/Quantum/Saved/Minimal_Default_Auto3853D95C04034632B33EF33B472637ABD.tmp' to 'E:/Quantum/Saved/Autosaves/Game/StarterContent/Maps/Minimal_Default_Auto3.umap'
[2017.03.29-16.59.59:061][296]LogSavePackage:Display: Finished SavePackage E:/Quantum/Saved/Autosaves/Game/StarterContent/Maps/Minimal_Default_Auto3.umap
[2017.03.29-16.59.59:062][296]LogFileHelpers: Editor autosave (incl. sublevels) for '/Game/StarterContent/Maps/Minimal_Default' took 0.150
[2017.03.29-16.59.59:062][296]LogFileHelpers: Editor autosave (incl. sublevels) for all levels took 0.150
[2017.03.29-16.59.59:064][296]OBJ SavePackage: Generating thumbnails for [0] asset(s) in package [/Game/Blueprint/Player] ([1] browsable assets)...
[2017.03.29-16.59.59:064][296]OBJ SavePackage: Finished generating thumbnails for package [/Game/Blueprint/Player]
[2017.03.29-16.59.59:064][296]Cmd: OBJ SAVEPACKAGE PACKAGE="/Game/Blueprint/Player" FILE="E:/Quantum/Saved/Autosaves/Game/Blueprint/Player_Auto3.uasset" SILENT=false AUTOSAVING=true
[2017.03.29-16.59.59:146][296]LogSavePackage: Save=69.13ms
[2017.03.29-16.59.59:146][296]LogSavePackage: Moving 'E:/Quantum/Saved/Player_Auto3CEB350A24F08B2CAB55583829EEF5A46.tmp' to 'E:/Quantum/Saved/Autosaves/Game/Blueprint/Player_Auto3.uasset'
[2017.03.29-16.59.59:147][296]LogSavePackage:Display: Finished SavePackage E:/Quantum/Saved/Autosaves/Game/Blueprint/Player_Auto3.uasset
[2017.03.29-16.59.59:147][296]LogFileHelpers: Auto-saving content packages took 0.084
[2017.03.29-20.17.25:402][579]LogWindowsTextInputMethodSystem:Display: IME system now deactivated.
[2017.03.29-20.17.25:402][579]LogWindowsTextInputMethodSystem:Display: IME system now deactivated.
[2017.03.29-20.17.26:858][724]LogEditorViewport: Clicking on Actor (LMB): StaticMeshActor (Cube)
[2017.03.29-20.17.28:211][840]Cmd: OBJ SAVEPACKAGE PACKAGE="/Game/StarterContent/Maps/Minimal_Default" FILE="E:/Quantum/Content/StarterContent/Maps/Minimal_Default.umap" SILENT=true AUTOSAVING=false KEEPDIRTY=false
[2017.03.29-20.17.28:395][840]LogSavePackage: Save=149.77ms
[2017.03.29-20.17.28:395][840]LogSavePackage: Moving 'E:/Quantum/Saved/Minimal_DefaultD6699E234C93105B01A7559D0EFC2322.tmp' to 'E:/Quantum/Content/StarterContent/Maps/Minimal_Default.umap'
[2017.03.29-20.17.28:398][840]LogSavePackage:Display: Finished SavePackage E:/Quantum/Content/StarterContent/Maps/Minimal_Default.umap
[2017.03.29-20.17.28:430][840]LogFileHelpers: Saving map 'Minimal_Default' took 0.265
[2017.03.29-20.17.28:433][840]Cmd: OBJ SAVEPACKAGE PACKAGE="/Game/Blueprint/Player" FILE="E:/Quantum/Content/Blueprint/Player.uasset" SILENT=true
[2017.03.29-20.17.28:517][840]LogSavePackage: Save=69.04ms
[2017.03.29-20.17.28:517][840]LogSavePackage: Moving 'E:/Quantum/Saved/PlayerA81E8BDD4C68AE48B0FA16B126D603E7.tmp' to 'E:/Quantum/Content/Blueprint/Player.uasset'
[2017.03.29-20.17.28:521][840]LogSavePackage:Display: Finished SavePackage E:/Quantum/Content/Blueprint/Player.uasset
[2017.03.29-20.17.29:990][983]LogActorComponent: UnregisterComponent: (/Engine/Transient.EditorFloorComp) Not registered. Aborting.
[2017.03.29-20.17.30:158][983]LogActorComponent: UnregisterComponent: (/Engine/Transient.EditorFloorComp) Not registered. Aborting.
[2017.03.29-20.17.30:241][983]LogWindowsTextInputMethodSystem:Display: IME system now deactivated.
[2017.03.29-20.17.30:499][984]Cmd: QUIT_EDITOR
[2017.03.29-20.17.31:381][984]LogExit: Preparing to exit.
[2017.03.29-20.17.32:215][984]LogExit: Editor shut down
[2017.03.29-20.17.32:215][984]LogExit: Transaction tracking system shut down
[2017.03.29-20.17.32:399][984]LogObj: Freed 0b from 0 cluster array pools.
[2017.03.29-20.17.32:399][984]LogExit: Object subsystem successfully closed.
[2017.03.29-20.17.32:431][984]LogD3D11RHI: Shutdown
[2017.03.29-20.17.32:431][984]LogD3D11RHI: CleanupD3DDevice
[2017.03.29-20.17.32:593][984]LogD3D11RHI: ~FD3D11DynamicRHI
[2017.03.29-20.17.32:619][984]LogModuleManager: Shutting down and abandoning module BlueprintGraph (506)
[2017.03.29-20.17.32:619][984]LogModuleManager: Shutting down and abandoning module BlueprintProfiler (504)
[2017.03.29-20.17.32:620][984]LogModuleManager: Shutting down and abandoning module MovieSceneCapture (502)
[2017.03.29-20.17.32:620][984]LogModuleManager: Shutting down and abandoning module StaticMeshEditor (500)
[2017.03.29-20.17.32:620][984]LogModuleManager: Shutting down and abandoning module HierarchicalLODOutliner (498)
[2017.03.29-20.17.32:620][984]LogModuleManager: Shutting down and abandoning module CrashTracker (496)
[2017.03.29-20.17.32:620][984]LogModuleManager: Shutting down and abandoning module SceneOutliner (494)
[2017.03.29-20.17.32:620][984]LogModuleManager: Shutting down and abandoning module AddContentDialog (492)
[2017.03.29-20.17.32:620][984]LogDirectoryWatcher: A directory notification for 'C:/Program Files/Epic Games/UE_4.15/FeaturePacks/' was aborted.
[2017.03.29-20.17.32:626][984]LogModuleManager: Shutting down and abandoning module WidgetCarousel (491)
[2017.03.29-20.17.32:626][984]LogModuleManager: Shutting down and abandoning module EditorWidgets (488)
[2017.03.29-20.17.32:626][984]LogModuleManager: Shutting down and abandoning module CollectionManager (486)
[2017.03.29-20.17.32:626][984]LogDirectoryWatcher: A directory notification for 'E:/Quantum/Content/Collections/' was aborted.
[2017.03.29-20.17.32:626][984]LogDirectoryWatcher: A directory notification for 'E:/Quantum/Content/Developers/Proto/Collections/' was aborted.
[2017.03.29-20.17.32:626][984]LogDirectoryWatcher: A directory notification for 'E:/Quantum/Saved/Collections/' was aborted.
[2017.03.29-20.17.32:626][984]LogModuleManager: Shutting down and abandoning module StatsViewer (484)
[2017.03.29-20.17.32:626][984]LogModuleManager: Shutting down and abandoning module FoliageEdit (482)
[2017.03.29-20.17.32:626][984]LogModuleManager: Shutting down and abandoning module LandscapeEditor (480)
[2017.03.29-20.17.32:626][984]LogModuleManager: Shutting down and abandoning module SceneDepthPickerMode (478)
[2017.03.29-20.17.32:626][984]LogModuleManager: Shutting down and abandoning module ActorPickerMode (476)
[2017.03.29-20.17.32:626][984]LogModuleManager: Shutting down and abandoning module GeometryMode (474)
[2017.03.29-20.17.32:626][984]LogModuleManager: Shutting down and abandoning module TextureAlignMode (472)
[2017.03.29-20.17.32:626][984]LogModuleManager: Shutting down and abandoning module BspMode (470)
[2017.03.29-20.17.32:626][984]LogModuleManager: Shutting down and abandoning module HardwareSurvey (468)
[2017.03.29-20.17.32:626][984]LogModuleManager: Shutting down and abandoning module SequenceRecorderSections (466)
[2017.03.29-20.17.32:626][984]LogModuleManager: Shutting down and abandoning module AutomationWorker (464)
[2017.03.29-20.17.32:626][984]LogModuleManager: Shutting down and abandoning module MatineeToLevelSequence (462)
[2017.03.29-20.17.32:626][984]LogModuleManager: Shutting down and abandoning module LevelSequenceEditor (460)
[2017.03.29-20.17.32:628][984]LogModuleManager: Shutting down and abandoning module PlacementMode (459)
[2017.03.29-20.17.32:628][984]LogModuleManager: Shutting down and abandoning module WmfMediaFactory (456)
[2017.03.29-20.17.32:628][984]LogModuleManager: Shutting down and abandoning module WmfMediaEditor (454)
[2017.03.29-20.17.32:628][984]LogModuleManager: Shutting down and abandoning module MfMediaFactory (452)
[2017.03.29-20.17.32:628][984]LogModuleManager: Shutting down and abandoning module MfMediaEditor (450)
[2017.03.29-20.17.32:628][984]LogModuleManager: Shutting down and abandoning module AvfMediaFactory (448)
[2017.03.29-20.17.32:628][984]LogModuleManager: Shutting down and abandoning module AvfMediaEditor (446)
[2017.03.29-20.17.32:628][984]LogModuleManager: Shutting down and abandoning module AndroidMediaFactory (444)
[2017.03.29-20.17.32:628][984]LogModuleManager: Shutting down and abandoning module Media (443)
[2017.03.29-20.17.32:628][984]LogModuleManager: Shutting down and abandoning module AndroidMediaEditor (440)
[2017.03.29-20.17.32:628][984]LogModuleManager: Shutting down and abandoning module CharacterAI (438)
[2017.03.29-20.17.32:628][984]LogModuleManager: Shutting down and abandoning module AudioCapture (436)
[2017.03.29-20.17.32:628][984]LogModuleManager: Shutting down and abandoning module SequenceRecorder (435)
[2017.03.29-20.17.32:628][984]LogModuleManager: Shutting down and abandoning module SmartSnapping (432)
[2017.03.29-20.17.32:628][984]LogModuleManager: Shutting down and abandoning module SessionServices (430)
[2017.03.29-20.17.32:628][984]LogModuleManager: Shutting down and abandoning module ViewportSnapping (428)
[2017.03.29-20.17.32:628][984]LogModuleManager: Shutting down and abandoning module ViewportInteraction (426)
[2017.03.29-20.17.32:628][984]LogModuleManager: Shutting down and abandoning module LogVisualizer (424)
[2017.03.29-20.17.32:629][984]LogModuleManager: Shutting down and abandoning module IntroTutorials (422)
[2017.03.29-20.17.32:629][984]LogModuleManager: Shutting down and abandoning module GameProjectGeneration (421)
[2017.03.29-20.17.32:630][984]LogModuleManager: Shutting down and abandoning module EditorLiveStreaming (418)
[2017.03.29-20.17.32:630][984]LogModuleManager: Shutting down and abandoning module IOSPlatformEditor (416)
[2017.03.29-20.17.32:630][984]LogModuleManager: Shutting down and abandoning module HTML5PlatformEditor (414)
[2017.03.29-20.17.32:630][984]LogModuleManager: Shutting down and abandoning module AndroidPlatformEditor (412)
[2017.03.29-20.17.32:630][984]LogModuleManager: Shutting down and abandoning module AndroidDeviceDetection (411)
[2017.03.29-20.17.33:227][984]LogModuleManager: Shutting down and abandoning module IOSRuntimeSettings (408)
[2017.03.29-20.17.33:227][984]LogModuleManager: Shutting down and abandoning module AndroidRuntimeSettings (406)
[2017.03.29-20.17.33:227][984]LogModuleManager: Shutting down and abandoning module InputBindingEditor (404)
[2017.03.29-20.17.33:227][984]LogModuleManager: Shutting down and abandoning module NiagaraEditor (402)
[2017.03.29-20.17.33:229][984]LogModuleManager: Shutting down and abandoning module MergeActors (400)
[2017.03.29-20.17.33:229][984]LogModuleManager: Shutting down and abandoning module SizeMap (398)
[2017.03.29-20.17.33:229][984]LogModuleManager: Shutting down and abandoning module TreeMap (396)
[2017.03.29-20.17.33:230][984]LogModuleManager: Shutting down and abandoning module ReferenceViewer (394)
[2017.03.29-20.17.33:230][984]LogModuleManager: Shutting down and abandoning module LocalizationDashboard (392)
[2017.03.29-20.17.33:230][984]LogModuleManager: Shutting down and abandoning module LocalizationService (391)
[2017.03.29-20.17.33:230][984]LogModuleManager: Shutting down and abandoning module HardwareTargeting (388)
[2017.03.29-20.17.33:230][984]LogModuleManager: Shutting down and abandoning module DeviceProfileEditor (386)
[2017.03.29-20.17.33:231][984]LogModuleManager: Shutting down and abandoning module UndoHistory (384)
[2017.03.29-20.17.33:231][984]LogModuleManager: Shutting down and abandoning module UserFeedback (382)
[2017.03.29-20.17.33:231][984]LogModuleManager: Shutting down and abandoning module XmlParser (380)
[2017.03.29-20.17.33:231][984]LogModuleManager: Shutting down and abandoning module Blutility (378)
[2017.03.29-20.17.33:231][984]LogModuleManager: Shutting down and abandoning module ProjectSettingsViewer (376)
[2017.03.29-20.17.33:231][984]LogModuleManager: Shutting down and abandoning module ProjectTargetPlatformEditor (375)
[2017.03.29-20.17.33:231][984]LogModuleManager: Shutting down and abandoning module EditorSettingsViewer (372)
[2017.03.29-20.17.33:231][984]LogModuleManager: Shutting down and abandoning module SettingsEditor (370)
[2017.03.29-20.17.33:231][984]LogModuleManager: Shutting down and abandoning module ProjectLauncher (368)
[2017.03.29-20.17.33:232][984]LogModuleManager: Shutting down and abandoning module SessionFrontend (366)
[2017.03.29-20.17.33:233][984]LogModuleManager: Shutting down and abandoning module ProfilerClient (364)
[2017.03.29-20.17.33:234][984]LogModuleManager: Shutting down and abandoning module DeviceManager (362)
[2017.03.29-20.17.33:234][984]LogModuleManager: Shutting down and abandoning module TargetDeviceServices (361)
[2017.03.29-20.17.33:282][984]LogModuleManager: Shutting down and abandoning module AutomationController (358)
[2017.03.29-20.17.33:282][984]LogModuleManager: Shutting down and abandoning module AutomationWindow (356)
[2017.03.29-20.17.33:284][984]LogModuleManager: Shutting down and abandoning module Layers (354)
[2017.03.29-20.17.33:287][984]LogModuleManager: Shutting down and abandoning module ComponentVisualizers (352)
[2017.03.29-20.17.33:287][984]LogModuleManager: Shutting down and abandoning module DetailCustomizations (350)
[2017.03.29-20.17.33:287][984]LogModuleManager: Shutting down and abandoning module PackagesDialog (348)
[2017.03.29-20.17.33:287][984]LogModuleManager: Shutting down and abandoning module Persona (346)
[2017.03.29-20.17.33:287][984]LogModuleManager: Shutting down and abandoning module AnimGraph (345)
[2017.03.29-20.17.33:287][984]LogModuleManager: Shutting down and abandoning module Kismet (342)
[2017.03.29-20.17.33:299][984]LogModuleManager: Shutting down and abandoning module GraphEditor (340)
[2017.03.29-20.17.33:300][984]LogModuleManager: Shutting down and abandoning module ClassViewer (338)
[2017.03.29-20.17.33:300][984]LogModuleManager: Shutting down and abandoning module Toolbox (336)
[2017.03.29-20.17.33:300][984]LogModuleManager: Shutting down and abandoning module ModuleUI (334)
[2017.03.29-20.17.33:301][984]LogModuleManager: Shutting down and abandoning module MovieSceneTools (332)
[2017.03.29-20.17.33:302][984]LogModuleManager: Shutting down and abandoning module OutputLog (330)
[2017.03.29-20.17.33:302][984]LogModuleManager: Shutting down and abandoning module GammaUI (328)
[2017.03.29-20.17.33:302][984]LogModuleManager: Shutting down and abandoning module Documentation (326)
[2017.03.29-20.17.33:302][984]LogModuleManager: Shutting down and abandoning module Niagara (324)
[2017.03.29-20.17.33:302][984]LogModuleManager: Shutting down and abandoning module StreamingPauseRendering (322)
[2017.03.29-20.17.33:302][984]LogModuleManager: Shutting down and abandoning module AnalyticsET (320)
[2017.03.29-20.17.33:302][984]LogModuleManager: Shutting down and abandoning module PortalServices (318)
[2017.03.29-20.17.33:302][984]LogModuleManager: Shutting down and abandoning module PortalRpc (316)
[2017.03.29-20.17.33:302][984]LogModuleManager: Shutting down and abandoning module MessagingRpc (314)
[2017.03.29-20.17.33:302][984]LogModuleManager: Shutting down and abandoning module AIModule (312)
[2017.03.29-20.17.33:302][984]LogModuleManager: Shutting down and abandoning module GameplayDebugger (311)
[2017.03.29-20.17.33:302][984]LogModuleManager: Shutting down and abandoning module AITestSuite (309)
[2017.03.29-20.17.33:303][984]LogModuleManager: Shutting down and abandoning module ProfilerService (306)
[2017.03.29-20.17.33:535][984]LogModuleManager: Shutting down and abandoning module TaskGraph (304)
[2017.03.29-20.17.33:537][984]LogModuleManager: Shutting down and abandoning module SteamVRController (302)
[2017.03.29-20.17.33:537][984]LogModuleManager: Shutting down and abandoning module SteamVR (300)
[2017.03.29-20.17.33:537][984]LogModuleManager: Shutting down and abandoning module ProceduralMeshComponentEditor (298)
[2017.03.29-20.17.33:537][984]LogModuleManager: Shutting down and abandoning module ProceduralMeshComponent (296)
[2017.03.29-20.17.33:537][984]LogModuleManager: Shutting down and abandoning module OculusLibrary (294)
[2017.03.29-20.17.33:537][984]LogModuleManager: Shutting down and abandoning module OculusInput (292)
[2017.03.29-20.17.33:537][984]LogModuleManager: Shutting down and abandoning module MobilePatchingUtils (290)
[2017.03.29-20.17.33:537][984]LogModuleManager: Shutting down and abandoning module CustomMeshComponent (288)
[2017.03.29-20.17.33:537][984]LogModuleManager: Shutting down and abandoning module CableComponent (286)
[2017.03.29-20.17.33:537][984]LogModuleManager: Shutting down and abandoning module ArchVisCharacter (284)
[2017.03.29-20.17.33:537][984]LogModuleManager: Shutting down and abandoning module MediaPlayerEditor (280)
[2017.03.29-20.17.33:538][984]LogModuleManager: Shutting down and abandoning module HTML5Networking (278)
[2017.03.29-20.17.33:538][984]LogModuleManager: Shutting down and abandoning module AlembicImporter (276)
[2017.03.29-20.17.33:538][984]LogModuleManager: Shutting down and abandoning module AlembicLibrary (275)
[2017.03.29-20.17.33:538][984]LogModuleManager: Shutting down and abandoning module GeometryCache (274)
[2017.03.29-20.17.33:538][984]LogModuleManager: Shutting down and abandoning module GeometryCacheEd (273)
[2017.03.29-20.17.33:538][984]LogModuleManager: Shutting down and abandoning module SuperSearchEditor (268)
[2017.03.29-20.17.33:538][984]LogModuleManager: Shutting down and abandoning module SuperSearch (267)
[2017.03.29-20.17.33:538][984]LogModuleManager: Shutting down and abandoning module SpeedTreeImporter (264)
[2017.03.29-20.17.33:538][984]LogModuleManager: Shutting down and abandoning module PluginBrowser (262)
[2017.03.29-20.17.33:539][984]LogModuleManager: Shutting down and abandoning module MobileLauncherProfileWizard (260)
[2017.03.29-20.17.33:539][984]LogModuleManager: Shutting down and abandoning module EpicSurvey (258)
[2017.03.29-20.17.33:540][984]LogModuleManager: Shutting down and abandoning module VisualStudioSourceCodeAccess (256)
[2017.03.29-20.17.33:540][984]LogModuleManager: Shutting down and abandoning module DesktopPlatform (255)
[2017.03.29-20.17.33:540][984]LogModuleManager: Shutting down and abandoning module UObjectPlugin (252)
[2017.03.29-20.17.33:540][984]LogModuleManager: Shutting down and abandoning module SubversionSourceControl (250)
[2017.03.29-20.17.33:540][984]LogModuleManager: Shutting down and abandoning module PerforceSourceControl (248)
[2017.03.29-20.17.33:540][984]LogModuleManager: Shutting down and abandoning module GitSourceControl (246)
[2017.03.29-20.17.33:540][984]LogModuleManager: Shutting down and abandoning module SourceControl (245)
[2017.03.29-20.17.33:541][984]LogModuleManager: Shutting down and abandoning module LightPropagationVolumeEditor (242)
[2017.03.29-20.17.33:541][984]LogModuleManager: Shutting down and abandoning module PaperTiledImporter (240)
[2017.03.29-20.17.33:541][984]LogModuleManager: Shutting down and abandoning module PaperSpriteSheetImporter (238)
[2017.03.29-20.17.33:541][984]LogModuleManager: Shutting down and abandoning module Paper2DEditor (236)
[2017.03.29-20.17.33:541][984]LogModuleManager: Shutting down and abandoning module MeshPaint (235)
[2017.03.29-20.17.33:541][984]LogModuleManager: Shutting down and abandoning module LevelEditor (233)
[2017.03.29-20.17.33:544][984]LogModuleManager: Shutting down and abandoning module PixelInspectorModule (232)
[2017.03.29-20.17.33:544][984]LogModuleManager: Shutting down and abandoning module MainFrame (230)
[2017.03.29-20.17.33:544][984]LogModuleManager: Shutting down and abandoning module HotReload (229)
[2017.03.29-20.17.33:545][984]LogModuleManager: Shutting down and abandoning module ContentBrowser (225)
[2017.03.29-20.17.33:549][984]LogModuleManager: Shutting down and abandoning module PhysXVehiclesEditor (222)
[2017.03.29-20.17.33:549][984]LogModuleManager: Shutting down and abandoning module PhysXVehicles (220)
[2017.03.29-20.17.33:549][984]LogModuleManager: Shutting down and abandoning module LocationServicesBPLibrary (218)
[2017.03.29-20.17.33:549][984]LogModuleManager: Shutting down and abandoning module UdpMessaging (216)
[2017.03.29-20.17.33:650][984]LogModuleManager: Shutting down and abandoning module TcpMessaging (214)
[2017.03.29-20.17.33:750][984]LogModuleManager: Shutting down and abandoning module GameplayTagsEditor (212)
[2017.03.29-20.17.33:751][984]LogModuleManager: Shutting down and abandoning module FacialAnimationEditor (210)
[2017.03.29-20.17.33:751][984]LogModuleManager: Shutting down and abandoning module FacialAnimation (208)
[2017.03.29-20.17.33:751][984]LogModuleManager: Shutting down and abandoning module LightPropagationVolumeRuntime (206)
[2017.03.29-20.17.33:751][984]LogModuleManager: Shutting down and abandoning module Paper2D (204)
[2017.03.29-20.17.33:752][984]LogModuleManager: Shutting down and abandoning module WindowsMoviePlayer (202)
[2017.03.29-20.17.33:752][984]LogModuleManager: Shutting down and abandoning module WmfMedia (200)
[2017.03.29-20.17.33:752][984]LogModuleManager: Shutting down and abandoning module MfMedia (198)
[2017.03.29-20.17.33:752][984]LogModuleManager: Shutting down and abandoning module MediaAssets (196)
[2017.03.29-20.17.33:752][984]LogModuleManager: Shutting down and abandoning module GameLiveStreaming (194)
[2017.03.29-20.17.33:752][984]LogModuleManager: Shutting down and abandoning module VREditor (192)
[2017.03.29-20.17.33:753][984]LogModuleManager: Shutting down and abandoning module GameplayTasksEditor (190)
[2017.03.29-20.17.33:753][984]LogModuleManager: Shutting down and abandoning module BehaviorTreeEditor (188)
[2017.03.29-20.17.33:754][984]LogModuleManager: Shutting down and abandoning module FunctionalTesting (186)
[2017.03.29-20.17.33:754][984]LogModuleManager: Shutting down and abandoning module CollisionAnalyzer (184)
[2017.03.29-20.17.33:754][984]LogModuleManager: Shutting down and abandoning module UMG (182)
[2017.03.29-20.17.33:755][984]LogModuleManager: Shutting down and abandoning module UMGEditor (181)
[2017.03.29-20.17.33:757][984]LogModuleManager: Shutting down and abandoning module Sequencer (180)
[2017.03.29-20.17.33:758][984]LogModuleManager: Shutting down and abandoning module AssetTools (178)
[2017.03.29-20.17.33:760][984]LogModuleManager: Shutting down and abandoning module MessageLog (177)
[2017.03.29-20.17.33:760][984]LogModuleManager: Shutting down and abandoning module WorkspaceMenuStructure (176)
[2017.03.29-20.17.33:760][984]LogModuleManager: Shutting down and abandoning module SlateReflector (170)
[2017.03.29-20.17.33:761][984]LogModuleManager: Shutting down and abandoning module Slate (168)
[2017.03.29-20.17.33:761][984]LogModuleManager: Shutting down and abandoning module EditorStyle (166)
[2017.03.29-20.17.33:768][984]LogModuleManager: Shutting down and abandoning module SourceCodeAccess (164)
[2017.03.29-20.17.33:768][984]LogModuleManager: Shutting down and abandoning module HeadMountedDisplay (162)
[2017.03.29-20.17.33:768][984]LogModuleManager: Shutting down and abandoning module XAudio2 (160)
[2017.03.29-20.17.33:768][984]LogModuleManager: Shutting down and abandoning module Networking (158)
[2017.03.29-20.17.33:768][984]LogModuleManager: Shutting down and abandoning module Core (154)
[2017.03.29-20.17.33:768][984]LogModuleManager: Shutting down and abandoning module AssetRegistry (152)
[2017.03.29-20.17.33:978][984]LogDirectoryWatcher: A directory notification for '../../../Engine/Content/' was aborted.
[2017.03.29-20.17.33:978][984]LogDirectoryWatcher: A directory notification for 'E:/Quantum/Content/' was aborted.
[2017.03.29-20.17.33:978][984]LogDirectoryWatcher: A directory notification for '../../../Engine/Plugins/2D/Paper2D/Content/' was aborted.
[2017.03.29-20.17.33:978][984]LogModuleManager: Shutting down and abandoning module DirectoryWatcher (151)
[2017.03.29-20.17.33:982][984]LogModuleManager: Shutting down and abandoning module KismetCompiler (148)
[2017.03.29-20.17.33:982][984]LogModuleManager: Shutting down and abandoning module PhysXFormats (146)
[2017.03.29-20.17.33:982][984]LogModuleManager: Shutting down and abandoning module MeshUtilities (144)
[2017.03.29-20.17.33:982][984]LogModuleManager: Shutting down and abandoning module SimplygonSwarm (143)
[2017.03.29-20.17.33:982][984]LogModuleManager: Shutting down and abandoning module SimplygonMeshReduction (141)
[2017.03.29-20.17.33:982][984]LogModuleManager: Shutting down and abandoning module QuadricMeshReduction (139)
[2017.03.29-20.17.33:982][984]LogModuleManager: Shutting down and abandoning module PropertyEditor (137)
[2017.03.29-20.17.33:982][984]LogModuleManager: Shutting down and abandoning module DerivedDataCache (134)
[2017.03.29-20.17.34:031][984]LogDerivedDataCache: Shutdown
[2017.03.29-20.17.34:031][984]LogModuleManager: Shutting down and abandoning module TargetPlatform (132)
[2017.03.29-20.17.34:032][984]LogModuleManager: Shutting down and abandoning module VulkanShaderFormat (131)
[2017.03.29-20.17.34:032][984]LogModuleManager: Shutting down and abandoning module ShaderFormatOpenGL (129)
[2017.03.29-20.17.34:036][984]LogModuleManager: Shutting down and abandoning module ShaderFormatD3D (127)
[2017.03.29-20.17.34:036][984]LogModuleManager: Shutting down and abandoning module MetalShaderFormat (125)
[2017.03.29-20.17.34:037][984]LogModuleManager: Shutting down and abandoning module TextureFormatUncompressed (123)
[2017.03.29-20.17.34:038][984]LogModuleManager: Shutting down and abandoning module TextureFormatPVR (121)
[2017.03.29-20.17.34:038][984]LogModuleManager: Shutting down and abandoning module TextureFormatDXT (119)
[2017.03.29-20.17.34:038][984]LogModuleManager: Shutting down and abandoning module TextureFormatIntelISPCTexComp (117)
[2017.03.29-20.17.34:038][984]LogModuleManager: Shutting down and abandoning module TextureFormatASTC (115)
[2017.03.29-20.17.34:038][984]LogModuleManager: Shutting down and abandoning module ImageWrapper (114)
[2017.03.29-20.17.34:038][984]LogModuleManager: Shutting down and abandoning module TextureFormatAndroid (111)
[2017.03.29-20.17.34:038][984]LogModuleManager: Shutting down and abandoning module AudioFormatOpus (109)
[2017.03.29-20.17.34:038][984]LogModuleManager: Shutting down and abandoning module AudioFormatOgg (107)
[2017.03.29-20.17.34:038][984]LogModuleManager: Shutting down and abandoning module AudioFormatADPCM (105)
[2017.03.29-20.17.34:038][984]LogModuleManager: Shutting down and abandoning module LinuxTargetPlatform (103)
[2017.03.29-20.17.34:038][984]LogModuleManager: Shutting down and abandoning module LinuxServerTargetPlatform (101)
[2017.03.29-20.17.34:038][984]LogModuleManager: Shutting down and abandoning module LinuxNoEditorTargetPlatform (99)
[2017.03.29-20.17.34:038][984]LogModuleManager: Shutting down and abandoning module LinuxClientTargetPlatform (97)
[2017.03.29-20.17.34:039][984]LogModuleManager: Shutting down and abandoning module TVOSTargetPlatform (95)
[2017.03.29-20.17.34:039][984]LogModuleManager: Shutting down and abandoning module Messaging (93)
[2017.03.29-20.17.34:039][984]LogModuleManager: Shutting down and abandoning module IOSTargetPlatform (91)
[2017.03.29-20.17.34:039][984]LogModuleManager: Shutting down and abandoning module HTML5TargetPlatform (89)
[2017.03.29-20.17.34:039][984]LogModuleManager: Shutting down and abandoning module Android_PVRTCTargetPlatform (87)
[2017.03.29-20.17.34:039][984]LogModuleManager: Shutting down and abandoning module Android_MultiTargetPlatform (85)
[2017.03.29-20.17.34:040][984]LogModuleManager: Shutting down and abandoning module Android_ETC2TargetPlatform (83)
[2017.03.29-20.17.34:040][984]LogModuleManager: Shutting down and abandoning module Android_ETC1TargetPlatform (81)
[2017.03.29-20.17.34:040][984]LogModuleManager: Shutting down and abandoning module Android_DXTTargetPlatform (79)
[2017.03.29-20.17.34:040][984]LogModuleManager: Shutting down and abandoning module Android_ATCTargetPlatform (77)
[2017.03.29-20.17.34:040][984]LogModuleManager: Shutting down and abandoning module Android_ASTCTargetPlatform (75)
[2017.03.29-20.17.34:040][984]LogModuleManager: Shutting down and abandoning module AndroidTargetPlatform (73)
[2017.03.29-20.17.34:040][984]LogModuleManager: Shutting down and abandoning module WindowsTargetPlatform (71)
[2017.03.29-20.17.34:040][984]LogModuleManager: Shutting down and abandoning module WindowsServerTargetPlatform (69)
[2017.03.29-20.17.34:041][984]LogModuleManager: Shutting down and abandoning module WindowsNoEditorTargetPlatform (67)
[2017.03.29-20.17.34:041][984]LogModuleManager: Shutting down and abandoning module WindowsClientTargetPlatform (65)
[2017.03.29-20.17.34:041][984]LogModuleManager: Shutting down and abandoning module MacTargetPlatform (63)
[2017.03.29-20.17.34:041][984]LogModuleManager: Shutting down and abandoning module MacServerTargetPlatform (61)
[2017.03.29-20.17.34:041][984]LogModuleManager: Shutting down and abandoning module MacNoEditorTargetPlatform (59)
[2017.03.29-20.17.34:043][984]LogModuleManager: Shutting down and abandoning module MacClientTargetPlatform (57)
[2017.03.29-20.17.34:043][984]LogModuleManager: Shutting down and abandoning module AllDesktopTargetPlatform (55)
[2017.03.29-20.17.34:043][984]LogModuleManager: Shutting down and abandoning module InputCore (52)
[2017.03.29-20.17.34:043][984]LogModuleManager: Shutting down and abandoning module Settings (50)
[2017.03.29-20.17.34:043][984]LogModuleManager: Shutting down and abandoning module OculusRift (48)
[2017.03.29-20.17.34:043][984]LogModuleManager: Shutting down and abandoning module GearVR (46)
[2017.03.29-20.17.34:044][984]LogModuleManager: Shutting down and abandoning module ExampleDeviceProfileSelector (44)
[2017.03.29-20.17.34:044][984]LogModuleManager: Shutting down and abandoning module OnlineBlueprintSupport (42)
[2017.03.29-20.17.34:044][984]LogModuleManager: Shutting down and abandoning module OnlineSubsystem (38)
[2017.03.29-20.17.34:044][984]LogOnline:Display: Unloading online subsystem: NULL
[2017.03.29-20.17.34:045][984]LogModuleManager: Shutting down and abandoning module XMPP (37)
[2017.03.29-20.17.34:046][984]LogModuleManager: Shutting down and abandoning module HTTP (35)
[2017.03.29-20.17.34:046][984]LogHttp:Display: Http module shutting down, but needs to wait on 1 outstanding Http requests:
[2017.03.29-20.17.34:046][984]LogHttp:Display: 	verb=[POST] url=[https://datarouter.ol.epicgames.com/datarouter/api/v1/public/data?SessionID=%7B72D71F0D-4619-A19B-0289-B5A60A78D8A9%7D&AppID=UEEditor.Rocket.Release&AppVersion=4.15.1-3348071%2B%2B%2BUE4%2BRelease-4.15&UserID=d216f3934841911196f38fbea46ed9ea%7Cb51ba83205af482cbc94873afb168383%7C29a1b203-6483-41ba-9fad-41b3ec1343b4&AppEnvironment=datacollector-binary&UploadType=eteventstream] status=Processing
[2017.03.29-20.17.34:049][984]LogModuleManager: Shutting down and abandoning module SSL (34)
[2017.03.29-20.17.34:052][984]LogModuleManager: Shutting down and abandoning module AudioEditor (30)
[2017.03.29-20.17.34:052][984]LogModuleManager: Shutting down and abandoning module TextureCompressor (28)
[2017.03.29-20.17.34:053][984]LogModuleManager: Shutting down and abandoning module ShaderCore (26)
[2017.03.29-20.17.34:053][984]LogModuleManager: Shutting down and abandoning module Landscape (24)
[2017.03.29-20.17.34:053][984]LogModuleManager: Shutting down and abandoning module SlateRHIRenderer (22)
[2017.03.29-20.17.34:093][984]LogModuleManager: Shutting down and abandoning module OpenGLDrv (20)
[2017.03.29-20.17.34:094][984]LogModuleManager: Shutting down and abandoning module D3D11RHI (18)
[2017.03.29-20.17.34:094][984]LogModuleManager: Shutting down and abandoning module AnimGraphRuntime (16)
[2017.03.29-20.17.34:094][984]LogModuleManager: Shutting down and abandoning module Renderer (14)
[2017.03.29-20.17.34:094][984]LogModuleManager: Shutting down and abandoning module Engine (12)
[2017.03.29-20.17.34:094][984]LogModuleManager: Shutting down and abandoning module CoreUObject (10)
[2017.03.29-20.17.34:094][984]LogModuleManager: Shutting down and abandoning module NetworkFile (8)
[2017.03.29-20.17.34:094][984]LogModuleManager: Shutting down and abandoning module StreamingFile (6)
[2017.03.29-20.17.34:094][984]LogModuleManager: Shutting down and abandoning module SandboxFile (4)
[2017.03.29-20.17.34:094][984]LogModuleManager: Shutting down and abandoning module PakFile (2)
[2017.03.29-20.17.34:097][984]LogExit: Exiting.
[2017.03.29-20.17.34:102][984]Log file closed, 03/30/17 03:17:34
