Log file open, 04/19/17 02:26:04
LogInit:Display: Running engine for game: Quantum
LogPlatformFile: Not using cached read wrapper
LogInit:Display: RandInit(414187025) SRandInit(414187025).
LogTaskGraph: Started task graph with 5 named threads and 8 total threads with 1 sets of task threads.
LogStats: Stats thread started at 0.096493
LogInit: Using libcurl 7.47.1
LogInit:  - built for x86_64-pc-win32
LogInit:  - supports SSL with OpenSSL/1.0.2g
LogInit:  - supports HTTP deflate (compression) using libz 1.2.8
LogInit:  - other features:
LogInit:      CURL_VERSION_SSL
LogInit:      CURL_VERSION_LIBZ
LogInit:      CURL_VERSION_IPV6
LogInit:      CURL_VERSION_ASYNCHDNS
LogInit:      CURL_VERSION_LARGEFILE
LogInit:      CURL_VERSION_IDN
LogInit:  CurlRequestOptions (configurable via config and command line):
LogInit:  - bVerifyPeer = false  - Libcurl will NOT verify peer certificate
LogInit:  - bUseHttpProxy = false  - Libcurl will NOT use HTTP proxy
LogInit:  - bDontReuseConnections = false  - Libcurl will reuse connections
LogInit:  - CertBundlePath = nullptr  - Libcurl will use whatever was configured at build time.
LogInit: Build: ++UE4+Release-4.15-CL-3348071
LogInit: Engine Version: 4.15.1-3348071+++UE4+Release-4.15
LogInit: Compatible Engine Version: 4.15.0-3299760+++UE4+Release-4.15
LogInit: Net CL: 3299760
LogDevObjectVersion: Number of dev versions registered: 14
LogDevObjectVersion:   Dev-Blueprints (B0D832E4-1F89-4F0D-ACCF-7EB736FD4AA2): 8
LogDevObjectVersion:   Dev-Build (E1C64328-A22C-4D53-A36C-8E866417BD8C): 0
LogDevObjectVersion:   Dev-Core (375EC13C-06E4-48FB-B500-84F0262A717E): 2
LogDevObjectVersion:   Dev-Editor (E4B068ED-F494-42E9-A231-DA0B2E46BB41): 14
LogDevObjectVersion:   Dev-Framework (CFFC743F-43B0-4480-9391-14DF171D2073): 22
LogDevObjectVersion:   Dev-Mobile (B02B49B5-BB20-44E9-A304-32B752E40360): 0
LogDevObjectVersion:   Dev-Networking (A4E4105C-59A1-49B5-A7C5-40C4547EDFEE): 0
LogDevObjectVersion:   Dev-Online (39C831C9-5AE6-47DC-9A44-9C173E1C8E7C): 0
LogDevObjectVersion:   Dev-Physics (78F01B33-EBEA-4F98-B9B4-84EACCB95AA2): 0
LogDevObjectVersion:   Dev-Platform (6631380F-2D4D-43E0-8009-CF276956A95A): 0
LogDevObjectVersion:   Dev-Rendering (12F88B9F-8875-4AFC-A67C-D90C383ABD29): 12
LogDevObjectVersion:   Dev-Sequencer (7B5AE74C-D270-4C10-A958-57980B212A5A): 3
LogDevObjectVersion:   Dev-VR (D7296918-1DD6-4BDD-9DE2-64A83CC13884): 0
LogDevObjectVersion:   Dev-LoadTimes (C2A15278-BFE7-4AFE-6C17-90FF531DF755): 1
LogInit: Compiled (64-bit): Mar 15 2017 16:52:47
LogInit: Compiled with Visual C++: 19.00.23026.00
LogInit: Build Configuration: Development
LogInit: Branch Name: ++UE4+Release-4.15
LogInit: Command line:  
LogInit: Base directory: C:/Program Files/Epic Games/UE_4.15/Engine/Binaries/Win64/
LogInit: Installed Engine Build: 1
LogInit: Presizing for max 8388607 objects, including 0 objects not considered by GC, pre-allocating 0 bytes for permanent pool.
LogInit: Object subsystem initialized
[2017.04.18-19.26.05:232][  0]LogInit: Selected Device Profile: [Windows]
[2017.04.18-19.26.05:232][  0]LogInit: Applying CVar settings loaded from the selected device profile: [Windows]
[2017.04.18-19.26.05:252][  0]LogInit: Computer: KOKO-IMMORTAL
[2017.04.18-19.26.05:252][  0]LogInit: User: Proto
[2017.04.18-19.26.05:252][  0]LogInit: CPU Page size=65536, Cores=4
[2017.04.18-19.26.05:252][  0]LogInit: High frequency timer resolution =3.328122 MHz
[2017.04.18-19.26.05:252][  0]LogMemory: Memory total: Physical=16.0GB (16GB approx)
[2017.04.18-19.26.05:252][  0]LogMemory: Platform Memory Stats for Windows
[2017.04.18-19.26.05:252][  0]LogMemory: Process Physical Memory: 262.44 MB used, 262.44 MB peak
[2017.04.18-19.26.05:252][  0]LogMemory: Process Virtual Memory: 262.29 MB used, 262.29 MB peak
[2017.04.18-19.26.05:252][  0]LogMemory: Physical Memory: 5050.18 MB used,  11292.54 MB free, 16342.73 MB total
[2017.04.18-19.26.05:252][  0]LogMemory: Virtual Memory: 643.82 MB used,  11292.54 MB free, 134217728.00 MB total
[2017.04.18-19.26.05:469][  0]LogTextLocalizationManager: No specific translations for ('en-US') exist, so ('en') translations will be used.
[2017.04.18-19.26.07:834][  0]LogD3D11RHI: D3D11 adapters:
[2017.04.18-19.26.08:417][  0]LogD3D11RHI:    0. 'NVIDIA GeForce GTX 1060 6GB' (Feature Level 11_0)
[2017.04.18-19.26.08:417][  0]LogD3D11RHI:       6084/0/8171 MB DedicatedVideo/DedicatedSystem/SharedSystem, Outputs:2, VendorId:0x10de
[2017.04.18-19.26.08:419][  0]LogD3D11RHI:    1. 'Microsoft Basic Render Driver' (Feature Level 11_0)
[2017.04.18-19.26.08:419][  0]LogD3D11RHI:       0/0/8171 MB DedicatedVideo/DedicatedSystem/SharedSystem, Outputs:0, VendorId:0x1414
[2017.04.18-19.26.08:419][  0]LogD3D11RHI: Chosen D3D11 Adapter: 0
[2017.04.18-19.26.08:423][  0]LogD3D11RHI: Creating new Direct3DDevice
[2017.04.18-19.26.08:423][  0]LogD3D11RHI:     GPU DeviceId: 0x1c03 (for the marketing name, search the web for "GPU Device Id")
[2017.04.18-19.26.08:423][  0]LogWindows: EnumDisplayDevices:
[2017.04.18-19.26.08:423][  0]LogWindows:    0. 'NVIDIA GeForce GTX 1060 6GB' (P:0 D:1)
[2017.04.18-19.26.08:423][  0]LogWindows:    1. 'NVIDIA GeForce GTX 1060 6GB' (P:1 D:1)
[2017.04.18-19.26.08:424][  0]LogWindows:    2. 'NVIDIA GeForce GTX 1060 6GB' (P:0 D:0)
[2017.04.18-19.26.08:424][  0]LogWindows:    3. 'NVIDIA GeForce GTX 1060 6GB' (P:0 D:0)
[2017.04.18-19.26.08:424][  0]LogWindows: DebugString: FoundDriverCount:4 
[2017.04.18-19.26.08:424][  0]LogD3D11RHI:     Adapter Name: NVIDIA GeForce GTX 1060 6GB
[2017.04.18-19.26.08:424][  0]LogD3D11RHI:   Driver Version: 381.65 (internal:22.21.13.8165, unified:381.65)
[2017.04.18-19.26.08:424][  0]LogD3D11RHI:      Driver Date: 3-31-2017
[2017.04.18-19.26.08:424][  0]LogRHI: Texture pool is 1361 MB (70% of 1945 MB)
[2017.04.18-19.26.08:979][  0]LogD3D11RHI: Async texture creation enabled
[2017.04.18-19.26.09:017][  0]LogD3D11RHI: GPU Timing Frequency: 1000.000000 (Debug: 2 1)
[2017.04.18-19.26.09:111][  0]LogShaderCompilers: Guid format shader working directory is 35 characters bigger than the processId version (E:/Quantum/Intermediate/Shaders/WorkingDirectory/10712/).
[2017.04.18-19.26.09:111][  0]LogShaderCompilers: Cleaned the shader compiler working directory 'C:/Users/Proto/AppData/Local/Temp/UnrealShaderWorkingDir/5ADCCAC2467BADC96BA19FAEB4765CA8/'.
[2017.04.18-19.26.09:111][  0]LogShaderCompilers:Display: Using Local Shader Compiler.
[2017.04.18-19.26.10:574][  0]LogTemp:Display: Loaded TP AllDesktopTargetPlatform
[2017.04.18-19.26.10:624][  0]LogTemp:Display: Loaded TP MacClientTargetPlatform
[2017.04.18-19.26.10:697][  0]LogTemp:Display: Loaded TP MacNoEditorTargetPlatform
[2017.04.18-19.26.10:752][  0]LogTemp:Display: Loaded TP MacServerTargetPlatform
[2017.04.18-19.26.10:810][  0]LogTemp:Display: Loaded TP MacTargetPlatform
[2017.04.18-19.26.10:858][  0]LogTemp:Display: Loaded TP WindowsClientTargetPlatform
[2017.04.18-19.26.10:930][  0]LogTemp:Display: Loaded TP WindowsNoEditorTargetPlatform
[2017.04.18-19.26.10:976][  0]LogTemp:Display: Loaded TP WindowsServerTargetPlatform
[2017.04.18-19.26.11:015][  0]LogTemp:Display: Loaded TP WindowsTargetPlatform
[2017.04.18-19.26.11:063][  0]LogTemp:Display: Loaded TP AndroidTargetPlatform
[2017.04.18-19.26.11:108][  0]LogTemp:Display: Loaded TP Android_ASTCTargetPlatform
[2017.04.18-19.26.11:167][  0]LogTemp:Display: Loaded TP Android_ATCTargetPlatform
[2017.04.18-19.26.11:212][  0]LogTemp:Display: Loaded TP Android_DXTTargetPlatform
[2017.04.18-19.26.11:257][  0]LogTemp:Display: Loaded TP Android_ETC1TargetPlatform
[2017.04.18-19.26.11:329][  0]LogTemp:Display: Loaded TP Android_ETC2TargetPlatform
[2017.04.18-19.26.11:429][  0]LogTemp:Display: Loaded TP Android_MultiTargetPlatform
[2017.04.18-19.26.11:429][  0]LogTemp:Display: Loaded TP Android_PVRTCTargetPlatform
[2017.04.18-19.26.11:465][  0]LogTemp:Display: Loaded TP HTML5TargetPlatform
[2017.04.18-19.26.11:584][  0]LogTemp:Display: Loaded TP IOSTargetPlatform
[2017.04.18-19.26.11:617][  0]LogTemp:Display: Loaded TP TVOSTargetPlatform
[2017.04.18-19.26.11:665][  0]LogTemp:Display: Loaded TP LinuxClientTargetPlatform
[2017.04.18-19.26.11:718][  0]LogTemp:Display: Loaded TP LinuxNoEditorTargetPlatform
[2017.04.18-19.26.11:766][  0]LogTemp:Display: Loaded TP LinuxServerTargetPlatform
[2017.04.18-19.26.11:818][  0]LogTemp:Display: Loaded TP LinuxTargetPlatform
[2017.04.18-19.26.11:818][  0]LogTargetPlatformManager:Display: Building Assets For Windows
[2017.04.18-19.26.12:670][  0]LogDerivedDataCache:Display: Max Cache Size: 512 MB
[2017.04.18-19.26.12:728][  0]LogDerivedDataCache: Loaded boot cache 0.06s 50MB C:/Users/Proto/AppData/Local/UnrealEngine/4.15/DerivedDataCache/Boot.ddc.
[2017.04.18-19.26.12:728][  0]LogDerivedDataCache:Display: Loaded Boot cache: C:/Users/Proto/AppData/Local/UnrealEngine/4.15/DerivedDataCache/Boot.ddc
[2017.04.18-19.26.12:728][  0]LogDerivedDataCache: FDerivedDataBackendGraph:  Pak pak cache file E:/Quantum/DerivedDataCache/DDC.ddp not found, will not use a pak cache.
[2017.04.18-19.26.12:728][  0]LogDerivedDataCache: Unable to find inner node Pak for hierarchical cache Hierarchy.
[2017.04.18-19.26.12:728][  0]LogDerivedDataCache: FDerivedDataBackendGraph:  CompressedPak pak cache file E:/Quantum/DerivedDataCache/Compressed.ddp not found, will not use a pak cache.
[2017.04.18-19.26.12:728][  0]LogDerivedDataCache: Unable to find inner node CompressedPak for hierarchical cache Hierarchy.
[2017.04.18-19.26.12:751][  0]LogDerivedDataCache:Display: Pak cache opened for reading ../../../Engine/DerivedDataCache/Compressed.ddp.
[2017.04.18-19.26.12:762][  0]LogDerivedDataCache: Using Local data cache path C:/Users/Proto/AppData/Local/UnrealEngine/Common/DerivedDataCache: Writable
[2017.04.18-19.26.12:771][  0]LogSlate: Using Freetype 2.6.0
[2017.04.18-19.26.12:788][  0]LogSlate: SlateFontCache - WITH_FREETYPE: 1, WITH_HARFBUZZ: 1
[2017.04.18-19.26.12:788][  0]LogSlate: SlateFontCache - WITH_FREETYPE: 1, WITH_HARFBUZZ: 1
[2017.04.18-19.26.15:279][  0]LogInit: Selected Device Profile: [Windows]
[2017.04.18-19.26.15:281][  0]LogContentStreaming: Texture pool size is 0.00 MB
[2017.04.18-19.26.15:466][  0]LogMeshUtilities: Using QuadricMeshReduction for automatic static mesh reduction
[2017.04.18-19.26.15:504][  0]LogSimplygon: Simplygon DLL not present - disabling.
[2017.04.18-19.26.15:544][  0]LogMeshUtilities: Using SimplygonSwarm for distributed automatic mesh merging
[2017.04.18-19.26.15:544][  0]LogMeshUtilities: No automatic skeletal mesh reduction module available
[2017.04.18-19.26.15:544][  0]LogMeshUtilities: No automatic mesh merging module available
[2017.04.18-19.26.16:087][  0]LogNetVersion: GetLocalNetworkVersion: CL: 3299760, ProjectName: quantum, ProjectVersion: , EngineNetworkVersion: 2, GameNetworkVersion: 0, NetworkChecksum: 3234878722
[2017.04.18-19.26.16:134][  0]LogAssetRegistry: FAssetRegistry took 0.0212 seconds to start up
[2017.04.18-19.26.16:174][  0]LogPackageLocalizationCache: Processed 3 localized package path(s) for 2 prioritized culture(s) in 0.023183 seconds
[2017.04.18-19.26.16:179][  0]LogUObjectArray: 32493 objects as part of root set at end of initial load.
[2017.04.18-19.26.16:179][  0]LogUObjectAllocator: 7077024 out of 0 bytes used by permanent object pool.
[2017.04.18-19.26.16:179][  0]LogUObjectArray: CloseDisregardForGC: 0/0 objects in disregard for GC pool
[2017.04.18-19.26.16:240][  0]LogInit: WinSock: version 1.1 (2.2), MaxSocks=32767, MaxUdp=65467
[2017.04.18-19.26.18:832][  0]LogTcpMessaging: Initializing TcpMessaging bridge
[2017.04.18-19.26.18:871][  0]LogUdpMessaging: Initializing bridge on interface 0.0.0.0:0 to multicast group 230.0.0.1:6666.
[2017.04.18-19.26.19:269][  0]LogMaterial: Uniform references updated for custom material expression Custom.
[2017.04.18-19.26.19:671][  0]SourceControl: Info Source control is disabled
[2017.04.18-19.26.19:672][  0]SourceControl: Info Source control is disabled
[2017.04.18-19.26.19:709][  0]SourceControl: Info Source control is disabled
[2017.04.18-19.26.19:747][  0]SourceControl: Info Source control is disabled
[2017.04.18-19.26.20:869][  0]LogEngine: Initializing Engine...
[2017.04.18-19.26.20:870][  0]LogHMD: Failed to initialize OpenVR with code 110
[2017.04.18-19.26.21:079][  0]LogAIModule: Creating AISystem for world Untitled
[2017.04.18-19.26.21:086][  0]LogInit: XAudio2 using 'Headphones (High Definition Audio Device)' : 2 channels at 44.1 kHz using 16 bits per sample (channel mask 0x3)
[2017.04.18-19.26.21:097][  0]LogInit: FAudioDevice initialized.
[2017.04.18-19.26.21:123][  0]LogDerivedDataCache: Saved boot cache 0.03s 50MB C:/Users/Proto/AppData/Local/UnrealEngine/4.15/DerivedDataCache/Boot.ddc.
[2017.04.18-19.26.21:132][  0]LogInit: Texture streaming: Enabled
[2017.04.18-19.26.21:229][  0]LogEngineSessionManager: EngineSessionManager initialized
[2017.04.18-19.26.21:302][  0]LogInit: Transaction tracking system initialized
[2017.04.18-19.26.21:580][  0]BlueprintLog: New page: Editor Load
[2017.04.18-19.26.22:348][  0]LocalizationService: Info Localization service is disabled
[2017.04.18-19.26.22:939][  0]LogConsoleResponse:Display: 
[2017.04.18-19.26.23:049][  0]LogCook:Display: Max memory allowance for cook 16384mb min free memory 0mb
[2017.04.18-19.26.23:049][  0]LogCook:Display: Mobile HDR setting 1
[2017.04.18-19.26.23:524][  0]LogFileCache: Scanning file cache for directory 'E:/Quantum/Content/' took 0.01s
[2017.04.18-19.26.24:261][  0]SourceControl: Info Source control is disabled
[2017.04.18-19.26.24:261][  0]Cmd: MAP LOAD FILE="E:/Quantum/Content/Maps/TutorialMap.umap" TEMPLATE=0 SHOWPROGRESS=1 FEATURELEVEL=3
[2017.04.18-19.26.24:262][  0]LightingResults: New page: Lighting Build
[2017.04.18-19.26.24:302][  0]MapCheck: New page: Map Check
[2017.04.18-19.26.24:302][  0]LightingResults: New page: Lighting Build
[2017.04.18-19.26.25:022][  0]LoadErrors: Info The Animation  Turbine_Anim needs resave.
[2017.04.18-19.26.25:140][  0]LogAIModule: Creating AISystem for world TutorialMap
[2017.04.18-19.26.25:205][  0]LogEditorServer: Finished looking for orphan Actors (0.000 secs)
[2017.04.18-19.26.25:206][  0]Cmd: MAP CHECKDEP NOCLEARLOG
[2017.04.18-19.26.25:249][  0]MapCheck: Info Map check complete: 0 Error(s), 0 Warning(s), took 43.445ms to complete.
[2017.04.18-19.26.25:249][  0]LogFileHelpers: Loading map 'TutorialMap' took 0.988
[2017.04.18-19.26.25:474][  0]LogCollectionManager: Loaded 0 collections in 0.001117 seconds
[2017.04.18-19.26.25:543][  0]LogFileCache: Scanning file cache for directory 'E:/Quantum/Saved/Collections/' took 0.01s
[2017.04.18-19.26.25:543][  0]LogFileCache: Scanning file cache for directory 'E:/Quantum/Content/Developers/Proto/Collections/' took 0.02s
[2017.04.18-19.26.25:543][  0]LogFileCache: Scanning file cache for directory 'E:/Quantum/Content/Collections/' took 0.00s
[2017.04.18-19.26.25:543][  0]LogCollectionManager: Rebuilt the GUID cache for 0 collections in 0.000002 seconds
[2017.04.18-19.26.25:552][  0]LogContentBrowser: Native class hierarchy populated in 0.0090 seconds. Added 2245 classes and 453 folders.
[2017.04.18-19.26.25:555][  0]LogStats: UGameplayTagsManager::ConstructGameplayTagTree: Construct from data asset -  0.000 s
[2017.04.18-19.26.25:555][  0]LogStats: UGameplayTagsManager::ConstructGameplayTagTree: GameplayTagTreeChangedEvent.Broadcast -  0.000 s
[2017.04.18-19.26.25:615][  0]LogContentBrowser: Native class hierarchy updated for 'WidgetCarousel' in 0.0004 seconds. Added 0 classes and 0 folders.
[2017.04.18-19.26.25:941][  0]LogContentBrowser: Native class hierarchy updated for 'AddContentDialog' in 0.0004 seconds. Added 0 classes and 0 folders.
[2017.04.18-19.26.25:983][  0]LogContentBrowser: Native class hierarchy updated for 'SceneOutliner' in 0.0004 seconds. Added 1 classes and 2 folders.
[2017.04.18-19.26.26:082][  0]LogCrashTracker: Crashtracker disabled due to settings.
[2017.04.18-19.26.26:088][  0]LogUObjectGlobals:Warning: Failed to find object 'Class None.'
[2017.04.18-19.26.26:153][  0]LogContentBrowser: Native class hierarchy updated for 'HierarchicalLODOutliner' in 0.0004 seconds. Added 1 classes and 2 folders.
[2017.04.18-19.26.26:153][  0]LogLoad: (Engine Initialization) Total time: 23.87 seconds
[2017.04.18-19.26.26:153][  0]LogLoad: (Engine Initialization) Total Blueprint compile time: 0.30 seconds
[2017.04.18-19.26.26:153][  0]LogExternalProfiler: No external profilers were discovered.  External profiling features will not be available.
[2017.04.18-19.26.26:493][  0]LogOcInput: OculusInput pre-init called
[2017.04.18-19.26.26:515][  0]LogContentStreaming: Texture pool size now 1000 MB
[2017.04.18-19.26.26:541][  0]LogSlate: Took 0.000176 seconds to synchronously load lazily loaded font '../../../Engine/Content/Slate/Fonts/Roboto-Regular.ttf' (155K)
[2017.04.18-19.26.26:549][  0]LogSlate: Took 0.004113 seconds to synchronously load lazily loaded font '../../../Engine/Content/Slate/Fonts/Roboto-Bold.ttf' (160K)
[2017.04.18-19.26.26:557][  0]LogSlate: Took 0.004304 seconds to synchronously load lazily loaded font '../../../Engine/Content/Editor/Slate/Fonts/FontAwesome.ttf' (139K)
[2017.04.18-19.26.26:713][  0]LogSlate: Took 0.000172 seconds to synchronously load lazily loaded font '../../../Engine/Content/Slate/Fonts/Roboto-Light.ttf' (159K)
[2017.04.18-19.26.26:758][  0]LogRenderer: Reallocating scene render targets to support 1208x576 NumSamples 1 (Frame:2).
[2017.04.18-19.26.26:877][  1]LogAssetRegistry: Asset discovery search completed in 10.7639 seconds
[2017.04.18-19.26.26:877][  1]LogCollectionManager: Rebuilt the object cache for 0 collections in 0.000005 seconds (found 0 objects)
[2017.04.18-19.26.26:877][  1]LogCollectionManager: Fixed up redirectors for 0 collections in 0.000020 seconds (updated 0 objects)
[2017.04.18-19.29.28:302][ 97]LogSlate: Took 0.000154 seconds to synchronously load lazily loaded font '../../../Engine/Content/Slate/Fonts/Roboto-Light.ttf' (159K)
[2017.04.18-19.29.28:709][ 97]LogContentBrowser: Native class hierarchy updated for 'BlueprintGraph' in 0.0008 seconds. Added 112 classes and 0 folders.
[2017.04.18-19.29.29:245][ 97]LogSlate: Took 0.000164 seconds to synchronously load lazily loaded font '../../../Engine/Content/Slate/Fonts/Roboto-Regular.ttf' (155K)
[2017.04.18-19.29.29:324][ 97]LogSlate: Took 0.000285 seconds to synchronously load lazily loaded font '../../../Engine/Content/Editor/Slate/Fonts/Roboto-BoldCondensed.ttf' (158K)
[2017.04.18-19.29.29:450][ 98]LogSlate: Took 0.000187 seconds to synchronously load lazily loaded font '../../../Engine/Content/Editor/Slate/Fonts/Roboto-Italic.ttf' (157K)
[2017.04.18-19.31.36:425][927]LogSlate: Took 0.000158 seconds to synchronously load lazily loaded font '../../../Engine/Content/Editor/Slate/Fonts/Roboto-BoldCondensedItalic.ttf' (160K)
[2017.04.18-19.33.26:161][601]LogSlate: Took 0.000286 seconds to synchronously load lazily loaded font '../../../Engine/Content/Slate/Fonts/Roboto-Light.ttf' (159K)
[2017.04.18-19.34.39:227][881]LogEditorTransaction: Undo Replace Pin Variable
[2017.04.18-19.35.17:215][421]BlueprintLog: New page: Compile Laser
[2017.04.18-19.35.24:751][ 97]LogTemp: Repeting last play command: Selected Viewport
[2017.04.18-19.35.24:771][ 97]LogPlayLevel: PlayLevel: No blueprints needed recompiling
[2017.04.18-19.35.24:771][ 97]PIE: New page: PIE session: TutorialMap (Apr 19, 2017, 9:35:24 AM)
[2017.04.18-19.35.24:771][ 97]LogPlayLevel: Creating play world package: /Game/Maps/UEDPIE_0_TutorialMap
[2017.04.18-19.35.24:774][ 97]LogPlayLevel: PIE: StaticDuplicateObject took: (0.003199s)
[2017.04.18-19.35.24:775][ 97]LogAIModule: Creating AISystem for world TutorialMap
[2017.04.18-19.35.24:775][ 97]LogPlayLevel: PIE: World Init took: (0.001061s)
[2017.04.18-19.35.24:776][ 97]LogPlayLevel: PIE: Created PIE world by copying editor world from /Game/Maps/TutorialMap.TutorialMap to /Game/Maps/UEDPIE_0_TutorialMap.TutorialMap (0.004555s)
[2017.04.18-19.35.24:793][ 97]LogInit: XAudio2 using 'Headphones (High Definition Audio Device)' : 2 channels at 44.1 kHz using 16 bits per sample (channel mask 0x3)
[2017.04.18-19.35.24:799][ 97]LogInit: FAudioDevice initialized.
[2017.04.18-19.35.24:856][ 97]LogLoad: Game class is 'PuzzleGameMode_C'
[2017.04.18-19.35.24:860][ 97]LogWorld: Bringing World /Game/Maps/UEDPIE_0_TutorialMap.TutorialMap up for play (max tick rate 0) at 2017.04.19-02.35.24
[2017.04.18-19.35.24:861][ 97]LogWorld: Bringing up level for play took: 0.002790
[2017.04.18-19.35.24:896][ 97]LogContentBrowser: Native class hierarchy updated for 'MovieSceneCapture' in 0.0005 seconds. Added 11 classes and 0 folders.
[2017.04.18-19.35.24:896][ 97]LogGameMode:Display: Match State Changed from EnteringMap to WaitingToStart
[2017.04.18-19.35.24:896][ 97]LogGameState: Match State Changed from EnteringMap to WaitingToStart
[2017.04.18-19.35.24:896][ 97]LogGameMode:Display: Match State Changed from WaitingToStart to InProgress
[2017.04.18-19.35.24:897][ 97]LogGameState: Match State Changed from WaitingToStart to InProgress
[2017.04.18-19.35.24:897][ 97]PIE: Info Play in editor start time for /Game/Maps/UEDPIE_0_TutorialMap 1.121
[2017.04.18-19.35.53:639][800]BlueprintLog: New page: Compile Laser
[2017.04.18-19.36.27:197][726]BlueprintLog: New page: Compile Laser
[2017.04.18-19.36.29:579][967]LogTemp: Repeting last play command: Selected Viewport
[2017.04.18-19.36.29:595][967]LogPlayLevel: PlayLevel: No blueprints needed recompiling
[2017.04.18-19.36.29:595][967]PIE: New page: PIE session: TutorialMap (Apr 19, 2017, 9:36:29 AM)
[2017.04.18-19.36.29:595][967]LogPlayLevel: Creating play world package: /Game/Maps/UEDPIE_0_TutorialMap
[2017.04.18-19.36.29:598][967]LogPlayLevel: PIE: StaticDuplicateObject took: (0.003313s)
[2017.04.18-19.36.29:599][967]LogAIModule: Creating AISystem for world TutorialMap
[2017.04.18-19.36.29:599][967]LogPlayLevel: PIE: World Init took: (0.000870s)
[2017.04.18-19.36.29:599][967]LogPlayLevel: PIE: Created PIE world by copying editor world from /Game/Maps/TutorialMap.TutorialMap to /Game/Maps/UEDPIE_0_TutorialMap.TutorialMap (0.004366s)
[2017.04.18-19.36.29:619][967]LogInit: XAudio2 using 'Headphones (High Definition Audio Device)' : 2 channels at 44.1 kHz using 16 bits per sample (channel mask 0x3)
[2017.04.18-19.36.29:625][967]LogInit: FAudioDevice initialized.
[2017.04.18-19.36.29:654][967]LogLoad: Game class is 'PuzzleGameMode_C'
[2017.04.18-19.36.29:657][967]LogWorld: Bringing World /Game/Maps/UEDPIE_0_TutorialMap.TutorialMap up for play (max tick rate 0) at 2017.04.19-02.36.29
[2017.04.18-19.36.29:657][967]LogWorld: Bringing up level for play took: 0.003060
[2017.04.18-19.36.29:658][967]LogGameMode:Display: Match State Changed from EnteringMap to WaitingToStart
[2017.04.18-19.36.29:658][967]LogGameState: Match State Changed from EnteringMap to WaitingToStart
[2017.04.18-19.36.29:658][967]LogGameMode:Display: Match State Changed from WaitingToStart to InProgress
[2017.04.18-19.36.29:659][967]LogGameState: Match State Changed from WaitingToStart to InProgress
[2017.04.18-19.36.29:659][967]PIE: Info Play in editor start time for /Game/Maps/UEDPIE_0_TutorialMap -0.117
[2017.04.18-19.36.44:577][519]LogRenderer: Reallocating scene render targets to support 1208x900 NumSamples 1 (Frame:30716).
[2017.04.18-19.36.59:924][969]BlueprintLog: New page: Compile Laser
[2017.04.18-19.37.03:205][332]LogTemp: Repeting last play command: Selected Viewport
[2017.04.18-19.37.03:220][332]LogPlayLevel: PlayLevel: No blueprints needed recompiling
[2017.04.18-19.37.03:221][332]PIE: New page: PIE session: TutorialMap (Apr 19, 2017, 9:37:03 AM)
[2017.04.18-19.37.03:221][332]LogPlayLevel: Creating play world package: /Game/Maps/UEDPIE_0_TutorialMap
[2017.04.18-19.37.03:224][332]LogPlayLevel: PIE: StaticDuplicateObject took: (0.003504s)
[2017.04.18-19.37.03:225][332]LogAIModule: Creating AISystem for world TutorialMap
[2017.04.18-19.37.03:225][332]LogPlayLevel: PIE: World Init took: (0.000736s)
[2017.04.18-19.37.03:225][332]LogPlayLevel: PIE: Created PIE world by copying editor world from /Game/Maps/TutorialMap.TutorialMap to /Game/Maps/UEDPIE_0_TutorialMap.TutorialMap (0.004430s)
[2017.04.18-19.37.03:241][332]LogInit: XAudio2 using 'Headphones (High Definition Audio Device)' : 2 channels at 44.1 kHz using 16 bits per sample (channel mask 0x3)
[2017.04.18-19.37.03:246][332]LogInit: FAudioDevice initialized.
[2017.04.18-19.37.03:277][332]LogLoad: Game class is 'PuzzleGameMode_C'
[2017.04.18-19.37.03:281][332]LogWorld: Bringing World /Game/Maps/UEDPIE_0_TutorialMap.TutorialMap up for play (max tick rate 0) at 2017.04.19-02.37.03
[2017.04.18-19.37.03:282][332]LogWorld: Bringing up level for play took: 0.002687
[2017.04.18-19.37.03:282][332]LogGameMode:Display: Match State Changed from EnteringMap to WaitingToStart
[2017.04.18-19.37.03:282][332]LogGameState: Match State Changed from EnteringMap to WaitingToStart
[2017.04.18-19.37.03:282][332]LogGameMode:Display: Match State Changed from WaitingToStart to InProgress
[2017.04.18-19.37.03:283][332]LogGameState: Match State Changed from WaitingToStart to InProgress
[2017.04.18-19.37.03:283][332]PIE: Info Play in editor start time for /Game/Maps/UEDPIE_0_TutorialMap -0.493
[2017.04.18-19.37.16:313][873]LogTemp: Repeting last play command: Selected Viewport
[2017.04.18-19.37.16:329][873]LogPlayLevel: PlayLevel: No blueprints needed recompiling
[2017.04.18-19.37.16:329][873]PIE: New page: PIE session: TutorialMap (Apr 19, 2017, 9:37:16 AM)
[2017.04.18-19.37.16:329][873]LogPlayLevel: Creating play world package: /Game/Maps/UEDPIE_0_TutorialMap
[2017.04.18-19.37.16:332][873]LogPlayLevel: PIE: StaticDuplicateObject took: (0.003258s)
[2017.04.18-19.37.16:333][873]LogAIModule: Creating AISystem for world TutorialMap
[2017.04.18-19.37.16:333][873]LogPlayLevel: PIE: World Init took: (0.000736s)
[2017.04.18-19.37.16:333][873]LogPlayLevel: PIE: Created PIE world by copying editor world from /Game/Maps/TutorialMap.TutorialMap to /Game/Maps/UEDPIE_0_TutorialMap.TutorialMap (0.004287s)
[2017.04.18-19.37.16:358][873]LogInit: XAudio2 using 'Headphones (High Definition Audio Device)' : 2 channels at 44.1 kHz using 16 bits per sample (channel mask 0x3)
[2017.04.18-19.37.16:363][873]LogInit: FAudioDevice initialized.
[2017.04.18-19.37.16:396][873]LogLoad: Game class is 'PuzzleGameMode_C'
[2017.04.18-19.37.16:399][873]LogWorld: Bringing World /Game/Maps/UEDPIE_0_TutorialMap.TutorialMap up for play (max tick rate 0) at 2017.04.19-02.37.16
[2017.04.18-19.37.16:399][873]LogWorld: Bringing up level for play took: 0.002643
[2017.04.18-19.37.16:400][873]LogGameMode:Display: Match State Changed from EnteringMap to WaitingToStart
[2017.04.18-19.37.16:400][873]LogGameState: Match State Changed from EnteringMap to WaitingToStart
[2017.04.18-19.37.16:400][873]LogGameMode:Display: Match State Changed from WaitingToStart to InProgress
[2017.04.18-19.37.16:401][873]LogGameState: Match State Changed from WaitingToStart to InProgress
[2017.04.18-19.37.16:401][873]PIE: Info Play in editor start time for /Game/Maps/UEDPIE_0_TutorialMap 0.626
[2017.04.18-19.38.12:575][358]BlueprintLog: New page: Compile Laser
[2017.04.18-19.38.14:565][547]LogTemp: Repeting last play command: Selected Viewport
[2017.04.18-19.38.14:580][547]LogPlayLevel: PlayLevel: No blueprints needed recompiling
[2017.04.18-19.38.14:580][547]PIE: New page: PIE session: TutorialMap (Apr 19, 2017, 9:38:14 AM)
[2017.04.18-19.38.14:580][547]LogPlayLevel: Creating play world package: /Game/Maps/UEDPIE_0_TutorialMap
[2017.04.18-19.38.14:583][547]LogPlayLevel: PIE: StaticDuplicateObject took: (0.003135s)
[2017.04.18-19.38.14:584][547]LogAIModule: Creating AISystem for world TutorialMap
[2017.04.18-19.38.14:584][547]LogPlayLevel: PIE: World Init took: (0.000803s)
[2017.04.18-19.38.14:584][547]LogPlayLevel: PIE: Created PIE world by copying editor world from /Game/Maps/TutorialMap.TutorialMap to /Game/Maps/UEDPIE_0_TutorialMap.TutorialMap (0.004154s)
[2017.04.18-19.38.14:602][547]LogInit: XAudio2 using 'Headphones (High Definition Audio Device)' : 2 channels at 44.1 kHz using 16 bits per sample (channel mask 0x3)
[2017.04.18-19.38.14:607][547]LogInit: FAudioDevice initialized.
[2017.04.18-19.38.14:638][547]LogLoad: Game class is 'PuzzleGameMode_C'
[2017.04.18-19.38.14:641][547]LogWorld: Bringing World /Game/Maps/UEDPIE_0_TutorialMap.TutorialMap up for play (max tick rate 0) at 2017.04.19-02.38.14
[2017.04.18-19.38.14:642][547]LogWorld: Bringing up level for play took: 0.002765
[2017.04.18-19.38.14:642][547]LogGameMode:Display: Match State Changed from EnteringMap to WaitingToStart
[2017.04.18-19.38.14:642][547]LogGameState: Match State Changed from EnteringMap to WaitingToStart
[2017.04.18-19.38.14:642][547]LogGameMode:Display: Match State Changed from WaitingToStart to InProgress
[2017.04.18-19.38.14:643][547]LogGameState: Match State Changed from WaitingToStart to InProgress
[2017.04.18-19.38.14:643][547]PIE: Info Play in editor start time for /Game/Maps/UEDPIE_0_TutorialMap 0.867
[2017.04.18-19.43.26:027][440]Cmd: OBJ SAVEPACKAGE PACKAGE="/Game/Maps/TutorialMap" FILE="E:/Quantum/Saved/Autosaves/Game/Maps/TutorialMap_Auto1.umap" SILENT=true AUTOSAVING=true KEEPDIRTY=false
[2017.04.18-19.43.26:095][440]LogSavePackage: Save=50.45ms
[2017.04.18-19.43.26:095][440]LogSavePackage: Moving 'E:/Quantum/Saved/TutorialMap_Auto15F5D317E4C2276558737BCADE09843DE.tmp' to 'E:/Quantum/Saved/Autosaves/Game/Maps/TutorialMap_Auto1.umap'
[2017.04.18-19.43.26:096][440]LogSavePackage:Display: Finished SavePackage E:/Quantum/Saved/Autosaves/Game/Maps/TutorialMap_Auto1.umap
[2017.04.18-19.43.26:099][440]LogFileHelpers: Editor autosave (incl. sublevels) for '/Game/Maps/TutorialMap' took 0.088
[2017.04.18-19.43.26:099][440]LogFileHelpers: Editor autosave (incl. sublevels) for all levels took 0.088
[2017.04.18-19.43.26:100][440]OBJ SavePackage: Generating thumbnails for [1] asset(s) in package [/Game/Blueprint/Laser] ([1] browsable assets)...
[2017.04.18-19.43.26:112][440]OBJ SavePackage:     Rendered thumbnail for [Blueprint /Game/Blueprint/Laser.Laser]
[2017.04.18-19.43.26:112][440]OBJ SavePackage: Finished generating thumbnails for package [/Game/Blueprint/Laser]
[2017.04.18-19.43.26:112][440]Cmd: OBJ SAVEPACKAGE PACKAGE="/Game/Blueprint/Laser" FILE="E:/Quantum/Saved/Autosaves/Game/Blueprint/Laser_Auto1.uasset" SILENT=false AUTOSAVING=true
[2017.04.18-19.43.26:178][440]LogSavePackage: Save=48.80ms
[2017.04.18-19.43.26:178][440]LogSavePackage: Moving 'E:/Quantum/Saved/Laser_Auto1BF0E901643B07ACC6D7202A26459E665.tmp' to 'E:/Quantum/Saved/Autosaves/Game/Blueprint/Laser_Auto1.uasset'
[2017.04.18-19.43.26:178][440]LogSavePackage:Display: Finished SavePackage E:/Quantum/Saved/Autosaves/Game/Blueprint/Laser_Auto1.uasset
[2017.04.18-19.43.26:179][440]LogFileHelpers: Auto-saving content packages took 0.079
[2017.04.18-19.52.24:212][969]BlueprintLog: New page: Compile Laser
[2017.04.18-19.52.24:234][969]LogBlueprint:Error: [Compiler Laser] Error This blueprint (self) is not a ParticleSystemComponent, therefore ' Target ' must have a connection.
[2017.04.18-19.52.24:586][969]BlueprintEditorCompileResults:Error: Error This blueprint (self) is not a ParticleSystemComponent, therefore ' Target ' must have a connection.
[2017.04.18-19.52.24:587][969]LogBlueprint:Warning: [Compiler Laser] Warning [1582.30] Compile of Laser failed. 1 Fatal Issue(s) 0 Warning(s) [in 374 ms] (/Game/Blueprint/Laser.Laser)
[2017.04.18-19.52.37:190][982]BlueprintLog: New page: Compile Laser
[2017.04.18-19.52.40:839][288]LogTemp: Repeting last play command: Selected Viewport
[2017.04.18-19.52.40:857][288]LogPlayLevel: PlayLevel: No blueprints needed recompiling
[2017.04.18-19.52.40:857][288]PIE: New page: PIE session: TutorialMap (Apr 19, 2017, 9:52:40 AM)
[2017.04.18-19.52.40:857][288]LogPlayLevel: Creating play world package: /Game/Maps/UEDPIE_0_TutorialMap
[2017.04.18-19.52.40:860][288]LogPlayLevel: PIE: StaticDuplicateObject took: (0.003487s)
[2017.04.18-19.52.40:861][288]LogAIModule: Creating AISystem for world TutorialMap
[2017.04.18-19.52.40:861][288]LogPlayLevel: PIE: World Init took: (0.000873s)
[2017.04.18-19.52.40:861][288]LogPlayLevel: PIE: Created PIE world by copying editor world from /Game/Maps/TutorialMap.TutorialMap to /Game/Maps/UEDPIE_0_TutorialMap.TutorialMap (0.004539s)
[2017.04.18-19.52.40:881][288]LogInit: XAudio2 using 'Headphones (High Definition Audio Device)' : 2 channels at 44.1 kHz using 16 bits per sample (channel mask 0x3)
[2017.04.18-19.52.40:889][288]LogInit: FAudioDevice initialized.
[2017.04.18-19.52.40:922][288]LogLoad: Game class is 'PuzzleGameMode_C'
[2017.04.18-19.52.40:925][288]LogWorld: Bringing World /Game/Maps/UEDPIE_0_TutorialMap.TutorialMap up for play (max tick rate 0) at 2017.04.19-02.52.40
[2017.04.18-19.52.40:926][288]LogWorld: Bringing up level for play took: 0.002624
[2017.04.18-19.52.40:926][288]LogGameMode:Display: Match State Changed from EnteringMap to WaitingToStart
[2017.04.18-19.52.40:926][288]LogGameState: Match State Changed from EnteringMap to WaitingToStart
[2017.04.18-19.52.40:926][288]LogGameMode:Display: Match State Changed from WaitingToStart to InProgress
[2017.04.18-19.52.40:927][288]LogGameState: Match State Changed from WaitingToStart to InProgress
[2017.04.18-19.52.40:927][288]PIE: Info Play in editor start time for /Game/Maps/UEDPIE_0_TutorialMap -0.848
[2017.04.18-19.53.02:868][358]Cmd: OBJ SAVEPACKAGE PACKAGE="/Game/Blueprint/Laser" FILE="E:/Quantum/Content/Blueprint/Laser.uasset" SILENT=true
[2017.04.18-19.53.02:930][358]LogSavePackage: Save=45.90ms
[2017.04.18-19.53.02:930][358]LogSavePackage: Moving 'E:/Quantum/Saved/LaserB022E01C4FFE5897629A67A2488CE550.tmp' to 'E:/Quantum/Content/Blueprint/Laser.uasset'
[2017.04.18-19.53.02:934][358]LogSavePackage:Display: Finished SavePackage E:/Quantum/Content/Blueprint/Laser.uasset
[2017.04.18-19.53.07:247][812]Cmd: OBJ SAVEPACKAGE PACKAGE="/Game/Maps/TutorialMap" FILE="E:/Quantum/Content/Maps/TutorialMap.umap" SILENT=true AUTOSAVING=false KEEPDIRTY=false
[2017.04.18-19.53.07:331][812]LogSavePackage: Save=49.68ms
[2017.04.18-19.53.07:331][812]LogSavePackage: Moving 'E:/Quantum/Saved/TutorialMap7C36786E4F7CCFFD5469C3B312C8FDD2.tmp' to 'E:/Quantum/Content/Maps/TutorialMap.umap'
[2017.04.18-19.53.07:334][812]LogSavePackage:Display: Finished SavePackage E:/Quantum/Content/Maps/TutorialMap.umap
[2017.04.18-19.53.07:373][812]Cmd: OBJ SAVEPACKAGE PACKAGE="/Game/Maps/TutorialMap_BuiltData" FILE="E:/Quantum/Content/Maps/TutorialMap_BuiltData.uasset" SILENT=true
[2017.04.18-19.53.07:419][812]LogSavePackage: Save=27.56ms
[2017.04.18-19.53.07:419][812]LogSavePackage: Moving 'E:/Quantum/Saved/TutorialMap_BuiltData66A8750A4C116A6DA92D6F8468B61EF6.tmp' to 'E:/Quantum/Content/Maps/TutorialMap_BuiltData.uasset'
[2017.04.18-19.53.07:419][812]LogSavePackage:Display: Finished SavePackage E:/Quantum/Content/Maps/TutorialMap_BuiltData.uasset
[2017.04.18-19.53.10:802][176]LogWindowsTextInputMethodSystem:Display: IME system now deactivated.
[2017.04.18-19.53.10:989][177]Cmd: QUIT_EDITOR
[2017.04.18-19.53.11:199][177]LogExit: Preparing to exit.
[2017.04.18-19.53.12:477][177]LogExit: Editor shut down
[2017.04.18-19.53.12:477][177]LogExit: Transaction tracking system shut down
[2017.04.18-19.53.12:576][177]LogObj: Freed 0b from 0 cluster array pools.
[2017.04.18-19.53.12:576][177]LogExit: Object subsystem successfully closed.
[2017.04.18-19.53.12:605][177]LogD3D11RHI: Shutdown
[2017.04.18-19.53.12:605][177]LogD3D11RHI: CleanupD3DDevice
[2017.04.18-19.53.12:692][177]LogD3D11RHI: ~FD3D11DynamicRHI
[2017.04.18-19.53.12:703][177]LogModuleManager: Shutting down and abandoning module MovieSceneCapture (504)
[2017.04.18-19.53.12:703][177]LogModuleManager: Shutting down and abandoning module BlueprintGraph (502)
[2017.04.18-19.53.12:703][177]LogModuleManager: Shutting down and abandoning module BlueprintProfiler (500)
[2017.04.18-19.53.12:703][177]LogModuleManager: Shutting down and abandoning module HierarchicalLODOutliner (498)
[2017.04.18-19.53.12:703][177]LogModuleManager: Shutting down and abandoning module CrashTracker (496)
[2017.04.18-19.53.12:703][177]LogModuleManager: Shutting down and abandoning module SceneOutliner (494)
[2017.04.18-19.53.12:703][177]LogModuleManager: Shutting down and abandoning module AddContentDialog (492)
[2017.04.18-19.53.12:703][177]LogDirectoryWatcher: A directory notification for 'C:/Program Files/Epic Games/UE_4.15/FeaturePacks/' was aborted.
[2017.04.18-19.53.12:704][177]LogModuleManager: Shutting down and abandoning module WidgetCarousel (491)
[2017.04.18-19.53.12:704][177]LogModuleManager: Shutting down and abandoning module EditorWidgets (488)
[2017.04.18-19.53.12:704][177]LogModuleManager: Shutting down and abandoning module CollectionManager (486)
[2017.04.18-19.53.12:704][177]LogDirectoryWatcher: A directory notification for 'E:/Quantum/Content/Collections/' was aborted.
[2017.04.18-19.53.12:704][177]LogDirectoryWatcher: A directory notification for 'E:/Quantum/Content/Developers/Proto/Collections/' was aborted.
[2017.04.18-19.53.12:704][177]LogDirectoryWatcher: A directory notification for 'E:/Quantum/Saved/Collections/' was aborted.
[2017.04.18-19.53.12:704][177]LogModuleManager: Shutting down and abandoning module StatsViewer (484)
[2017.04.18-19.53.12:704][177]LogModuleManager: Shutting down and abandoning module FoliageEdit (482)
[2017.04.18-19.53.12:704][177]LogModuleManager: Shutting down and abandoning module LandscapeEditor (480)
[2017.04.18-19.53.12:704][177]LogModuleManager: Shutting down and abandoning module SceneDepthPickerMode (478)
[2017.04.18-19.53.12:704][177]LogModuleManager: Shutting down and abandoning module ActorPickerMode (476)
[2017.04.18-19.53.12:704][177]LogModuleManager: Shutting down and abandoning module GeometryMode (474)
[2017.04.18-19.53.12:704][177]LogModuleManager: Shutting down and abandoning module TextureAlignMode (472)
[2017.04.18-19.53.12:704][177]LogModuleManager: Shutting down and abandoning module BspMode (470)
[2017.04.18-19.53.12:704][177]LogModuleManager: Shutting down and abandoning module HardwareSurvey (468)
[2017.04.18-19.53.12:704][177]LogModuleManager: Shutting down and abandoning module SequenceRecorderSections (466)
[2017.04.18-19.53.12:704][177]LogModuleManager: Shutting down and abandoning module AutomationWorker (464)
[2017.04.18-19.53.12:704][177]LogModuleManager: Shutting down and abandoning module MatineeToLevelSequence (462)
[2017.04.18-19.53.12:704][177]LogModuleManager: Shutting down and abandoning module LevelSequenceEditor (460)
[2017.04.18-19.53.12:704][177]LogModuleManager: Shutting down and abandoning module PlacementMode (459)
[2017.04.18-19.53.12:704][177]LogModuleManager: Shutting down and abandoning module WmfMediaFactory (456)
[2017.04.18-19.53.12:704][177]LogModuleManager: Shutting down and abandoning module WmfMediaEditor (454)
[2017.04.18-19.53.12:704][177]LogModuleManager: Shutting down and abandoning module MfMediaFactory (452)
[2017.04.18-19.53.12:704][177]LogModuleManager: Shutting down and abandoning module MfMediaEditor (450)
[2017.04.18-19.53.12:704][177]LogModuleManager: Shutting down and abandoning module AvfMediaFactory (448)
[2017.04.18-19.53.12:704][177]LogModuleManager: Shutting down and abandoning module AvfMediaEditor (446)
[2017.04.18-19.53.12:704][177]LogModuleManager: Shutting down and abandoning module AndroidMediaFactory (444)
[2017.04.18-19.53.12:704][177]LogModuleManager: Shutting down and abandoning module Media (443)
[2017.04.18-19.53.12:704][177]LogModuleManager: Shutting down and abandoning module AndroidMediaEditor (440)
[2017.04.18-19.53.12:704][177]LogModuleManager: Shutting down and abandoning module CharacterAI (438)
[2017.04.18-19.53.12:704][177]LogModuleManager: Shutting down and abandoning module AudioCapture (436)
[2017.04.18-19.53.12:704][177]LogModuleManager: Shutting down and abandoning module SequenceRecorder (435)
[2017.04.18-19.53.12:704][177]LogModuleManager: Shutting down and abandoning module SmartSnapping (432)
[2017.04.18-19.53.12:704][177]LogModuleManager: Shutting down and abandoning module SessionServices (430)
[2017.04.18-19.53.12:704][177]LogModuleManager: Shutting down and abandoning module ViewportSnapping (428)
[2017.04.18-19.53.12:704][177]LogModuleManager: Shutting down and abandoning module ViewportInteraction (426)
[2017.04.18-19.53.12:704][177]LogModuleManager: Shutting down and abandoning module LogVisualizer (424)
[2017.04.18-19.53.12:704][177]LogModuleManager: Shutting down and abandoning module IntroTutorials (422)
[2017.04.18-19.53.12:704][177]LogModuleManager: Shutting down and abandoning module GameProjectGeneration (421)
[2017.04.18-19.53.12:704][177]LogModuleManager: Shutting down and abandoning module EditorLiveStreaming (418)
[2017.04.18-19.53.12:705][177]LogModuleManager: Shutting down and abandoning module IOSPlatformEditor (416)
[2017.04.18-19.53.12:705][177]LogModuleManager: Shutting down and abandoning module HTML5PlatformEditor (414)
[2017.04.18-19.53.12:705][177]LogModuleManager: Shutting down and abandoning module AndroidPlatformEditor (412)
[2017.04.18-19.53.12:705][177]LogModuleManager: Shutting down and abandoning module AndroidDeviceDetection (411)
[2017.04.18-19.53.13:178][177]LogModuleManager: Shutting down and abandoning module IOSRuntimeSettings (408)
[2017.04.18-19.53.13:178][177]LogModuleManager: Shutting down and abandoning module AndroidRuntimeSettings (406)
[2017.04.18-19.53.13:178][177]LogModuleManager: Shutting down and abandoning module InputBindingEditor (404)
[2017.04.18-19.53.13:178][177]LogModuleManager: Shutting down and abandoning module NiagaraEditor (402)
[2017.04.18-19.53.13:178][177]LogModuleManager: Shutting down and abandoning module MergeActors (400)
[2017.04.18-19.53.13:178][177]LogModuleManager: Shutting down and abandoning module SizeMap (398)
[2017.04.18-19.53.13:178][177]LogModuleManager: Shutting down and abandoning module TreeMap (396)
[2017.04.18-19.53.13:178][177]LogModuleManager: Shutting down and abandoning module ReferenceViewer (394)
[2017.04.18-19.53.13:178][177]LogModuleManager: Shutting down and abandoning module LocalizationDashboard (392)
[2017.04.18-19.53.13:178][177]LogModuleManager: Shutting down and abandoning module LocalizationService (391)
[2017.04.18-19.53.13:178][177]LogModuleManager: Shutting down and abandoning module HardwareTargeting (388)
[2017.04.18-19.53.13:178][177]LogModuleManager: Shutting down and abandoning module DeviceProfileEditor (386)
[2017.04.18-19.53.13:178][177]LogModuleManager: Shutting down and abandoning module UndoHistory (384)
[2017.04.18-19.53.13:178][177]LogModuleManager: Shutting down and abandoning module UserFeedback (382)
[2017.04.18-19.53.13:178][177]LogModuleManager: Shutting down and abandoning module XmlParser (380)
[2017.04.18-19.53.13:178][177]LogModuleManager: Shutting down and abandoning module Blutility (378)
[2017.04.18-19.53.13:178][177]LogModuleManager: Shutting down and abandoning module ProjectSettingsViewer (376)
[2017.04.18-19.53.13:178][177]LogModuleManager: Shutting down and abandoning module ProjectTargetPlatformEditor (375)
[2017.04.18-19.53.13:178][177]LogModuleManager: Shutting down and abandoning module EditorSettingsViewer (372)
[2017.04.18-19.53.13:178][177]LogModuleManager: Shutting down and abandoning module SettingsEditor (370)
[2017.04.18-19.53.13:178][177]LogModuleManager: Shutting down and abandoning module ProjectLauncher (368)
[2017.04.18-19.53.13:178][177]LogModuleManager: Shutting down and abandoning module SessionFrontend (366)
[2017.04.18-19.53.13:178][177]LogModuleManager: Shutting down and abandoning module ProfilerClient (364)
[2017.04.18-19.53.13:178][177]LogModuleManager: Shutting down and abandoning module DeviceManager (362)
[2017.04.18-19.53.13:178][177]LogModuleManager: Shutting down and abandoning module TargetDeviceServices (361)
[2017.04.18-19.53.13:221][177]LogModuleManager: Shutting down and abandoning module AutomationController (358)
[2017.04.18-19.53.13:221][177]LogModuleManager: Shutting down and abandoning module AutomationWindow (356)
[2017.04.18-19.53.13:221][177]LogModuleManager: Shutting down and abandoning module Layers (354)
[2017.04.18-19.53.13:221][177]LogModuleManager: Shutting down and abandoning module ComponentVisualizers (352)
[2017.04.18-19.53.13:221][177]LogModuleManager: Shutting down and abandoning module DetailCustomizations (350)
[2017.04.18-19.53.13:221][177]LogModuleManager: Shutting down and abandoning module PackagesDialog (348)
[2017.04.18-19.53.13:221][177]LogModuleManager: Shutting down and abandoning module Persona (346)
[2017.04.18-19.53.13:221][177]LogModuleManager: Shutting down and abandoning module AnimGraph (345)
[2017.04.18-19.53.13:221][177]LogModuleManager: Shutting down and abandoning module Kismet (342)
[2017.04.18-19.53.13:227][177]LogModuleManager: Shutting down and abandoning module GraphEditor (340)
[2017.04.18-19.53.13:227][177]LogModuleManager: Shutting down and abandoning module ClassViewer (338)
[2017.04.18-19.53.13:227][177]LogModuleManager: Shutting down and abandoning module Toolbox (336)
[2017.04.18-19.53.13:227][177]LogModuleManager: Shutting down and abandoning module ModuleUI (334)
[2017.04.18-19.53.13:227][177]LogModuleManager: Shutting down and abandoning module MovieSceneTools (332)
[2017.04.18-19.53.13:227][177]LogModuleManager: Shutting down and abandoning module OutputLog (330)
[2017.04.18-19.53.13:227][177]LogModuleManager: Shutting down and abandoning module GammaUI (328)
[2017.04.18-19.53.13:227][177]LogModuleManager: Shutting down and abandoning module Documentation (326)
[2017.04.18-19.53.13:227][177]LogModuleManager: Shutting down and abandoning module Niagara (324)
[2017.04.18-19.53.13:227][177]LogModuleManager: Shutting down and abandoning module StreamingPauseRendering (322)
[2017.04.18-19.53.13:227][177]LogModuleManager: Shutting down and abandoning module AnalyticsET (320)
[2017.04.18-19.53.13:227][177]LogModuleManager: Shutting down and abandoning module PortalServices (318)
[2017.04.18-19.53.13:227][177]LogModuleManager: Shutting down and abandoning module PortalRpc (316)
[2017.04.18-19.53.13:227][177]LogModuleManager: Shutting down and abandoning module MessagingRpc (314)
[2017.04.18-19.53.13:227][177]LogModuleManager: Shutting down and abandoning module AIModule (312)
[2017.04.18-19.53.13:227][177]LogModuleManager: Shutting down and abandoning module GameplayDebugger (311)
[2017.04.18-19.53.13:227][177]LogModuleManager: Shutting down and abandoning module AITestSuite (309)
[2017.04.18-19.53.13:227][177]LogModuleManager: Shutting down and abandoning module ProfilerService (306)
[2017.04.18-19.53.13:285][177]LogModuleManager: Shutting down and abandoning module TaskGraph (304)
[2017.04.18-19.53.13:285][177]LogModuleManager: Shutting down and abandoning module SteamVRController (302)
[2017.04.18-19.53.13:285][177]LogModuleManager: Shutting down and abandoning module SteamVR (300)
[2017.04.18-19.53.13:285][177]LogModuleManager: Shutting down and abandoning module ProceduralMeshComponentEditor (298)
[2017.04.18-19.53.13:286][177]LogModuleManager: Shutting down and abandoning module ProceduralMeshComponent (296)
[2017.04.18-19.53.13:286][177]LogModuleManager: Shutting down and abandoning module OculusLibrary (294)
[2017.04.18-19.53.13:286][177]LogModuleManager: Shutting down and abandoning module OculusInput (292)
[2017.04.18-19.53.13:286][177]LogModuleManager: Shutting down and abandoning module MobilePatchingUtils (290)
[2017.04.18-19.53.13:286][177]LogModuleManager: Shutting down and abandoning module CustomMeshComponent (288)
[2017.04.18-19.53.13:286][177]LogModuleManager: Shutting down and abandoning module CableComponent (286)
[2017.04.18-19.53.13:286][177]LogModuleManager: Shutting down and abandoning module ArchVisCharacter (284)
[2017.04.18-19.53.13:286][177]LogModuleManager: Shutting down and abandoning module MediaPlayerEditor (280)
[2017.04.18-19.53.13:286][177]LogModuleManager: Shutting down and abandoning module HTML5Networking (278)
[2017.04.18-19.53.13:286][177]LogModuleManager: Shutting down and abandoning module AlembicImporter (276)
[2017.04.18-19.53.13:286][177]LogModuleManager: Shutting down and abandoning module AlembicLibrary (275)
[2017.04.18-19.53.13:286][177]LogModuleManager: Shutting down and abandoning module GeometryCache (274)
[2017.04.18-19.53.13:286][177]LogModuleManager: Shutting down and abandoning module GeometryCacheEd (273)
[2017.04.18-19.53.13:286][177]LogModuleManager: Shutting down and abandoning module SuperSearchEditor (268)
[2017.04.18-19.53.13:286][177]LogModuleManager: Shutting down and abandoning module SuperSearch (267)
[2017.04.18-19.53.13:286][177]LogModuleManager: Shutting down and abandoning module SpeedTreeImporter (264)
[2017.04.18-19.53.13:286][177]LogModuleManager: Shutting down and abandoning module PluginBrowser (262)
[2017.04.18-19.53.13:286][177]LogModuleManager: Shutting down and abandoning module MobileLauncherProfileWizard (260)
[2017.04.18-19.53.13:286][177]LogModuleManager: Shutting down and abandoning module EpicSurvey (258)
[2017.04.18-19.53.13:286][177]LogModuleManager: Shutting down and abandoning module VisualStudioSourceCodeAccess (256)
[2017.04.18-19.53.13:286][177]LogModuleManager: Shutting down and abandoning module DesktopPlatform (255)
[2017.04.18-19.53.13:286][177]LogModuleManager: Shutting down and abandoning module UObjectPlugin (252)
[2017.04.18-19.53.13:286][177]LogModuleManager: Shutting down and abandoning module SubversionSourceControl (250)
[2017.04.18-19.53.13:286][177]LogModuleManager: Shutting down and abandoning module PerforceSourceControl (248)
[2017.04.18-19.53.13:286][177]LogModuleManager: Shutting down and abandoning module GitSourceControl (246)
[2017.04.18-19.53.13:286][177]LogModuleManager: Shutting down and abandoning module SourceControl (245)
[2017.04.18-19.53.13:286][177]LogModuleManager: Shutting down and abandoning module LightPropagationVolumeEditor (242)
[2017.04.18-19.53.13:286][177]LogModuleManager: Shutting down and abandoning module PaperTiledImporter (240)
[2017.04.18-19.53.13:286][177]LogModuleManager: Shutting down and abandoning module PaperSpriteSheetImporter (238)
[2017.04.18-19.53.13:286][177]LogModuleManager: Shutting down and abandoning module Paper2DEditor (236)
[2017.04.18-19.53.13:286][177]LogModuleManager: Shutting down and abandoning module MeshPaint (235)
[2017.04.18-19.53.13:286][177]LogModuleManager: Shutting down and abandoning module LevelEditor (233)
[2017.04.18-19.53.13:286][177]LogModuleManager: Shutting down and abandoning module PixelInspectorModule (232)
[2017.04.18-19.53.13:286][177]LogModuleManager: Shutting down and abandoning module MainFrame (230)
[2017.04.18-19.53.13:286][177]LogModuleManager: Shutting down and abandoning module HotReload (229)
[2017.04.18-19.53.13:287][177]LogModuleManager: Shutting down and abandoning module ContentBrowser (225)
[2017.04.18-19.53.13:288][177]LogModuleManager: Shutting down and abandoning module PhysXVehiclesEditor (222)
[2017.04.18-19.53.13:288][177]LogModuleManager: Shutting down and abandoning module PhysXVehicles (220)
[2017.04.18-19.53.13:288][177]LogModuleManager: Shutting down and abandoning module LocationServicesBPLibrary (218)
[2017.04.18-19.53.13:288][177]LogModuleManager: Shutting down and abandoning module UdpMessaging (216)
[2017.04.18-19.53.13:388][177]LogModuleManager: Shutting down and abandoning module TcpMessaging (214)
[2017.04.18-19.53.13:489][177]LogModuleManager: Shutting down and abandoning module GameplayTagsEditor (212)
[2017.04.18-19.53.13:489][177]LogModuleManager: Shutting down and abandoning module FacialAnimationEditor (210)
[2017.04.18-19.53.13:489][177]LogModuleManager: Shutting down and abandoning module FacialAnimation (208)
[2017.04.18-19.53.13:489][177]LogModuleManager: Shutting down and abandoning module LightPropagationVolumeRuntime (206)
[2017.04.18-19.53.13:489][177]LogModuleManager: Shutting down and abandoning module Paper2D (204)
[2017.04.18-19.53.13:489][177]LogModuleManager: Shutting down and abandoning module WindowsMoviePlayer (202)
[2017.04.18-19.53.13:489][177]LogModuleManager: Shutting down and abandoning module WmfMedia (200)
[2017.04.18-19.53.13:489][177]LogModuleManager: Shutting down and abandoning module MfMedia (198)
[2017.04.18-19.53.13:489][177]LogModuleManager: Shutting down and abandoning module MediaAssets (196)
[2017.04.18-19.53.13:489][177]LogModuleManager: Shutting down and abandoning module GameLiveStreaming (194)
[2017.04.18-19.53.13:489][177]LogModuleManager: Shutting down and abandoning module VREditor (192)
[2017.04.18-19.53.13:489][177]LogModuleManager: Shutting down and abandoning module GameplayTasksEditor (190)
[2017.04.18-19.53.13:489][177]LogModuleManager: Shutting down and abandoning module BehaviorTreeEditor (188)
[2017.04.18-19.53.13:489][177]LogModuleManager: Shutting down and abandoning module FunctionalTesting (186)
[2017.04.18-19.53.13:489][177]LogModuleManager: Shutting down and abandoning module CollisionAnalyzer (184)
[2017.04.18-19.53.13:489][177]LogModuleManager: Shutting down and abandoning module UMG (182)
[2017.04.18-19.53.13:489][177]LogModuleManager: Shutting down and abandoning module UMGEditor (181)
[2017.04.18-19.53.13:489][177]LogModuleManager: Shutting down and abandoning module Sequencer (180)
[2017.04.18-19.53.13:489][177]LogModuleManager: Shutting down and abandoning module AssetTools (178)
[2017.04.18-19.53.13:489][177]LogModuleManager: Shutting down and abandoning module MessageLog (177)
[2017.04.18-19.53.13:489][177]LogModuleManager: Shutting down and abandoning module WorkspaceMenuStructure (176)
[2017.04.18-19.53.13:489][177]LogModuleManager: Shutting down and abandoning module SlateReflector (170)
[2017.04.18-19.53.13:489][177]LogModuleManager: Shutting down and abandoning module Slate (168)
[2017.04.18-19.53.13:489][177]LogModuleManager: Shutting down and abandoning module EditorStyle (166)
[2017.04.18-19.53.13:491][177]LogModuleManager: Shutting down and abandoning module SourceCodeAccess (164)
[2017.04.18-19.53.13:491][177]LogModuleManager: Shutting down and abandoning module HeadMountedDisplay (162)
[2017.04.18-19.53.13:491][177]LogModuleManager: Shutting down and abandoning module XAudio2 (160)
[2017.04.18-19.53.13:491][177]LogModuleManager: Shutting down and abandoning module Networking (158)
[2017.04.18-19.53.13:491][177]LogModuleManager: Shutting down and abandoning module Core (154)
[2017.04.18-19.53.13:491][177]LogModuleManager: Shutting down and abandoning module AssetRegistry (152)
[2017.04.18-19.53.13:569][177]LogDirectoryWatcher: A directory notification for '../../../Engine/Content/' was aborted.
[2017.04.18-19.53.13:569][177]LogDirectoryWatcher: A directory notification for 'E:/Quantum/Content/' was aborted.
[2017.04.18-19.53.13:569][177]LogDirectoryWatcher: A directory notification for '../../../Engine/Plugins/2D/Paper2D/Content/' was aborted.
[2017.04.18-19.53.13:569][177]LogModuleManager: Shutting down and abandoning module DirectoryWatcher (151)
[2017.04.18-19.53.13:570][177]LogModuleManager: Shutting down and abandoning module KismetCompiler (148)
[2017.04.18-19.53.13:570][177]LogModuleManager: Shutting down and abandoning module PhysXFormats (146)
[2017.04.18-19.53.13:570][177]LogModuleManager: Shutting down and abandoning module MeshUtilities (144)
[2017.04.18-19.53.13:570][177]LogModuleManager: Shutting down and abandoning module SimplygonSwarm (143)
[2017.04.18-19.53.13:570][177]LogModuleManager: Shutting down and abandoning module SimplygonMeshReduction (141)
[2017.04.18-19.53.13:570][177]LogModuleManager: Shutting down and abandoning module QuadricMeshReduction (139)
[2017.04.18-19.53.13:570][177]LogModuleManager: Shutting down and abandoning module PropertyEditor (137)
[2017.04.18-19.53.13:570][177]LogModuleManager: Shutting down and abandoning module DerivedDataCache (134)
[2017.04.18-19.53.13:637][177]LogDerivedDataCache: Shutdown
[2017.04.18-19.53.13:637][177]LogModuleManager: Shutting down and abandoning module TargetPlatform (132)
[2017.04.18-19.53.13:638][177]LogModuleManager: Shutting down and abandoning module VulkanShaderFormat (131)
[2017.04.18-19.53.13:638][177]LogModuleManager: Shutting down and abandoning module ShaderFormatOpenGL (129)
[2017.04.18-19.53.13:638][177]LogModuleManager: Shutting down and abandoning module ShaderFormatD3D (127)
[2017.04.18-19.53.13:638][177]LogModuleManager: Shutting down and abandoning module MetalShaderFormat (125)
[2017.04.18-19.53.13:638][177]LogModuleManager: Shutting down and abandoning module TextureFormatUncompressed (123)
[2017.04.18-19.53.13:638][177]LogModuleManager: Shutting down and abandoning module TextureFormatPVR (121)
[2017.04.18-19.53.13:638][177]LogModuleManager: Shutting down and abandoning module TextureFormatDXT (119)
[2017.04.18-19.53.13:638][177]LogModuleManager: Shutting down and abandoning module TextureFormatIntelISPCTexComp (117)
[2017.04.18-19.53.13:638][177]LogModuleManager: Shutting down and abandoning module TextureFormatASTC (115)
[2017.04.18-19.53.13:638][177]LogModuleManager: Shutting down and abandoning module ImageWrapper (114)
[2017.04.18-19.53.13:638][177]LogModuleManager: Shutting down and abandoning module TextureFormatAndroid (111)
[2017.04.18-19.53.13:638][177]LogModuleManager: Shutting down and abandoning module AudioFormatOpus (109)
[2017.04.18-19.53.13:638][177]LogModuleManager: Shutting down and abandoning module AudioFormatOgg (107)
[2017.04.18-19.53.13:638][177]LogModuleManager: Shutting down and abandoning module AudioFormatADPCM (105)
[2017.04.18-19.53.13:638][177]LogModuleManager: Shutting down and abandoning module LinuxTargetPlatform (103)
[2017.04.18-19.53.13:638][177]LogModuleManager: Shutting down and abandoning module LinuxServerTargetPlatform (101)
[2017.04.18-19.53.13:638][177]LogModuleManager: Shutting down and abandoning module LinuxNoEditorTargetPlatform (99)
[2017.04.18-19.53.13:638][177]LogModuleManager: Shutting down and abandoning module LinuxClientTargetPlatform (97)
[2017.04.18-19.53.13:638][177]LogModuleManager: Shutting down and abandoning module TVOSTargetPlatform (95)
[2017.04.18-19.53.13:638][177]LogModuleManager: Shutting down and abandoning module Messaging (93)
[2017.04.18-19.53.13:638][177]LogModuleManager: Shutting down and abandoning module IOSTargetPlatform (91)
[2017.04.18-19.53.13:638][177]LogModuleManager: Shutting down and abandoning module HTML5TargetPlatform (89)
[2017.04.18-19.53.13:638][177]LogModuleManager: Shutting down and abandoning module Android_PVRTCTargetPlatform (87)
[2017.04.18-19.53.13:638][177]LogModuleManager: Shutting down and abandoning module Android_MultiTargetPlatform (85)
[2017.04.18-19.53.13:638][177]LogModuleManager: Shutting down and abandoning module Android_ETC2TargetPlatform (83)
[2017.04.18-19.53.13:638][177]LogModuleManager: Shutting down and abandoning module Android_ETC1TargetPlatform (81)
[2017.04.18-19.53.13:638][177]LogModuleManager: Shutting down and abandoning module Android_DXTTargetPlatform (79)
[2017.04.18-19.53.13:638][177]LogModuleManager: Shutting down and abandoning module Android_ATCTargetPlatform (77)
[2017.04.18-19.53.13:638][177]LogModuleManager: Shutting down and abandoning module Android_ASTCTargetPlatform (75)
[2017.04.18-19.53.13:638][177]LogModuleManager: Shutting down and abandoning module AndroidTargetPlatform (73)
[2017.04.18-19.53.13:638][177]LogModuleManager: Shutting down and abandoning module WindowsTargetPlatform (71)
[2017.04.18-19.53.13:638][177]LogModuleManager: Shutting down and abandoning module WindowsServerTargetPlatform (69)
[2017.04.18-19.53.13:638][177]LogModuleManager: Shutting down and abandoning module WindowsNoEditorTargetPlatform (67)
[2017.04.18-19.53.13:638][177]LogModuleManager: Shutting down and abandoning module WindowsClientTargetPlatform (65)
[2017.04.18-19.53.13:638][177]LogModuleManager: Shutting down and abandoning module MacTargetPlatform (63)
[2017.04.18-19.53.13:638][177]LogModuleManager: Shutting down and abandoning module MacServerTargetPlatform (61)
[2017.04.18-19.53.13:638][177]LogModuleManager: Shutting down and abandoning module MacNoEditorTargetPlatform (59)
[2017.04.18-19.53.13:638][177]LogModuleManager: Shutting down and abandoning module MacClientTargetPlatform (57)
[2017.04.18-19.53.13:638][177]LogModuleManager: Shutting down and abandoning module AllDesktopTargetPlatform (55)
[2017.04.18-19.53.13:638][177]LogModuleManager: Shutting down and abandoning module InputCore (52)
[2017.04.18-19.53.13:638][177]LogModuleManager: Shutting down and abandoning module Settings (50)
[2017.04.18-19.53.13:638][177]LogModuleManager: Shutting down and abandoning module OculusRift (48)
[2017.04.18-19.53.13:638][177]LogModuleManager: Shutting down and abandoning module GearVR (46)
[2017.04.18-19.53.13:638][177]LogModuleManager: Shutting down and abandoning module ExampleDeviceProfileSelector (44)
[2017.04.18-19.53.13:638][177]LogModuleManager: Shutting down and abandoning module OnlineBlueprintSupport (42)
[2017.04.18-19.53.13:638][177]LogModuleManager: Shutting down and abandoning module OnlineSubsystem (38)
[2017.04.18-19.53.13:638][177]LogOnline:Display: Unloading online subsystem: NULL
[2017.04.18-19.53.13:638][177]LogModuleManager: Shutting down and abandoning module XMPP (37)
[2017.04.18-19.53.13:638][177]LogModuleManager: Shutting down and abandoning module HTTP (35)
[2017.04.18-19.53.13:638][177]LogHttp:Display: Http module shutting down, but needs to wait on 1 outstanding Http requests:
[2017.04.18-19.53.13:638][177]LogHttp:Display: 	verb=[POST] url=[https://datarouter.ol.epicgames.com/datarouter/api/v1/public/data?SessionID=%7BF0BF0FAE-4A35-46CC-ED17-4B80E092A596%7D&AppID=UEEditor.Rocket.Release&AppVersion=4.15.1-3348071%2B%2B%2BUE4%2BRelease-4.15&UserID=a61171e044b9a12f75c700b5761068bd%7Cb51ba83205af482cbc94873afb168383%7Cc7de8c65-944b-4d52-96be-f5614652c6bc&AppEnvironment=datacollector-binary&UploadType=eteventstream] status=Processing
[2017.04.18-19.53.13:660][177]LogModuleManager: Shutting down and abandoning module SSL (34)
[2017.04.18-19.53.13:661][177]LogModuleManager: Shutting down and abandoning module AudioEditor (30)
[2017.04.18-19.53.13:661][177]LogModuleManager: Shutting down and abandoning module TextureCompressor (28)
[2017.04.18-19.53.13:661][177]LogModuleManager: Shutting down and abandoning module ShaderCore (26)
[2017.04.18-19.53.13:661][177]LogModuleManager: Shutting down and abandoning module Landscape (24)
[2017.04.18-19.53.13:661][177]LogModuleManager: Shutting down and abandoning module SlateRHIRenderer (22)
[2017.04.18-19.53.13:664][177]LogModuleManager: Shutting down and abandoning module OpenGLDrv (20)
[2017.04.18-19.53.13:664][177]LogModuleManager: Shutting down and abandoning module D3D11RHI (18)
[2017.04.18-19.53.13:664][177]LogModuleManager: Shutting down and abandoning module AnimGraphRuntime (16)
[2017.04.18-19.53.13:664][177]LogModuleManager: Shutting down and abandoning module Renderer (14)
[2017.04.18-19.53.13:664][177]LogModuleManager: Shutting down and abandoning module Engine (12)
[2017.04.18-19.53.13:664][177]LogModuleManager: Shutting down and abandoning module CoreUObject (10)
[2017.04.18-19.53.13:664][177]LogModuleManager: Shutting down and abandoning module NetworkFile (8)
[2017.04.18-19.53.13:664][177]LogModuleManager: Shutting down and abandoning module StreamingFile (6)
[2017.04.18-19.53.13:664][177]LogModuleManager: Shutting down and abandoning module SandboxFile (4)
[2017.04.18-19.53.13:664][177]LogModuleManager: Shutting down and abandoning module PakFile (2)
[2017.04.18-19.53.13:667][177]LogExit: Exiting.
[2017.04.18-19.53.13:668][177]Log file closed, 04/19/17 02:53:13
