Log file open, 03/22/17 01:58:57
LogInit:Display: Running engine for game: Quantum
LogPlatformFile: Not using cached read wrapper
LogInit:Display: RandInit(1660129331) SRandInit(1660129331).
LogTaskGraph: Started task graph with 5 named threads and 8 total threads with 1 sets of task threads.
LogStats: Stats thread started at 0.600450
LogInit: Using libcurl 7.47.1
LogInit:  - built for x86_64-pc-win32
LogInit:  - supports SSL with OpenSSL/1.0.2g
LogInit:  - supports HTTP deflate (compression) using libz 1.2.8
LogInit:  - other features:
LogInit:      CURL_VERSION_SSL
LogInit:      CURL_VERSION_LIBZ
LogInit:      CURL_VERSION_IPV6
LogInit:      CURL_VERSION_ASYNCHDNS
LogInit:      CURL_VERSION_LARGEFILE
LogInit:      CURL_VERSION_IDN
LogInit:  CurlRequestOptions (configurable via config and command line):
LogInit:  - bVerifyPeer = false  - Libcurl will NOT verify peer certificate
LogInit:  - bUseHttpProxy = false  - Libcurl will NOT use HTTP proxy
LogInit:  - bDontReuseConnections = false  - Libcurl will reuse connections
LogInit:  - CertBundlePath = nullptr  - Libcurl will use whatever was configured at build time.
LogInit: Build: ++UE4+Release-4.15-CL-3348071
LogInit: Engine Version: 4.15.1-3348071+++UE4+Release-4.15
LogInit: Compatible Engine Version: 4.15.0-3299760+++UE4+Release-4.15
LogInit: Net CL: 3299760
LogDevObjectVersion: Number of dev versions registered: 14
LogDevObjectVersion:   Dev-Blueprints (B0D832E4-1F89-4F0D-ACCF-7EB736FD4AA2): 8
LogDevObjectVersion:   Dev-Build (E1C64328-A22C-4D53-A36C-8E866417BD8C): 0
LogDevObjectVersion:   Dev-Core (375EC13C-06E4-48FB-B500-84F0262A717E): 2
LogDevObjectVersion:   Dev-Editor (E4B068ED-F494-42E9-A231-DA0B2E46BB41): 14
LogDevObjectVersion:   Dev-Framework (CFFC743F-43B0-4480-9391-14DF171D2073): 22
LogDevObjectVersion:   Dev-Mobile (B02B49B5-BB20-44E9-A304-32B752E40360): 0
LogDevObjectVersion:   Dev-Networking (A4E4105C-59A1-49B5-A7C5-40C4547EDFEE): 0
LogDevObjectVersion:   Dev-Online (39C831C9-5AE6-47DC-9A44-9C173E1C8E7C): 0
LogDevObjectVersion:   Dev-Physics (78F01B33-EBEA-4F98-B9B4-84EACCB95AA2): 0
LogDevObjectVersion:   Dev-Platform (6631380F-2D4D-43E0-8009-CF276956A95A): 0
LogDevObjectVersion:   Dev-Rendering (12F88B9F-8875-4AFC-A67C-D90C383ABD29): 12
LogDevObjectVersion:   Dev-Sequencer (7B5AE74C-D270-4C10-A958-57980B212A5A): 3
LogDevObjectVersion:   Dev-VR (D7296918-1DD6-4BDD-9DE2-64A83CC13884): 0
LogDevObjectVersion:   Dev-LoadTimes (C2A15278-BFE7-4AFE-6C17-90FF531DF755): 1
LogInit: Compiled (64-bit): Mar 15 2017 16:52:47
LogInit: Compiled with Visual C++: 19.00.23026.00
LogInit: Build Configuration: Development
LogInit: Branch Name: ++UE4+Release-4.15
LogInit: Command line:  
LogInit: Base directory: C:/Program Files/Epic Games/UE_4.15/Engine/Binaries/Win64/
LogInit: Installed Engine Build: 1
LogInit: Presizing for max 8388607 objects, including 0 objects not considered by GC, pre-allocating 0 bytes for permanent pool.
LogInit: Object subsystem initialized
[2017.03.21-18.58.58:712][  0]LogInit: Selected Device Profile: [Windows]
[2017.03.21-18.58.58:712][  0]LogInit: Applying CVar settings loaded from the selected device profile: [Windows]
[2017.03.21-18.58.58:747][  0]LogInit: Computer: KOKO-IMMORTAL
[2017.03.21-18.58.58:747][  0]LogInit: User: Proto
[2017.03.21-18.58.58:747][  0]LogInit: CPU Page size=65536, Cores=4
[2017.03.21-18.58.58:747][  0]LogInit: High frequency timer resolution =3.328130 MHz
[2017.03.21-18.58.58:747][  0]LogMemory: Memory total: Physical=16.0GB (16GB approx)
[2017.03.21-18.58.58:747][  0]LogMemory: Platform Memory Stats for Windows
[2017.03.21-18.58.58:747][  0]LogMemory: Process Physical Memory: 263.69 MB used, 263.69 MB peak
[2017.03.21-18.58.58:747][  0]LogMemory: Process Virtual Memory: 262.37 MB used, 262.37 MB peak
[2017.03.21-18.58.58:747][  0]LogMemory: Physical Memory: 3018.80 MB used,  13323.94 MB free, 16342.74 MB total
[2017.03.21-18.58.58:747][  0]LogMemory: Virtual Memory: 643.98 MB used,  13323.94 MB free, 134217728.00 MB total
[2017.03.21-18.58.59:160][  0]LogTextLocalizationManager: No specific translations for ('en-US') exist, so ('en') translations will be used.
[2017.03.21-18.59.01:374][  0]LogD3D11RHI: D3D11 adapters:
[2017.03.21-18.59.01:883][  0]LogD3D11RHI:    0. 'NVIDIA GeForce GTX 1060 6GB' (Feature Level 11_0)
[2017.03.21-18.59.01:883][  0]LogD3D11RHI:       6084/0/8171 MB DedicatedVideo/DedicatedSystem/SharedSystem, Outputs:2, VendorId:0x10de
[2017.03.21-18.59.01:884][  0]LogD3D11RHI:    1. 'Microsoft Basic Render Driver' (Feature Level 11_0)
[2017.03.21-18.59.01:884][  0]LogD3D11RHI:       0/0/8171 MB DedicatedVideo/DedicatedSystem/SharedSystem, Outputs:0, VendorId:0x1414
[2017.03.21-18.59.01:884][  0]LogD3D11RHI: Chosen D3D11 Adapter: 0
[2017.03.21-18.59.01:889][  0]LogD3D11RHI: Creating new Direct3DDevice
[2017.03.21-18.59.01:889][  0]LogD3D11RHI:     GPU DeviceId: 0x1c03 (for the marketing name, search the web for "GPU Device Id")
[2017.03.21-18.59.01:889][  0]LogWindows: EnumDisplayDevices:
[2017.03.21-18.59.01:890][  0]LogWindows:    0. 'NVIDIA GeForce GTX 1060 6GB' (P:1 D:1)
[2017.03.21-18.59.01:890][  0]LogWindows:    1. 'NVIDIA GeForce GTX 1060 6GB' (P:0 D:1)
[2017.03.21-18.59.01:890][  0]LogWindows:    2. 'NVIDIA GeForce GTX 1060 6GB' (P:0 D:0)
[2017.03.21-18.59.01:890][  0]LogWindows:    3. 'NVIDIA GeForce GTX 1060 6GB' (P:0 D:0)
[2017.03.21-18.59.01:890][  0]LogWindows: DebugString: FoundDriverCount:4 
[2017.03.21-18.59.01:890][  0]LogD3D11RHI:     Adapter Name: NVIDIA GeForce GTX 1060 6GB
[2017.03.21-18.59.01:890][  0]LogD3D11RHI:   Driver Version: 378.92 (internal:21.21.13.7892, unified:378.92)
[2017.03.21-18.59.01:890][  0]LogD3D11RHI:      Driver Date: 3-16-2017
[2017.03.21-18.59.01:890][  0]LogRHI: Texture pool is 1361 MB (70% of 1945 MB)
[2017.03.21-18.59.02:396][  0]LogD3D11RHI: Async texture creation enabled
[2017.03.21-18.59.02:458][  0]LogD3D11RHI: GPU Timing Frequency: 1000.000000 (Debug: 2 1)
[2017.03.21-18.59.02:560][  0]LogShaderCompilers: Guid format shader working directory is 36 characters bigger than the processId version (E:/Quantum/Intermediate/Shaders/WorkingDirectory/8208/).
[2017.03.21-18.59.02:560][  0]LogShaderCompilers: Cleaned the shader compiler working directory 'C:/Users/Proto/AppData/Local/Temp/UnrealShaderWorkingDir/06FF1982451AE33137AF02B6761E7301/'.
[2017.03.21-18.59.02:560][  0]LogShaderCompilers:Display: Using Local Shader Compiler.
[2017.03.21-18.59.05:297][  0]LogTemp:Display: Loaded TP AllDesktopTargetPlatform
[2017.03.21-18.59.05:342][  0]LogTemp:Display: Loaded TP MacClientTargetPlatform
[2017.03.21-18.59.05:387][  0]LogTemp:Display: Loaded TP MacNoEditorTargetPlatform
[2017.03.21-18.59.05:431][  0]LogTemp:Display: Loaded TP MacServerTargetPlatform
[2017.03.21-18.59.05:479][  0]LogTemp:Display: Loaded TP MacTargetPlatform
[2017.03.21-18.59.05:525][  0]LogTemp:Display: Loaded TP WindowsClientTargetPlatform
[2017.03.21-18.59.05:570][  0]LogTemp:Display: Loaded TP WindowsNoEditorTargetPlatform
[2017.03.21-18.59.05:615][  0]LogTemp:Display: Loaded TP WindowsServerTargetPlatform
[2017.03.21-18.59.05:651][  0]LogTemp:Display: Loaded TP WindowsTargetPlatform
[2017.03.21-18.59.05:697][  0]LogTemp:Display: Loaded TP AndroidTargetPlatform
[2017.03.21-18.59.05:741][  0]LogTemp:Display: Loaded TP Android_ASTCTargetPlatform
[2017.03.21-18.59.05:785][  0]LogTemp:Display: Loaded TP Android_ATCTargetPlatform
[2017.03.21-18.59.05:828][  0]LogTemp:Display: Loaded TP Android_DXTTargetPlatform
[2017.03.21-18.59.05:872][  0]LogTemp:Display: Loaded TP Android_ETC1TargetPlatform
[2017.03.21-18.59.05:915][  0]LogTemp:Display: Loaded TP Android_ETC2TargetPlatform
[2017.03.21-18.59.06:004][  0]LogTemp:Display: Loaded TP Android_MultiTargetPlatform
[2017.03.21-18.59.06:004][  0]LogTemp:Display: Loaded TP Android_PVRTCTargetPlatform
[2017.03.21-18.59.06:035][  0]LogTemp:Display: Loaded TP HTML5TargetPlatform
[2017.03.21-18.59.06:139][  0]LogTemp:Display: Loaded TP IOSTargetPlatform
[2017.03.21-18.59.06:168][  0]LogTemp:Display: Loaded TP TVOSTargetPlatform
[2017.03.21-18.59.06:212][  0]LogTemp:Display: Loaded TP LinuxClientTargetPlatform
[2017.03.21-18.59.06:256][  0]LogTemp:Display: Loaded TP LinuxNoEditorTargetPlatform
[2017.03.21-18.59.06:299][  0]LogTemp:Display: Loaded TP LinuxServerTargetPlatform
[2017.03.21-18.59.06:350][  0]LogTemp:Display: Loaded TP LinuxTargetPlatform
[2017.03.21-18.59.06:350][  0]LogTargetPlatformManager:Display: Building Assets For Windows
[2017.03.21-18.59.06:969][  0]LogDerivedDataCache:Display: Max Cache Size: 512 MB
[2017.03.21-18.59.07:207][  0]LogDerivedDataCache: Loaded boot cache 0.24s 50MB C:/Users/Proto/AppData/Local/UnrealEngine/4.15/DerivedDataCache/Boot.ddc.
[2017.03.21-18.59.07:207][  0]LogDerivedDataCache:Display: Loaded Boot cache: C:/Users/Proto/AppData/Local/UnrealEngine/4.15/DerivedDataCache/Boot.ddc
[2017.03.21-18.59.07:207][  0]LogDerivedDataCache: FDerivedDataBackendGraph:  Pak pak cache file E:/Quantum/DerivedDataCache/DDC.ddp not found, will not use a pak cache.
[2017.03.21-18.59.07:207][  0]LogDerivedDataCache: Unable to find inner node Pak for hierarchical cache Hierarchy.
[2017.03.21-18.59.07:207][  0]LogDerivedDataCache: FDerivedDataBackendGraph:  CompressedPak pak cache file E:/Quantum/DerivedDataCache/Compressed.ddp not found, will not use a pak cache.
[2017.03.21-18.59.07:207][  0]LogDerivedDataCache: Unable to find inner node CompressedPak for hierarchical cache Hierarchy.
[2017.03.21-18.59.07:233][  0]LogDerivedDataCache:Display: Pak cache opened for reading ../../../Engine/DerivedDataCache/Compressed.ddp.
[2017.03.21-18.59.07:246][  0]LogDerivedDataCache: Using Local data cache path C:/Users/Proto/AppData/Local/UnrealEngine/Common/DerivedDataCache: Writable
[2017.03.21-18.59.07:285][  0]LogSlate: Using Freetype 2.6.0
[2017.03.21-18.59.07:300][  0]LogSlate: SlateFontCache - WITH_FREETYPE: 1, WITH_HARFBUZZ: 1
[2017.03.21-18.59.07:300][  0]LogSlate: SlateFontCache - WITH_FREETYPE: 1, WITH_HARFBUZZ: 1
[2017.03.21-18.59.10:334][  0]LogInit: Selected Device Profile: [Windows]
[2017.03.21-18.59.10:342][  0]LogContentStreaming: Texture pool size is 0.00 MB
[2017.03.21-18.59.10:593][  0]LogMeshUtilities: Using QuadricMeshReduction for automatic static mesh reduction
[2017.03.21-18.59.10:631][  0]LogSimplygon: Simplygon DLL not present - disabling.
[2017.03.21-18.59.10:672][  0]LogMeshUtilities: Using SimplygonSwarm for distributed automatic mesh merging
[2017.03.21-18.59.10:672][  0]LogMeshUtilities: No automatic skeletal mesh reduction module available
[2017.03.21-18.59.10:672][  0]LogMeshUtilities: No automatic mesh merging module available
[2017.03.21-18.59.12:098][  0]LogNetVersion: GetLocalNetworkVersion: CL: 3299760, ProjectName: quantum, ProjectVersion: , EngineNetworkVersion: 2, GameNetworkVersion: 0, NetworkChecksum: 3234878722
[2017.03.21-18.59.12:149][  0]LogAssetRegistry: FAssetRegistry took 0.0239 seconds to start up
[2017.03.21-18.59.12:217][  0]LogPackageLocalizationCache: Processed 3 localized package path(s) for 2 prioritized culture(s) in 0.049369 seconds
[2017.03.21-18.59.12:222][  0]LogUObjectArray: 32493 objects as part of root set at end of initial load.
[2017.03.21-18.59.12:222][  0]LogUObjectAllocator: 7077024 out of 0 bytes used by permanent object pool.
[2017.03.21-18.59.12:222][  0]LogUObjectArray: CloseDisregardForGC: 0/0 objects in disregard for GC pool
[2017.03.21-18.59.12:277][  0]LogInit: WinSock: version 1.1 (2.2), MaxSocks=32767, MaxUdp=65467
[2017.03.21-18.59.15:054][  0]LogTcpMessaging: Initializing TcpMessaging bridge
[2017.03.21-18.59.15:093][  0]LogUdpMessaging: Initializing bridge on interface 0.0.0.0:0 to multicast group 230.0.0.1:6666.
[2017.03.21-18.59.15:650][  0]LogMaterial: Uniform references updated for custom material expression Custom.
[2017.03.21-18.59.16:070][  0]SourceControl: Info Source control is disabled
[2017.03.21-18.59.16:072][  0]SourceControl: Info Source control is disabled
[2017.03.21-18.59.16:117][  0]SourceControl: Info Source control is disabled
[2017.03.21-18.59.16:156][  0]SourceControl: Info Source control is disabled
[2017.03.21-18.59.17:308][  0]LogEngine: Initializing Engine...
[2017.03.21-18.59.17:308][  0]LogHMD: Failed to initialize OpenVR with code 110
[2017.03.21-18.59.17:640][  0]LogAIModule: Creating AISystem for world Untitled
[2017.03.21-18.59.17:659][  0]LogInit: XAudio2 using 'Headphones (2- High Definition Audio Device)' : 2 channels at 44.1 kHz using 16 bits per sample (channel mask 0x3)
[2017.03.21-18.59.17:669][  0]LogInit: FAudioDevice initialized.
[2017.03.21-18.59.17:695][  0]LogDerivedDataCache: Saved boot cache 0.03s 52MB C:/Users/Proto/AppData/Local/UnrealEngine/4.15/DerivedDataCache/Boot.ddc.
[2017.03.21-18.59.17:705][  0]LogInit: Texture streaming: Enabled
[2017.03.21-18.59.17:784][  0]LogEngineSessionManager: EngineSessionManager initialized
[2017.03.21-18.59.17:867][  0]LogInit: Transaction tracking system initialized
[2017.03.21-18.59.18:178][  0]BlueprintLog: New page: Editor Load
[2017.03.21-18.59.18:985][  0]LocalizationService: Info Localization service is disabled
[2017.03.21-18.59.19:566][  0]LogConsoleResponse:Display: 
[2017.03.21-18.59.19:900][  0]LogCook:Display: Max memory allowance for cook 16384mb min free memory 0mb
[2017.03.21-18.59.19:900][  0]LogCook:Display: Mobile HDR setting 1
[2017.03.21-18.59.20:545][  0]LogFileCache: Scanning file cache for directory 'E:/Quantum/Content/' took 0.01s
[2017.03.21-18.59.20:832][  0]SourceControl: Info Source control is disabled
[2017.03.21-18.59.20:835][  0]Cmd: MAP LOAD FILE="E:/Quantum/Content/StarterContent/Maps/Minimal_Default.umap" TEMPLATE=0 SHOWPROGRESS=1 FEATURELEVEL=3
[2017.03.21-18.59.20:837][  0]LightingResults: New page: Lighting Build
[2017.03.21-18.59.20:878][  0]MapCheck: New page: Map Check
[2017.03.21-18.59.20:878][  0]LightingResults: New page: Lighting Build
[2017.03.21-18.59.21:419][  0]LogAIModule: Creating AISystem for world Minimal_Default
[2017.03.21-18.59.21:459][  0]LogEditorServer: Finished looking for orphan Actors (0.000 secs)
[2017.03.21-18.59.21:460][  0]Cmd: MAP CHECKDEP NOCLEARLOG
[2017.03.21-18.59.21:492][  0]MapCheck: Info Map check complete: 0 Error(s), 0 Warning(s), took 31.848ms to complete.
[2017.03.21-18.59.21:492][  0]LogFileHelpers: Loading map 'Minimal_Default' took 0.658
[2017.03.21-18.59.21:906][  0]LogCollectionManager: Loaded 0 collections in 0.001180 seconds
[2017.03.21-18.59.21:991][  0]LogFileCache: Scanning file cache for directory 'E:/Quantum/Saved/Collections/' took 0.01s
[2017.03.21-18.59.21:991][  0]LogFileCache: Scanning file cache for directory 'E:/Quantum/Content/Developers/Proto/Collections/' took 0.01s
[2017.03.21-18.59.21:991][  0]LogFileCache: Scanning file cache for directory 'E:/Quantum/Content/Collections/' took 0.00s
[2017.03.21-18.59.21:991][  0]LogCollectionManager: Rebuilt the GUID cache for 0 collections in 0.000005 seconds
[2017.03.21-18.59.22:002][  0]LogContentBrowser: Native class hierarchy populated in 0.0078 seconds. Added 2245 classes and 453 folders.
[2017.03.21-18.59.22:010][  0]LogStats: UGameplayTagsManager::ConstructGameplayTagTree: Construct from data asset -  0.000 s
[2017.03.21-18.59.22:011][  0]LogStats: UGameplayTagsManager::ConstructGameplayTagTree: GameplayTagTreeChangedEvent.Broadcast -  0.000 s
[2017.03.21-18.59.22:060][  0]LogContentBrowser: Native class hierarchy updated for 'WidgetCarousel' in 0.0004 seconds. Added 0 classes and 0 folders.
[2017.03.21-18.59.22:388][  0]LogContentBrowser: Native class hierarchy updated for 'AddContentDialog' in 0.0004 seconds. Added 0 classes and 0 folders.
[2017.03.21-18.59.22:433][  0]LogContentBrowser: Native class hierarchy updated for 'SceneOutliner' in 0.0004 seconds. Added 1 classes and 2 folders.
[2017.03.21-18.59.22:690][  0]LogCrashTracker: Crashtracker disabled due to settings.
[2017.03.21-18.59.22:705][  0]LogUObjectGlobals:Warning: Failed to find object 'Class None.'
[2017.03.21-18.59.22:770][  0]LogContentBrowser: Native class hierarchy updated for 'HierarchicalLODOutliner' in 0.0004 seconds. Added 1 classes and 2 folders.
[2017.03.21-18.59.22:771][  0]LogLoad: (Engine Initialization) Total time: 28.20 seconds
[2017.03.21-18.59.22:771][  0]LogLoad: (Engine Initialization) Total Blueprint compile time: 0.13 seconds
[2017.03.21-18.59.22:771][  0]LogExternalProfiler: No external profilers were discovered.  External profiling features will not be available.
[2017.03.21-18.59.23:112][  0]LogOcInput: OculusInput pre-init called
[2017.03.21-18.59.23:145][  0]LogContentStreaming: Texture pool size now 1000 MB
[2017.03.21-18.59.23:157][  0]LogSlate: Took 0.006284 seconds to synchronously load lazily loaded font '../../../Engine/Content/Slate/Fonts/Roboto-Regular.ttf' (155K)
[2017.03.21-18.59.23:167][  0]LogSlate: Took 0.004930 seconds to synchronously load lazily loaded font '../../../Engine/Content/Slate/Fonts/Roboto-Bold.ttf' (160K)
[2017.03.21-18.59.23:182][  0]LogSlate: Took 0.008114 seconds to synchronously load lazily loaded font '../../../Engine/Content/Editor/Slate/Fonts/FontAwesome.ttf' (139K)
[2017.03.21-18.59.23:368][  0]LogSlate: Took 0.004577 seconds to synchronously load lazily loaded font '../../../Engine/Content/Slate/Fonts/Roboto-Light.ttf' (159K)
[2017.03.21-18.59.23:439][  0]LogRenderer: Reallocating scene render targets to support 992x576 NumSamples 1 (Frame:2).
[2017.03.21-18.59.23:518][  1]LogAssetRegistry: Asset discovery search completed in 11.3913 seconds
[2017.03.21-18.59.23:519][  1]LogCollectionManager: Rebuilt the object cache for 0 collections in 0.000005 seconds (found 0 objects)
[2017.03.21-18.59.23:519][  1]LogCollectionManager: Fixed up redirectors for 0 collections in 0.000321 seconds (updated 0 objects)
[2017.03.21-18.59.37:858][ 42]LogSlate: Took 0.000176 seconds to synchronously load lazily loaded font '../../../Engine/Content/Slate/Fonts/Roboto-Light.ttf' (159K)
[2017.03.21-19.09.20:512][410]LogFactory: FactoryCreateFile: StaticMesh with FbxFactory (0 0 E:/Door.fbx)
[2017.03.21-19.09.20:544][410]LogFbx: ItemName: GlobalSettings, ItemCount : 1
[2017.03.21-19.09.20:544][410]LogFbx: ItemName: NodeAttribute, ItemCount : 5
[2017.03.21-19.09.20:544][410]LogFbx: ItemName: Geometry, ItemCount : 1
[2017.03.21-19.09.20:544][410]LogFbx: ItemName: Model, ItemCount : 6
[2017.03.21-19.09.20:544][410]LogFbx: ItemName: Pose, ItemCount : 1
[2017.03.21-19.09.20:544][410]LogFbx: ItemName: Deformer, ItemCount : 3
[2017.03.21-19.09.20:544][410]LogFbx: ItemName: Material, ItemCount : 1
[2017.03.21-19.09.20:544][410]LogFbx: ItemName: AnimationStack, ItemCount : 2
[2017.03.21-19.09.20:545][410]LogFbx: ItemName: AnimationLayer, ItemCount : 2
[2017.03.21-19.09.20:545][410]LogFbx: ItemName: AnimationCurveNode, ItemCount : 18
[2017.03.21-19.09.20:545][410]LogFbx: ItemName: AnimationCurve, ItemCount : 54
[2017.03.21-19.09.20:554][410]LogFbx: Loading FBX Scene from E:/Door.fbx
[2017.03.21-19.09.20:570][410]LogFbx: FBX Scene Loaded Succesfully
[2017.03.21-19.09.41:257][410]LogFbx: Loading FBX Scene from E:/Door.fbx
[2017.03.21-19.09.41:265][410]LogFbx: FBX Scene Loaded Succesfully
[2017.03.21-19.09.41:268][410]LogFbx: =================================================
[2017.03.21-19.09.41:268][410]LogFbx: Dumping Node START [Cube] 
[2017.03.21-19.09.41:268][410]LogFbx: 	Total Deformer Count -729498224.
[2017.03.21-19.09.41:268][410]LogFbx: 		[Node 1] Armature (Type Skin).
[2017.03.21-19.09.41:268][410]LogFbx: =================================================
[2017.03.21-19.09.41:268][410]LogFbx: 	Attribute (Cube) Type (4).
[2017.03.21-19.09.41:268][410]LogFbx: 		[Node Attribute Child 1] Cube (Type Mesh).
[2017.03.21-19.09.41:268][410]LogFbx: Dumping Node END [Cube]
[2017.03.21-19.09.41:268][410]LogFbx: =================================================
[2017.03.21-19.09.41:268][410]LogFbx: Dumping Node START [Cube] 
[2017.03.21-19.09.41:268][410]LogFbx: 	Total Deformer Count -729502064.
[2017.03.21-19.09.41:268][410]LogFbx: 		[Node 1] Armature (Type Skin).
[2017.03.21-19.09.41:268][410]LogFbx: =================================================
[2017.03.21-19.09.41:268][410]LogFbx: 	Attribute (Cube) Type (4).
[2017.03.21-19.09.41:268][410]LogFbx: 		[Node Attribute Child 1] Cube (Type Mesh).
[2017.03.21-19.09.41:268][410]LogFbx: Dumping Node END [Cube]
[2017.03.21-19.09.41:270][410]LogFbx: Valid bind pose for Pose (Cube) - Cube
[2017.03.21-19.09.41:271][410]LogLinker: Can't find file '/Game/Blueprint/Material'
[2017.03.21-19.09.41:271][410]LogLinker: Can't find file '/Game/Blueprint/Material'
[2017.03.21-19.09.41:272][410]LogMaterial:Warning: Material /Game/Blueprint/Material.Material needed to have new flag set bUsedWithSkeletalMesh !
[2017.03.21-19.09.41:273][410]LogMaterial: Missing cached shader map for material Material, compiling. 
[2017.03.21-19.09.41:275][410]LogTemp:Display: Added material ShaderMap 0x00000131D7C78100 with Material 0x00000131D7B38280 to ShaderMapsBeingCompiled
[2017.03.21-19.09.41:318][410]LogTemp:Display: Kicking off shader compilation for Material, GameThreadShaderMap 0x00000131D7C78100
[2017.03.21-19.09.41:322][410]LogMaterial: 0.00 seconds spent updating 1 materials, 1 interfaces, 0 instances, 0 with static permutations.
[2017.03.21-19.09.41:325][410]LogMaterial: Missing cached shader map for material Material, compiling. 
[2017.03.21-19.09.41:325][410]LogTemp:Display: Added material ShaderMap 0x00000131DCBBE400 with Material 0x00000131D7B38280 to ShaderMapsBeingCompiled
[2017.03.21-19.09.41:361][410]LogTemp:Display: Kicking off shader compilation for Material, GameThreadShaderMap 0x00000131DCBBE400
[2017.03.21-19.09.41:362][410]LogFbx: Triangulating skeletal mesh Cube
[2017.03.21-19.09.41:372][410]LogFbx:Warning: Bones digested - 5  Depth of hierarchy - 3
[2017.03.21-19.09.41:375][410]LogSkeletalMesh: Section 0: 32 vertices, 3 active bones
[2017.03.21-19.09.41:375][410]LogSkeletalMesh: Section 0: Material=0, 48 triangles
[2017.03.21-19.09.41:376][410]LogLinker: Can't find file '/Game/Blueprint/Door_PhysicsAsset'
[2017.03.21-19.09.41:376][410]LogLinker: Can't find file '/Game/Blueprint/Door_PhysicsAsset'
[2017.03.21-19.09.41:378][410]LogLinker: Can't find file '/Game/Blueprint/Door_Skeleton'
[2017.03.21-19.09.41:378][410]LogLinker: Can't find file '/Game/Blueprint/Door_Skeleton'
[2017.03.21-19.09.41:379][410]LogFbx: =================================================
[2017.03.21-19.09.41:379][410]LogFbx: Dumping Node START [Cube] 
[2017.03.21-19.09.41:379][410]LogFbx: 	Total Deformer Count -944448800.
[2017.03.21-19.09.41:379][410]LogFbx: 		[Node 1] Armature (Type Skin).
[2017.03.21-19.09.41:379][410]LogFbx: =================================================
[2017.03.21-19.09.41:379][410]LogFbx: 	Attribute (Cube) Type (4).
[2017.03.21-19.09.41:379][410]LogFbx: 		[Node Attribute Child 1] Cube (Type Mesh).
[2017.03.21-19.09.41:379][410]LogFbx: Dumping Node END [Cube]
[2017.03.21-19.09.41:379][410]LogFbx: =================================================
[2017.03.21-19.09.41:379][410]LogFbx: Dumping Node START [Cube] 
[2017.03.21-19.09.41:379][410]LogFbx: 	Total Deformer Count -944450144.
[2017.03.21-19.09.41:379][410]LogFbx: 		[Node 1] Armature (Type Skin).
[2017.03.21-19.09.41:379][410]LogFbx: =================================================
[2017.03.21-19.09.41:379][410]LogFbx: 	Attribute (Cube) Type (4).
[2017.03.21-19.09.41:379][410]LogFbx: 		[Node Attribute Child 1] Cube (Type Mesh).
[2017.03.21-19.09.41:379][410]LogFbx: Dumping Node END [Cube]
[2017.03.21-19.09.41:379][410]LogFbx: SortedLinks :(0) Armature
[2017.03.21-19.09.41:379][410]LogFbx: SortedLinks :(1) Right
[2017.03.21-19.09.41:379][410]LogFbx: SortedLinks :(2) Right_end
[2017.03.21-19.09.41:379][410]LogFbx: SortedLinks :(3) Left
[2017.03.21-19.09.41:379][410]LogFbx: SortedLinks :(4) Left_end
[2017.03.21-19.09.41:380][410]LogFbx: SortedLinks :(0) Armature
[2017.03.21-19.09.41:380][410]LogFbx: SortedLinks :(1) Right
[2017.03.21-19.09.41:380][410]LogFbx: SortedLinks :(2) Right_end
[2017.03.21-19.09.41:380][410]LogFbx: SortedLinks :(3) Left
[2017.03.21-19.09.41:380][410]LogFbx: SortedLinks :(4) Left_end
[2017.03.21-19.09.41:380][410]LogFbx: Parsing AnimStack Armature|DoorClose
[2017.03.21-19.09.41:382][410]LogLinker: Can't find file '/Game/Blueprint/Door_Anim_Armature_DoorClose'
[2017.03.21-19.09.41:382][410]LogLinker: Can't find file '/Game/Blueprint/Door_Anim_Armature_DoorClose'
[2017.03.21-19.09.41:396][410]LogAnimationCompression: Building Anim DDC data for AnimSequence /Game/Blueprint/Door_Anim_Armature_DoorClose.Door_Anim_Armature_DoorClose
[2017.03.21-19.09.41:399][410]LogFbx: Parsing AnimStack Armature|DoorOpen
[2017.03.21-19.09.41:400][410]LogLinker: Can't find file '/Game/Blueprint/Door_Anim_Armature_DoorOpen'
[2017.03.21-19.09.41:400][410]LogLinker: Can't find file '/Game/Blueprint/Door_Anim_Armature_DoorOpen'
[2017.03.21-19.09.41:406][410]LogAnimationCompression: Building Anim DDC data for AnimSequence /Game/Blueprint/Door_Anim_Armature_DoorOpen.Door_Anim_Armature_DoorOpen
[2017.03.21-19.09.41:414][410]FBXImport:Warning: Warning No smoothing group information was found in this FBX scene.  Please make sure to enable the 'Export Smoothing Groups' option in the FBX Exporter plug-in before exporting the file.  Even for tools that don't support smoothing groups, the FBX Exporter will generate appropriate smoothing data at export-time so that correct vertex normals can be inferred while importing. 
[2017.03.21-19.09.41:414][410]FBXImport:Warning: Warning The following bones are missing from the bind pose:
Right_end  
Left_end  

This can happen for bones that are not vert weighted. If they are not in the correct orientation after importing,
please set the "Use T0 as ref pose" option or add them to the bind pose and reimport the skeletal mesh. 
[2017.03.21-19.09.41:414][410]FBXImport:Warning: Warning Mesh 'Cube' has no UV set. Creating a default set. 
[2017.03.21-19.09.41:414][410]FBXImport:Warning: Warning Missing influence on vert 2. Weighting it to root. 
[2017.03.21-19.09.41:414][410]FBXImport:Warning: Warning Missing influence on vert 0. Weighting it to root. 
[2017.03.21-19.09.41:414][410]FBXImport:Warning: Warning Missing influence on vert 1. Weighting it to root. 
[2017.03.21-19.09.41:414][410]FBXImport:Warning: Warning Missing influence on vert 0. Weighting it to root. 
[2017.03.21-19.09.41:414][410]FBXImport:Warning: Warning Missing influence on vert 2. Weighting it to root. 
[2017.03.21-19.09.41:414][410]FBXImport:Warning: Warning Missing influence on vert 3. Weighting it to root. 
[2017.03.21-19.09.41:414][410]FBXImport:Warning: Warning Missing influence on vert 7. Weighting it to root. 
[2017.03.21-19.09.41:414][410]FBXImport:Warning: Warning Missing influence on vert 6. Weighting it to root. 
[2017.03.21-19.09.41:414][410]FBXImport:Warning: Warning Missing influence on vert 4. Weighting it to root. 
[2017.03.21-19.09.41:414][410]FBXImport:Warning: Warning Missing influence on vert 4. Weighting it to root. 
[2017.03.21-19.09.41:414][410]FBXImport:Warning: Warning Missing influence on vert 6. Weighting it to root. 
[2017.03.21-19.09.41:414][410]FBXImport:Warning: Warning Missing influence on vert 5. Weighting it to root. 
[2017.03.21-19.09.41:414][410]FBXImport:Warning: Warning Missing influence on vert 4. Weighting it to root. 
[2017.03.21-19.09.41:414][410]FBXImport:Warning: Warning Missing influence on vert 1. Weighting it to root. 
[2017.03.21-19.09.41:414][410]FBXImport:Warning: Warning Missing influence on vert 0. Weighting it to root. 
[2017.03.21-19.09.41:414][410]FBXImport:Warning: Warning Missing influence on vert 1. Weighting it to root. 
[2017.03.21-19.09.41:414][410]FBXImport:Warning: Warning Missing influence on vert 4. Weighting it to root. 
[2017.03.21-19.09.41:414][410]FBXImport:Warning: Warning Missing influence on vert 5. Weighting it to root. 
[2017.03.21-19.09.41:414][410]FBXImport:Warning: Warning Missing influence on vert 6. Weighting it to root. 
[2017.03.21-19.09.41:414][410]FBXImport:Warning: Warning Missing influence on vert 1. Weighting it to root. 
[2017.03.21-19.09.41:414][410]FBXImport:Warning: Warning Missing influence on vert 5. Weighting it to root. 
[2017.03.21-19.09.41:414][410]FBXImport:Warning: Warning Missing influence on vert 1. Weighting it to root. 
[2017.03.21-19.09.41:414][410]FBXImport:Warning: Warning Missing influence on vert 6. Weighting it to root. 
[2017.03.21-19.09.41:414][410]FBXImport:Warning: Warning Missing influence on vert 2. Weighting it to root. 
[2017.03.21-19.09.41:414][410]FBXImport:Warning: Warning Missing influence on vert 7. Weighting it to root. 
[2017.03.21-19.09.41:414][410]FBXImport:Warning: Warning Missing influence on vert 2. Weighting it to root. 
[2017.03.21-19.09.41:414][410]FBXImport:Warning: Warning Missing influence on vert 6. Weighting it to root. 
[2017.03.21-19.09.41:414][410]FBXImport:Warning: Warning Missing influence on vert 2. Weighting it to root. 
[2017.03.21-19.09.41:414][410]FBXImport:Warning: Warning Missing influence on vert 7. Weighting it to root. 
[2017.03.21-19.09.41:414][410]FBXImport:Warning: Warning Missing influence on vert 3. Weighting it to root. 
[2017.03.21-19.09.41:414][410]FBXImport:Warning: Warning Missing influence on vert 7. Weighting it to root. 
[2017.03.21-19.09.41:414][410]FBXImport:Warning: Warning Missing influence on vert 0. Weighting it to root. 
[2017.03.21-19.09.41:414][410]FBXImport:Warning: Warning Missing influence on vert 3. Weighting it to root. 
[2017.03.21-19.09.41:414][410]FBXImport:Warning: Warning Missing influence on vert 0. Weighting it to root. 
[2017.03.21-19.09.41:414][410]FBXImport:Warning: Warning Missing influence on vert 7. Weighting it to root. 
[2017.03.21-19.09.41:414][410]FBXImport:Warning: Warning Missing influence on vert 4. Weighting it to root. 
[2017.03.21-19.09.48:089][930]LogContentBrowser: Native class hierarchy updated for 'SkeletonEditor' in 0.0008 seconds. Added 1 classes and 2 folders.
[2017.03.21-19.09.48:316][930]LogActorComponent: RegisterComponentWithWorld: (/Engine/Transient.World_5:PersistentLevel.Actor_0.DebugSkelMeshComponent_0) Already registered. Aborting.
[2017.03.21-19.09.48:407][930]LogSkeletalMesh: USkeletalMeshComponent::InitArticulated : Bodies already created (/Engine/Transient.World_5:PersistentLevel.Actor_0.DebugSkelMeshComponent_0) - call TermArticulated first.
[2017.03.21-19.09.48:665][930]LogRenderer: Reallocating scene render targets to support 1144x576 NumSamples 1 (Frame:3248).
[2017.03.21-19.10.00:815][728]LogActorComponent: RegisterComponentWithWorld: (/Engine/Transient.World_8:PersistentLevel.Actor_1.DebugSkelMeshComponent_3) Already registered. Aborting.
[2017.03.21-19.10.00:866][728]LogSkeletalMesh: USkeletalMeshComponent::InitArticulated : Bodies already created (/Engine/Transient.World_8:PersistentLevel.Actor_1.DebugSkelMeshComponent_3) - call TermArticulated first.
[2017.03.21-19.10.21:356][ 77]LogContentBrowser: Native class hierarchy updated for 'BlueprintGraph' in 0.0011 seconds. Added 112 classes and 0 folders.
[2017.03.21-19.10.21:983][ 77]LogSlate: Took 0.000181 seconds to synchronously load lazily loaded font '../../../Engine/Content/Slate/Fonts/Roboto-Regular.ttf' (155K)
[2017.03.21-19.10.22:229][ 77]LogRenderer: Reallocating scene render targets to support 1144x712 NumSamples 1 (Frame:7622).
[2017.03.21-19.10.24:167][203]LogTemp:Display: Finished compile of shader map 0x00000131DCBBE400
[2017.03.21-19.10.24:167][203]LogTemp:Display: Shader map Material complete, GameThreadShaderMap 0x00000131DCBBE400, marking material Material as finished
[2017.03.21-19.10.24:167][203]LogTemp:Display: Marking material as finished 0x00000131D7B38280
[2017.03.21-19.10.24:992][253]LogSlate: Took 0.008823 seconds to synchronously load lazily loaded font '../../../Engine/Content/Editor/Slate/Fonts/Roboto-Italic.ttf' (157K)
[2017.03.21-19.10.26:787][374]LogFileHelpers: Editor autosave (incl. sublevels) for '/Game/StarterContent/Maps/Minimal_Default' took 0.027
[2017.03.21-19.10.26:797][374]OBJ SavePackage: Generating thumbnails for [0] asset(s) in package [/Game/Blueprint/TheDoor] ([1] browsable assets)...
[2017.03.21-19.10.26:797][374]OBJ SavePackage: Finished generating thumbnails for package [/Game/Blueprint/TheDoor]
[2017.03.21-19.10.26:797][374]Cmd: OBJ SAVEPACKAGE PACKAGE="/Game/Blueprint/TheDoor" FILE="E:/Quantum/Saved/Autosaves/Game/Blueprint/TheDoor_Auto1.uasset" SILENT=false AUTOSAVING=true
[2017.03.21-19.10.26:809][374]LogSavePackage: Save=11.55ms
[2017.03.21-19.10.26:809][374]LogSavePackage: Moving 'E:/Quantum/Saved/TheDoor_Auto1F4909F6A4156EFE96E61D5AD2C9D0F1F.tmp' to 'E:/Quantum/Saved/Autosaves/Game/Blueprint/TheDoor_Auto1.uasset'
[2017.03.21-19.10.26:819][374]LogSavePackage:Display: Finished SavePackage E:/Quantum/Saved/Autosaves/Game/Blueprint/TheDoor_Auto1.uasset
[2017.03.21-19.10.26:819][374]OBJ SavePackage: Generating thumbnails for [1] asset(s) in package [/Game/Blueprint/Door] ([1] browsable assets)...
[2017.03.21-19.10.26:837][374]OBJ SavePackage:     Rendered thumbnail for [SkeletalMesh /Game/Blueprint/Door.Door]
[2017.03.21-19.10.26:837][374]OBJ SavePackage: Finished generating thumbnails for package [/Game/Blueprint/Door]
[2017.03.21-19.10.26:837][374]Cmd: OBJ SAVEPACKAGE PACKAGE="/Game/Blueprint/Door" FILE="E:/Quantum/Saved/Autosaves/Game/Blueprint/Door_Auto1.uasset" SILENT=false AUTOSAVING=true
[2017.03.21-19.10.26:858][374]LogSavePackage: Save=18.53ms
[2017.03.21-19.10.26:858][374]LogSavePackage: Moving 'E:/Quantum/Saved/Door_Auto1722404254DA5D03F0839678A0DF8E7EE.tmp' to 'E:/Quantum/Saved/Autosaves/Game/Blueprint/Door_Auto1.uasset'
[2017.03.21-19.10.26:858][374]LogSavePackage:Display: Finished SavePackage E:/Quantum/Saved/Autosaves/Game/Blueprint/Door_Auto1.uasset
[2017.03.21-19.10.26:858][374]OBJ SavePackage: Generating thumbnails for [1] asset(s) in package [/Game/Blueprint/Material] ([1] browsable assets)...
[2017.03.21-19.10.26:870][374]OBJ SavePackage:     Rendered thumbnail for [Material /Game/Blueprint/Material.Material]
[2017.03.21-19.10.26:870][374]OBJ SavePackage: Finished generating thumbnails for package [/Game/Blueprint/Material]
[2017.03.21-19.10.26:870][374]Cmd: OBJ SAVEPACKAGE PACKAGE="/Game/Blueprint/Material" FILE="E:/Quantum/Saved/Autosaves/Game/Blueprint/Material_Auto1.uasset" SILENT=false AUTOSAVING=true
[2017.03.21-19.10.26:890][374]LogSavePackage: Save=16.93ms
[2017.03.21-19.10.26:890][374]LogSavePackage: Moving 'E:/Quantum/Saved/Material_Auto11ADC348B4C76362D6224EE9A532A4F1B.tmp' to 'E:/Quantum/Saved/Autosaves/Game/Blueprint/Material_Auto1.uasset'
[2017.03.21-19.10.26:890][374]LogSavePackage:Display: Finished SavePackage E:/Quantum/Saved/Autosaves/Game/Blueprint/Material_Auto1.uasset
[2017.03.21-19.10.26:891][374]OBJ SavePackage: Generating thumbnails for [0] asset(s) in package [/Game/Blueprint/Door_PhysicsAsset] ([1] browsable assets)...
[2017.03.21-19.10.26:891][374]OBJ SavePackage: Finished generating thumbnails for package [/Game/Blueprint/Door_PhysicsAsset]
[2017.03.21-19.10.26:891][374]Cmd: OBJ SAVEPACKAGE PACKAGE="/Game/Blueprint/Door_PhysicsAsset" FILE="E:/Quantum/Saved/Autosaves/Game/Blueprint/Door_PhysicsAsset_Auto1.uasset" SILENT=false AUTOSAVING=true
[2017.03.21-19.10.26:895][374]LogSavePackage: Save=3.62ms
[2017.03.21-19.10.26:895][374]LogSavePackage: Moving 'E:/Quantum/Saved/Door_PhysicsAsset_Auto17EA9A0C24EB16A114A4458B0AE65E805.tmp' to 'E:/Quantum/Saved/Autosaves/Game/Blueprint/Door_PhysicsAsset_Auto1.uasset'
[2017.03.21-19.10.26:895][374]LogSavePackage:Display: Finished SavePackage E:/Quantum/Saved/Autosaves/Game/Blueprint/Door_PhysicsAsset_Auto1.uasset
[2017.03.21-19.10.26:895][374]OBJ SavePackage: Generating thumbnails for [0] asset(s) in package [/Game/Blueprint/Door_Skeleton] ([1] browsable assets)...
[2017.03.21-19.10.26:895][374]OBJ SavePackage: Finished generating thumbnails for package [/Game/Blueprint/Door_Skeleton]
[2017.03.21-19.10.26:895][374]Cmd: OBJ SAVEPACKAGE PACKAGE="/Game/Blueprint/Door_Skeleton" FILE="E:/Quantum/Saved/Autosaves/Game/Blueprint/Door_Skeleton_Auto1.uasset" SILENT=false AUTOSAVING=true
[2017.03.21-19.10.26:899][374]LogSavePackage: Save=2.86ms
[2017.03.21-19.10.26:899][374]LogSavePackage: Moving 'E:/Quantum/Saved/Door_Skeleton_Auto1DE1FF5FC41E0CE676C25388D3BA1FEB8.tmp' to 'E:/Quantum/Saved/Autosaves/Game/Blueprint/Door_Skeleton_Auto1.uasset'
[2017.03.21-19.10.26:899][374]LogSavePackage:Display: Finished SavePackage E:/Quantum/Saved/Autosaves/Game/Blueprint/Door_Skeleton_Auto1.uasset
[2017.03.21-19.10.26:899][374]OBJ SavePackage: Generating thumbnails for [1] asset(s) in package [/Game/Blueprint/Door_Anim_Armature_DoorClose] ([1] browsable assets)...
[2017.03.21-19.10.26:911][374]OBJ SavePackage:     Rendered thumbnail for [AnimSequence /Game/Blueprint/Door_Anim_Armature_DoorClose.Door_Anim_Armature_DoorClose]
[2017.03.21-19.10.26:911][374]OBJ SavePackage: Finished generating thumbnails for package [/Game/Blueprint/Door_Anim_Armature_DoorClose]
[2017.03.21-19.10.26:911][374]Cmd: OBJ SAVEPACKAGE PACKAGE="/Game/Blueprint/Door_Anim_Armature_DoorClose" FILE="E:/Quantum/Saved/Autosaves/Game/Blueprint/Door_Anim_Armature_DoorClose_Auto1.uasset" SILENT=false AUTOSAVING=true
[2017.03.21-19.10.26:929][374]LogSavePackage: Save=17.75ms
[2017.03.21-19.10.26:929][374]LogSavePackage: Moving 'E:/Quantum/Saved/Door_Anim_Armature_DoorClose_Auto1360BC71E4C5804967EC7E4887672D210.tmp' to 'E:/Quantum/Saved/Autosaves/Game/Blueprint/Door_Anim_Armature_DoorClose_Auto1.uasset'
[2017.03.21-19.10.26:929][374]LogSavePackage:Display: Finished SavePackage E:/Quantum/Saved/Autosaves/Game/Blueprint/Door_Anim_Armature_DoorClose_Auto1.uasset
[2017.03.21-19.10.26:930][374]OBJ SavePackage: Generating thumbnails for [1] asset(s) in package [/Game/Blueprint/Door_Anim_Armature_DoorOpen] ([1] browsable assets)...
[2017.03.21-19.10.26:942][374]OBJ SavePackage:     Rendered thumbnail for [AnimSequence /Game/Blueprint/Door_Anim_Armature_DoorOpen.Door_Anim_Armature_DoorOpen]
[2017.03.21-19.10.26:942][374]OBJ SavePackage: Finished generating thumbnails for package [/Game/Blueprint/Door_Anim_Armature_DoorOpen]
[2017.03.21-19.10.26:942][374]Cmd: OBJ SAVEPACKAGE PACKAGE="/Game/Blueprint/Door_Anim_Armature_DoorOpen" FILE="E:/Quantum/Saved/Autosaves/Game/Blueprint/Door_Anim_Armature_DoorOpen_Auto1.uasset" SILENT=false AUTOSAVING=true
[2017.03.21-19.10.26:959][374]LogSavePackage: Save=15.77ms
[2017.03.21-19.10.26:959][374]LogSavePackage: Moving 'E:/Quantum/Saved/Door_Anim_Armature_DoorOpen_Auto1BCF9AB6F43458E3663376690027E08A5.tmp' to 'E:/Quantum/Saved/Autosaves/Game/Blueprint/Door_Anim_Armature_DoorOpen_Auto1.uasset'
[2017.03.21-19.10.26:960][374]LogSavePackage:Display: Finished SavePackage E:/Quantum/Saved/Autosaves/Game/Blueprint/Door_Anim_Armature_DoorOpen_Auto1.uasset
[2017.03.21-19.10.26:960][374]LogFileHelpers: Auto-saving content packages took 0.172
[2017.03.21-19.10.37:057][103]LogSlate: Took 0.000321 seconds to synchronously load lazily loaded font '../../../Engine/Content/Slate/Fonts/Roboto-Light.ttf' (159K)
[2017.03.21-19.10.45:725][706]BlueprintLog: New page: Compile TheDoor
[2017.03.21-19.11.06:278][539]Cmd: TRANSACTION UNDO
[2017.03.21-19.11.06:278][539]LogEditorTransaction: Undo Move Actors
[2017.03.21-19.11.08:894][771]LogEditorViewport: Clicking on Actor (LMB): Button_C (Button)
[2017.03.21-19.11.12:108][ 32]LogSlate: Took 0.013392 seconds to synchronously load lazily loaded font '../../../Engine/Content/Editor/Slate/Fonts/Roboto-BoldCondensed.ttf' (158K)
[2017.03.21-19.11.24:591][992]LogSlate: Took 0.008678 seconds to synchronously load lazily loaded font '../../../Engine/Content/Editor/Slate/Fonts/Roboto-BoldCondensedItalic.ttf' (160K)
[2017.03.21-19.11.27:826][251]BlueprintLog: New page: Compile Button
[2017.03.21-19.11.31:193][502]LogEditorViewport: Clicking on Actor (context menu): TheDoor_C (TheDoor)
[2017.03.21-19.11.31:924][566]LogEditorViewport: Clicking on Actor (LMB): TheDoor_C (TheDoor)
[2017.03.21-19.11.44:941][568]BlueprintLog: New page: Compile TheDoor
[2017.03.21-19.19.06:383][316]BlueprintLog: New page: Compile TheDoor
[2017.03.21-19.20.03:830][747]LogSlate:Warning: Prevented a slow task dialog from being summoned while a context menu was open
[2017.03.21-19.21.41:506][715]Cmd: OBJ SAVEPACKAGE PACKAGE="/Game/StarterContent/Maps/Minimal_Default" FILE="E:/Quantum/Saved/Autosaves/Game/StarterContent/Maps/Minimal_Default_Auto2.umap" SILENT=true AUTOSAVING=true KEEPDIRTY=false
[2017.03.21-19.21.41:704][715]LogSavePackage: Save=114.75ms
[2017.03.21-19.21.41:704][715]LogSavePackage: Moving 'E:/Quantum/Saved/Minimal_Default_Auto2D8C7B69C43309674E66B089157BA4ABF.tmp' to 'E:/Quantum/Saved/Autosaves/Game/StarterContent/Maps/Minimal_Default_Auto2.umap'
[2017.03.21-19.21.41:714][715]LogSavePackage:Display: Finished SavePackage E:/Quantum/Saved/Autosaves/Game/StarterContent/Maps/Minimal_Default_Auto2.umap
[2017.03.21-19.21.41:715][715]LogFileHelpers: Editor autosave (incl. sublevels) for '/Game/StarterContent/Maps/Minimal_Default' took 0.227
[2017.03.21-19.21.41:715][715]LogFileHelpers: Editor autosave (incl. sublevels) for all levels took 0.227
[2017.03.21-19.21.41:717][715]OBJ SavePackage: Generating thumbnails for [1] asset(s) in package [/Game/Blueprint/Button] ([1] browsable assets)...
[2017.03.21-19.21.41:728][715]OBJ SavePackage:     Rendered thumbnail for [Blueprint /Game/Blueprint/Button.Button]
[2017.03.21-19.21.41:728][715]OBJ SavePackage: Finished generating thumbnails for package [/Game/Blueprint/Button]
[2017.03.21-19.21.41:728][715]Cmd: OBJ SAVEPACKAGE PACKAGE="/Game/Blueprint/Button" FILE="E:/Quantum/Saved/Autosaves/Game/Blueprint/Button_Auto2.uasset" SILENT=false AUTOSAVING=true
[2017.03.21-19.21.41:760][715]LogSavePackage: Save=23.55ms
[2017.03.21-19.21.41:760][715]LogSavePackage: Moving 'E:/Quantum/Saved/Button_Auto267BF868E4B62B94D718679A31B63954F.tmp' to 'E:/Quantum/Saved/Autosaves/Game/Blueprint/Button_Auto2.uasset'
[2017.03.21-19.21.41:760][715]LogSavePackage:Display: Finished SavePackage E:/Quantum/Saved/Autosaves/Game/Blueprint/Button_Auto2.uasset
[2017.03.21-19.21.41:760][715]OBJ SavePackage: Generating thumbnails for [1] asset(s) in package [/Game/Blueprint/TheDoor] ([1] browsable assets)...
[2017.03.21-19.21.41:772][715]OBJ SavePackage:     Rendered thumbnail for [Blueprint /Game/Blueprint/TheDoor.TheDoor]
[2017.03.21-19.21.41:772][715]OBJ SavePackage: Finished generating thumbnails for package [/Game/Blueprint/TheDoor]
[2017.03.21-19.21.41:772][715]Cmd: OBJ SAVEPACKAGE PACKAGE="/Game/Blueprint/TheDoor" FILE="E:/Quantum/Saved/Autosaves/Game/Blueprint/TheDoor_Auto2.uasset" SILENT=false AUTOSAVING=true
[2017.03.21-19.21.41:797][715]LogSavePackage: Save=24.52ms
[2017.03.21-19.21.41:797][715]LogSavePackage: Moving 'E:/Quantum/Saved/TheDoor_Auto26EE6EA2B4A948CE457A644A88BB7A703.tmp' to 'E:/Quantum/Saved/Autosaves/Game/Blueprint/TheDoor_Auto2.uasset'
[2017.03.21-19.21.41:797][715]LogSavePackage:Display: Finished SavePackage E:/Quantum/Saved/Autosaves/Game/Blueprint/TheDoor_Auto2.uasset
[2017.03.21-19.21.41:797][715]LogFileHelpers: Auto-saving content packages took 0.081
[2017.03.21-19.27.51:123][279]LogSlate:Warning: Prevented a slow task dialog from being summoned while a context menu was open
[2017.03.21-19.28.36:170][816]BlueprintLog: New page: Compile Minimal_Default
[2017.03.21-19.28.47:627][831]BlueprintLog: New page: Compile TheDoor
[2017.03.21-19.29.57:106][560]BlueprintLog: New page: Compile TheDoor
[2017.03.21-19.29.58:713][700]LogActorComponent: UnregisterComponent: (/Engine/Transient.EditorFloorComp) Not registered. Aborting.
[2017.03.21-19.30.01:995][894]Cmd: OBJ SAVEPACKAGE PACKAGE="/Game/Blueprint/Button" FILE="E:/Quantum/Content/Blueprint/Button.uasset" SILENT=true
[2017.03.21-19.30.02:026][894]LogSavePackage: Save=25.22ms
[2017.03.21-19.30.02:026][894]LogSavePackage: Moving 'E:/Quantum/Saved/Button51F1AD224D6972E16CDC8DBFA1436A90.tmp' to 'E:/Quantum/Content/Blueprint/Button.uasset'
[2017.03.21-19.30.02:044][894]LogSavePackage:Display: Finished SavePackage E:/Quantum/Content/Blueprint/Button.uasset
[2017.03.21-19.30.02:057][894]Cmd: OBJ SAVEPACKAGE PACKAGE="/Game/Blueprint/Door" FILE="E:/Quantum/Content/Blueprint/Door.uasset" SILENT=true
[2017.03.21-19.30.02:070][894]LogSavePackage: Save=11.37ms
[2017.03.21-19.30.02:070][894]LogSavePackage: Moving 'E:/Quantum/Saved/DoorD590297D4C702E5FB03304A526DAFB3A.tmp' to 'E:/Quantum/Content/Blueprint/Door.uasset'
[2017.03.21-19.30.02:076][894]LogSavePackage:Display: Finished SavePackage E:/Quantum/Content/Blueprint/Door.uasset
[2017.03.21-19.30.02:091][894]Cmd: OBJ SAVEPACKAGE PACKAGE="/Game/Blueprint/Door_Anim_Armature_DoorClose" FILE="E:/Quantum/Content/Blueprint/Door_Anim_Armature_DoorClose.uasset" SILENT=true
[2017.03.21-19.30.02:103][894]LogSavePackage: Save=10.72ms
[2017.03.21-19.30.02:103][894]LogSavePackage: Moving 'E:/Quantum/Saved/Door_Anim_Armature_DoorCloseACA6CD8B419EF72C6A34E694C269F9E6.tmp' to 'E:/Quantum/Content/Blueprint/Door_Anim_Armature_DoorClose.uasset'
[2017.03.21-19.30.02:109][894]LogSavePackage:Display: Finished SavePackage E:/Quantum/Content/Blueprint/Door_Anim_Armature_DoorClose.uasset
[2017.03.21-19.30.02:124][894]Cmd: OBJ SAVEPACKAGE PACKAGE="/Game/Blueprint/Door_Anim_Armature_DoorOpen" FILE="E:/Quantum/Content/Blueprint/Door_Anim_Armature_DoorOpen.uasset" SILENT=true
[2017.03.21-19.30.02:136][894]LogSavePackage: Save=11.21ms
[2017.03.21-19.30.02:136][894]LogSavePackage: Moving 'E:/Quantum/Saved/Door_Anim_Armature_DoorOpen6D6F6E4C41CA9F6E0A54F68B6B28AB10.tmp' to 'E:/Quantum/Content/Blueprint/Door_Anim_Armature_DoorOpen.uasset'
[2017.03.21-19.30.02:142][894]LogSavePackage:Display: Finished SavePackage E:/Quantum/Content/Blueprint/Door_Anim_Armature_DoorOpen.uasset
[2017.03.21-19.30.02:148][894]Cmd: OBJ SAVEPACKAGE PACKAGE="/Game/Blueprint/Door_PhysicsAsset" FILE="E:/Quantum/Content/Blueprint/Door_PhysicsAsset.uasset" SILENT=true
[2017.03.21-19.30.02:154][894]LogSavePackage: Save=4.38ms
[2017.03.21-19.30.02:154][894]LogSavePackage: Moving 'E:/Quantum/Saved/Door_PhysicsAssetA90DB9434A602BAF17CD50A14BB163EB.tmp' to 'E:/Quantum/Content/Blueprint/Door_PhysicsAsset.uasset'
[2017.03.21-19.30.02:159][894]LogSavePackage:Display: Finished SavePackage E:/Quantum/Content/Blueprint/Door_PhysicsAsset.uasset
[2017.03.21-19.30.02:161][894]Cmd: OBJ SAVEPACKAGE PACKAGE="/Game/Blueprint/Door_Skeleton" FILE="E:/Quantum/Content/Blueprint/Door_Skeleton.uasset" SILENT=true
[2017.03.21-19.30.02:165][894]LogSavePackage: Save=2.92ms
[2017.03.21-19.30.02:165][894]LogSavePackage: Moving 'E:/Quantum/Saved/Door_SkeletonEA2DE99B42573A07AC774AB3B88A899B.tmp' to 'E:/Quantum/Content/Blueprint/Door_Skeleton.uasset'
[2017.03.21-19.30.02:170][894]LogSavePackage:Display: Finished SavePackage E:/Quantum/Content/Blueprint/Door_Skeleton.uasset
[2017.03.21-19.30.02:189][894]Cmd: OBJ SAVEPACKAGE PACKAGE="/Game/Blueprint/Material" FILE="E:/Quantum/Content/Blueprint/Material.uasset" SILENT=true
[2017.03.21-19.30.02:203][894]LogSavePackage: Save=11.45ms
[2017.03.21-19.30.02:203][894]LogSavePackage: Moving 'E:/Quantum/Saved/Material26220A2F4A7454B34F4BA48329AC7B13.tmp' to 'E:/Quantum/Content/Blueprint/Material.uasset'
[2017.03.21-19.30.02:207][894]LogSavePackage:Display: Finished SavePackage E:/Quantum/Content/Blueprint/Material.uasset
[2017.03.21-19.30.02:219][894]Cmd: OBJ SAVEPACKAGE PACKAGE="/Game/Blueprint/TheDoor" FILE="E:/Quantum/Content/Blueprint/TheDoor.uasset" SILENT=true
[2017.03.21-19.30.02:244][894]LogSavePackage: Save=24.14ms
[2017.03.21-19.30.02:244][894]LogSavePackage: Moving 'E:/Quantum/Saved/TheDoor9144E1EE4BAEB8897BF763899D807A0A.tmp' to 'E:/Quantum/Content/Blueprint/TheDoor.uasset'
[2017.03.21-19.30.02:248][894]LogSavePackage:Display: Finished SavePackage E:/Quantum/Content/Blueprint/TheDoor.uasset
[2017.03.21-19.30.02:295][894]Cmd: OBJ SAVEPACKAGE PACKAGE="/Game/StarterContent/Maps/Minimal_Default" FILE="E:/Quantum/Content/StarterContent/Maps/Minimal_Default.umap" SILENT=true AUTOSAVING=false KEEPDIRTY=false
[2017.03.21-19.30.02:424][894]LogSavePackage: Save=101.89ms
[2017.03.21-19.30.02:424][894]LogSavePackage: Moving 'E:/Quantum/Saved/Minimal_DefaultC7DF4EFE4F44D11047240EAECBA17578.tmp' to 'E:/Quantum/Content/StarterContent/Maps/Minimal_Default.umap'
[2017.03.21-19.30.02:427][894]LogSavePackage:Display: Finished SavePackage E:/Quantum/Content/StarterContent/Maps/Minimal_Default.umap
[2017.03.21-19.30.02:446][894]LogFileHelpers: Saving map 'Minimal_Default' took 0.197
[2017.03.21-19.30.02:503][894]LogWindowsTextInputMethodSystem:Display: IME system now deactivated.
[2017.03.21-19.30.02:693][895]Cmd: QUIT_EDITOR
[2017.03.21-19.30.02:749][895]LogExit: Preparing to exit.
[2017.03.21-19.30.03:768][895]LogExit: Editor shut down
[2017.03.21-19.30.03:768][895]LogExit: Transaction tracking system shut down
[2017.03.21-19.30.03:779][895]LogTemp:Display: Removed shader map 0x00000131D7C78100 from material 0x00000131D7B38280
[2017.03.21-19.30.03:891][895]LogObj: Freed 0b from 0 cluster array pools.
[2017.03.21-19.30.03:891][895]LogExit: Object subsystem successfully closed.
[2017.03.21-19.30.03:913][895]LogD3D11RHI: Shutdown
[2017.03.21-19.30.03:913][895]LogD3D11RHI: CleanupD3DDevice
[2017.03.21-19.30.04:015][895]LogD3D11RHI: ~FD3D11DynamicRHI
[2017.03.21-19.30.04:037][895]LogModuleManager: Shutting down and abandoning module BlueprintGraph (506)
[2017.03.21-19.30.04:037][895]LogModuleManager: Shutting down and abandoning module BlueprintProfiler (504)
[2017.03.21-19.30.04:039][895]LogModuleManager: Shutting down and abandoning module SkeletonEditor (502)
[2017.03.21-19.30.04:039][895]LogModuleManager: Shutting down and abandoning module AnimationEditor (500)
[2017.03.21-19.30.04:039][895]LogModuleManager: Shutting down and abandoning module HierarchicalLODOutliner (498)
[2017.03.21-19.30.04:039][895]LogModuleManager: Shutting down and abandoning module CrashTracker (496)
[2017.03.21-19.30.04:039][895]LogModuleManager: Shutting down and abandoning module SceneOutliner (494)
[2017.03.21-19.30.04:039][895]LogModuleManager: Shutting down and abandoning module AddContentDialog (492)
[2017.03.21-19.30.04:039][895]LogDirectoryWatcher: A directory notification for 'C:/Program Files/Epic Games/UE_4.15/FeaturePacks/' was aborted.
[2017.03.21-19.30.04:041][895]LogModuleManager: Shutting down and abandoning module WidgetCarousel (491)
[2017.03.21-19.30.04:041][895]LogModuleManager: Shutting down and abandoning module EditorWidgets (488)
[2017.03.21-19.30.04:041][895]LogModuleManager: Shutting down and abandoning module CollectionManager (486)
[2017.03.21-19.30.04:041][895]LogDirectoryWatcher: A directory notification for 'E:/Quantum/Content/Collections/' was aborted.
[2017.03.21-19.30.04:041][895]LogDirectoryWatcher: A directory notification for 'E:/Quantum/Content/Developers/Proto/Collections/' was aborted.
[2017.03.21-19.30.04:041][895]LogDirectoryWatcher: A directory notification for 'E:/Quantum/Saved/Collections/' was aborted.
[2017.03.21-19.30.04:041][895]LogModuleManager: Shutting down and abandoning module StatsViewer (484)
[2017.03.21-19.30.04:041][895]LogModuleManager: Shutting down and abandoning module FoliageEdit (482)
[2017.03.21-19.30.04:041][895]LogModuleManager: Shutting down and abandoning module LandscapeEditor (480)
[2017.03.21-19.30.04:041][895]LogModuleManager: Shutting down and abandoning module SceneDepthPickerMode (478)
[2017.03.21-19.30.04:041][895]LogModuleManager: Shutting down and abandoning module ActorPickerMode (476)
[2017.03.21-19.30.04:041][895]LogModuleManager: Shutting down and abandoning module GeometryMode (474)
[2017.03.21-19.30.04:042][895]LogModuleManager: Shutting down and abandoning module TextureAlignMode (472)
[2017.03.21-19.30.04:042][895]LogModuleManager: Shutting down and abandoning module BspMode (470)
[2017.03.21-19.30.04:042][895]LogModuleManager: Shutting down and abandoning module HardwareSurvey (468)
[2017.03.21-19.30.04:042][895]LogModuleManager: Shutting down and abandoning module SequenceRecorderSections (466)
[2017.03.21-19.30.04:042][895]LogModuleManager: Shutting down and abandoning module AutomationWorker (464)
[2017.03.21-19.30.04:042][895]LogModuleManager: Shutting down and abandoning module MatineeToLevelSequence (462)
[2017.03.21-19.30.04:042][895]LogModuleManager: Shutting down and abandoning module LevelSequenceEditor (460)
[2017.03.21-19.30.04:042][895]LogModuleManager: Shutting down and abandoning module PlacementMode (459)
[2017.03.21-19.30.04:042][895]LogModuleManager: Shutting down and abandoning module WmfMediaFactory (456)
[2017.03.21-19.30.04:042][895]LogModuleManager: Shutting down and abandoning module WmfMediaEditor (454)
[2017.03.21-19.30.04:042][895]LogModuleManager: Shutting down and abandoning module MfMediaFactory (452)
[2017.03.21-19.30.04:042][895]LogModuleManager: Shutting down and abandoning module MfMediaEditor (450)
[2017.03.21-19.30.04:042][895]LogModuleManager: Shutting down and abandoning module AvfMediaFactory (448)
[2017.03.21-19.30.04:042][895]LogModuleManager: Shutting down and abandoning module AvfMediaEditor (446)
[2017.03.21-19.30.04:042][895]LogModuleManager: Shutting down and abandoning module AndroidMediaFactory (444)
[2017.03.21-19.30.04:042][895]LogModuleManager: Shutting down and abandoning module Media (443)
[2017.03.21-19.30.04:042][895]LogModuleManager: Shutting down and abandoning module AndroidMediaEditor (440)
[2017.03.21-19.30.04:042][895]LogModuleManager: Shutting down and abandoning module CharacterAI (438)
[2017.03.21-19.30.04:042][895]LogModuleManager: Shutting down and abandoning module AudioCapture (436)
[2017.03.21-19.30.04:042][895]LogModuleManager: Shutting down and abandoning module SequenceRecorder (435)
[2017.03.21-19.30.04:042][895]LogModuleManager: Shutting down and abandoning module SmartSnapping (432)
[2017.03.21-19.30.04:042][895]LogModuleManager: Shutting down and abandoning module SessionServices (430)
[2017.03.21-19.30.04:042][895]LogModuleManager: Shutting down and abandoning module ViewportSnapping (428)
[2017.03.21-19.30.04:042][895]LogModuleManager: Shutting down and abandoning module ViewportInteraction (426)
[2017.03.21-19.30.04:042][895]LogModuleManager: Shutting down and abandoning module LogVisualizer (424)
[2017.03.21-19.30.04:043][895]LogModuleManager: Shutting down and abandoning module IntroTutorials (422)
[2017.03.21-19.30.04:043][895]LogModuleManager: Shutting down and abandoning module GameProjectGeneration (421)
[2017.03.21-19.30.04:044][895]LogModuleManager: Shutting down and abandoning module EditorLiveStreaming (418)
[2017.03.21-19.30.04:044][895]LogModuleManager: Shutting down and abandoning module IOSPlatformEditor (416)
[2017.03.21-19.30.04:044][895]LogModuleManager: Shutting down and abandoning module HTML5PlatformEditor (414)
[2017.03.21-19.30.04:044][895]LogModuleManager: Shutting down and abandoning module AndroidPlatformEditor (412)
[2017.03.21-19.30.04:044][895]LogModuleManager: Shutting down and abandoning module AndroidDeviceDetection (411)
[2017.03.21-19.30.04:879][895]LogModuleManager: Shutting down and abandoning module IOSRuntimeSettings (408)
[2017.03.21-19.30.04:879][895]LogModuleManager: Shutting down and abandoning module AndroidRuntimeSettings (406)
[2017.03.21-19.30.04:879][895]LogModuleManager: Shutting down and abandoning module InputBindingEditor (404)
[2017.03.21-19.30.04:879][895]LogModuleManager: Shutting down and abandoning module NiagaraEditor (402)
[2017.03.21-19.30.04:884][895]LogModuleManager: Shutting down and abandoning module MergeActors (400)
[2017.03.21-19.30.04:884][895]LogModuleManager: Shutting down and abandoning module SizeMap (398)
[2017.03.21-19.30.04:884][895]LogModuleManager: Shutting down and abandoning module TreeMap (396)
[2017.03.21-19.30.04:884][895]LogModuleManager: Shutting down and abandoning module ReferenceViewer (394)
[2017.03.21-19.30.04:884][895]LogModuleManager: Shutting down and abandoning module LocalizationDashboard (392)
[2017.03.21-19.30.04:885][895]LogModuleManager: Shutting down and abandoning module LocalizationService (391)
[2017.03.21-19.30.04:885][895]LogModuleManager: Shutting down and abandoning module HardwareTargeting (388)
[2017.03.21-19.30.04:885][895]LogModuleManager: Shutting down and abandoning module DeviceProfileEditor (386)
[2017.03.21-19.30.04:886][895]LogModuleManager: Shutting down and abandoning module UndoHistory (384)
[2017.03.21-19.30.04:886][895]LogModuleManager: Shutting down and abandoning module UserFeedback (382)
[2017.03.21-19.30.04:886][895]LogModuleManager: Shutting down and abandoning module XmlParser (380)
[2017.03.21-19.30.04:886][895]LogModuleManager: Shutting down and abandoning module Blutility (378)
[2017.03.21-19.30.04:886][895]LogModuleManager: Shutting down and abandoning module ProjectSettingsViewer (376)
[2017.03.21-19.30.04:886][895]LogModuleManager: Shutting down and abandoning module ProjectTargetPlatformEditor (375)
[2017.03.21-19.30.04:886][895]LogModuleManager: Shutting down and abandoning module EditorSettingsViewer (372)
[2017.03.21-19.30.04:886][895]LogModuleManager: Shutting down and abandoning module SettingsEditor (370)
[2017.03.21-19.30.04:886][895]LogModuleManager: Shutting down and abandoning module ProjectLauncher (368)
[2017.03.21-19.30.04:887][895]LogModuleManager: Shutting down and abandoning module SessionFrontend (366)
[2017.03.21-19.30.04:887][895]LogModuleManager: Shutting down and abandoning module ProfilerClient (364)
[2017.03.21-19.30.04:889][895]LogModuleManager: Shutting down and abandoning module DeviceManager (362)
[2017.03.21-19.30.04:889][895]LogModuleManager: Shutting down and abandoning module TargetDeviceServices (361)
[2017.03.21-19.30.04:934][895]LogModuleManager: Shutting down and abandoning module AutomationController (358)
[2017.03.21-19.30.04:934][895]LogModuleManager: Shutting down and abandoning module AutomationWindow (356)
[2017.03.21-19.30.04:935][895]LogModuleManager: Shutting down and abandoning module Layers (354)
[2017.03.21-19.30.04:937][895]LogModuleManager: Shutting down and abandoning module ComponentVisualizers (352)
[2017.03.21-19.30.04:937][895]LogModuleManager: Shutting down and abandoning module DetailCustomizations (350)
[2017.03.21-19.30.04:937][895]LogModuleManager: Shutting down and abandoning module PackagesDialog (348)
[2017.03.21-19.30.04:937][895]LogModuleManager: Shutting down and abandoning module Persona (346)
[2017.03.21-19.30.04:937][895]LogModuleManager: Shutting down and abandoning module AnimGraph (345)
[2017.03.21-19.30.04:937][895]LogModuleManager: Shutting down and abandoning module Kismet (342)
[2017.03.21-19.30.04:947][895]LogModuleManager: Shutting down and abandoning module GraphEditor (340)
[2017.03.21-19.30.04:947][895]LogModuleManager: Shutting down and abandoning module ClassViewer (338)
[2017.03.21-19.30.04:948][895]LogModuleManager: Shutting down and abandoning module Toolbox (336)
[2017.03.21-19.30.04:948][895]LogModuleManager: Shutting down and abandoning module ModuleUI (334)
[2017.03.21-19.30.04:949][895]LogModuleManager: Shutting down and abandoning module MovieSceneTools (332)
[2017.03.21-19.30.04:949][895]LogModuleManager: Shutting down and abandoning module OutputLog (330)
[2017.03.21-19.30.04:949][895]LogModuleManager: Shutting down and abandoning module GammaUI (328)
[2017.03.21-19.30.04:950][895]LogModuleManager: Shutting down and abandoning module Documentation (326)
[2017.03.21-19.30.04:950][895]LogModuleManager: Shutting down and abandoning module Niagara (324)
[2017.03.21-19.30.04:950][895]LogModuleManager: Shutting down and abandoning module StreamingPauseRendering (322)
[2017.03.21-19.30.04:950][895]LogModuleManager: Shutting down and abandoning module AnalyticsET (320)
[2017.03.21-19.30.04:950][895]LogModuleManager: Shutting down and abandoning module PortalServices (318)
[2017.03.21-19.30.04:950][895]LogModuleManager: Shutting down and abandoning module PortalRpc (316)
[2017.03.21-19.30.04:950][895]LogModuleManager: Shutting down and abandoning module MessagingRpc (314)
[2017.03.21-19.30.04:950][895]LogModuleManager: Shutting down and abandoning module AIModule (312)
[2017.03.21-19.30.04:950][895]LogModuleManager: Shutting down and abandoning module GameplayDebugger (311)
[2017.03.21-19.30.04:950][895]LogModuleManager: Shutting down and abandoning module AITestSuite (309)
[2017.03.21-19.30.04:950][895]LogModuleManager: Shutting down and abandoning module ProfilerService (306)
[2017.03.21-19.30.05:059][895]LogModuleManager: Shutting down and abandoning module TaskGraph (304)
[2017.03.21-19.30.05:060][895]LogModuleManager: Shutting down and abandoning module SteamVRController (302)
[2017.03.21-19.30.05:060][895]LogModuleManager: Shutting down and abandoning module SteamVR (300)
[2017.03.21-19.30.05:060][895]LogModuleManager: Shutting down and abandoning module ProceduralMeshComponentEditor (298)
[2017.03.21-19.30.05:060][895]LogModuleManager: Shutting down and abandoning module ProceduralMeshComponent (296)
[2017.03.21-19.30.05:060][895]LogModuleManager: Shutting down and abandoning module OculusLibrary (294)
[2017.03.21-19.30.05:060][895]LogModuleManager: Shutting down and abandoning module OculusInput (292)
[2017.03.21-19.30.05:060][895]LogModuleManager: Shutting down and abandoning module MobilePatchingUtils (290)
[2017.03.21-19.30.05:060][895]LogModuleManager: Shutting down and abandoning module CustomMeshComponent (288)
[2017.03.21-19.30.05:060][895]LogModuleManager: Shutting down and abandoning module CableComponent (286)
[2017.03.21-19.30.05:060][895]LogModuleManager: Shutting down and abandoning module ArchVisCharacter (284)
[2017.03.21-19.30.05:060][895]LogModuleManager: Shutting down and abandoning module MediaPlayerEditor (280)
[2017.03.21-19.30.05:061][895]LogModuleManager: Shutting down and abandoning module HTML5Networking (278)
[2017.03.21-19.30.05:061][895]LogModuleManager: Shutting down and abandoning module AlembicImporter (276)
[2017.03.21-19.30.05:061][895]LogModuleManager: Shutting down and abandoning module AlembicLibrary (275)
[2017.03.21-19.30.05:061][895]LogModuleManager: Shutting down and abandoning module GeometryCache (274)
[2017.03.21-19.30.05:061][895]LogModuleManager: Shutting down and abandoning module GeometryCacheEd (273)
[2017.03.21-19.30.05:061][895]LogModuleManager: Shutting down and abandoning module SuperSearchEditor (268)
[2017.03.21-19.30.05:061][895]LogModuleManager: Shutting down and abandoning module SuperSearch (267)
[2017.03.21-19.30.05:061][895]LogModuleManager: Shutting down and abandoning module SpeedTreeImporter (264)
[2017.03.21-19.30.05:061][895]LogModuleManager: Shutting down and abandoning module PluginBrowser (262)
[2017.03.21-19.30.05:061][895]LogModuleManager: Shutting down and abandoning module MobileLauncherProfileWizard (260)
[2017.03.21-19.30.05:062][895]LogModuleManager: Shutting down and abandoning module EpicSurvey (258)
[2017.03.21-19.30.05:062][895]LogModuleManager: Shutting down and abandoning module VisualStudioSourceCodeAccess (256)
[2017.03.21-19.30.05:062][895]LogModuleManager: Shutting down and abandoning module DesktopPlatform (255)
[2017.03.21-19.30.05:062][895]LogModuleManager: Shutting down and abandoning module UObjectPlugin (252)
[2017.03.21-19.30.05:062][895]LogModuleManager: Shutting down and abandoning module SubversionSourceControl (250)
[2017.03.21-19.30.05:062][895]LogModuleManager: Shutting down and abandoning module PerforceSourceControl (248)
[2017.03.21-19.30.05:062][895]LogModuleManager: Shutting down and abandoning module GitSourceControl (246)
[2017.03.21-19.30.05:062][895]LogModuleManager: Shutting down and abandoning module SourceControl (245)
[2017.03.21-19.30.05:062][895]LogModuleManager: Shutting down and abandoning module LightPropagationVolumeEditor (242)
[2017.03.21-19.30.05:062][895]LogModuleManager: Shutting down and abandoning module PaperTiledImporter (240)
[2017.03.21-19.30.05:062][895]LogModuleManager: Shutting down and abandoning module PaperSpriteSheetImporter (238)
[2017.03.21-19.30.05:062][895]LogModuleManager: Shutting down and abandoning module Paper2DEditor (236)
[2017.03.21-19.30.05:063][895]LogModuleManager: Shutting down and abandoning module MeshPaint (235)
[2017.03.21-19.30.05:063][895]LogModuleManager: Shutting down and abandoning module LevelEditor (233)
[2017.03.21-19.30.05:064][895]LogModuleManager: Shutting down and abandoning module PixelInspectorModule (232)
[2017.03.21-19.30.05:064][895]LogModuleManager: Shutting down and abandoning module MainFrame (230)
[2017.03.21-19.30.05:064][895]LogModuleManager: Shutting down and abandoning module HotReload (229)
[2017.03.21-19.30.05:064][895]LogModuleManager: Shutting down and abandoning module ContentBrowser (225)
[2017.03.21-19.30.05:065][895]LogModuleManager: Shutting down and abandoning module PhysXVehiclesEditor (222)
[2017.03.21-19.30.05:065][895]LogModuleManager: Shutting down and abandoning module PhysXVehicles (220)
[2017.03.21-19.30.05:065][895]LogModuleManager: Shutting down and abandoning module LocationServicesBPLibrary (218)
[2017.03.21-19.30.05:065][895]LogModuleManager: Shutting down and abandoning module UdpMessaging (216)
[2017.03.21-19.30.05:165][895]LogModuleManager: Shutting down and abandoning module TcpMessaging (214)
[2017.03.21-19.30.05:265][895]LogModuleManager: Shutting down and abandoning module GameplayTagsEditor (212)
[2017.03.21-19.30.05:265][895]LogModuleManager: Shutting down and abandoning module FacialAnimationEditor (210)
[2017.03.21-19.30.05:266][895]LogModuleManager: Shutting down and abandoning module FacialAnimation (208)
[2017.03.21-19.30.05:266][895]LogModuleManager: Shutting down and abandoning module LightPropagationVolumeRuntime (206)
[2017.03.21-19.30.05:266][895]LogModuleManager: Shutting down and abandoning module Paper2D (204)
[2017.03.21-19.30.05:266][895]LogModuleManager: Shutting down and abandoning module WindowsMoviePlayer (202)
[2017.03.21-19.30.05:266][895]LogModuleManager: Shutting down and abandoning module WmfMedia (200)
[2017.03.21-19.30.05:266][895]LogModuleManager: Shutting down and abandoning module MfMedia (198)
[2017.03.21-19.30.05:266][895]LogModuleManager: Shutting down and abandoning module MediaAssets (196)
[2017.03.21-19.30.05:266][895]LogModuleManager: Shutting down and abandoning module GameLiveStreaming (194)
[2017.03.21-19.30.05:266][895]LogModuleManager: Shutting down and abandoning module VREditor (192)
[2017.03.21-19.30.05:266][895]LogModuleManager: Shutting down and abandoning module GameplayTasksEditor (190)
[2017.03.21-19.30.05:266][895]LogModuleManager: Shutting down and abandoning module BehaviorTreeEditor (188)
[2017.03.21-19.30.05:267][895]LogModuleManager: Shutting down and abandoning module FunctionalTesting (186)
[2017.03.21-19.30.05:267][895]LogModuleManager: Shutting down and abandoning module CollisionAnalyzer (184)
[2017.03.21-19.30.05:267][895]LogModuleManager: Shutting down and abandoning module UMG (182)
[2017.03.21-19.30.05:268][895]LogModuleManager: Shutting down and abandoning module UMGEditor (181)
[2017.03.21-19.30.05:269][895]LogModuleManager: Shutting down and abandoning module Sequencer (180)
[2017.03.21-19.30.05:269][895]LogModuleManager: Shutting down and abandoning module AssetTools (178)
[2017.03.21-19.30.05:269][895]LogModuleManager: Shutting down and abandoning module MessageLog (177)
[2017.03.21-19.30.05:269][895]LogModuleManager: Shutting down and abandoning module WorkspaceMenuStructure (176)
[2017.03.21-19.30.05:269][895]LogModuleManager: Shutting down and abandoning module SlateReflector (170)
[2017.03.21-19.30.05:272][895]LogModuleManager: Shutting down and abandoning module Slate (168)
[2017.03.21-19.30.05:272][895]LogModuleManager: Shutting down and abandoning module EditorStyle (166)
[2017.03.21-19.30.05:275][895]LogModuleManager: Shutting down and abandoning module SourceCodeAccess (164)
[2017.03.21-19.30.05:275][895]LogModuleManager: Shutting down and abandoning module HeadMountedDisplay (162)
[2017.03.21-19.30.05:275][895]LogModuleManager: Shutting down and abandoning module XAudio2 (160)
[2017.03.21-19.30.05:275][895]LogModuleManager: Shutting down and abandoning module Networking (158)
[2017.03.21-19.30.05:275][895]LogModuleManager: Shutting down and abandoning module Core (154)
[2017.03.21-19.30.05:275][895]LogModuleManager: Shutting down and abandoning module AssetRegistry (152)
[2017.03.21-19.30.05:367][895]LogDirectoryWatcher: A directory notification for '../../../Engine/Content/' was aborted.
[2017.03.21-19.30.05:367][895]LogDirectoryWatcher: A directory notification for 'E:/Quantum/Content/' was aborted.
[2017.03.21-19.30.05:367][895]LogDirectoryWatcher: A directory notification for '../../../Engine/Plugins/2D/Paper2D/Content/' was aborted.
[2017.03.21-19.30.05:367][895]LogModuleManager: Shutting down and abandoning module DirectoryWatcher (151)
[2017.03.21-19.30.05:368][895]LogModuleManager: Shutting down and abandoning module KismetCompiler (148)
[2017.03.21-19.30.05:368][895]LogModuleManager: Shutting down and abandoning module PhysXFormats (146)
[2017.03.21-19.30.05:368][895]LogModuleManager: Shutting down and abandoning module MeshUtilities (144)
[2017.03.21-19.30.05:368][895]LogModuleManager: Shutting down and abandoning module SimplygonSwarm (143)
[2017.03.21-19.30.05:368][895]LogModuleManager: Shutting down and abandoning module SimplygonMeshReduction (141)
[2017.03.21-19.30.05:368][895]LogModuleManager: Shutting down and abandoning module QuadricMeshReduction (139)
[2017.03.21-19.30.05:368][895]LogModuleManager: Shutting down and abandoning module PropertyEditor (137)
[2017.03.21-19.30.05:368][895]LogModuleManager: Shutting down and abandoning module DerivedDataCache (134)
[2017.03.21-19.30.05:425][895]LogDerivedDataCache: Shutdown
[2017.03.21-19.30.05:425][895]LogModuleManager: Shutting down and abandoning module TargetPlatform (132)
[2017.03.21-19.30.05:425][895]LogModuleManager: Shutting down and abandoning module VulkanShaderFormat (131)
[2017.03.21-19.30.05:425][895]LogModuleManager: Shutting down and abandoning module ShaderFormatOpenGL (129)
[2017.03.21-19.30.05:426][895]LogModuleManager: Shutting down and abandoning module ShaderFormatD3D (127)
[2017.03.21-19.30.05:426][895]LogModuleManager: Shutting down and abandoning module MetalShaderFormat (125)
[2017.03.21-19.30.05:427][895]LogModuleManager: Shutting down and abandoning module TextureFormatUncompressed (123)
[2017.03.21-19.30.05:427][895]LogModuleManager: Shutting down and abandoning module TextureFormatPVR (121)
[2017.03.21-19.30.05:427][895]LogModuleManager: Shutting down and abandoning module TextureFormatDXT (119)
[2017.03.21-19.30.05:427][895]LogModuleManager: Shutting down and abandoning module TextureFormatIntelISPCTexComp (117)
[2017.03.21-19.30.05:427][895]LogModuleManager: Shutting down and abandoning module TextureFormatASTC (115)
[2017.03.21-19.30.05:427][895]LogModuleManager: Shutting down and abandoning module ImageWrapper (114)
[2017.03.21-19.30.05:427][895]LogModuleManager: Shutting down and abandoning module TextureFormatAndroid (111)
[2017.03.21-19.30.05:427][895]LogModuleManager: Shutting down and abandoning module AudioFormatOpus (109)
[2017.03.21-19.30.05:427][895]LogModuleManager: Shutting down and abandoning module AudioFormatOgg (107)
[2017.03.21-19.30.05:427][895]LogModuleManager: Shutting down and abandoning module AudioFormatADPCM (105)
[2017.03.21-19.30.05:427][895]LogModuleManager: Shutting down and abandoning module LinuxTargetPlatform (103)
[2017.03.21-19.30.05:427][895]LogModuleManager: Shutting down and abandoning module LinuxServerTargetPlatform (101)
[2017.03.21-19.30.05:427][895]LogModuleManager: Shutting down and abandoning module LinuxNoEditorTargetPlatform (99)
[2017.03.21-19.30.05:427][895]LogModuleManager: Shutting down and abandoning module LinuxClientTargetPlatform (97)
[2017.03.21-19.30.05:427][895]LogModuleManager: Shutting down and abandoning module TVOSTargetPlatform (95)
[2017.03.21-19.30.05:427][895]LogModuleManager: Shutting down and abandoning module Messaging (93)
[2017.03.21-19.30.05:427][895]LogModuleManager: Shutting down and abandoning module IOSTargetPlatform (91)
[2017.03.21-19.30.05:427][895]LogModuleManager: Shutting down and abandoning module HTML5TargetPlatform (89)
[2017.03.21-19.30.05:427][895]LogModuleManager: Shutting down and abandoning module Android_PVRTCTargetPlatform (87)
[2017.03.21-19.30.05:427][895]LogModuleManager: Shutting down and abandoning module Android_MultiTargetPlatform (85)
[2017.03.21-19.30.05:427][895]LogModuleManager: Shutting down and abandoning module Android_ETC2TargetPlatform (83)
[2017.03.21-19.30.05:427][895]LogModuleManager: Shutting down and abandoning module Android_ETC1TargetPlatform (81)
[2017.03.21-19.30.05:427][895]LogModuleManager: Shutting down and abandoning module Android_DXTTargetPlatform (79)
[2017.03.21-19.30.05:427][895]LogModuleManager: Shutting down and abandoning module Android_ATCTargetPlatform (77)
[2017.03.21-19.30.05:427][895]LogModuleManager: Shutting down and abandoning module Android_ASTCTargetPlatform (75)
[2017.03.21-19.30.05:427][895]LogModuleManager: Shutting down and abandoning module AndroidTargetPlatform (73)
[2017.03.21-19.30.05:427][895]LogModuleManager: Shutting down and abandoning module WindowsTargetPlatform (71)
[2017.03.21-19.30.05:427][895]LogModuleManager: Shutting down and abandoning module WindowsServerTargetPlatform (69)
[2017.03.21-19.30.05:427][895]LogModuleManager: Shutting down and abandoning module WindowsNoEditorTargetPlatform (67)
[2017.03.21-19.30.05:427][895]LogModuleManager: Shutting down and abandoning module WindowsClientTargetPlatform (65)
[2017.03.21-19.30.05:427][895]LogModuleManager: Shutting down and abandoning module MacTargetPlatform (63)
[2017.03.21-19.30.05:427][895]LogModuleManager: Shutting down and abandoning module MacServerTargetPlatform (61)
[2017.03.21-19.30.05:427][895]LogModuleManager: Shutting down and abandoning module MacNoEditorTargetPlatform (59)
[2017.03.21-19.30.05:427][895]LogModuleManager: Shutting down and abandoning module MacClientTargetPlatform (57)
[2017.03.21-19.30.05:427][895]LogModuleManager: Shutting down and abandoning module AllDesktopTargetPlatform (55)
[2017.03.21-19.30.05:427][895]LogModuleManager: Shutting down and abandoning module InputCore (52)
[2017.03.21-19.30.05:427][895]LogModuleManager: Shutting down and abandoning module Settings (50)
[2017.03.21-19.30.05:427][895]LogModuleManager: Shutting down and abandoning module OculusRift (48)
[2017.03.21-19.30.05:427][895]LogModuleManager: Shutting down and abandoning module GearVR (46)
[2017.03.21-19.30.05:427][895]LogModuleManager: Shutting down and abandoning module ExampleDeviceProfileSelector (44)
[2017.03.21-19.30.05:427][895]LogModuleManager: Shutting down and abandoning module OnlineBlueprintSupport (42)
[2017.03.21-19.30.05:427][895]LogModuleManager: Shutting down and abandoning module OnlineSubsystem (38)
[2017.03.21-19.30.05:427][895]LogOnline:Display: Unloading online subsystem: NULL
[2017.03.21-19.30.05:428][895]LogModuleManager: Shutting down and abandoning module XMPP (37)
[2017.03.21-19.30.05:429][895]LogModuleManager: Shutting down and abandoning module HTTP (35)
[2017.03.21-19.30.05:429][895]LogHttp:Display: Http module shutting down, but needs to wait on 1 outstanding Http requests:
[2017.03.21-19.30.05:429][895]LogHttp:Display: 	verb=[POST] url=[https://datarouter.ol.epicgames.com/datarouter/api/v1/public/data?SessionID=%7B7B1E4305-4264-3959-A655-308663158373%7D&AppID=UEEditor.Rocket.Release&AppVersion=4.15.1-3348071%2B%2B%2BUE4%2BRelease-4.15&UserID=d216f3934841911196f38fbea46ed9ea%7Cb51ba83205af482cbc94873afb168383%7C29a1b203-6483-41ba-9fad-41b3ec1343b4&AppEnvironment=datacollector-binary&UploadType=eteventstream] status=Processing
[2017.03.21-19.30.05:463][895]LogModuleManager: Shutting down and abandoning module SSL (34)
[2017.03.21-19.30.05:464][895]LogModuleManager: Shutting down and abandoning module AudioEditor (30)
[2017.03.21-19.30.05:464][895]LogModuleManager: Shutting down and abandoning module TextureCompressor (28)
[2017.03.21-19.30.05:464][895]LogModuleManager: Shutting down and abandoning module ShaderCore (26)
[2017.03.21-19.30.05:464][895]LogModuleManager: Shutting down and abandoning module Landscape (24)
[2017.03.21-19.30.05:464][895]LogModuleManager: Shutting down and abandoning module SlateRHIRenderer (22)
[2017.03.21-19.30.05:466][895]LogModuleManager: Shutting down and abandoning module OpenGLDrv (20)
[2017.03.21-19.30.05:467][895]LogModuleManager: Shutting down and abandoning module D3D11RHI (18)
[2017.03.21-19.30.05:467][895]LogModuleManager: Shutting down and abandoning module AnimGraphRuntime (16)
[2017.03.21-19.30.05:468][895]LogModuleManager: Shutting down and abandoning module Renderer (14)
[2017.03.21-19.30.05:468][895]LogModuleManager: Shutting down and abandoning module Engine (12)
[2017.03.21-19.30.05:468][895]LogModuleManager: Shutting down and abandoning module CoreUObject (10)
[2017.03.21-19.30.05:468][895]LogModuleManager: Shutting down and abandoning module NetworkFile (8)
[2017.03.21-19.30.05:468][895]LogModuleManager: Shutting down and abandoning module StreamingFile (6)
[2017.03.21-19.30.05:468][895]LogModuleManager: Shutting down and abandoning module SandboxFile (4)
[2017.03.21-19.30.05:468][895]LogModuleManager: Shutting down and abandoning module PakFile (2)
[2017.03.21-19.30.05:470][895]LogExit: Exiting.
[2017.03.21-19.30.05:482][895]Log file closed, 03/22/17 02:30:05
